<?xml version="1.0" encoding="UTF-8"?>
<!-- Generated by org.testng.reporters.JUnitXMLReporter -->
<testsuite ignored="0" hostname="LAPTOP-16NA0FI5" failures="26" tests="26" name="Default test" time="59.274" errors="0" timestamp="2025-03-21T12:21:03 GMT-04:00">
  <testcase classname="io.cucumber.testng.AbstractTestNGCucumberTests" name="runScenario" time="11.921">
    <failure type="io.cucumber.core.exception.CucumberException" message="Failed to instantiate class StepDefinitions.Step_HomePage">
      <![CDATA[io.cucumber.core.exception.CucumberException: Failed to instantiate class StepDefinitions.Step_HomePage
at io.cucumber.core.backend.DefaultObjectFactory.cacheNewInstance(DefaultObjectFactory.java:67)
at io.cucumber.core.backend.DefaultObjectFactory.getInstance(DefaultObjectFactory.java:45)
at io.cucumber.java.AbstractGlueDefinition.invokeMethod(AbstractGlueDefinition.java:47)
at io.cucumber.java.JavaStepDefinition.execute(JavaStepDefinition.java:29)
at io.cucumber.core.runner.CoreStepDefinition.execute(CoreStepDefinition.java:66)
at io.cucumber.core.runner.PickleStepDefinitionMatch.runStep(PickleStepDefinitionMatch.java:62)
at io.cucumber.core.runner.ExecutionMode$1.execute(ExecutionMode.java:10)
at io.cucumber.core.runner.TestStep.executeStep(TestStep.java:81)
at io.cucumber.core.runner.TestStep.run(TestStep.java:53)
at io.cucumber.core.runner.PickleStepTestStep.run(PickleStepTestStep.java:51)
at io.cucumber.core.runner.TestCase.run(TestCase.java:84)
at io.cucumber.core.runner.Runner.runPickle(Runner.java:75)
at io.cucumber.testng.TestNGCucumberRunner.lambda$runScenario$1(TestNGCucumberRunner.java:132)
at io.cucumber.core.runtime.CucumberExecutionContext.lambda$runTestCase$5(CucumberExecutionContext.java:136)
at io.cucumber.core.runtime.RethrowingThrowableCollector.executeAndThrow(RethrowingThrowableCollector.java:23)
at io.cucumber.core.runtime.CucumberExecutionContext.runTestCase(CucumberExecutionContext.java:136)
at io.cucumber.testng.TestNGCucumberRunner.runScenario(TestNGCucumberRunner.java:129)
at io.cucumber.testng.AbstractTestNGCucumberTests.runScenario(AbstractTestNGCucumberTests.java:35)
at java.base/jdk.internal.reflect.DirectMethodHandleAccessor.invoke(DirectMethodHandleAccessor.java:103)
at java.base/java.lang.reflect.Method.invoke(Method.java:580)
at org.testng.internal.invokers.MethodInvocationHelper.invokeMethod(MethodInvocationHelper.java:141)
at org.testng.internal.invokers.TestInvoker.invokeMethod(TestInvoker.java:686)
at org.testng.internal.invokers.TestInvoker.invokeTestMethod(TestInvoker.java:230)
at org.testng.internal.invokers.TestMethodWithDataProviderMethodWorker.call(TestMethodWithDataProviderMethodWorker.java:81)
at org.testng.internal.thread.Async$AsyncTask.run(Async.java:34)
at java.base/java.util.concurrent.ThreadPoolExecutor.runWorker(ThreadPoolExecutor.java:1144)
at java.base/java.util.concurrent.ThreadPoolExecutor$Worker.run(ThreadPoolExecutor.java:642)
at java.base/java.lang.Thread.run(Thread.java:1575)
Caused by: java.lang.reflect.InvocationTargetException
at java.base/jdk.internal.reflect.DirectConstructorHandleAccessor.newInstance(DirectConstructorHandleAccessor.java:74)
at java.base/java.lang.reflect.Constructor.newInstanceWithCaller(Constructor.java:501)
at java.base/java.lang.reflect.Constructor.newInstance(Constructor.java:485)
at io.cucumber.core.backend.DefaultObjectFactory.cacheNewInstance(DefaultObjectFactory.java:53)
... 27 more
Caused by: java.lang.Error: Unresolved compilation problems: 
The constructor HomePom() is undefined
The constructor IntroductionPagePom() is undefined
The field HomePom.contentHeader is not visible
The field HomePom.contentText is not visible
The field HomePom.getStartedButton is not visible
The field IntroductionPagePom.registerLink is not visible
The field IntroductionPagePom.signInLink is not visible
dsDropdown cannot be resolved or is not a field
dsDropdown cannot be resolved or is not a field
The method clickDropdownItemArray() is undefined for the type IntroductionPagePom
authenticationMsg cannot be resolved or is not a field
authenticationMsg cannot be resolved or is not a field
authenticationMsg cannot be resolved or is not a field
The method clickDropdownItemLinkedList() is undefined for the type IntroductionPagePom
authenticationMsg cannot be resolved or is not a field
authenticationMsg cannot be resolved or is not a field
authenticationMsg cannot be resolved or is not a field
The method clickDropdownItemStack() is undefined for the type IntroductionPagePom
authenticationMsg cannot be resolved or is not a field
authenticationMsg cannot be resolved or is not a field
authenticationMsg cannot be resolved or is not a field
The method clickDropdownItemQueue() is undefined for the type IntroductionPagePom
authenticationMsg cannot be resolved or is not a field
authenticationMsg cannot be resolved or is not a field
authenticationMsg cannot be resolved or is not a field
The method clickDropdownItemTree() is undefined for the type IntroductionPagePom
authenticationMsg cannot be resolved or is not a field
authenticationMsg cannot be resolved or is not a field
authenticationMsg cannot be resolved or is not a field
The method clickDropdownItemGraph() is undefined for the type IntroductionPagePom
authenticationMsg cannot be resolved or is not a field
authenticationMsg cannot be resolved or is not a field
authenticationMsg cannot be resolved or is not a field
authenticationMsg cannot be resolved or is not a field
authenticationMsg cannot be resolved or is not a field
authenticationMsg cannot be resolved or is not a field
authenticationMsg cannot be resolved or is not a field
authenticationMsg cannot be resolved or is not a field
authenticationMsg cannot be resolved or is not a field
The method clickOnLinkedListGetStartedBtn() is undefined for the type IntroductionPagePom
authenticationMsg cannot be resolved or is not a field
authenticationMsg cannot be resolved or is not a field
authenticationMsg cannot be resolved or is not a field
The method clickOnStackGetStartedBtn() is undefined for the type IntroductionPagePom
authenticationMsg cannot be resolved or is not a field
authenticationMsg cannot be resolved or is not a field
authenticationMsg cannot be resolved or is not a field
The method clickOnQueueGetStartedBtn() is undefined for the type IntroductionPagePom
authenticationMsg cannot be resolved or is not a field
authenticationMsg cannot be resolved or is not a field
authenticationMsg cannot be resolved or is not a field
The method clickOnTreeGetStartedBtn() is undefined for the type IntroductionPagePom
authenticationMsg cannot be resolved or is not a field
authenticationMsg cannot be resolved or is not a field
authenticationMsg cannot be resolved or is not a field
The method clickOnGraphGetStartedBtn() is undefined for the type IntroductionPagePom
authenticationMsg cannot be resolved or is not a field
authenticationMsg cannot be resolved or is not a field
authenticationMsg cannot be resolved or is not a field

at StepDefinitions.Step_HomePage.<init>(Step_HomePage.java:22)
at java.base/jdk.internal.reflect.DirectConstructorHandleAccessor.newInstance(DirectConstructorHandleAccessor.java:62)
... 30 more
]]>
    </failure>
  </testcase> <!-- runScenario -->
  <testcase classname="io.cucumber.testng.AbstractTestNGCucumberTests" name="runScenario" time="12.18">
    <failure type="io.cucumber.core.exception.CucumberException" message="Failed to instantiate class StepDefinitions.Step_HomePage">
      <![CDATA[io.cucumber.core.exception.CucumberException: Failed to instantiate class StepDefinitions.Step_HomePage
at io.cucumber.core.backend.DefaultObjectFactory.cacheNewInstance(DefaultObjectFactory.java:67)
at io.cucumber.core.backend.DefaultObjectFactory.getInstance(DefaultObjectFactory.java:45)
at io.cucumber.java.AbstractGlueDefinition.invokeMethod(AbstractGlueDefinition.java:47)
at io.cucumber.java.JavaStepDefinition.execute(JavaStepDefinition.java:29)
at io.cucumber.core.runner.CoreStepDefinition.execute(CoreStepDefinition.java:66)
at io.cucumber.core.runner.PickleStepDefinitionMatch.runStep(PickleStepDefinitionMatch.java:62)
at io.cucumber.core.runner.ExecutionMode$1.execute(ExecutionMode.java:10)
at io.cucumber.core.runner.TestStep.executeStep(TestStep.java:81)
at io.cucumber.core.runner.TestStep.run(TestStep.java:53)
at io.cucumber.core.runner.PickleStepTestStep.run(PickleStepTestStep.java:51)
at io.cucumber.core.runner.TestCase.run(TestCase.java:84)
at io.cucumber.core.runner.Runner.runPickle(Runner.java:75)
at io.cucumber.testng.TestNGCucumberRunner.lambda$runScenario$1(TestNGCucumberRunner.java:132)
at io.cucumber.core.runtime.CucumberExecutionContext.lambda$runTestCase$5(CucumberExecutionContext.java:136)
at io.cucumber.core.runtime.RethrowingThrowableCollector.executeAndThrow(RethrowingThrowableCollector.java:23)
at io.cucumber.core.runtime.CucumberExecutionContext.runTestCase(CucumberExecutionContext.java:136)
at io.cucumber.testng.TestNGCucumberRunner.runScenario(TestNGCucumberRunner.java:129)
at io.cucumber.testng.AbstractTestNGCucumberTests.runScenario(AbstractTestNGCucumberTests.java:35)
at java.base/jdk.internal.reflect.DirectMethodHandleAccessor.invoke(DirectMethodHandleAccessor.java:103)
at java.base/java.lang.reflect.Method.invoke(Method.java:580)
at org.testng.internal.invokers.MethodInvocationHelper.invokeMethod(MethodInvocationHelper.java:141)
at org.testng.internal.invokers.TestInvoker.invokeMethod(TestInvoker.java:686)
at org.testng.internal.invokers.TestInvoker.invokeTestMethod(TestInvoker.java:230)
at org.testng.internal.invokers.TestMethodWithDataProviderMethodWorker.call(TestMethodWithDataProviderMethodWorker.java:81)
at org.testng.internal.thread.Async$AsyncTask.run(Async.java:34)
at java.base/java.util.concurrent.ThreadPoolExecutor.runWorker(ThreadPoolExecutor.java:1144)
at java.base/java.util.concurrent.ThreadPoolExecutor$Worker.run(ThreadPoolExecutor.java:642)
at java.base/java.lang.Thread.run(Thread.java:1575)
Caused by: java.lang.reflect.InvocationTargetException
at java.base/jdk.internal.reflect.DirectConstructorHandleAccessor.newInstance(DirectConstructorHandleAccessor.java:74)
at java.base/java.lang.reflect.Constructor.newInstanceWithCaller(Constructor.java:501)
at java.base/java.lang.reflect.Constructor.newInstance(Constructor.java:485)
at io.cucumber.core.backend.DefaultObjectFactory.cacheNewInstance(DefaultObjectFactory.java:53)
... 27 more
Caused by: java.lang.Error: Unresolved compilation problems: 
The constructor HomePom() is undefined
The constructor IntroductionPagePom() is undefined
The field HomePom.contentHeader is not visible
The field HomePom.contentText is not visible
The field HomePom.getStartedButton is not visible
The field IntroductionPagePom.registerLink is not visible
The field IntroductionPagePom.signInLink is not visible
dsDropdown cannot be resolved or is not a field
dsDropdown cannot be resolved or is not a field
The method clickDropdownItemArray() is undefined for the type IntroductionPagePom
authenticationMsg cannot be resolved or is not a field
authenticationMsg cannot be resolved or is not a field
authenticationMsg cannot be resolved or is not a field
The method clickDropdownItemLinkedList() is undefined for the type IntroductionPagePom
authenticationMsg cannot be resolved or is not a field
authenticationMsg cannot be resolved or is not a field
authenticationMsg cannot be resolved or is not a field
The method clickDropdownItemStack() is undefined for the type IntroductionPagePom
authenticationMsg cannot be resolved or is not a field
authenticationMsg cannot be resolved or is not a field
authenticationMsg cannot be resolved or is not a field
The method clickDropdownItemQueue() is undefined for the type IntroductionPagePom
authenticationMsg cannot be resolved or is not a field
authenticationMsg cannot be resolved or is not a field
authenticationMsg cannot be resolved or is not a field
The method clickDropdownItemTree() is undefined for the type IntroductionPagePom
authenticationMsg cannot be resolved or is not a field
authenticationMsg cannot be resolved or is not a field
authenticationMsg cannot be resolved or is not a field
The method clickDropdownItemGraph() is undefined for the type IntroductionPagePom
authenticationMsg cannot be resolved or is not a field
authenticationMsg cannot be resolved or is not a field
authenticationMsg cannot be resolved or is not a field
authenticationMsg cannot be resolved or is not a field
authenticationMsg cannot be resolved or is not a field
authenticationMsg cannot be resolved or is not a field
authenticationMsg cannot be resolved or is not a field
authenticationMsg cannot be resolved or is not a field
authenticationMsg cannot be resolved or is not a field
The method clickOnLinkedListGetStartedBtn() is undefined for the type IntroductionPagePom
authenticationMsg cannot be resolved or is not a field
authenticationMsg cannot be resolved or is not a field
authenticationMsg cannot be resolved or is not a field
The method clickOnStackGetStartedBtn() is undefined for the type IntroductionPagePom
authenticationMsg cannot be resolved or is not a field
authenticationMsg cannot be resolved or is not a field
authenticationMsg cannot be resolved or is not a field
The method clickOnQueueGetStartedBtn() is undefined for the type IntroductionPagePom
authenticationMsg cannot be resolved or is not a field
authenticationMsg cannot be resolved or is not a field
authenticationMsg cannot be resolved or is not a field
The method clickOnTreeGetStartedBtn() is undefined for the type IntroductionPagePom
authenticationMsg cannot be resolved or is not a field
authenticationMsg cannot be resolved or is not a field
authenticationMsg cannot be resolved or is not a field
The method clickOnGraphGetStartedBtn() is undefined for the type IntroductionPagePom
authenticationMsg cannot be resolved or is not a field
authenticationMsg cannot be resolved or is not a field
authenticationMsg cannot be resolved or is not a field

at StepDefinitions.Step_HomePage.<init>(Step_HomePage.java:22)
at java.base/jdk.internal.reflect.DirectConstructorHandleAccessor.newInstance(DirectConstructorHandleAccessor.java:62)
... 30 more
]]>
    </failure>
  </testcase> <!-- runScenario -->
  <testcase classname="io.cucumber.testng.AbstractTestNGCucumberTests" name="runScenario" time="12.307">
    <failure type="io.cucumber.core.exception.CucumberException" message="Failed to instantiate class StepDefinitions.Step_HomePage">
      <![CDATA[io.cucumber.core.exception.CucumberException: Failed to instantiate class StepDefinitions.Step_HomePage
at io.cucumber.core.backend.DefaultObjectFactory.cacheNewInstance(DefaultObjectFactory.java:67)
at io.cucumber.core.backend.DefaultObjectFactory.getInstance(DefaultObjectFactory.java:45)
at io.cucumber.java.AbstractGlueDefinition.invokeMethod(AbstractGlueDefinition.java:47)
at io.cucumber.java.JavaStepDefinition.execute(JavaStepDefinition.java:29)
at io.cucumber.core.runner.CoreStepDefinition.execute(CoreStepDefinition.java:66)
at io.cucumber.core.runner.PickleStepDefinitionMatch.runStep(PickleStepDefinitionMatch.java:62)
at io.cucumber.core.runner.ExecutionMode$1.execute(ExecutionMode.java:10)
at io.cucumber.core.runner.TestStep.executeStep(TestStep.java:81)
at io.cucumber.core.runner.TestStep.run(TestStep.java:53)
at io.cucumber.core.runner.PickleStepTestStep.run(PickleStepTestStep.java:51)
at io.cucumber.core.runner.TestCase.run(TestCase.java:84)
at io.cucumber.core.runner.Runner.runPickle(Runner.java:75)
at io.cucumber.testng.TestNGCucumberRunner.lambda$runScenario$1(TestNGCucumberRunner.java:132)
at io.cucumber.core.runtime.CucumberExecutionContext.lambda$runTestCase$5(CucumberExecutionContext.java:136)
at io.cucumber.core.runtime.RethrowingThrowableCollector.executeAndThrow(RethrowingThrowableCollector.java:23)
at io.cucumber.core.runtime.CucumberExecutionContext.runTestCase(CucumberExecutionContext.java:136)
at io.cucumber.testng.TestNGCucumberRunner.runScenario(TestNGCucumberRunner.java:129)
at io.cucumber.testng.AbstractTestNGCucumberTests.runScenario(AbstractTestNGCucumberTests.java:35)
at java.base/jdk.internal.reflect.DirectMethodHandleAccessor.invoke(DirectMethodHandleAccessor.java:103)
at java.base/java.lang.reflect.Method.invoke(Method.java:580)
at org.testng.internal.invokers.MethodInvocationHelper.invokeMethod(MethodInvocationHelper.java:141)
at org.testng.internal.invokers.TestInvoker.invokeMethod(TestInvoker.java:686)
at org.testng.internal.invokers.TestInvoker.invokeTestMethod(TestInvoker.java:230)
at org.testng.internal.invokers.TestMethodWithDataProviderMethodWorker.call(TestMethodWithDataProviderMethodWorker.java:81)
at org.testng.internal.thread.Async$AsyncTask.run(Async.java:34)
at java.base/java.util.concurrent.ThreadPoolExecutor.runWorker(ThreadPoolExecutor.java:1144)
at java.base/java.util.concurrent.ThreadPoolExecutor$Worker.run(ThreadPoolExecutor.java:642)
at java.base/java.lang.Thread.run(Thread.java:1575)
Caused by: java.lang.reflect.InvocationTargetException
at java.base/jdk.internal.reflect.DirectConstructorHandleAccessor.newInstance(DirectConstructorHandleAccessor.java:74)
at java.base/java.lang.reflect.Constructor.newInstanceWithCaller(Constructor.java:501)
at java.base/java.lang.reflect.Constructor.newInstance(Constructor.java:485)
at io.cucumber.core.backend.DefaultObjectFactory.cacheNewInstance(DefaultObjectFactory.java:53)
... 27 more
Caused by: java.lang.Error: Unresolved compilation problems: 
The constructor HomePom() is undefined
The constructor IntroductionPagePom() is undefined
The field HomePom.contentHeader is not visible
The field HomePom.contentText is not visible
The field HomePom.getStartedButton is not visible
The field IntroductionPagePom.registerLink is not visible
The field IntroductionPagePom.signInLink is not visible
dsDropdown cannot be resolved or is not a field
dsDropdown cannot be resolved or is not a field
The method clickDropdownItemArray() is undefined for the type IntroductionPagePom
authenticationMsg cannot be resolved or is not a field
authenticationMsg cannot be resolved or is not a field
authenticationMsg cannot be resolved or is not a field
The method clickDropdownItemLinkedList() is undefined for the type IntroductionPagePom
authenticationMsg cannot be resolved or is not a field
authenticationMsg cannot be resolved or is not a field
authenticationMsg cannot be resolved or is not a field
The method clickDropdownItemStack() is undefined for the type IntroductionPagePom
authenticationMsg cannot be resolved or is not a field
authenticationMsg cannot be resolved or is not a field
authenticationMsg cannot be resolved or is not a field
The method clickDropdownItemQueue() is undefined for the type IntroductionPagePom
authenticationMsg cannot be resolved or is not a field
authenticationMsg cannot be resolved or is not a field
authenticationMsg cannot be resolved or is not a field
The method clickDropdownItemTree() is undefined for the type IntroductionPagePom
authenticationMsg cannot be resolved or is not a field
authenticationMsg cannot be resolved or is not a field
authenticationMsg cannot be resolved or is not a field
The method clickDropdownItemGraph() is undefined for the type IntroductionPagePom
authenticationMsg cannot be resolved or is not a field
authenticationMsg cannot be resolved or is not a field
authenticationMsg cannot be resolved or is not a field
authenticationMsg cannot be resolved or is not a field
authenticationMsg cannot be resolved or is not a field
authenticationMsg cannot be resolved or is not a field
authenticationMsg cannot be resolved or is not a field
authenticationMsg cannot be resolved or is not a field
authenticationMsg cannot be resolved or is not a field
The method clickOnLinkedListGetStartedBtn() is undefined for the type IntroductionPagePom
authenticationMsg cannot be resolved or is not a field
authenticationMsg cannot be resolved or is not a field
authenticationMsg cannot be resolved or is not a field
The method clickOnStackGetStartedBtn() is undefined for the type IntroductionPagePom
authenticationMsg cannot be resolved or is not a field
authenticationMsg cannot be resolved or is not a field
authenticationMsg cannot be resolved or is not a field
The method clickOnQueueGetStartedBtn() is undefined for the type IntroductionPagePom
authenticationMsg cannot be resolved or is not a field
authenticationMsg cannot be resolved or is not a field
authenticationMsg cannot be resolved or is not a field
The method clickOnTreeGetStartedBtn() is undefined for the type IntroductionPagePom
authenticationMsg cannot be resolved or is not a field
authenticationMsg cannot be resolved or is not a field
authenticationMsg cannot be resolved or is not a field
The method clickOnGraphGetStartedBtn() is undefined for the type IntroductionPagePom
authenticationMsg cannot be resolved or is not a field
authenticationMsg cannot be resolved or is not a field
authenticationMsg cannot be resolved or is not a field

at StepDefinitions.Step_HomePage.<init>(Step_HomePage.java:22)
at java.base/jdk.internal.reflect.DirectConstructorHandleAccessor.newInstance(DirectConstructorHandleAccessor.java:62)
... 30 more
]]>
    </failure>
  </testcase> <!-- runScenario -->
  <testcase classname="io.cucumber.testng.AbstractTestNGCucumberTests" name="runScenario" time="12.432">
    <failure type="io.cucumber.core.exception.CucumberException" message="Failed to instantiate class StepDefinitions.Step_HomePage">
      <![CDATA[io.cucumber.core.exception.CucumberException: Failed to instantiate class StepDefinitions.Step_HomePage
at io.cucumber.core.backend.DefaultObjectFactory.cacheNewInstance(DefaultObjectFactory.java:67)
at io.cucumber.core.backend.DefaultObjectFactory.getInstance(DefaultObjectFactory.java:45)
at io.cucumber.java.AbstractGlueDefinition.invokeMethod(AbstractGlueDefinition.java:47)
at io.cucumber.java.JavaStepDefinition.execute(JavaStepDefinition.java:29)
at io.cucumber.core.runner.CoreStepDefinition.execute(CoreStepDefinition.java:66)
at io.cucumber.core.runner.PickleStepDefinitionMatch.runStep(PickleStepDefinitionMatch.java:62)
at io.cucumber.core.runner.ExecutionMode$1.execute(ExecutionMode.java:10)
at io.cucumber.core.runner.TestStep.executeStep(TestStep.java:81)
at io.cucumber.core.runner.TestStep.run(TestStep.java:53)
at io.cucumber.core.runner.PickleStepTestStep.run(PickleStepTestStep.java:51)
at io.cucumber.core.runner.TestCase.run(TestCase.java:84)
at io.cucumber.core.runner.Runner.runPickle(Runner.java:75)
at io.cucumber.testng.TestNGCucumberRunner.lambda$runScenario$1(TestNGCucumberRunner.java:132)
at io.cucumber.core.runtime.CucumberExecutionContext.lambda$runTestCase$5(CucumberExecutionContext.java:136)
at io.cucumber.core.runtime.RethrowingThrowableCollector.executeAndThrow(RethrowingThrowableCollector.java:23)
at io.cucumber.core.runtime.CucumberExecutionContext.runTestCase(CucumberExecutionContext.java:136)
at io.cucumber.testng.TestNGCucumberRunner.runScenario(TestNGCucumberRunner.java:129)
at io.cucumber.testng.AbstractTestNGCucumberTests.runScenario(AbstractTestNGCucumberTests.java:35)
at java.base/jdk.internal.reflect.DirectMethodHandleAccessor.invoke(DirectMethodHandleAccessor.java:103)
at java.base/java.lang.reflect.Method.invoke(Method.java:580)
at org.testng.internal.invokers.MethodInvocationHelper.invokeMethod(MethodInvocationHelper.java:141)
at org.testng.internal.invokers.TestInvoker.invokeMethod(TestInvoker.java:686)
at org.testng.internal.invokers.TestInvoker.invokeTestMethod(TestInvoker.java:230)
at org.testng.internal.invokers.TestMethodWithDataProviderMethodWorker.call(TestMethodWithDataProviderMethodWorker.java:81)
at org.testng.internal.thread.Async$AsyncTask.run(Async.java:34)
at java.base/java.util.concurrent.ThreadPoolExecutor.runWorker(ThreadPoolExecutor.java:1144)
at java.base/java.util.concurrent.ThreadPoolExecutor$Worker.run(ThreadPoolExecutor.java:642)
at java.base/java.lang.Thread.run(Thread.java:1575)
Caused by: java.lang.reflect.InvocationTargetException
at java.base/jdk.internal.reflect.DirectConstructorHandleAccessor.newInstance(DirectConstructorHandleAccessor.java:74)
at java.base/java.lang.reflect.Constructor.newInstanceWithCaller(Constructor.java:501)
at java.base/java.lang.reflect.Constructor.newInstance(Constructor.java:485)
at io.cucumber.core.backend.DefaultObjectFactory.cacheNewInstance(DefaultObjectFactory.java:53)
... 27 more
Caused by: java.lang.Error: Unresolved compilation problems: 
The constructor HomePom() is undefined
The constructor IntroductionPagePom() is undefined
The field HomePom.contentHeader is not visible
The field HomePom.contentText is not visible
The field HomePom.getStartedButton is not visible
The field IntroductionPagePom.registerLink is not visible
The field IntroductionPagePom.signInLink is not visible
dsDropdown cannot be resolved or is not a field
dsDropdown cannot be resolved or is not a field
The method clickDropdownItemArray() is undefined for the type IntroductionPagePom
authenticationMsg cannot be resolved or is not a field
authenticationMsg cannot be resolved or is not a field
authenticationMsg cannot be resolved or is not a field
The method clickDropdownItemLinkedList() is undefined for the type IntroductionPagePom
authenticationMsg cannot be resolved or is not a field
authenticationMsg cannot be resolved or is not a field
authenticationMsg cannot be resolved or is not a field
The method clickDropdownItemStack() is undefined for the type IntroductionPagePom
authenticationMsg cannot be resolved or is not a field
authenticationMsg cannot be resolved or is not a field
authenticationMsg cannot be resolved or is not a field
The method clickDropdownItemQueue() is undefined for the type IntroductionPagePom
authenticationMsg cannot be resolved or is not a field
authenticationMsg cannot be resolved or is not a field
authenticationMsg cannot be resolved or is not a field
The method clickDropdownItemTree() is undefined for the type IntroductionPagePom
authenticationMsg cannot be resolved or is not a field
authenticationMsg cannot be resolved or is not a field
authenticationMsg cannot be resolved or is not a field
The method clickDropdownItemGraph() is undefined for the type IntroductionPagePom
authenticationMsg cannot be resolved or is not a field
authenticationMsg cannot be resolved or is not a field
authenticationMsg cannot be resolved or is not a field
authenticationMsg cannot be resolved or is not a field
authenticationMsg cannot be resolved or is not a field
authenticationMsg cannot be resolved or is not a field
authenticationMsg cannot be resolved or is not a field
authenticationMsg cannot be resolved or is not a field
authenticationMsg cannot be resolved or is not a field
The method clickOnLinkedListGetStartedBtn() is undefined for the type IntroductionPagePom
authenticationMsg cannot be resolved or is not a field
authenticationMsg cannot be resolved or is not a field
authenticationMsg cannot be resolved or is not a field
The method clickOnStackGetStartedBtn() is undefined for the type IntroductionPagePom
authenticationMsg cannot be resolved or is not a field
authenticationMsg cannot be resolved or is not a field
authenticationMsg cannot be resolved or is not a field
The method clickOnQueueGetStartedBtn() is undefined for the type IntroductionPagePom
authenticationMsg cannot be resolved or is not a field
authenticationMsg cannot be resolved or is not a field
authenticationMsg cannot be resolved or is not a field
The method clickOnTreeGetStartedBtn() is undefined for the type IntroductionPagePom
authenticationMsg cannot be resolved or is not a field
authenticationMsg cannot be resolved or is not a field
authenticationMsg cannot be resolved or is not a field
The method clickOnGraphGetStartedBtn() is undefined for the type IntroductionPagePom
authenticationMsg cannot be resolved or is not a field
authenticationMsg cannot be resolved or is not a field
authenticationMsg cannot be resolved or is not a field

at StepDefinitions.Step_HomePage.<init>(Step_HomePage.java:22)
at java.base/jdk.internal.reflect.DirectConstructorHandleAccessor.newInstance(DirectConstructorHandleAccessor.java:62)
... 30 more
]]>
    </failure>
  </testcase> <!-- runScenario -->
  <testcase classname="io.cucumber.testng.AbstractTestNGCucumberTests" name="runScenario" time="12.588">
    <failure type="io.cucumber.core.exception.CucumberException" message="Failed to instantiate class StepDefinitions.Step_HomePage">
      <![CDATA[io.cucumber.core.exception.CucumberException: Failed to instantiate class StepDefinitions.Step_HomePage
at io.cucumber.core.backend.DefaultObjectFactory.cacheNewInstance(DefaultObjectFactory.java:67)
at io.cucumber.core.backend.DefaultObjectFactory.getInstance(DefaultObjectFactory.java:45)
at io.cucumber.java.AbstractGlueDefinition.invokeMethod(AbstractGlueDefinition.java:47)
at io.cucumber.java.JavaStepDefinition.execute(JavaStepDefinition.java:29)
at io.cucumber.core.runner.CoreStepDefinition.execute(CoreStepDefinition.java:66)
at io.cucumber.core.runner.PickleStepDefinitionMatch.runStep(PickleStepDefinitionMatch.java:62)
at io.cucumber.core.runner.ExecutionMode$1.execute(ExecutionMode.java:10)
at io.cucumber.core.runner.TestStep.executeStep(TestStep.java:81)
at io.cucumber.core.runner.TestStep.run(TestStep.java:53)
at io.cucumber.core.runner.PickleStepTestStep.run(PickleStepTestStep.java:51)
at io.cucumber.core.runner.TestCase.run(TestCase.java:84)
at io.cucumber.core.runner.Runner.runPickle(Runner.java:75)
at io.cucumber.testng.TestNGCucumberRunner.lambda$runScenario$1(TestNGCucumberRunner.java:132)
at io.cucumber.core.runtime.CucumberExecutionContext.lambda$runTestCase$5(CucumberExecutionContext.java:136)
at io.cucumber.core.runtime.RethrowingThrowableCollector.executeAndThrow(RethrowingThrowableCollector.java:23)
at io.cucumber.core.runtime.CucumberExecutionContext.runTestCase(CucumberExecutionContext.java:136)
at io.cucumber.testng.TestNGCucumberRunner.runScenario(TestNGCucumberRunner.java:129)
at io.cucumber.testng.AbstractTestNGCucumberTests.runScenario(AbstractTestNGCucumberTests.java:35)
at java.base/jdk.internal.reflect.DirectMethodHandleAccessor.invoke(DirectMethodHandleAccessor.java:103)
at java.base/java.lang.reflect.Method.invoke(Method.java:580)
at org.testng.internal.invokers.MethodInvocationHelper.invokeMethod(MethodInvocationHelper.java:141)
at org.testng.internal.invokers.TestInvoker.invokeMethod(TestInvoker.java:686)
at org.testng.internal.invokers.TestInvoker.invokeTestMethod(TestInvoker.java:230)
at org.testng.internal.invokers.TestMethodWithDataProviderMethodWorker.call(TestMethodWithDataProviderMethodWorker.java:81)
at org.testng.internal.thread.Async$AsyncTask.run(Async.java:34)
at java.base/java.util.concurrent.ThreadPoolExecutor.runWorker(ThreadPoolExecutor.java:1144)
at java.base/java.util.concurrent.ThreadPoolExecutor$Worker.run(ThreadPoolExecutor.java:642)
at java.base/java.lang.Thread.run(Thread.java:1575)
Caused by: java.lang.reflect.InvocationTargetException
at java.base/jdk.internal.reflect.DirectConstructorHandleAccessor.newInstance(DirectConstructorHandleAccessor.java:74)
at java.base/java.lang.reflect.Constructor.newInstanceWithCaller(Constructor.java:501)
at java.base/java.lang.reflect.Constructor.newInstance(Constructor.java:485)
at io.cucumber.core.backend.DefaultObjectFactory.cacheNewInstance(DefaultObjectFactory.java:53)
... 27 more
Caused by: java.lang.Error: Unresolved compilation problems: 
The constructor HomePom() is undefined
The constructor IntroductionPagePom() is undefined
The field HomePom.contentHeader is not visible
The field HomePom.contentText is not visible
The field HomePom.getStartedButton is not visible
The field IntroductionPagePom.registerLink is not visible
The field IntroductionPagePom.signInLink is not visible
dsDropdown cannot be resolved or is not a field
dsDropdown cannot be resolved or is not a field
The method clickDropdownItemArray() is undefined for the type IntroductionPagePom
authenticationMsg cannot be resolved or is not a field
authenticationMsg cannot be resolved or is not a field
authenticationMsg cannot be resolved or is not a field
The method clickDropdownItemLinkedList() is undefined for the type IntroductionPagePom
authenticationMsg cannot be resolved or is not a field
authenticationMsg cannot be resolved or is not a field
authenticationMsg cannot be resolved or is not a field
The method clickDropdownItemStack() is undefined for the type IntroductionPagePom
authenticationMsg cannot be resolved or is not a field
authenticationMsg cannot be resolved or is not a field
authenticationMsg cannot be resolved or is not a field
The method clickDropdownItemQueue() is undefined for the type IntroductionPagePom
authenticationMsg cannot be resolved or is not a field
authenticationMsg cannot be resolved or is not a field
authenticationMsg cannot be resolved or is not a field
The method clickDropdownItemTree() is undefined for the type IntroductionPagePom
authenticationMsg cannot be resolved or is not a field
authenticationMsg cannot be resolved or is not a field
authenticationMsg cannot be resolved or is not a field
The method clickDropdownItemGraph() is undefined for the type IntroductionPagePom
authenticationMsg cannot be resolved or is not a field
authenticationMsg cannot be resolved or is not a field
authenticationMsg cannot be resolved or is not a field
authenticationMsg cannot be resolved or is not a field
authenticationMsg cannot be resolved or is not a field
authenticationMsg cannot be resolved or is not a field
authenticationMsg cannot be resolved or is not a field
authenticationMsg cannot be resolved or is not a field
authenticationMsg cannot be resolved or is not a field
The method clickOnLinkedListGetStartedBtn() is undefined for the type IntroductionPagePom
authenticationMsg cannot be resolved or is not a field
authenticationMsg cannot be resolved or is not a field
authenticationMsg cannot be resolved or is not a field
The method clickOnStackGetStartedBtn() is undefined for the type IntroductionPagePom
authenticationMsg cannot be resolved or is not a field
authenticationMsg cannot be resolved or is not a field
authenticationMsg cannot be resolved or is not a field
The method clickOnQueueGetStartedBtn() is undefined for the type IntroductionPagePom
authenticationMsg cannot be resolved or is not a field
authenticationMsg cannot be resolved or is not a field
authenticationMsg cannot be resolved or is not a field
The method clickOnTreeGetStartedBtn() is undefined for the type IntroductionPagePom
authenticationMsg cannot be resolved or is not a field
authenticationMsg cannot be resolved or is not a field
authenticationMsg cannot be resolved or is not a field
The method clickOnGraphGetStartedBtn() is undefined for the type IntroductionPagePom
authenticationMsg cannot be resolved or is not a field
authenticationMsg cannot be resolved or is not a field
authenticationMsg cannot be resolved or is not a field

at StepDefinitions.Step_HomePage.<init>(Step_HomePage.java:22)
at java.base/jdk.internal.reflect.DirectConstructorHandleAccessor.newInstance(DirectConstructorHandleAccessor.java:62)
... 30 more
]]>
    </failure>
  </testcase> <!-- runScenario -->
  <testcase classname="io.cucumber.testng.AbstractTestNGCucumberTests" name="runScenario" time="12.864">
    <failure type="io.cucumber.core.exception.CucumberException" message="Failed to instantiate class StepDefinitions.Step_HomePage">
      <![CDATA[io.cucumber.core.exception.CucumberException: Failed to instantiate class StepDefinitions.Step_HomePage
at io.cucumber.core.backend.DefaultObjectFactory.cacheNewInstance(DefaultObjectFactory.java:67)
at io.cucumber.core.backend.DefaultObjectFactory.getInstance(DefaultObjectFactory.java:45)
at io.cucumber.java.AbstractGlueDefinition.invokeMethod(AbstractGlueDefinition.java:47)
at io.cucumber.java.JavaStepDefinition.execute(JavaStepDefinition.java:29)
at io.cucumber.core.runner.CoreStepDefinition.execute(CoreStepDefinition.java:66)
at io.cucumber.core.runner.PickleStepDefinitionMatch.runStep(PickleStepDefinitionMatch.java:62)
at io.cucumber.core.runner.ExecutionMode$1.execute(ExecutionMode.java:10)
at io.cucumber.core.runner.TestStep.executeStep(TestStep.java:81)
at io.cucumber.core.runner.TestStep.run(TestStep.java:53)
at io.cucumber.core.runner.PickleStepTestStep.run(PickleStepTestStep.java:51)
at io.cucumber.core.runner.TestCase.run(TestCase.java:84)
at io.cucumber.core.runner.Runner.runPickle(Runner.java:75)
at io.cucumber.testng.TestNGCucumberRunner.lambda$runScenario$1(TestNGCucumberRunner.java:132)
at io.cucumber.core.runtime.CucumberExecutionContext.lambda$runTestCase$5(CucumberExecutionContext.java:136)
at io.cucumber.core.runtime.RethrowingThrowableCollector.executeAndThrow(RethrowingThrowableCollector.java:23)
at io.cucumber.core.runtime.CucumberExecutionContext.runTestCase(CucumberExecutionContext.java:136)
at io.cucumber.testng.TestNGCucumberRunner.runScenario(TestNGCucumberRunner.java:129)
at io.cucumber.testng.AbstractTestNGCucumberTests.runScenario(AbstractTestNGCucumberTests.java:35)
at java.base/jdk.internal.reflect.DirectMethodHandleAccessor.invoke(DirectMethodHandleAccessor.java:103)
at java.base/java.lang.reflect.Method.invoke(Method.java:580)
at org.testng.internal.invokers.MethodInvocationHelper.invokeMethod(MethodInvocationHelper.java:141)
at org.testng.internal.invokers.TestInvoker.invokeMethod(TestInvoker.java:686)
at org.testng.internal.invokers.TestInvoker.invokeTestMethod(TestInvoker.java:230)
at org.testng.internal.invokers.TestMethodWithDataProviderMethodWorker.call(TestMethodWithDataProviderMethodWorker.java:81)
at org.testng.internal.thread.Async$AsyncTask.run(Async.java:34)
at java.base/java.util.concurrent.ThreadPoolExecutor.runWorker(ThreadPoolExecutor.java:1144)
at java.base/java.util.concurrent.ThreadPoolExecutor$Worker.run(ThreadPoolExecutor.java:642)
at java.base/java.lang.Thread.run(Thread.java:1575)
Caused by: java.lang.reflect.InvocationTargetException
at java.base/jdk.internal.reflect.DirectConstructorHandleAccessor.newInstance(DirectConstructorHandleAccessor.java:74)
at java.base/java.lang.reflect.Constructor.newInstanceWithCaller(Constructor.java:501)
at java.base/java.lang.reflect.Constructor.newInstance(Constructor.java:485)
at io.cucumber.core.backend.DefaultObjectFactory.cacheNewInstance(DefaultObjectFactory.java:53)
... 27 more
Caused by: java.lang.Error: Unresolved compilation problems: 
The constructor HomePom() is undefined
The constructor IntroductionPagePom() is undefined
The field HomePom.contentHeader is not visible
The field HomePom.contentText is not visible
The field HomePom.getStartedButton is not visible
The field IntroductionPagePom.registerLink is not visible
The field IntroductionPagePom.signInLink is not visible
dsDropdown cannot be resolved or is not a field
dsDropdown cannot be resolved or is not a field
The method clickDropdownItemArray() is undefined for the type IntroductionPagePom
authenticationMsg cannot be resolved or is not a field
authenticationMsg cannot be resolved or is not a field
authenticationMsg cannot be resolved or is not a field
The method clickDropdownItemLinkedList() is undefined for the type IntroductionPagePom
authenticationMsg cannot be resolved or is not a field
authenticationMsg cannot be resolved or is not a field
authenticationMsg cannot be resolved or is not a field
The method clickDropdownItemStack() is undefined for the type IntroductionPagePom
authenticationMsg cannot be resolved or is not a field
authenticationMsg cannot be resolved or is not a field
authenticationMsg cannot be resolved or is not a field
The method clickDropdownItemQueue() is undefined for the type IntroductionPagePom
authenticationMsg cannot be resolved or is not a field
authenticationMsg cannot be resolved or is not a field
authenticationMsg cannot be resolved or is not a field
The method clickDropdownItemTree() is undefined for the type IntroductionPagePom
authenticationMsg cannot be resolved or is not a field
authenticationMsg cannot be resolved or is not a field
authenticationMsg cannot be resolved or is not a field
The method clickDropdownItemGraph() is undefined for the type IntroductionPagePom
authenticationMsg cannot be resolved or is not a field
authenticationMsg cannot be resolved or is not a field
authenticationMsg cannot be resolved or is not a field
authenticationMsg cannot be resolved or is not a field
authenticationMsg cannot be resolved or is not a field
authenticationMsg cannot be resolved or is not a field
authenticationMsg cannot be resolved or is not a field
authenticationMsg cannot be resolved or is not a field
authenticationMsg cannot be resolved or is not a field
The method clickOnLinkedListGetStartedBtn() is undefined for the type IntroductionPagePom
authenticationMsg cannot be resolved or is not a field
authenticationMsg cannot be resolved or is not a field
authenticationMsg cannot be resolved or is not a field
The method clickOnStackGetStartedBtn() is undefined for the type IntroductionPagePom
authenticationMsg cannot be resolved or is not a field
authenticationMsg cannot be resolved or is not a field
authenticationMsg cannot be resolved or is not a field
The method clickOnQueueGetStartedBtn() is undefined for the type IntroductionPagePom
authenticationMsg cannot be resolved or is not a field
authenticationMsg cannot be resolved or is not a field
authenticationMsg cannot be resolved or is not a field
The method clickOnTreeGetStartedBtn() is undefined for the type IntroductionPagePom
authenticationMsg cannot be resolved or is not a field
authenticationMsg cannot be resolved or is not a field
authenticationMsg cannot be resolved or is not a field
The method clickOnGraphGetStartedBtn() is undefined for the type IntroductionPagePom
authenticationMsg cannot be resolved or is not a field
authenticationMsg cannot be resolved or is not a field
authenticationMsg cannot be resolved or is not a field

at StepDefinitions.Step_HomePage.<init>(Step_HomePage.java:22)
at java.base/jdk.internal.reflect.DirectConstructorHandleAccessor.newInstance(DirectConstructorHandleAccessor.java:62)
... 30 more
]]>
    </failure>
  </testcase> <!-- runScenario -->
  <testcase classname="io.cucumber.testng.AbstractTestNGCucumberTests" name="runScenario" time="13.15">
    <failure type="io.cucumber.core.exception.CucumberException" message="Failed to instantiate class StepDefinitions.Step_HomePage">
      <![CDATA[io.cucumber.core.exception.CucumberException: Failed to instantiate class StepDefinitions.Step_HomePage
at io.cucumber.core.backend.DefaultObjectFactory.cacheNewInstance(DefaultObjectFactory.java:67)
at io.cucumber.core.backend.DefaultObjectFactory.getInstance(DefaultObjectFactory.java:45)
at io.cucumber.java.AbstractGlueDefinition.invokeMethod(AbstractGlueDefinition.java:47)
at io.cucumber.java.JavaStepDefinition.execute(JavaStepDefinition.java:29)
at io.cucumber.core.runner.CoreStepDefinition.execute(CoreStepDefinition.java:66)
at io.cucumber.core.runner.PickleStepDefinitionMatch.runStep(PickleStepDefinitionMatch.java:62)
at io.cucumber.core.runner.ExecutionMode$1.execute(ExecutionMode.java:10)
at io.cucumber.core.runner.TestStep.executeStep(TestStep.java:81)
at io.cucumber.core.runner.TestStep.run(TestStep.java:53)
at io.cucumber.core.runner.PickleStepTestStep.run(PickleStepTestStep.java:51)
at io.cucumber.core.runner.TestCase.run(TestCase.java:84)
at io.cucumber.core.runner.Runner.runPickle(Runner.java:75)
at io.cucumber.testng.TestNGCucumberRunner.lambda$runScenario$1(TestNGCucumberRunner.java:132)
at io.cucumber.core.runtime.CucumberExecutionContext.lambda$runTestCase$5(CucumberExecutionContext.java:136)
at io.cucumber.core.runtime.RethrowingThrowableCollector.executeAndThrow(RethrowingThrowableCollector.java:23)
at io.cucumber.core.runtime.CucumberExecutionContext.runTestCase(CucumberExecutionContext.java:136)
at io.cucumber.testng.TestNGCucumberRunner.runScenario(TestNGCucumberRunner.java:129)
at io.cucumber.testng.AbstractTestNGCucumberTests.runScenario(AbstractTestNGCucumberTests.java:35)
at java.base/jdk.internal.reflect.DirectMethodHandleAccessor.invoke(DirectMethodHandleAccessor.java:103)
at java.base/java.lang.reflect.Method.invoke(Method.java:580)
at org.testng.internal.invokers.MethodInvocationHelper.invokeMethod(MethodInvocationHelper.java:141)
at org.testng.internal.invokers.TestInvoker.invokeMethod(TestInvoker.java:686)
at org.testng.internal.invokers.TestInvoker.invokeTestMethod(TestInvoker.java:230)
at org.testng.internal.invokers.TestMethodWithDataProviderMethodWorker.call(TestMethodWithDataProviderMethodWorker.java:81)
at org.testng.internal.thread.Async$AsyncTask.run(Async.java:34)
at java.base/java.util.concurrent.ThreadPoolExecutor.runWorker(ThreadPoolExecutor.java:1144)
at java.base/java.util.concurrent.ThreadPoolExecutor$Worker.run(ThreadPoolExecutor.java:642)
at java.base/java.lang.Thread.run(Thread.java:1575)
Caused by: java.lang.reflect.InvocationTargetException
at java.base/jdk.internal.reflect.DirectConstructorHandleAccessor.newInstance(DirectConstructorHandleAccessor.java:74)
at java.base/java.lang.reflect.Constructor.newInstanceWithCaller(Constructor.java:501)
at java.base/java.lang.reflect.Constructor.newInstance(Constructor.java:485)
at io.cucumber.core.backend.DefaultObjectFactory.cacheNewInstance(DefaultObjectFactory.java:53)
... 27 more
Caused by: java.lang.Error: Unresolved compilation problems: 
The constructor HomePom() is undefined
The constructor IntroductionPagePom() is undefined
The field HomePom.contentHeader is not visible
The field HomePom.contentText is not visible
The field HomePom.getStartedButton is not visible
The field IntroductionPagePom.registerLink is not visible
The field IntroductionPagePom.signInLink is not visible
dsDropdown cannot be resolved or is not a field
dsDropdown cannot be resolved or is not a field
The method clickDropdownItemArray() is undefined for the type IntroductionPagePom
authenticationMsg cannot be resolved or is not a field
authenticationMsg cannot be resolved or is not a field
authenticationMsg cannot be resolved or is not a field
The method clickDropdownItemLinkedList() is undefined for the type IntroductionPagePom
authenticationMsg cannot be resolved or is not a field
authenticationMsg cannot be resolved or is not a field
authenticationMsg cannot be resolved or is not a field
The method clickDropdownItemStack() is undefined for the type IntroductionPagePom
authenticationMsg cannot be resolved or is not a field
authenticationMsg cannot be resolved or is not a field
authenticationMsg cannot be resolved or is not a field
The method clickDropdownItemQueue() is undefined for the type IntroductionPagePom
authenticationMsg cannot be resolved or is not a field
authenticationMsg cannot be resolved or is not a field
authenticationMsg cannot be resolved or is not a field
The method clickDropdownItemTree() is undefined for the type IntroductionPagePom
authenticationMsg cannot be resolved or is not a field
authenticationMsg cannot be resolved or is not a field
authenticationMsg cannot be resolved or is not a field
The method clickDropdownItemGraph() is undefined for the type IntroductionPagePom
authenticationMsg cannot be resolved or is not a field
authenticationMsg cannot be resolved or is not a field
authenticationMsg cannot be resolved or is not a field
authenticationMsg cannot be resolved or is not a field
authenticationMsg cannot be resolved or is not a field
authenticationMsg cannot be resolved or is not a field
authenticationMsg cannot be resolved or is not a field
authenticationMsg cannot be resolved or is not a field
authenticationMsg cannot be resolved or is not a field
The method clickOnLinkedListGetStartedBtn() is undefined for the type IntroductionPagePom
authenticationMsg cannot be resolved or is not a field
authenticationMsg cannot be resolved or is not a field
authenticationMsg cannot be resolved or is not a field
The method clickOnStackGetStartedBtn() is undefined for the type IntroductionPagePom
authenticationMsg cannot be resolved or is not a field
authenticationMsg cannot be resolved or is not a field
authenticationMsg cannot be resolved or is not a field
The method clickOnQueueGetStartedBtn() is undefined for the type IntroductionPagePom
authenticationMsg cannot be resolved or is not a field
authenticationMsg cannot be resolved or is not a field
authenticationMsg cannot be resolved or is not a field
The method clickOnTreeGetStartedBtn() is undefined for the type IntroductionPagePom
authenticationMsg cannot be resolved or is not a field
authenticationMsg cannot be resolved or is not a field
authenticationMsg cannot be resolved or is not a field
The method clickOnGraphGetStartedBtn() is undefined for the type IntroductionPagePom
authenticationMsg cannot be resolved or is not a field
authenticationMsg cannot be resolved or is not a field
authenticationMsg cannot be resolved or is not a field

at StepDefinitions.Step_HomePage.<init>(Step_HomePage.java:22)
at java.base/jdk.internal.reflect.DirectConstructorHandleAccessor.newInstance(DirectConstructorHandleAccessor.java:62)
... 30 more
]]>
    </failure>
  </testcase> <!-- runScenario -->
  <testcase classname="io.cucumber.testng.AbstractTestNGCucumberTests" name="runScenario" time="13.753">
    <failure type="io.cucumber.core.exception.CucumberException" message="Failed to instantiate class StepDefinitions.Step_HomePage">
      <![CDATA[io.cucumber.core.exception.CucumberException: Failed to instantiate class StepDefinitions.Step_HomePage
at io.cucumber.core.backend.DefaultObjectFactory.cacheNewInstance(DefaultObjectFactory.java:67)
at io.cucumber.core.backend.DefaultObjectFactory.getInstance(DefaultObjectFactory.java:45)
at io.cucumber.java.AbstractGlueDefinition.invokeMethod(AbstractGlueDefinition.java:47)
at io.cucumber.java.JavaStepDefinition.execute(JavaStepDefinition.java:29)
at io.cucumber.core.runner.CoreStepDefinition.execute(CoreStepDefinition.java:66)
at io.cucumber.core.runner.PickleStepDefinitionMatch.runStep(PickleStepDefinitionMatch.java:62)
at io.cucumber.core.runner.ExecutionMode$1.execute(ExecutionMode.java:10)
at io.cucumber.core.runner.TestStep.executeStep(TestStep.java:81)
at io.cucumber.core.runner.TestStep.run(TestStep.java:53)
at io.cucumber.core.runner.PickleStepTestStep.run(PickleStepTestStep.java:51)
at io.cucumber.core.runner.TestCase.run(TestCase.java:84)
at io.cucumber.core.runner.Runner.runPickle(Runner.java:75)
at io.cucumber.testng.TestNGCucumberRunner.lambda$runScenario$1(TestNGCucumberRunner.java:132)
at io.cucumber.core.runtime.CucumberExecutionContext.lambda$runTestCase$5(CucumberExecutionContext.java:136)
at io.cucumber.core.runtime.RethrowingThrowableCollector.executeAndThrow(RethrowingThrowableCollector.java:23)
at io.cucumber.core.runtime.CucumberExecutionContext.runTestCase(CucumberExecutionContext.java:136)
at io.cucumber.testng.TestNGCucumberRunner.runScenario(TestNGCucumberRunner.java:129)
at io.cucumber.testng.AbstractTestNGCucumberTests.runScenario(AbstractTestNGCucumberTests.java:35)
at java.base/jdk.internal.reflect.DirectMethodHandleAccessor.invoke(DirectMethodHandleAccessor.java:103)
at java.base/java.lang.reflect.Method.invoke(Method.java:580)
at org.testng.internal.invokers.MethodInvocationHelper.invokeMethod(MethodInvocationHelper.java:141)
at org.testng.internal.invokers.TestInvoker.invokeMethod(TestInvoker.java:686)
at org.testng.internal.invokers.TestInvoker.invokeTestMethod(TestInvoker.java:230)
at org.testng.internal.invokers.TestMethodWithDataProviderMethodWorker.call(TestMethodWithDataProviderMethodWorker.java:81)
at org.testng.internal.thread.Async$AsyncTask.run(Async.java:34)
at java.base/java.util.concurrent.ThreadPoolExecutor.runWorker(ThreadPoolExecutor.java:1144)
at java.base/java.util.concurrent.ThreadPoolExecutor$Worker.run(ThreadPoolExecutor.java:642)
at java.base/java.lang.Thread.run(Thread.java:1575)
Caused by: java.lang.reflect.InvocationTargetException
at java.base/jdk.internal.reflect.DirectConstructorHandleAccessor.newInstance(DirectConstructorHandleAccessor.java:74)
at java.base/java.lang.reflect.Constructor.newInstanceWithCaller(Constructor.java:501)
at java.base/java.lang.reflect.Constructor.newInstance(Constructor.java:485)
at io.cucumber.core.backend.DefaultObjectFactory.cacheNewInstance(DefaultObjectFactory.java:53)
... 27 more
Caused by: java.lang.Error: Unresolved compilation problems: 
The constructor HomePom() is undefined
The constructor IntroductionPagePom() is undefined
The field HomePom.contentHeader is not visible
The field HomePom.contentText is not visible
The field HomePom.getStartedButton is not visible
The field IntroductionPagePom.registerLink is not visible
The field IntroductionPagePom.signInLink is not visible
dsDropdown cannot be resolved or is not a field
dsDropdown cannot be resolved or is not a field
The method clickDropdownItemArray() is undefined for the type IntroductionPagePom
authenticationMsg cannot be resolved or is not a field
authenticationMsg cannot be resolved or is not a field
authenticationMsg cannot be resolved or is not a field
The method clickDropdownItemLinkedList() is undefined for the type IntroductionPagePom
authenticationMsg cannot be resolved or is not a field
authenticationMsg cannot be resolved or is not a field
authenticationMsg cannot be resolved or is not a field
The method clickDropdownItemStack() is undefined for the type IntroductionPagePom
authenticationMsg cannot be resolved or is not a field
authenticationMsg cannot be resolved or is not a field
authenticationMsg cannot be resolved or is not a field
The method clickDropdownItemQueue() is undefined for the type IntroductionPagePom
authenticationMsg cannot be resolved or is not a field
authenticationMsg cannot be resolved or is not a field
authenticationMsg cannot be resolved or is not a field
The method clickDropdownItemTree() is undefined for the type IntroductionPagePom
authenticationMsg cannot be resolved or is not a field
authenticationMsg cannot be resolved or is not a field
authenticationMsg cannot be resolved or is not a field
The method clickDropdownItemGraph() is undefined for the type IntroductionPagePom
authenticationMsg cannot be resolved or is not a field
authenticationMsg cannot be resolved or is not a field
authenticationMsg cannot be resolved or is not a field
authenticationMsg cannot be resolved or is not a field
authenticationMsg cannot be resolved or is not a field
authenticationMsg cannot be resolved or is not a field
authenticationMsg cannot be resolved or is not a field
authenticationMsg cannot be resolved or is not a field
authenticationMsg cannot be resolved or is not a field
The method clickOnLinkedListGetStartedBtn() is undefined for the type IntroductionPagePom
authenticationMsg cannot be resolved or is not a field
authenticationMsg cannot be resolved or is not a field
authenticationMsg cannot be resolved or is not a field
The method clickOnStackGetStartedBtn() is undefined for the type IntroductionPagePom
authenticationMsg cannot be resolved or is not a field
authenticationMsg cannot be resolved or is not a field
authenticationMsg cannot be resolved or is not a field
The method clickOnQueueGetStartedBtn() is undefined for the type IntroductionPagePom
authenticationMsg cannot be resolved or is not a field
authenticationMsg cannot be resolved or is not a field
authenticationMsg cannot be resolved or is not a field
The method clickOnTreeGetStartedBtn() is undefined for the type IntroductionPagePom
authenticationMsg cannot be resolved or is not a field
authenticationMsg cannot be resolved or is not a field
authenticationMsg cannot be resolved or is not a field
The method clickOnGraphGetStartedBtn() is undefined for the type IntroductionPagePom
authenticationMsg cannot be resolved or is not a field
authenticationMsg cannot be resolved or is not a field
authenticationMsg cannot be resolved or is not a field

at StepDefinitions.Step_HomePage.<init>(Step_HomePage.java:22)
at java.base/jdk.internal.reflect.DirectConstructorHandleAccessor.newInstance(DirectConstructorHandleAccessor.java:62)
... 30 more
]]>
    </failure>
  </testcase> <!-- runScenario -->
  <testcase classname="io.cucumber.testng.AbstractTestNGCucumberTests" name="runScenario" time="14.368">
    <failure type="io.cucumber.core.exception.CucumberException" message="Failed to instantiate class StepDefinitions.Step_HomePage">
      <![CDATA[io.cucumber.core.exception.CucumberException: Failed to instantiate class StepDefinitions.Step_HomePage
at io.cucumber.core.backend.DefaultObjectFactory.cacheNewInstance(DefaultObjectFactory.java:67)
at io.cucumber.core.backend.DefaultObjectFactory.getInstance(DefaultObjectFactory.java:45)
at io.cucumber.java.AbstractGlueDefinition.invokeMethod(AbstractGlueDefinition.java:47)
at io.cucumber.java.JavaStepDefinition.execute(JavaStepDefinition.java:29)
at io.cucumber.core.runner.CoreStepDefinition.execute(CoreStepDefinition.java:66)
at io.cucumber.core.runner.PickleStepDefinitionMatch.runStep(PickleStepDefinitionMatch.java:62)
at io.cucumber.core.runner.ExecutionMode$1.execute(ExecutionMode.java:10)
at io.cucumber.core.runner.TestStep.executeStep(TestStep.java:81)
at io.cucumber.core.runner.TestStep.run(TestStep.java:53)
at io.cucumber.core.runner.PickleStepTestStep.run(PickleStepTestStep.java:51)
at io.cucumber.core.runner.TestCase.run(TestCase.java:84)
at io.cucumber.core.runner.Runner.runPickle(Runner.java:75)
at io.cucumber.testng.TestNGCucumberRunner.lambda$runScenario$1(TestNGCucumberRunner.java:132)
at io.cucumber.core.runtime.CucumberExecutionContext.lambda$runTestCase$5(CucumberExecutionContext.java:136)
at io.cucumber.core.runtime.RethrowingThrowableCollector.executeAndThrow(RethrowingThrowableCollector.java:23)
at io.cucumber.core.runtime.CucumberExecutionContext.runTestCase(CucumberExecutionContext.java:136)
at io.cucumber.testng.TestNGCucumberRunner.runScenario(TestNGCucumberRunner.java:129)
at io.cucumber.testng.AbstractTestNGCucumberTests.runScenario(AbstractTestNGCucumberTests.java:35)
at java.base/jdk.internal.reflect.DirectMethodHandleAccessor.invoke(DirectMethodHandleAccessor.java:103)
at java.base/java.lang.reflect.Method.invoke(Method.java:580)
at org.testng.internal.invokers.MethodInvocationHelper.invokeMethod(MethodInvocationHelper.java:141)
at org.testng.internal.invokers.TestInvoker.invokeMethod(TestInvoker.java:686)
at org.testng.internal.invokers.TestInvoker.invokeTestMethod(TestInvoker.java:230)
at org.testng.internal.invokers.TestMethodWithDataProviderMethodWorker.call(TestMethodWithDataProviderMethodWorker.java:81)
at org.testng.internal.thread.Async$AsyncTask.run(Async.java:34)
at java.base/java.util.concurrent.ThreadPoolExecutor.runWorker(ThreadPoolExecutor.java:1144)
at java.base/java.util.concurrent.ThreadPoolExecutor$Worker.run(ThreadPoolExecutor.java:642)
at java.base/java.lang.Thread.run(Thread.java:1575)
Caused by: java.lang.reflect.InvocationTargetException
at java.base/jdk.internal.reflect.DirectConstructorHandleAccessor.newInstance(DirectConstructorHandleAccessor.java:74)
at java.base/java.lang.reflect.Constructor.newInstanceWithCaller(Constructor.java:501)
at java.base/java.lang.reflect.Constructor.newInstance(Constructor.java:485)
at io.cucumber.core.backend.DefaultObjectFactory.cacheNewInstance(DefaultObjectFactory.java:53)
... 27 more
Caused by: java.lang.Error: Unresolved compilation problems: 
The constructor HomePom() is undefined
The constructor IntroductionPagePom() is undefined
The field HomePom.contentHeader is not visible
The field HomePom.contentText is not visible
The field HomePom.getStartedButton is not visible
The field IntroductionPagePom.registerLink is not visible
The field IntroductionPagePom.signInLink is not visible
dsDropdown cannot be resolved or is not a field
dsDropdown cannot be resolved or is not a field
The method clickDropdownItemArray() is undefined for the type IntroductionPagePom
authenticationMsg cannot be resolved or is not a field
authenticationMsg cannot be resolved or is not a field
authenticationMsg cannot be resolved or is not a field
The method clickDropdownItemLinkedList() is undefined for the type IntroductionPagePom
authenticationMsg cannot be resolved or is not a field
authenticationMsg cannot be resolved or is not a field
authenticationMsg cannot be resolved or is not a field
The method clickDropdownItemStack() is undefined for the type IntroductionPagePom
authenticationMsg cannot be resolved or is not a field
authenticationMsg cannot be resolved or is not a field
authenticationMsg cannot be resolved or is not a field
The method clickDropdownItemQueue() is undefined for the type IntroductionPagePom
authenticationMsg cannot be resolved or is not a field
authenticationMsg cannot be resolved or is not a field
authenticationMsg cannot be resolved or is not a field
The method clickDropdownItemTree() is undefined for the type IntroductionPagePom
authenticationMsg cannot be resolved or is not a field
authenticationMsg cannot be resolved or is not a field
authenticationMsg cannot be resolved or is not a field
The method clickDropdownItemGraph() is undefined for the type IntroductionPagePom
authenticationMsg cannot be resolved or is not a field
authenticationMsg cannot be resolved or is not a field
authenticationMsg cannot be resolved or is not a field
authenticationMsg cannot be resolved or is not a field
authenticationMsg cannot be resolved or is not a field
authenticationMsg cannot be resolved or is not a field
authenticationMsg cannot be resolved or is not a field
authenticationMsg cannot be resolved or is not a field
authenticationMsg cannot be resolved or is not a field
The method clickOnLinkedListGetStartedBtn() is undefined for the type IntroductionPagePom
authenticationMsg cannot be resolved or is not a field
authenticationMsg cannot be resolved or is not a field
authenticationMsg cannot be resolved or is not a field
The method clickOnStackGetStartedBtn() is undefined for the type IntroductionPagePom
authenticationMsg cannot be resolved or is not a field
authenticationMsg cannot be resolved or is not a field
authenticationMsg cannot be resolved or is not a field
The method clickOnQueueGetStartedBtn() is undefined for the type IntroductionPagePom
authenticationMsg cannot be resolved or is not a field
authenticationMsg cannot be resolved or is not a field
authenticationMsg cannot be resolved or is not a field
The method clickOnTreeGetStartedBtn() is undefined for the type IntroductionPagePom
authenticationMsg cannot be resolved or is not a field
authenticationMsg cannot be resolved or is not a field
authenticationMsg cannot be resolved or is not a field
The method clickOnGraphGetStartedBtn() is undefined for the type IntroductionPagePom
authenticationMsg cannot be resolved or is not a field
authenticationMsg cannot be resolved or is not a field
authenticationMsg cannot be resolved or is not a field

at StepDefinitions.Step_HomePage.<init>(Step_HomePage.java:22)
at java.base/jdk.internal.reflect.DirectConstructorHandleAccessor.newInstance(DirectConstructorHandleAccessor.java:62)
... 30 more
]]>
    </failure>
  </testcase> <!-- runScenario -->
  <testcase classname="io.cucumber.testng.AbstractTestNGCucumberTests" name="runScenario" time="24.287">
    <failure type="io.cucumber.core.exception.CucumberException" message="Failed to instantiate class StepDefinitions.Step_HomePage">
      <![CDATA[io.cucumber.core.exception.CucumberException: Failed to instantiate class StepDefinitions.Step_HomePage
at io.cucumber.core.backend.DefaultObjectFactory.cacheNewInstance(DefaultObjectFactory.java:67)
at io.cucumber.core.backend.DefaultObjectFactory.getInstance(DefaultObjectFactory.java:45)
at io.cucumber.java.AbstractGlueDefinition.invokeMethod(AbstractGlueDefinition.java:47)
at io.cucumber.java.JavaStepDefinition.execute(JavaStepDefinition.java:29)
at io.cucumber.core.runner.CoreStepDefinition.execute(CoreStepDefinition.java:66)
at io.cucumber.core.runner.PickleStepDefinitionMatch.runStep(PickleStepDefinitionMatch.java:62)
at io.cucumber.core.runner.ExecutionMode$1.execute(ExecutionMode.java:10)
at io.cucumber.core.runner.TestStep.executeStep(TestStep.java:81)
at io.cucumber.core.runner.TestStep.run(TestStep.java:53)
at io.cucumber.core.runner.PickleStepTestStep.run(PickleStepTestStep.java:51)
at io.cucumber.core.runner.TestCase.run(TestCase.java:84)
at io.cucumber.core.runner.Runner.runPickle(Runner.java:75)
at io.cucumber.testng.TestNGCucumberRunner.lambda$runScenario$1(TestNGCucumberRunner.java:132)
at io.cucumber.core.runtime.CucumberExecutionContext.lambda$runTestCase$5(CucumberExecutionContext.java:136)
at io.cucumber.core.runtime.RethrowingThrowableCollector.executeAndThrow(RethrowingThrowableCollector.java:23)
at io.cucumber.core.runtime.CucumberExecutionContext.runTestCase(CucumberExecutionContext.java:136)
at io.cucumber.testng.TestNGCucumberRunner.runScenario(TestNGCucumberRunner.java:129)
at io.cucumber.testng.AbstractTestNGCucumberTests.runScenario(AbstractTestNGCucumberTests.java:35)
at java.base/jdk.internal.reflect.DirectMethodHandleAccessor.invoke(DirectMethodHandleAccessor.java:103)
at java.base/java.lang.reflect.Method.invoke(Method.java:580)
at org.testng.internal.invokers.MethodInvocationHelper.invokeMethod(MethodInvocationHelper.java:141)
at org.testng.internal.invokers.TestInvoker.invokeMethod(TestInvoker.java:686)
at org.testng.internal.invokers.TestInvoker.invokeTestMethod(TestInvoker.java:230)
at org.testng.internal.invokers.TestMethodWithDataProviderMethodWorker.call(TestMethodWithDataProviderMethodWorker.java:81)
at org.testng.internal.thread.Async$AsyncTask.run(Async.java:34)
at java.base/java.util.concurrent.ThreadPoolExecutor.runWorker(ThreadPoolExecutor.java:1144)
at java.base/java.util.concurrent.ThreadPoolExecutor$Worker.run(ThreadPoolExecutor.java:642)
at java.base/java.lang.Thread.run(Thread.java:1575)
Caused by: java.lang.reflect.InvocationTargetException
at java.base/jdk.internal.reflect.DirectConstructorHandleAccessor.newInstance(DirectConstructorHandleAccessor.java:74)
at java.base/java.lang.reflect.Constructor.newInstanceWithCaller(Constructor.java:501)
at java.base/java.lang.reflect.Constructor.newInstance(Constructor.java:485)
at io.cucumber.core.backend.DefaultObjectFactory.cacheNewInstance(DefaultObjectFactory.java:53)
... 27 more
Caused by: java.lang.Error: Unresolved compilation problems: 
The constructor HomePom() is undefined
The constructor IntroductionPagePom() is undefined
The field HomePom.contentHeader is not visible
The field HomePom.contentText is not visible
The field HomePom.getStartedButton is not visible
The field IntroductionPagePom.registerLink is not visible
The field IntroductionPagePom.signInLink is not visible
dsDropdown cannot be resolved or is not a field
dsDropdown cannot be resolved or is not a field
The method clickDropdownItemArray() is undefined for the type IntroductionPagePom
authenticationMsg cannot be resolved or is not a field
authenticationMsg cannot be resolved or is not a field
authenticationMsg cannot be resolved or is not a field
The method clickDropdownItemLinkedList() is undefined for the type IntroductionPagePom
authenticationMsg cannot be resolved or is not a field
authenticationMsg cannot be resolved or is not a field
authenticationMsg cannot be resolved or is not a field
The method clickDropdownItemStack() is undefined for the type IntroductionPagePom
authenticationMsg cannot be resolved or is not a field
authenticationMsg cannot be resolved or is not a field
authenticationMsg cannot be resolved or is not a field
The method clickDropdownItemQueue() is undefined for the type IntroductionPagePom
authenticationMsg cannot be resolved or is not a field
authenticationMsg cannot be resolved or is not a field
authenticationMsg cannot be resolved or is not a field
The method clickDropdownItemTree() is undefined for the type IntroductionPagePom
authenticationMsg cannot be resolved or is not a field
authenticationMsg cannot be resolved or is not a field
authenticationMsg cannot be resolved or is not a field
The method clickDropdownItemGraph() is undefined for the type IntroductionPagePom
authenticationMsg cannot be resolved or is not a field
authenticationMsg cannot be resolved or is not a field
authenticationMsg cannot be resolved or is not a field
authenticationMsg cannot be resolved or is not a field
authenticationMsg cannot be resolved or is not a field
authenticationMsg cannot be resolved or is not a field
authenticationMsg cannot be resolved or is not a field
authenticationMsg cannot be resolved or is not a field
authenticationMsg cannot be resolved or is not a field
The method clickOnLinkedListGetStartedBtn() is undefined for the type IntroductionPagePom
authenticationMsg cannot be resolved or is not a field
authenticationMsg cannot be resolved or is not a field
authenticationMsg cannot be resolved or is not a field
The method clickOnStackGetStartedBtn() is undefined for the type IntroductionPagePom
authenticationMsg cannot be resolved or is not a field
authenticationMsg cannot be resolved or is not a field
authenticationMsg cannot be resolved or is not a field
The method clickOnQueueGetStartedBtn() is undefined for the type IntroductionPagePom
authenticationMsg cannot be resolved or is not a field
authenticationMsg cannot be resolved or is not a field
authenticationMsg cannot be resolved or is not a field
The method clickOnTreeGetStartedBtn() is undefined for the type IntroductionPagePom
authenticationMsg cannot be resolved or is not a field
authenticationMsg cannot be resolved or is not a field
authenticationMsg cannot be resolved or is not a field
The method clickOnGraphGetStartedBtn() is undefined for the type IntroductionPagePom
authenticationMsg cannot be resolved or is not a field
authenticationMsg cannot be resolved or is not a field
authenticationMsg cannot be resolved or is not a field

at StepDefinitions.Step_HomePage.<init>(Step_HomePage.java:22)
at java.base/jdk.internal.reflect.DirectConstructorHandleAccessor.newInstance(DirectConstructorHandleAccessor.java:62)
... 30 more
]]>
    </failure>
  </testcase> <!-- runScenario -->
  <testcase classname="io.cucumber.testng.AbstractTestNGCucumberTests" name="runScenario" time="15.762">
    <failure type="io.cucumber.core.exception.CucumberException" message="Failed to instantiate class StepDefinitions.Step_HomePage">
      <![CDATA[io.cucumber.core.exception.CucumberException: Failed to instantiate class StepDefinitions.Step_HomePage
at io.cucumber.core.backend.DefaultObjectFactory.cacheNewInstance(DefaultObjectFactory.java:67)
at io.cucumber.core.backend.DefaultObjectFactory.getInstance(DefaultObjectFactory.java:45)
at io.cucumber.java.AbstractGlueDefinition.invokeMethod(AbstractGlueDefinition.java:47)
at io.cucumber.java.JavaStepDefinition.execute(JavaStepDefinition.java:29)
at io.cucumber.core.runner.CoreStepDefinition.execute(CoreStepDefinition.java:66)
at io.cucumber.core.runner.PickleStepDefinitionMatch.runStep(PickleStepDefinitionMatch.java:62)
at io.cucumber.core.runner.ExecutionMode$1.execute(ExecutionMode.java:10)
at io.cucumber.core.runner.TestStep.executeStep(TestStep.java:81)
at io.cucumber.core.runner.TestStep.run(TestStep.java:53)
at io.cucumber.core.runner.PickleStepTestStep.run(PickleStepTestStep.java:51)
at io.cucumber.core.runner.TestCase.run(TestCase.java:84)
at io.cucumber.core.runner.Runner.runPickle(Runner.java:75)
at io.cucumber.testng.TestNGCucumberRunner.lambda$runScenario$1(TestNGCucumberRunner.java:132)
at io.cucumber.core.runtime.CucumberExecutionContext.lambda$runTestCase$5(CucumberExecutionContext.java:136)
at io.cucumber.core.runtime.RethrowingThrowableCollector.executeAndThrow(RethrowingThrowableCollector.java:23)
at io.cucumber.core.runtime.CucumberExecutionContext.runTestCase(CucumberExecutionContext.java:136)
at io.cucumber.testng.TestNGCucumberRunner.runScenario(TestNGCucumberRunner.java:129)
at io.cucumber.testng.AbstractTestNGCucumberTests.runScenario(AbstractTestNGCucumberTests.java:35)
at java.base/jdk.internal.reflect.DirectMethodHandleAccessor.invoke(DirectMethodHandleAccessor.java:103)
at java.base/java.lang.reflect.Method.invoke(Method.java:580)
at org.testng.internal.invokers.MethodInvocationHelper.invokeMethod(MethodInvocationHelper.java:141)
at org.testng.internal.invokers.TestInvoker.invokeMethod(TestInvoker.java:686)
at org.testng.internal.invokers.TestInvoker.invokeTestMethod(TestInvoker.java:230)
at org.testng.internal.invokers.TestMethodWithDataProviderMethodWorker.call(TestMethodWithDataProviderMethodWorker.java:81)
at org.testng.internal.thread.Async$AsyncTask.run(Async.java:34)
at java.base/java.util.concurrent.ThreadPoolExecutor.runWorker(ThreadPoolExecutor.java:1144)
at java.base/java.util.concurrent.ThreadPoolExecutor$Worker.run(ThreadPoolExecutor.java:642)
at java.base/java.lang.Thread.run(Thread.java:1575)
Caused by: java.lang.reflect.InvocationTargetException
at java.base/jdk.internal.reflect.DirectConstructorHandleAccessor.newInstance(DirectConstructorHandleAccessor.java:74)
at java.base/java.lang.reflect.Constructor.newInstanceWithCaller(Constructor.java:501)
at java.base/java.lang.reflect.Constructor.newInstance(Constructor.java:485)
at io.cucumber.core.backend.DefaultObjectFactory.cacheNewInstance(DefaultObjectFactory.java:53)
... 27 more
Caused by: java.lang.Error: Unresolved compilation problems: 
The constructor HomePom() is undefined
The constructor IntroductionPagePom() is undefined
The field HomePom.contentHeader is not visible
The field HomePom.contentText is not visible
The field HomePom.getStartedButton is not visible
The field IntroductionPagePom.registerLink is not visible
The field IntroductionPagePom.signInLink is not visible
dsDropdown cannot be resolved or is not a field
dsDropdown cannot be resolved or is not a field
The method clickDropdownItemArray() is undefined for the type IntroductionPagePom
authenticationMsg cannot be resolved or is not a field
authenticationMsg cannot be resolved or is not a field
authenticationMsg cannot be resolved or is not a field
The method clickDropdownItemLinkedList() is undefined for the type IntroductionPagePom
authenticationMsg cannot be resolved or is not a field
authenticationMsg cannot be resolved or is not a field
authenticationMsg cannot be resolved or is not a field
The method clickDropdownItemStack() is undefined for the type IntroductionPagePom
authenticationMsg cannot be resolved or is not a field
authenticationMsg cannot be resolved or is not a field
authenticationMsg cannot be resolved or is not a field
The method clickDropdownItemQueue() is undefined for the type IntroductionPagePom
authenticationMsg cannot be resolved or is not a field
authenticationMsg cannot be resolved or is not a field
authenticationMsg cannot be resolved or is not a field
The method clickDropdownItemTree() is undefined for the type IntroductionPagePom
authenticationMsg cannot be resolved or is not a field
authenticationMsg cannot be resolved or is not a field
authenticationMsg cannot be resolved or is not a field
The method clickDropdownItemGraph() is undefined for the type IntroductionPagePom
authenticationMsg cannot be resolved or is not a field
authenticationMsg cannot be resolved or is not a field
authenticationMsg cannot be resolved or is not a field
authenticationMsg cannot be resolved or is not a field
authenticationMsg cannot be resolved or is not a field
authenticationMsg cannot be resolved or is not a field
authenticationMsg cannot be resolved or is not a field
authenticationMsg cannot be resolved or is not a field
authenticationMsg cannot be resolved or is not a field
The method clickOnLinkedListGetStartedBtn() is undefined for the type IntroductionPagePom
authenticationMsg cannot be resolved or is not a field
authenticationMsg cannot be resolved or is not a field
authenticationMsg cannot be resolved or is not a field
The method clickOnStackGetStartedBtn() is undefined for the type IntroductionPagePom
authenticationMsg cannot be resolved or is not a field
authenticationMsg cannot be resolved or is not a field
authenticationMsg cannot be resolved or is not a field
The method clickOnQueueGetStartedBtn() is undefined for the type IntroductionPagePom
authenticationMsg cannot be resolved or is not a field
authenticationMsg cannot be resolved or is not a field
authenticationMsg cannot be resolved or is not a field
The method clickOnTreeGetStartedBtn() is undefined for the type IntroductionPagePom
authenticationMsg cannot be resolved or is not a field
authenticationMsg cannot be resolved or is not a field
authenticationMsg cannot be resolved or is not a field
The method clickOnGraphGetStartedBtn() is undefined for the type IntroductionPagePom
authenticationMsg cannot be resolved or is not a field
authenticationMsg cannot be resolved or is not a field
authenticationMsg cannot be resolved or is not a field

at StepDefinitions.Step_HomePage.<init>(Step_HomePage.java:22)
at java.base/jdk.internal.reflect.DirectConstructorHandleAccessor.newInstance(DirectConstructorHandleAccessor.java:62)
... 30 more
]]>
    </failure>
  </testcase> <!-- runScenario -->
  <testcase classname="io.cucumber.testng.AbstractTestNGCucumberTests" name="runScenario" time="21.589">
    <failure type="io.cucumber.core.exception.CucumberException" message="Failed to instantiate class StepDefinitions.Step_HomePage">
      <![CDATA[io.cucumber.core.exception.CucumberException: Failed to instantiate class StepDefinitions.Step_HomePage
at io.cucumber.core.backend.DefaultObjectFactory.cacheNewInstance(DefaultObjectFactory.java:67)
at io.cucumber.core.backend.DefaultObjectFactory.getInstance(DefaultObjectFactory.java:45)
at io.cucumber.java.AbstractGlueDefinition.invokeMethod(AbstractGlueDefinition.java:47)
at io.cucumber.java.JavaStepDefinition.execute(JavaStepDefinition.java:29)
at io.cucumber.core.runner.CoreStepDefinition.execute(CoreStepDefinition.java:66)
at io.cucumber.core.runner.PickleStepDefinitionMatch.runStep(PickleStepDefinitionMatch.java:62)
at io.cucumber.core.runner.ExecutionMode$1.execute(ExecutionMode.java:10)
at io.cucumber.core.runner.TestStep.executeStep(TestStep.java:81)
at io.cucumber.core.runner.TestStep.run(TestStep.java:53)
at io.cucumber.core.runner.PickleStepTestStep.run(PickleStepTestStep.java:51)
at io.cucumber.core.runner.TestCase.run(TestCase.java:84)
at io.cucumber.core.runner.Runner.runPickle(Runner.java:75)
at io.cucumber.testng.TestNGCucumberRunner.lambda$runScenario$1(TestNGCucumberRunner.java:132)
at io.cucumber.core.runtime.CucumberExecutionContext.lambda$runTestCase$5(CucumberExecutionContext.java:136)
at io.cucumber.core.runtime.RethrowingThrowableCollector.executeAndThrow(RethrowingThrowableCollector.java:23)
at io.cucumber.core.runtime.CucumberExecutionContext.runTestCase(CucumberExecutionContext.java:136)
at io.cucumber.testng.TestNGCucumberRunner.runScenario(TestNGCucumberRunner.java:129)
at io.cucumber.testng.AbstractTestNGCucumberTests.runScenario(AbstractTestNGCucumberTests.java:35)
at java.base/jdk.internal.reflect.DirectMethodHandleAccessor.invoke(DirectMethodHandleAccessor.java:103)
at java.base/java.lang.reflect.Method.invoke(Method.java:580)
at org.testng.internal.invokers.MethodInvocationHelper.invokeMethod(MethodInvocationHelper.java:141)
at org.testng.internal.invokers.TestInvoker.invokeMethod(TestInvoker.java:686)
at org.testng.internal.invokers.TestInvoker.invokeTestMethod(TestInvoker.java:230)
at org.testng.internal.invokers.TestMethodWithDataProviderMethodWorker.call(TestMethodWithDataProviderMethodWorker.java:81)
at org.testng.internal.thread.Async$AsyncTask.run(Async.java:34)
at java.base/java.util.concurrent.ThreadPoolExecutor.runWorker(ThreadPoolExecutor.java:1144)
at java.base/java.util.concurrent.ThreadPoolExecutor$Worker.run(ThreadPoolExecutor.java:642)
at java.base/java.lang.Thread.run(Thread.java:1575)
Caused by: java.lang.reflect.InvocationTargetException
at java.base/jdk.internal.reflect.DirectConstructorHandleAccessor.newInstance(DirectConstructorHandleAccessor.java:74)
at java.base/java.lang.reflect.Constructor.newInstanceWithCaller(Constructor.java:501)
at java.base/java.lang.reflect.Constructor.newInstance(Constructor.java:485)
at io.cucumber.core.backend.DefaultObjectFactory.cacheNewInstance(DefaultObjectFactory.java:53)
... 27 more
Caused by: java.lang.Error: Unresolved compilation problems: 
The constructor HomePom() is undefined
The constructor IntroductionPagePom() is undefined
The field HomePom.contentHeader is not visible
The field HomePom.contentText is not visible
The field HomePom.getStartedButton is not visible
The field IntroductionPagePom.registerLink is not visible
The field IntroductionPagePom.signInLink is not visible
dsDropdown cannot be resolved or is not a field
dsDropdown cannot be resolved or is not a field
The method clickDropdownItemArray() is undefined for the type IntroductionPagePom
authenticationMsg cannot be resolved or is not a field
authenticationMsg cannot be resolved or is not a field
authenticationMsg cannot be resolved or is not a field
The method clickDropdownItemLinkedList() is undefined for the type IntroductionPagePom
authenticationMsg cannot be resolved or is not a field
authenticationMsg cannot be resolved or is not a field
authenticationMsg cannot be resolved or is not a field
The method clickDropdownItemStack() is undefined for the type IntroductionPagePom
authenticationMsg cannot be resolved or is not a field
authenticationMsg cannot be resolved or is not a field
authenticationMsg cannot be resolved or is not a field
The method clickDropdownItemQueue() is undefined for the type IntroductionPagePom
authenticationMsg cannot be resolved or is not a field
authenticationMsg cannot be resolved or is not a field
authenticationMsg cannot be resolved or is not a field
The method clickDropdownItemTree() is undefined for the type IntroductionPagePom
authenticationMsg cannot be resolved or is not a field
authenticationMsg cannot be resolved or is not a field
authenticationMsg cannot be resolved or is not a field
The method clickDropdownItemGraph() is undefined for the type IntroductionPagePom
authenticationMsg cannot be resolved or is not a field
authenticationMsg cannot be resolved or is not a field
authenticationMsg cannot be resolved or is not a field
authenticationMsg cannot be resolved or is not a field
authenticationMsg cannot be resolved or is not a field
authenticationMsg cannot be resolved or is not a field
authenticationMsg cannot be resolved or is not a field
authenticationMsg cannot be resolved or is not a field
authenticationMsg cannot be resolved or is not a field
The method clickOnLinkedListGetStartedBtn() is undefined for the type IntroductionPagePom
authenticationMsg cannot be resolved or is not a field
authenticationMsg cannot be resolved or is not a field
authenticationMsg cannot be resolved or is not a field
The method clickOnStackGetStartedBtn() is undefined for the type IntroductionPagePom
authenticationMsg cannot be resolved or is not a field
authenticationMsg cannot be resolved or is not a field
authenticationMsg cannot be resolved or is not a field
The method clickOnQueueGetStartedBtn() is undefined for the type IntroductionPagePom
authenticationMsg cannot be resolved or is not a field
authenticationMsg cannot be resolved or is not a field
authenticationMsg cannot be resolved or is not a field
The method clickOnTreeGetStartedBtn() is undefined for the type IntroductionPagePom
authenticationMsg cannot be resolved or is not a field
authenticationMsg cannot be resolved or is not a field
authenticationMsg cannot be resolved or is not a field
The method clickOnGraphGetStartedBtn() is undefined for the type IntroductionPagePom
authenticationMsg cannot be resolved or is not a field
authenticationMsg cannot be resolved or is not a field
authenticationMsg cannot be resolved or is not a field

at StepDefinitions.Step_HomePage.<init>(Step_HomePage.java:22)
at java.base/jdk.internal.reflect.DirectConstructorHandleAccessor.newInstance(DirectConstructorHandleAccessor.java:62)
... 30 more
]]>
    </failure>
  </testcase> <!-- runScenario -->
  <testcase classname="io.cucumber.testng.AbstractTestNGCucumberTests" name="runScenario" time="23.769">
    <failure type="io.cucumber.core.exception.CucumberException" message="Failed to instantiate class StepDefinitions.Step_HomePage">
      <![CDATA[io.cucumber.core.exception.CucumberException: Failed to instantiate class StepDefinitions.Step_HomePage
at io.cucumber.core.backend.DefaultObjectFactory.cacheNewInstance(DefaultObjectFactory.java:67)
at io.cucumber.core.backend.DefaultObjectFactory.getInstance(DefaultObjectFactory.java:45)
at io.cucumber.java.AbstractGlueDefinition.invokeMethod(AbstractGlueDefinition.java:47)
at io.cucumber.java.JavaStepDefinition.execute(JavaStepDefinition.java:29)
at io.cucumber.core.runner.CoreStepDefinition.execute(CoreStepDefinition.java:66)
at io.cucumber.core.runner.PickleStepDefinitionMatch.runStep(PickleStepDefinitionMatch.java:62)
at io.cucumber.core.runner.ExecutionMode$1.execute(ExecutionMode.java:10)
at io.cucumber.core.runner.TestStep.executeStep(TestStep.java:81)
at io.cucumber.core.runner.TestStep.run(TestStep.java:53)
at io.cucumber.core.runner.PickleStepTestStep.run(PickleStepTestStep.java:51)
at io.cucumber.core.runner.TestCase.run(TestCase.java:84)
at io.cucumber.core.runner.Runner.runPickle(Runner.java:75)
at io.cucumber.testng.TestNGCucumberRunner.lambda$runScenario$1(TestNGCucumberRunner.java:132)
at io.cucumber.core.runtime.CucumberExecutionContext.lambda$runTestCase$5(CucumberExecutionContext.java:136)
at io.cucumber.core.runtime.RethrowingThrowableCollector.executeAndThrow(RethrowingThrowableCollector.java:23)
at io.cucumber.core.runtime.CucumberExecutionContext.runTestCase(CucumberExecutionContext.java:136)
at io.cucumber.testng.TestNGCucumberRunner.runScenario(TestNGCucumberRunner.java:129)
at io.cucumber.testng.AbstractTestNGCucumberTests.runScenario(AbstractTestNGCucumberTests.java:35)
at java.base/jdk.internal.reflect.DirectMethodHandleAccessor.invoke(DirectMethodHandleAccessor.java:103)
at java.base/java.lang.reflect.Method.invoke(Method.java:580)
at org.testng.internal.invokers.MethodInvocationHelper.invokeMethod(MethodInvocationHelper.java:141)
at org.testng.internal.invokers.TestInvoker.invokeMethod(TestInvoker.java:686)
at org.testng.internal.invokers.TestInvoker.invokeTestMethod(TestInvoker.java:230)
at org.testng.internal.invokers.TestMethodWithDataProviderMethodWorker.call(TestMethodWithDataProviderMethodWorker.java:81)
at org.testng.internal.thread.Async$AsyncTask.run(Async.java:34)
at java.base/java.util.concurrent.ThreadPoolExecutor.runWorker(ThreadPoolExecutor.java:1144)
at java.base/java.util.concurrent.ThreadPoolExecutor$Worker.run(ThreadPoolExecutor.java:642)
at java.base/java.lang.Thread.run(Thread.java:1575)
Caused by: java.lang.reflect.InvocationTargetException
at java.base/jdk.internal.reflect.DirectConstructorHandleAccessor.newInstance(DirectConstructorHandleAccessor.java:74)
at java.base/java.lang.reflect.Constructor.newInstanceWithCaller(Constructor.java:501)
at java.base/java.lang.reflect.Constructor.newInstance(Constructor.java:485)
at io.cucumber.core.backend.DefaultObjectFactory.cacheNewInstance(DefaultObjectFactory.java:53)
... 27 more
Caused by: java.lang.Error: Unresolved compilation problems: 
The constructor HomePom() is undefined
The constructor IntroductionPagePom() is undefined
The field HomePom.contentHeader is not visible
The field HomePom.contentText is not visible
The field HomePom.getStartedButton is not visible
The field IntroductionPagePom.registerLink is not visible
The field IntroductionPagePom.signInLink is not visible
dsDropdown cannot be resolved or is not a field
dsDropdown cannot be resolved or is not a field
The method clickDropdownItemArray() is undefined for the type IntroductionPagePom
authenticationMsg cannot be resolved or is not a field
authenticationMsg cannot be resolved or is not a field
authenticationMsg cannot be resolved or is not a field
The method clickDropdownItemLinkedList() is undefined for the type IntroductionPagePom
authenticationMsg cannot be resolved or is not a field
authenticationMsg cannot be resolved or is not a field
authenticationMsg cannot be resolved or is not a field
The method clickDropdownItemStack() is undefined for the type IntroductionPagePom
authenticationMsg cannot be resolved or is not a field
authenticationMsg cannot be resolved or is not a field
authenticationMsg cannot be resolved or is not a field
The method clickDropdownItemQueue() is undefined for the type IntroductionPagePom
authenticationMsg cannot be resolved or is not a field
authenticationMsg cannot be resolved or is not a field
authenticationMsg cannot be resolved or is not a field
The method clickDropdownItemTree() is undefined for the type IntroductionPagePom
authenticationMsg cannot be resolved or is not a field
authenticationMsg cannot be resolved or is not a field
authenticationMsg cannot be resolved or is not a field
The method clickDropdownItemGraph() is undefined for the type IntroductionPagePom
authenticationMsg cannot be resolved or is not a field
authenticationMsg cannot be resolved or is not a field
authenticationMsg cannot be resolved or is not a field
authenticationMsg cannot be resolved or is not a field
authenticationMsg cannot be resolved or is not a field
authenticationMsg cannot be resolved or is not a field
authenticationMsg cannot be resolved or is not a field
authenticationMsg cannot be resolved or is not a field
authenticationMsg cannot be resolved or is not a field
The method clickOnLinkedListGetStartedBtn() is undefined for the type IntroductionPagePom
authenticationMsg cannot be resolved or is not a field
authenticationMsg cannot be resolved or is not a field
authenticationMsg cannot be resolved or is not a field
The method clickOnStackGetStartedBtn() is undefined for the type IntroductionPagePom
authenticationMsg cannot be resolved or is not a field
authenticationMsg cannot be resolved or is not a field
authenticationMsg cannot be resolved or is not a field
The method clickOnQueueGetStartedBtn() is undefined for the type IntroductionPagePom
authenticationMsg cannot be resolved or is not a field
authenticationMsg cannot be resolved or is not a field
authenticationMsg cannot be resolved or is not a field
The method clickOnTreeGetStartedBtn() is undefined for the type IntroductionPagePom
authenticationMsg cannot be resolved or is not a field
authenticationMsg cannot be resolved or is not a field
authenticationMsg cannot be resolved or is not a field
The method clickOnGraphGetStartedBtn() is undefined for the type IntroductionPagePom
authenticationMsg cannot be resolved or is not a field
authenticationMsg cannot be resolved or is not a field
authenticationMsg cannot be resolved or is not a field

at StepDefinitions.Step_HomePage.<init>(Step_HomePage.java:22)
at java.base/jdk.internal.reflect.DirectConstructorHandleAccessor.newInstance(DirectConstructorHandleAccessor.java:62)
... 30 more
]]>
    </failure>
  </testcase> <!-- runScenario -->
  <testcase classname="io.cucumber.testng.AbstractTestNGCucumberTests" name="runScenario" time="24.124">
    <failure type="io.cucumber.core.exception.CucumberException" message="Failed to instantiate class StepDefinitions.Step_HomePage">
      <![CDATA[io.cucumber.core.exception.CucumberException: Failed to instantiate class StepDefinitions.Step_HomePage
at io.cucumber.core.backend.DefaultObjectFactory.cacheNewInstance(DefaultObjectFactory.java:67)
at io.cucumber.core.backend.DefaultObjectFactory.getInstance(DefaultObjectFactory.java:45)
at io.cucumber.java.AbstractGlueDefinition.invokeMethod(AbstractGlueDefinition.java:47)
at io.cucumber.java.JavaStepDefinition.execute(JavaStepDefinition.java:29)
at io.cucumber.core.runner.CoreStepDefinition.execute(CoreStepDefinition.java:66)
at io.cucumber.core.runner.PickleStepDefinitionMatch.runStep(PickleStepDefinitionMatch.java:62)
at io.cucumber.core.runner.ExecutionMode$1.execute(ExecutionMode.java:10)
at io.cucumber.core.runner.TestStep.executeStep(TestStep.java:81)
at io.cucumber.core.runner.TestStep.run(TestStep.java:53)
at io.cucumber.core.runner.PickleStepTestStep.run(PickleStepTestStep.java:51)
at io.cucumber.core.runner.TestCase.run(TestCase.java:84)
at io.cucumber.core.runner.Runner.runPickle(Runner.java:75)
at io.cucumber.testng.TestNGCucumberRunner.lambda$runScenario$1(TestNGCucumberRunner.java:132)
at io.cucumber.core.runtime.CucumberExecutionContext.lambda$runTestCase$5(CucumberExecutionContext.java:136)
at io.cucumber.core.runtime.RethrowingThrowableCollector.executeAndThrow(RethrowingThrowableCollector.java:23)
at io.cucumber.core.runtime.CucumberExecutionContext.runTestCase(CucumberExecutionContext.java:136)
at io.cucumber.testng.TestNGCucumberRunner.runScenario(TestNGCucumberRunner.java:129)
at io.cucumber.testng.AbstractTestNGCucumberTests.runScenario(AbstractTestNGCucumberTests.java:35)
at java.base/jdk.internal.reflect.DirectMethodHandleAccessor.invoke(DirectMethodHandleAccessor.java:103)
at java.base/java.lang.reflect.Method.invoke(Method.java:580)
at org.testng.internal.invokers.MethodInvocationHelper.invokeMethod(MethodInvocationHelper.java:141)
at org.testng.internal.invokers.TestInvoker.invokeMethod(TestInvoker.java:686)
at org.testng.internal.invokers.TestInvoker.invokeTestMethod(TestInvoker.java:230)
at org.testng.internal.invokers.TestMethodWithDataProviderMethodWorker.call(TestMethodWithDataProviderMethodWorker.java:81)
at org.testng.internal.thread.Async$AsyncTask.run(Async.java:34)
at java.base/java.util.concurrent.ThreadPoolExecutor.runWorker(ThreadPoolExecutor.java:1144)
at java.base/java.util.concurrent.ThreadPoolExecutor$Worker.run(ThreadPoolExecutor.java:642)
at java.base/java.lang.Thread.run(Thread.java:1575)
Caused by: java.lang.reflect.InvocationTargetException
at java.base/jdk.internal.reflect.DirectConstructorHandleAccessor.newInstance(DirectConstructorHandleAccessor.java:74)
at java.base/java.lang.reflect.Constructor.newInstanceWithCaller(Constructor.java:501)
at java.base/java.lang.reflect.Constructor.newInstance(Constructor.java:485)
at io.cucumber.core.backend.DefaultObjectFactory.cacheNewInstance(DefaultObjectFactory.java:53)
... 27 more
Caused by: java.lang.Error: Unresolved compilation problems: 
The constructor HomePom() is undefined
The constructor IntroductionPagePom() is undefined
The field HomePom.contentHeader is not visible
The field HomePom.contentText is not visible
The field HomePom.getStartedButton is not visible
The field IntroductionPagePom.registerLink is not visible
The field IntroductionPagePom.signInLink is not visible
dsDropdown cannot be resolved or is not a field
dsDropdown cannot be resolved or is not a field
The method clickDropdownItemArray() is undefined for the type IntroductionPagePom
authenticationMsg cannot be resolved or is not a field
authenticationMsg cannot be resolved or is not a field
authenticationMsg cannot be resolved or is not a field
The method clickDropdownItemLinkedList() is undefined for the type IntroductionPagePom
authenticationMsg cannot be resolved or is not a field
authenticationMsg cannot be resolved or is not a field
authenticationMsg cannot be resolved or is not a field
The method clickDropdownItemStack() is undefined for the type IntroductionPagePom
authenticationMsg cannot be resolved or is not a field
authenticationMsg cannot be resolved or is not a field
authenticationMsg cannot be resolved or is not a field
The method clickDropdownItemQueue() is undefined for the type IntroductionPagePom
authenticationMsg cannot be resolved or is not a field
authenticationMsg cannot be resolved or is not a field
authenticationMsg cannot be resolved or is not a field
The method clickDropdownItemTree() is undefined for the type IntroductionPagePom
authenticationMsg cannot be resolved or is not a field
authenticationMsg cannot be resolved or is not a field
authenticationMsg cannot be resolved or is not a field
The method clickDropdownItemGraph() is undefined for the type IntroductionPagePom
authenticationMsg cannot be resolved or is not a field
authenticationMsg cannot be resolved or is not a field
authenticationMsg cannot be resolved or is not a field
authenticationMsg cannot be resolved or is not a field
authenticationMsg cannot be resolved or is not a field
authenticationMsg cannot be resolved or is not a field
authenticationMsg cannot be resolved or is not a field
authenticationMsg cannot be resolved or is not a field
authenticationMsg cannot be resolved or is not a field
The method clickOnLinkedListGetStartedBtn() is undefined for the type IntroductionPagePom
authenticationMsg cannot be resolved or is not a field
authenticationMsg cannot be resolved or is not a field
authenticationMsg cannot be resolved or is not a field
The method clickOnStackGetStartedBtn() is undefined for the type IntroductionPagePom
authenticationMsg cannot be resolved or is not a field
authenticationMsg cannot be resolved or is not a field
authenticationMsg cannot be resolved or is not a field
The method clickOnQueueGetStartedBtn() is undefined for the type IntroductionPagePom
authenticationMsg cannot be resolved or is not a field
authenticationMsg cannot be resolved or is not a field
authenticationMsg cannot be resolved or is not a field
The method clickOnTreeGetStartedBtn() is undefined for the type IntroductionPagePom
authenticationMsg cannot be resolved or is not a field
authenticationMsg cannot be resolved or is not a field
authenticationMsg cannot be resolved or is not a field
The method clickOnGraphGetStartedBtn() is undefined for the type IntroductionPagePom
authenticationMsg cannot be resolved or is not a field
authenticationMsg cannot be resolved or is not a field
authenticationMsg cannot be resolved or is not a field

at StepDefinitions.Step_HomePage.<init>(Step_HomePage.java:22)
at java.base/jdk.internal.reflect.DirectConstructorHandleAccessor.newInstance(DirectConstructorHandleAccessor.java:62)
... 30 more
]]>
    </failure>
  </testcase> <!-- runScenario -->
  <testcase classname="io.cucumber.testng.AbstractTestNGCucumberTests" name="runScenario" time="24.044">
    <failure type="io.cucumber.core.exception.CucumberException" message="Failed to instantiate class StepDefinitions.Step_HomePage">
      <![CDATA[io.cucumber.core.exception.CucumberException: Failed to instantiate class StepDefinitions.Step_HomePage
at io.cucumber.core.backend.DefaultObjectFactory.cacheNewInstance(DefaultObjectFactory.java:67)
at io.cucumber.core.backend.DefaultObjectFactory.getInstance(DefaultObjectFactory.java:45)
at io.cucumber.java.AbstractGlueDefinition.invokeMethod(AbstractGlueDefinition.java:47)
at io.cucumber.java.JavaStepDefinition.execute(JavaStepDefinition.java:29)
at io.cucumber.core.runner.CoreStepDefinition.execute(CoreStepDefinition.java:66)
at io.cucumber.core.runner.PickleStepDefinitionMatch.runStep(PickleStepDefinitionMatch.java:62)
at io.cucumber.core.runner.ExecutionMode$1.execute(ExecutionMode.java:10)
at io.cucumber.core.runner.TestStep.executeStep(TestStep.java:81)
at io.cucumber.core.runner.TestStep.run(TestStep.java:53)
at io.cucumber.core.runner.PickleStepTestStep.run(PickleStepTestStep.java:51)
at io.cucumber.core.runner.TestCase.run(TestCase.java:84)
at io.cucumber.core.runner.Runner.runPickle(Runner.java:75)
at io.cucumber.testng.TestNGCucumberRunner.lambda$runScenario$1(TestNGCucumberRunner.java:132)
at io.cucumber.core.runtime.CucumberExecutionContext.lambda$runTestCase$5(CucumberExecutionContext.java:136)
at io.cucumber.core.runtime.RethrowingThrowableCollector.executeAndThrow(RethrowingThrowableCollector.java:23)
at io.cucumber.core.runtime.CucumberExecutionContext.runTestCase(CucumberExecutionContext.java:136)
at io.cucumber.testng.TestNGCucumberRunner.runScenario(TestNGCucumberRunner.java:129)
at io.cucumber.testng.AbstractTestNGCucumberTests.runScenario(AbstractTestNGCucumberTests.java:35)
at java.base/jdk.internal.reflect.DirectMethodHandleAccessor.invoke(DirectMethodHandleAccessor.java:103)
at java.base/java.lang.reflect.Method.invoke(Method.java:580)
at org.testng.internal.invokers.MethodInvocationHelper.invokeMethod(MethodInvocationHelper.java:141)
at org.testng.internal.invokers.TestInvoker.invokeMethod(TestInvoker.java:686)
at org.testng.internal.invokers.TestInvoker.invokeTestMethod(TestInvoker.java:230)
at org.testng.internal.invokers.TestMethodWithDataProviderMethodWorker.call(TestMethodWithDataProviderMethodWorker.java:81)
at org.testng.internal.thread.Async$AsyncTask.run(Async.java:34)
at java.base/java.util.concurrent.ThreadPoolExecutor.runWorker(ThreadPoolExecutor.java:1144)
at java.base/java.util.concurrent.ThreadPoolExecutor$Worker.run(ThreadPoolExecutor.java:642)
at java.base/java.lang.Thread.run(Thread.java:1575)
Caused by: java.lang.reflect.InvocationTargetException
at java.base/jdk.internal.reflect.DirectConstructorHandleAccessor.newInstance(DirectConstructorHandleAccessor.java:74)
at java.base/java.lang.reflect.Constructor.newInstanceWithCaller(Constructor.java:501)
at java.base/java.lang.reflect.Constructor.newInstance(Constructor.java:485)
at io.cucumber.core.backend.DefaultObjectFactory.cacheNewInstance(DefaultObjectFactory.java:53)
... 27 more
Caused by: java.lang.Error: Unresolved compilation problems: 
The constructor HomePom() is undefined
The constructor IntroductionPagePom() is undefined
The field HomePom.contentHeader is not visible
The field HomePom.contentText is not visible
The field HomePom.getStartedButton is not visible
The field IntroductionPagePom.registerLink is not visible
The field IntroductionPagePom.signInLink is not visible
dsDropdown cannot be resolved or is not a field
dsDropdown cannot be resolved or is not a field
The method clickDropdownItemArray() is undefined for the type IntroductionPagePom
authenticationMsg cannot be resolved or is not a field
authenticationMsg cannot be resolved or is not a field
authenticationMsg cannot be resolved or is not a field
The method clickDropdownItemLinkedList() is undefined for the type IntroductionPagePom
authenticationMsg cannot be resolved or is not a field
authenticationMsg cannot be resolved or is not a field
authenticationMsg cannot be resolved or is not a field
The method clickDropdownItemStack() is undefined for the type IntroductionPagePom
authenticationMsg cannot be resolved or is not a field
authenticationMsg cannot be resolved or is not a field
authenticationMsg cannot be resolved or is not a field
The method clickDropdownItemQueue() is undefined for the type IntroductionPagePom
authenticationMsg cannot be resolved or is not a field
authenticationMsg cannot be resolved or is not a field
authenticationMsg cannot be resolved or is not a field
The method clickDropdownItemTree() is undefined for the type IntroductionPagePom
authenticationMsg cannot be resolved or is not a field
authenticationMsg cannot be resolved or is not a field
authenticationMsg cannot be resolved or is not a field
The method clickDropdownItemGraph() is undefined for the type IntroductionPagePom
authenticationMsg cannot be resolved or is not a field
authenticationMsg cannot be resolved or is not a field
authenticationMsg cannot be resolved or is not a field
authenticationMsg cannot be resolved or is not a field
authenticationMsg cannot be resolved or is not a field
authenticationMsg cannot be resolved or is not a field
authenticationMsg cannot be resolved or is not a field
authenticationMsg cannot be resolved or is not a field
authenticationMsg cannot be resolved or is not a field
The method clickOnLinkedListGetStartedBtn() is undefined for the type IntroductionPagePom
authenticationMsg cannot be resolved or is not a field
authenticationMsg cannot be resolved or is not a field
authenticationMsg cannot be resolved or is not a field
The method clickOnStackGetStartedBtn() is undefined for the type IntroductionPagePom
authenticationMsg cannot be resolved or is not a field
authenticationMsg cannot be resolved or is not a field
authenticationMsg cannot be resolved or is not a field
The method clickOnQueueGetStartedBtn() is undefined for the type IntroductionPagePom
authenticationMsg cannot be resolved or is not a field
authenticationMsg cannot be resolved or is not a field
authenticationMsg cannot be resolved or is not a field
The method clickOnTreeGetStartedBtn() is undefined for the type IntroductionPagePom
authenticationMsg cannot be resolved or is not a field
authenticationMsg cannot be resolved or is not a field
authenticationMsg cannot be resolved or is not a field
The method clickOnGraphGetStartedBtn() is undefined for the type IntroductionPagePom
authenticationMsg cannot be resolved or is not a field
authenticationMsg cannot be resolved or is not a field
authenticationMsg cannot be resolved or is not a field

at StepDefinitions.Step_HomePage.<init>(Step_HomePage.java:22)
at java.base/jdk.internal.reflect.DirectConstructorHandleAccessor.newInstance(DirectConstructorHandleAccessor.java:62)
... 30 more
]]>
    </failure>
  </testcase> <!-- runScenario -->
  <testcase classname="io.cucumber.testng.AbstractTestNGCucumberTests" name="runScenario" time="23.979">
    <failure type="io.cucumber.core.exception.CucumberException" message="Failed to instantiate class StepDefinitions.Step_RegisterPage">
      <![CDATA[io.cucumber.core.exception.CucumberException: Failed to instantiate class StepDefinitions.Step_RegisterPage
at io.cucumber.core.backend.DefaultObjectFactory.cacheNewInstance(DefaultObjectFactory.java:67)
at io.cucumber.core.backend.DefaultObjectFactory.getInstance(DefaultObjectFactory.java:45)
at io.cucumber.java.AbstractGlueDefinition.invokeMethod(AbstractGlueDefinition.java:47)
at io.cucumber.java.JavaStepDefinition.execute(JavaStepDefinition.java:29)
at io.cucumber.core.runner.CoreStepDefinition.execute(CoreStepDefinition.java:66)
at io.cucumber.core.runner.PickleStepDefinitionMatch.runStep(PickleStepDefinitionMatch.java:62)
at io.cucumber.core.runner.ExecutionMode$1.execute(ExecutionMode.java:10)
at io.cucumber.core.runner.TestStep.executeStep(TestStep.java:81)
at io.cucumber.core.runner.TestStep.run(TestStep.java:53)
at io.cucumber.core.runner.PickleStepTestStep.run(PickleStepTestStep.java:51)
at io.cucumber.core.runner.TestCase.run(TestCase.java:84)
at io.cucumber.core.runner.Runner.runPickle(Runner.java:75)
at io.cucumber.testng.TestNGCucumberRunner.lambda$runScenario$1(TestNGCucumberRunner.java:132)
at io.cucumber.core.runtime.CucumberExecutionContext.lambda$runTestCase$5(CucumberExecutionContext.java:136)
at io.cucumber.core.runtime.RethrowingThrowableCollector.executeAndThrow(RethrowingThrowableCollector.java:23)
at io.cucumber.core.runtime.CucumberExecutionContext.runTestCase(CucumberExecutionContext.java:136)
at io.cucumber.testng.TestNGCucumberRunner.runScenario(TestNGCucumberRunner.java:129)
at io.cucumber.testng.AbstractTestNGCucumberTests.runScenario(AbstractTestNGCucumberTests.java:35)
at java.base/jdk.internal.reflect.DirectMethodHandleAccessor.invoke(DirectMethodHandleAccessor.java:103)
at java.base/java.lang.reflect.Method.invoke(Method.java:580)
at org.testng.internal.invokers.MethodInvocationHelper.invokeMethod(MethodInvocationHelper.java:141)
at org.testng.internal.invokers.TestInvoker.invokeMethod(TestInvoker.java:686)
at org.testng.internal.invokers.TestInvoker.invokeTestMethod(TestInvoker.java:230)
at org.testng.internal.invokers.TestMethodWithDataProviderMethodWorker.call(TestMethodWithDataProviderMethodWorker.java:81)
at org.testng.internal.thread.Async$AsyncTask.run(Async.java:34)
at java.base/java.util.concurrent.ThreadPoolExecutor.runWorker(ThreadPoolExecutor.java:1144)
at java.base/java.util.concurrent.ThreadPoolExecutor$Worker.run(ThreadPoolExecutor.java:642)
at java.base/java.lang.Thread.run(Thread.java:1575)
Caused by: java.lang.reflect.InvocationTargetException
at java.base/jdk.internal.reflect.DirectConstructorHandleAccessor.newInstance(DirectConstructorHandleAccessor.java:74)
at java.base/java.lang.reflect.Constructor.newInstanceWithCaller(Constructor.java:501)
at java.base/java.lang.reflect.Constructor.newInstance(Constructor.java:485)
at io.cucumber.core.backend.DefaultObjectFactory.cacheNewInstance(DefaultObjectFactory.java:53)
... 27 more
Caused by: java.lang.Error: Unresolved compilation problems: 
The constructor IntroductionPagePom() is undefined
The constructor HomePom() is undefined
The method getPageTitle() is undefined for the type IntroductionPagePom

at StepDefinitions.Step_RegisterPage.<init>(Step_RegisterPage.java:18)
at java.base/jdk.internal.reflect.DirectConstructorHandleAccessor.newInstance(DirectConstructorHandleAccessor.java:62)
... 30 more
]]>
    </failure>
  </testcase> <!-- runScenario -->
  <testcase classname="io.cucumber.testng.AbstractTestNGCucumberTests" name="runScenario" time="23.598">
    <failure type="io.cucumber.core.exception.CucumberException" message="Failed to instantiate class StepDefinitions.Step_RegisterPage">
      <![CDATA[io.cucumber.core.exception.CucumberException: Failed to instantiate class StepDefinitions.Step_RegisterPage
at io.cucumber.core.backend.DefaultObjectFactory.cacheNewInstance(DefaultObjectFactory.java:67)
at io.cucumber.core.backend.DefaultObjectFactory.getInstance(DefaultObjectFactory.java:45)
at io.cucumber.java.AbstractGlueDefinition.invokeMethod(AbstractGlueDefinition.java:47)
at io.cucumber.java.JavaStepDefinition.execute(JavaStepDefinition.java:29)
at io.cucumber.core.runner.CoreStepDefinition.execute(CoreStepDefinition.java:66)
at io.cucumber.core.runner.PickleStepDefinitionMatch.runStep(PickleStepDefinitionMatch.java:62)
at io.cucumber.core.runner.ExecutionMode$1.execute(ExecutionMode.java:10)
at io.cucumber.core.runner.TestStep.executeStep(TestStep.java:81)
at io.cucumber.core.runner.TestStep.run(TestStep.java:53)
at io.cucumber.core.runner.PickleStepTestStep.run(PickleStepTestStep.java:51)
at io.cucumber.core.runner.TestCase.run(TestCase.java:84)
at io.cucumber.core.runner.Runner.runPickle(Runner.java:75)
at io.cucumber.testng.TestNGCucumberRunner.lambda$runScenario$1(TestNGCucumberRunner.java:132)
at io.cucumber.core.runtime.CucumberExecutionContext.lambda$runTestCase$5(CucumberExecutionContext.java:136)
at io.cucumber.core.runtime.RethrowingThrowableCollector.executeAndThrow(RethrowingThrowableCollector.java:23)
at io.cucumber.core.runtime.CucumberExecutionContext.runTestCase(CucumberExecutionContext.java:136)
at io.cucumber.testng.TestNGCucumberRunner.runScenario(TestNGCucumberRunner.java:129)
at io.cucumber.testng.AbstractTestNGCucumberTests.runScenario(AbstractTestNGCucumberTests.java:35)
at java.base/jdk.internal.reflect.DirectMethodHandleAccessor.invoke(DirectMethodHandleAccessor.java:103)
at java.base/java.lang.reflect.Method.invoke(Method.java:580)
at org.testng.internal.invokers.MethodInvocationHelper.invokeMethod(MethodInvocationHelper.java:141)
at org.testng.internal.invokers.TestInvoker.invokeMethod(TestInvoker.java:686)
at org.testng.internal.invokers.TestInvoker.invokeTestMethod(TestInvoker.java:230)
at org.testng.internal.invokers.TestMethodWithDataProviderMethodWorker.call(TestMethodWithDataProviderMethodWorker.java:81)
at org.testng.internal.thread.Async$AsyncTask.run(Async.java:34)
at java.base/java.util.concurrent.ThreadPoolExecutor.runWorker(ThreadPoolExecutor.java:1144)
at java.base/java.util.concurrent.ThreadPoolExecutor$Worker.run(ThreadPoolExecutor.java:642)
at java.base/java.lang.Thread.run(Thread.java:1575)
Caused by: java.lang.reflect.InvocationTargetException
at java.base/jdk.internal.reflect.DirectConstructorHandleAccessor.newInstance(DirectConstructorHandleAccessor.java:74)
at java.base/java.lang.reflect.Constructor.newInstanceWithCaller(Constructor.java:501)
at java.base/java.lang.reflect.Constructor.newInstance(Constructor.java:485)
at io.cucumber.core.backend.DefaultObjectFactory.cacheNewInstance(DefaultObjectFactory.java:53)
... 27 more
Caused by: java.lang.Error: Unresolved compilation problems: 
The constructor IntroductionPagePom() is undefined
The constructor HomePom() is undefined
The method getPageTitle() is undefined for the type IntroductionPagePom

at StepDefinitions.Step_RegisterPage.<init>(Step_RegisterPage.java:18)
at java.base/jdk.internal.reflect.DirectConstructorHandleAccessor.newInstance(DirectConstructorHandleAccessor.java:62)
... 30 more
]]>
    </failure>
  </testcase> <!-- runScenario -->
  <testcase classname="io.cucumber.testng.AbstractTestNGCucumberTests" name="runScenario" time="25.59">
    <failure type="io.cucumber.core.exception.CucumberException" message="Failed to instantiate class StepDefinitions.Step_RegisterPage">
      <![CDATA[io.cucumber.core.exception.CucumberException: Failed to instantiate class StepDefinitions.Step_RegisterPage
at io.cucumber.core.backend.DefaultObjectFactory.cacheNewInstance(DefaultObjectFactory.java:67)
at io.cucumber.core.backend.DefaultObjectFactory.getInstance(DefaultObjectFactory.java:45)
at io.cucumber.java.AbstractGlueDefinition.invokeMethod(AbstractGlueDefinition.java:47)
at io.cucumber.java.JavaStepDefinition.execute(JavaStepDefinition.java:29)
at io.cucumber.core.runner.CoreStepDefinition.execute(CoreStepDefinition.java:66)
at io.cucumber.core.runner.PickleStepDefinitionMatch.runStep(PickleStepDefinitionMatch.java:62)
at io.cucumber.core.runner.ExecutionMode$1.execute(ExecutionMode.java:10)
at io.cucumber.core.runner.TestStep.executeStep(TestStep.java:81)
at io.cucumber.core.runner.TestStep.run(TestStep.java:53)
at io.cucumber.core.runner.PickleStepTestStep.run(PickleStepTestStep.java:51)
at io.cucumber.core.runner.TestCase.run(TestCase.java:84)
at io.cucumber.core.runner.Runner.runPickle(Runner.java:75)
at io.cucumber.testng.TestNGCucumberRunner.lambda$runScenario$1(TestNGCucumberRunner.java:132)
at io.cucumber.core.runtime.CucumberExecutionContext.lambda$runTestCase$5(CucumberExecutionContext.java:136)
at io.cucumber.core.runtime.RethrowingThrowableCollector.executeAndThrow(RethrowingThrowableCollector.java:23)
at io.cucumber.core.runtime.CucumberExecutionContext.runTestCase(CucumberExecutionContext.java:136)
at io.cucumber.testng.TestNGCucumberRunner.runScenario(TestNGCucumberRunner.java:129)
at io.cucumber.testng.AbstractTestNGCucumberTests.runScenario(AbstractTestNGCucumberTests.java:35)
at java.base/jdk.internal.reflect.DirectMethodHandleAccessor.invoke(DirectMethodHandleAccessor.java:103)
at java.base/java.lang.reflect.Method.invoke(Method.java:580)
at org.testng.internal.invokers.MethodInvocationHelper.invokeMethod(MethodInvocationHelper.java:141)
at org.testng.internal.invokers.TestInvoker.invokeMethod(TestInvoker.java:686)
at org.testng.internal.invokers.TestInvoker.invokeTestMethod(TestInvoker.java:230)
at org.testng.internal.invokers.TestMethodWithDataProviderMethodWorker.call(TestMethodWithDataProviderMethodWorker.java:81)
at org.testng.internal.thread.Async$AsyncTask.run(Async.java:34)
at java.base/java.util.concurrent.ThreadPoolExecutor.runWorker(ThreadPoolExecutor.java:1144)
at java.base/java.util.concurrent.ThreadPoolExecutor$Worker.run(ThreadPoolExecutor.java:642)
at java.base/java.lang.Thread.run(Thread.java:1575)
Caused by: java.lang.reflect.InvocationTargetException
at java.base/jdk.internal.reflect.DirectConstructorHandleAccessor.newInstance(DirectConstructorHandleAccessor.java:74)
at java.base/java.lang.reflect.Constructor.newInstanceWithCaller(Constructor.java:501)
at java.base/java.lang.reflect.Constructor.newInstance(Constructor.java:485)
at io.cucumber.core.backend.DefaultObjectFactory.cacheNewInstance(DefaultObjectFactory.java:53)
... 27 more
Caused by: java.lang.Error: Unresolved compilation problems: 
The constructor IntroductionPagePom() is undefined
The constructor HomePom() is undefined
The method getPageTitle() is undefined for the type IntroductionPagePom

at StepDefinitions.Step_RegisterPage.<init>(Step_RegisterPage.java:18)
at java.base/jdk.internal.reflect.DirectConstructorHandleAccessor.newInstance(DirectConstructorHandleAccessor.java:62)
... 30 more
]]>
    </failure>
  </testcase> <!-- runScenario -->
  <testcase classname="io.cucumber.testng.AbstractTestNGCucumberTests" name="runScenario" time="38.279">
    <failure type="io.cucumber.core.exception.CucumberException" message="Failed to instantiate class StepDefinitions.Step_HomePage">
      <![CDATA[io.cucumber.core.exception.CucumberException: Failed to instantiate class StepDefinitions.Step_HomePage
at io.cucumber.core.backend.DefaultObjectFactory.cacheNewInstance(DefaultObjectFactory.java:67)
at io.cucumber.core.backend.DefaultObjectFactory.getInstance(DefaultObjectFactory.java:45)
at io.cucumber.java.AbstractGlueDefinition.invokeMethod(AbstractGlueDefinition.java:47)
at io.cucumber.java.JavaStepDefinition.execute(JavaStepDefinition.java:29)
at io.cucumber.core.runner.CoreStepDefinition.execute(CoreStepDefinition.java:66)
at io.cucumber.core.runner.PickleStepDefinitionMatch.runStep(PickleStepDefinitionMatch.java:62)
at io.cucumber.core.runner.ExecutionMode$1.execute(ExecutionMode.java:10)
at io.cucumber.core.runner.TestStep.executeStep(TestStep.java:81)
at io.cucumber.core.runner.TestStep.run(TestStep.java:53)
at io.cucumber.core.runner.PickleStepTestStep.run(PickleStepTestStep.java:51)
at io.cucumber.core.runner.TestCase.run(TestCase.java:84)
at io.cucumber.core.runner.Runner.runPickle(Runner.java:75)
at io.cucumber.testng.TestNGCucumberRunner.lambda$runScenario$1(TestNGCucumberRunner.java:132)
at io.cucumber.core.runtime.CucumberExecutionContext.lambda$runTestCase$5(CucumberExecutionContext.java:136)
at io.cucumber.core.runtime.RethrowingThrowableCollector.executeAndThrow(RethrowingThrowableCollector.java:23)
at io.cucumber.core.runtime.CucumberExecutionContext.runTestCase(CucumberExecutionContext.java:136)
at io.cucumber.testng.TestNGCucumberRunner.runScenario(TestNGCucumberRunner.java:129)
at io.cucumber.testng.AbstractTestNGCucumberTests.runScenario(AbstractTestNGCucumberTests.java:35)
at java.base/jdk.internal.reflect.DirectMethodHandleAccessor.invoke(DirectMethodHandleAccessor.java:103)
at java.base/java.lang.reflect.Method.invoke(Method.java:580)
at org.testng.internal.invokers.MethodInvocationHelper.invokeMethod(MethodInvocationHelper.java:141)
at org.testng.internal.invokers.TestInvoker.invokeMethod(TestInvoker.java:686)
at org.testng.internal.invokers.TestInvoker.invokeTestMethod(TestInvoker.java:230)
at org.testng.internal.invokers.TestMethodWithDataProviderMethodWorker.call(TestMethodWithDataProviderMethodWorker.java:81)
at org.testng.internal.thread.Async$AsyncTask.run(Async.java:34)
at java.base/java.util.concurrent.ThreadPoolExecutor.runWorker(ThreadPoolExecutor.java:1144)
at java.base/java.util.concurrent.ThreadPoolExecutor$Worker.run(ThreadPoolExecutor.java:642)
at java.base/java.lang.Thread.run(Thread.java:1575)
Caused by: java.lang.reflect.InvocationTargetException
at java.base/jdk.internal.reflect.DirectConstructorHandleAccessor.newInstance(DirectConstructorHandleAccessor.java:74)
at java.base/java.lang.reflect.Constructor.newInstanceWithCaller(Constructor.java:501)
at java.base/java.lang.reflect.Constructor.newInstance(Constructor.java:485)
at io.cucumber.core.backend.DefaultObjectFactory.cacheNewInstance(DefaultObjectFactory.java:53)
... 27 more
Caused by: java.lang.Error: Unresolved compilation problems: 
The constructor HomePom() is undefined
The constructor IntroductionPagePom() is undefined
The field HomePom.contentHeader is not visible
The field HomePom.contentText is not visible
The field HomePom.getStartedButton is not visible
The field IntroductionPagePom.registerLink is not visible
The field IntroductionPagePom.signInLink is not visible
dsDropdown cannot be resolved or is not a field
dsDropdown cannot be resolved or is not a field
The method clickDropdownItemArray() is undefined for the type IntroductionPagePom
authenticationMsg cannot be resolved or is not a field
authenticationMsg cannot be resolved or is not a field
authenticationMsg cannot be resolved or is not a field
The method clickDropdownItemLinkedList() is undefined for the type IntroductionPagePom
authenticationMsg cannot be resolved or is not a field
authenticationMsg cannot be resolved or is not a field
authenticationMsg cannot be resolved or is not a field
The method clickDropdownItemStack() is undefined for the type IntroductionPagePom
authenticationMsg cannot be resolved or is not a field
authenticationMsg cannot be resolved or is not a field
authenticationMsg cannot be resolved or is not a field
The method clickDropdownItemQueue() is undefined for the type IntroductionPagePom
authenticationMsg cannot be resolved or is not a field
authenticationMsg cannot be resolved or is not a field
authenticationMsg cannot be resolved or is not a field
The method clickDropdownItemTree() is undefined for the type IntroductionPagePom
authenticationMsg cannot be resolved or is not a field
authenticationMsg cannot be resolved or is not a field
authenticationMsg cannot be resolved or is not a field
The method clickDropdownItemGraph() is undefined for the type IntroductionPagePom
authenticationMsg cannot be resolved or is not a field
authenticationMsg cannot be resolved or is not a field
authenticationMsg cannot be resolved or is not a field
authenticationMsg cannot be resolved or is not a field
authenticationMsg cannot be resolved or is not a field
authenticationMsg cannot be resolved or is not a field
authenticationMsg cannot be resolved or is not a field
authenticationMsg cannot be resolved or is not a field
authenticationMsg cannot be resolved or is not a field
The method clickOnLinkedListGetStartedBtn() is undefined for the type IntroductionPagePom
authenticationMsg cannot be resolved or is not a field
authenticationMsg cannot be resolved or is not a field
authenticationMsg cannot be resolved or is not a field
The method clickOnStackGetStartedBtn() is undefined for the type IntroductionPagePom
authenticationMsg cannot be resolved or is not a field
authenticationMsg cannot be resolved or is not a field
authenticationMsg cannot be resolved or is not a field
The method clickOnQueueGetStartedBtn() is undefined for the type IntroductionPagePom
authenticationMsg cannot be resolved or is not a field
authenticationMsg cannot be resolved or is not a field
authenticationMsg cannot be resolved or is not a field
The method clickOnTreeGetStartedBtn() is undefined for the type IntroductionPagePom
authenticationMsg cannot be resolved or is not a field
authenticationMsg cannot be resolved or is not a field
authenticationMsg cannot be resolved or is not a field
The method clickOnGraphGetStartedBtn() is undefined for the type IntroductionPagePom
authenticationMsg cannot be resolved or is not a field
authenticationMsg cannot be resolved or is not a field
authenticationMsg cannot be resolved or is not a field

at StepDefinitions.Step_HomePage.<init>(Step_HomePage.java:22)
at java.base/jdk.internal.reflect.DirectConstructorHandleAccessor.newInstance(DirectConstructorHandleAccessor.java:62)
... 30 more
]]>
    </failure>
  </testcase> <!-- runScenario -->
  <testcase classname="io.cucumber.testng.AbstractTestNGCucumberTests" name="runScenario" time="19.261">
    <failure type="io.cucumber.core.exception.CucumberException" message="Failed to instantiate class StepDefinitions.Step_RegisterPage">
      <![CDATA[io.cucumber.core.exception.CucumberException: Failed to instantiate class StepDefinitions.Step_RegisterPage
at io.cucumber.core.backend.DefaultObjectFactory.cacheNewInstance(DefaultObjectFactory.java:67)
at io.cucumber.core.backend.DefaultObjectFactory.getInstance(DefaultObjectFactory.java:45)
at io.cucumber.java.AbstractGlueDefinition.invokeMethod(AbstractGlueDefinition.java:47)
at io.cucumber.java.JavaStepDefinition.execute(JavaStepDefinition.java:29)
at io.cucumber.core.runner.CoreStepDefinition.execute(CoreStepDefinition.java:66)
at io.cucumber.core.runner.PickleStepDefinitionMatch.runStep(PickleStepDefinitionMatch.java:62)
at io.cucumber.core.runner.ExecutionMode$1.execute(ExecutionMode.java:10)
at io.cucumber.core.runner.TestStep.executeStep(TestStep.java:81)
at io.cucumber.core.runner.TestStep.run(TestStep.java:53)
at io.cucumber.core.runner.PickleStepTestStep.run(PickleStepTestStep.java:51)
at io.cucumber.core.runner.TestCase.run(TestCase.java:84)
at io.cucumber.core.runner.Runner.runPickle(Runner.java:75)
at io.cucumber.testng.TestNGCucumberRunner.lambda$runScenario$1(TestNGCucumberRunner.java:132)
at io.cucumber.core.runtime.CucumberExecutionContext.lambda$runTestCase$5(CucumberExecutionContext.java:136)
at io.cucumber.core.runtime.RethrowingThrowableCollector.executeAndThrow(RethrowingThrowableCollector.java:23)
at io.cucumber.core.runtime.CucumberExecutionContext.runTestCase(CucumberExecutionContext.java:136)
at io.cucumber.testng.TestNGCucumberRunner.runScenario(TestNGCucumberRunner.java:129)
at io.cucumber.testng.AbstractTestNGCucumberTests.runScenario(AbstractTestNGCucumberTests.java:35)
at java.base/jdk.internal.reflect.DirectMethodHandleAccessor.invoke(DirectMethodHandleAccessor.java:103)
at java.base/java.lang.reflect.Method.invoke(Method.java:580)
at org.testng.internal.invokers.MethodInvocationHelper.invokeMethod(MethodInvocationHelper.java:141)
at org.testng.internal.invokers.TestInvoker.invokeMethod(TestInvoker.java:686)
at org.testng.internal.invokers.TestInvoker.invokeTestMethod(TestInvoker.java:230)
at org.testng.internal.invokers.TestMethodWithDataProviderMethodWorker.call(TestMethodWithDataProviderMethodWorker.java:81)
at org.testng.internal.thread.Async$AsyncTask.run(Async.java:34)
at java.base/java.util.concurrent.ThreadPoolExecutor.runWorker(ThreadPoolExecutor.java:1144)
at java.base/java.util.concurrent.ThreadPoolExecutor$Worker.run(ThreadPoolExecutor.java:642)
at java.base/java.lang.Thread.run(Thread.java:1575)
Caused by: java.lang.reflect.InvocationTargetException
at java.base/jdk.internal.reflect.DirectConstructorHandleAccessor.newInstance(DirectConstructorHandleAccessor.java:74)
at java.base/java.lang.reflect.Constructor.newInstanceWithCaller(Constructor.java:501)
at java.base/java.lang.reflect.Constructor.newInstance(Constructor.java:485)
at io.cucumber.core.backend.DefaultObjectFactory.cacheNewInstance(DefaultObjectFactory.java:53)
... 27 more
Caused by: java.lang.Error: Unresolved compilation problems: 
The constructor IntroductionPagePom() is undefined
The constructor HomePom() is undefined
The method getPageTitle() is undefined for the type IntroductionPagePom

at StepDefinitions.Step_RegisterPage.<init>(Step_RegisterPage.java:18)
at java.base/jdk.internal.reflect.DirectConstructorHandleAccessor.newInstance(DirectConstructorHandleAccessor.java:62)
... 30 more
]]>
    </failure>
  </testcase> <!-- runScenario -->
  <testcase classname="io.cucumber.testng.AbstractTestNGCucumberTests" name="runScenario" time="17.257">
    <failure type="io.cucumber.core.exception.CucumberException" message="Failed to instantiate class StepDefinitions.Step_RegisterPage">
      <![CDATA[io.cucumber.core.exception.CucumberException: Failed to instantiate class StepDefinitions.Step_RegisterPage
at io.cucumber.core.backend.DefaultObjectFactory.cacheNewInstance(DefaultObjectFactory.java:67)
at io.cucumber.core.backend.DefaultObjectFactory.getInstance(DefaultObjectFactory.java:45)
at io.cucumber.java.AbstractGlueDefinition.invokeMethod(AbstractGlueDefinition.java:47)
at io.cucumber.java.JavaStepDefinition.execute(JavaStepDefinition.java:29)
at io.cucumber.core.runner.CoreStepDefinition.execute(CoreStepDefinition.java:66)
at io.cucumber.core.runner.PickleStepDefinitionMatch.runStep(PickleStepDefinitionMatch.java:62)
at io.cucumber.core.runner.ExecutionMode$1.execute(ExecutionMode.java:10)
at io.cucumber.core.runner.TestStep.executeStep(TestStep.java:81)
at io.cucumber.core.runner.TestStep.run(TestStep.java:53)
at io.cucumber.core.runner.PickleStepTestStep.run(PickleStepTestStep.java:51)
at io.cucumber.core.runner.TestCase.run(TestCase.java:84)
at io.cucumber.core.runner.Runner.runPickle(Runner.java:75)
at io.cucumber.testng.TestNGCucumberRunner.lambda$runScenario$1(TestNGCucumberRunner.java:132)
at io.cucumber.core.runtime.CucumberExecutionContext.lambda$runTestCase$5(CucumberExecutionContext.java:136)
at io.cucumber.core.runtime.RethrowingThrowableCollector.executeAndThrow(RethrowingThrowableCollector.java:23)
at io.cucumber.core.runtime.CucumberExecutionContext.runTestCase(CucumberExecutionContext.java:136)
at io.cucumber.testng.TestNGCucumberRunner.runScenario(TestNGCucumberRunner.java:129)
at io.cucumber.testng.AbstractTestNGCucumberTests.runScenario(AbstractTestNGCucumberTests.java:35)
at java.base/jdk.internal.reflect.DirectMethodHandleAccessor.invoke(DirectMethodHandleAccessor.java:103)
at java.base/java.lang.reflect.Method.invoke(Method.java:580)
at org.testng.internal.invokers.MethodInvocationHelper.invokeMethod(MethodInvocationHelper.java:141)
at org.testng.internal.invokers.TestInvoker.invokeMethod(TestInvoker.java:686)
at org.testng.internal.invokers.TestInvoker.invokeTestMethod(TestInvoker.java:230)
at org.testng.internal.invokers.TestMethodWithDataProviderMethodWorker.call(TestMethodWithDataProviderMethodWorker.java:81)
at org.testng.internal.thread.Async$AsyncTask.run(Async.java:34)
at java.base/java.util.concurrent.ThreadPoolExecutor.runWorker(ThreadPoolExecutor.java:1144)
at java.base/java.util.concurrent.ThreadPoolExecutor$Worker.run(ThreadPoolExecutor.java:642)
at java.base/java.lang.Thread.run(Thread.java:1575)
Caused by: java.lang.reflect.InvocationTargetException
at java.base/jdk.internal.reflect.DirectConstructorHandleAccessor.newInstance(DirectConstructorHandleAccessor.java:74)
at java.base/java.lang.reflect.Constructor.newInstanceWithCaller(Constructor.java:501)
at java.base/java.lang.reflect.Constructor.newInstance(Constructor.java:485)
at io.cucumber.core.backend.DefaultObjectFactory.cacheNewInstance(DefaultObjectFactory.java:53)
... 27 more
Caused by: java.lang.Error: Unresolved compilation problems: 
The constructor IntroductionPagePom() is undefined
The constructor HomePom() is undefined
The method getPageTitle() is undefined for the type IntroductionPagePom

at StepDefinitions.Step_RegisterPage.<init>(Step_RegisterPage.java:18)
at java.base/jdk.internal.reflect.DirectConstructorHandleAccessor.newInstance(DirectConstructorHandleAccessor.java:62)
... 30 more
]]>
    </failure>
  </testcase> <!-- runScenario -->
  <testcase classname="io.cucumber.testng.AbstractTestNGCucumberTests" name="runScenario" time="17.164">
    <failure type="io.cucumber.core.exception.CucumberException" message="Failed to instantiate class StepDefinitions.Step_RegisterPage">
      <![CDATA[io.cucumber.core.exception.CucumberException: Failed to instantiate class StepDefinitions.Step_RegisterPage
at io.cucumber.core.backend.DefaultObjectFactory.cacheNewInstance(DefaultObjectFactory.java:67)
at io.cucumber.core.backend.DefaultObjectFactory.getInstance(DefaultObjectFactory.java:45)
at io.cucumber.java.AbstractGlueDefinition.invokeMethod(AbstractGlueDefinition.java:47)
at io.cucumber.java.JavaStepDefinition.execute(JavaStepDefinition.java:29)
at io.cucumber.core.runner.CoreStepDefinition.execute(CoreStepDefinition.java:66)
at io.cucumber.core.runner.PickleStepDefinitionMatch.runStep(PickleStepDefinitionMatch.java:62)
at io.cucumber.core.runner.ExecutionMode$1.execute(ExecutionMode.java:10)
at io.cucumber.core.runner.TestStep.executeStep(TestStep.java:81)
at io.cucumber.core.runner.TestStep.run(TestStep.java:53)
at io.cucumber.core.runner.PickleStepTestStep.run(PickleStepTestStep.java:51)
at io.cucumber.core.runner.TestCase.run(TestCase.java:84)
at io.cucumber.core.runner.Runner.runPickle(Runner.java:75)
at io.cucumber.testng.TestNGCucumberRunner.lambda$runScenario$1(TestNGCucumberRunner.java:132)
at io.cucumber.core.runtime.CucumberExecutionContext.lambda$runTestCase$5(CucumberExecutionContext.java:136)
at io.cucumber.core.runtime.RethrowingThrowableCollector.executeAndThrow(RethrowingThrowableCollector.java:23)
at io.cucumber.core.runtime.CucumberExecutionContext.runTestCase(CucumberExecutionContext.java:136)
at io.cucumber.testng.TestNGCucumberRunner.runScenario(TestNGCucumberRunner.java:129)
at io.cucumber.testng.AbstractTestNGCucumberTests.runScenario(AbstractTestNGCucumberTests.java:35)
at java.base/jdk.internal.reflect.DirectMethodHandleAccessor.invoke(DirectMethodHandleAccessor.java:103)
at java.base/java.lang.reflect.Method.invoke(Method.java:580)
at org.testng.internal.invokers.MethodInvocationHelper.invokeMethod(MethodInvocationHelper.java:141)
at org.testng.internal.invokers.TestInvoker.invokeMethod(TestInvoker.java:686)
at org.testng.internal.invokers.TestInvoker.invokeTestMethod(TestInvoker.java:230)
at org.testng.internal.invokers.TestMethodWithDataProviderMethodWorker.call(TestMethodWithDataProviderMethodWorker.java:81)
at org.testng.internal.thread.Async$AsyncTask.run(Async.java:34)
at java.base/java.util.concurrent.ThreadPoolExecutor.runWorker(ThreadPoolExecutor.java:1144)
at java.base/java.util.concurrent.ThreadPoolExecutor$Worker.run(ThreadPoolExecutor.java:642)
at java.base/java.lang.Thread.run(Thread.java:1575)
Caused by: java.lang.reflect.InvocationTargetException
at java.base/jdk.internal.reflect.DirectConstructorHandleAccessor.newInstance(DirectConstructorHandleAccessor.java:74)
at java.base/java.lang.reflect.Constructor.newInstanceWithCaller(Constructor.java:501)
at java.base/java.lang.reflect.Constructor.newInstance(Constructor.java:485)
at io.cucumber.core.backend.DefaultObjectFactory.cacheNewInstance(DefaultObjectFactory.java:53)
... 27 more
Caused by: java.lang.Error: Unresolved compilation problems: 
The constructor IntroductionPagePom() is undefined
The constructor HomePom() is undefined
The method getPageTitle() is undefined for the type IntroductionPagePom

at StepDefinitions.Step_RegisterPage.<init>(Step_RegisterPage.java:18)
at java.base/jdk.internal.reflect.DirectConstructorHandleAccessor.newInstance(DirectConstructorHandleAccessor.java:62)
... 30 more
]]>
    </failure>
  </testcase> <!-- runScenario -->
  <testcase classname="io.cucumber.testng.AbstractTestNGCucumberTests" name="runScenario" time="17.465">
    <failure type="io.cucumber.core.exception.CucumberException" message="Failed to instantiate class StepDefinitions.Step_RegisterPage">
      <![CDATA[io.cucumber.core.exception.CucumberException: Failed to instantiate class StepDefinitions.Step_RegisterPage
at io.cucumber.core.backend.DefaultObjectFactory.cacheNewInstance(DefaultObjectFactory.java:67)
at io.cucumber.core.backend.DefaultObjectFactory.getInstance(DefaultObjectFactory.java:45)
at io.cucumber.java.AbstractGlueDefinition.invokeMethod(AbstractGlueDefinition.java:47)
at io.cucumber.java.JavaStepDefinition.execute(JavaStepDefinition.java:29)
at io.cucumber.core.runner.CoreStepDefinition.execute(CoreStepDefinition.java:66)
at io.cucumber.core.runner.PickleStepDefinitionMatch.runStep(PickleStepDefinitionMatch.java:62)
at io.cucumber.core.runner.ExecutionMode$1.execute(ExecutionMode.java:10)
at io.cucumber.core.runner.TestStep.executeStep(TestStep.java:81)
at io.cucumber.core.runner.TestStep.run(TestStep.java:53)
at io.cucumber.core.runner.PickleStepTestStep.run(PickleStepTestStep.java:51)
at io.cucumber.core.runner.TestCase.run(TestCase.java:84)
at io.cucumber.core.runner.Runner.runPickle(Runner.java:75)
at io.cucumber.testng.TestNGCucumberRunner.lambda$runScenario$1(TestNGCucumberRunner.java:132)
at io.cucumber.core.runtime.CucumberExecutionContext.lambda$runTestCase$5(CucumberExecutionContext.java:136)
at io.cucumber.core.runtime.RethrowingThrowableCollector.executeAndThrow(RethrowingThrowableCollector.java:23)
at io.cucumber.core.runtime.CucumberExecutionContext.runTestCase(CucumberExecutionContext.java:136)
at io.cucumber.testng.TestNGCucumberRunner.runScenario(TestNGCucumberRunner.java:129)
at io.cucumber.testng.AbstractTestNGCucumberTests.runScenario(AbstractTestNGCucumberTests.java:35)
at java.base/jdk.internal.reflect.DirectMethodHandleAccessor.invoke(DirectMethodHandleAccessor.java:103)
at java.base/java.lang.reflect.Method.invoke(Method.java:580)
at org.testng.internal.invokers.MethodInvocationHelper.invokeMethod(MethodInvocationHelper.java:141)
at org.testng.internal.invokers.TestInvoker.invokeMethod(TestInvoker.java:686)
at org.testng.internal.invokers.TestInvoker.invokeTestMethod(TestInvoker.java:230)
at org.testng.internal.invokers.TestMethodWithDataProviderMethodWorker.call(TestMethodWithDataProviderMethodWorker.java:81)
at org.testng.internal.thread.Async$AsyncTask.run(Async.java:34)
at java.base/java.util.concurrent.ThreadPoolExecutor.runWorker(ThreadPoolExecutor.java:1144)
at java.base/java.util.concurrent.ThreadPoolExecutor$Worker.run(ThreadPoolExecutor.java:642)
at java.base/java.lang.Thread.run(Thread.java:1575)
Caused by: java.lang.reflect.InvocationTargetException
at java.base/jdk.internal.reflect.DirectConstructorHandleAccessor.newInstance(DirectConstructorHandleAccessor.java:74)
at java.base/java.lang.reflect.Constructor.newInstanceWithCaller(Constructor.java:501)
at java.base/java.lang.reflect.Constructor.newInstance(Constructor.java:485)
at io.cucumber.core.backend.DefaultObjectFactory.cacheNewInstance(DefaultObjectFactory.java:53)
... 27 more
Caused by: java.lang.Error: Unresolved compilation problems: 
The constructor IntroductionPagePom() is undefined
The constructor HomePom() is undefined
The method getPageTitle() is undefined for the type IntroductionPagePom

at StepDefinitions.Step_RegisterPage.<init>(Step_RegisterPage.java:18)
at java.base/jdk.internal.reflect.DirectConstructorHandleAccessor.newInstance(DirectConstructorHandleAccessor.java:62)
... 30 more
]]>
    </failure>
  </testcase> <!-- runScenario -->
  <testcase classname="io.cucumber.testng.AbstractTestNGCucumberTests" name="runScenario" time="18.313">
    <failure type="io.cucumber.core.exception.CucumberException" message="Failed to instantiate class StepDefinitions.Step_RegisterPage">
      <![CDATA[io.cucumber.core.exception.CucumberException: Failed to instantiate class StepDefinitions.Step_RegisterPage
at io.cucumber.core.backend.DefaultObjectFactory.cacheNewInstance(DefaultObjectFactory.java:67)
at io.cucumber.core.backend.DefaultObjectFactory.getInstance(DefaultObjectFactory.java:45)
at io.cucumber.java.AbstractGlueDefinition.invokeMethod(AbstractGlueDefinition.java:47)
at io.cucumber.java.JavaStepDefinition.execute(JavaStepDefinition.java:29)
at io.cucumber.core.runner.CoreStepDefinition.execute(CoreStepDefinition.java:66)
at io.cucumber.core.runner.PickleStepDefinitionMatch.runStep(PickleStepDefinitionMatch.java:62)
at io.cucumber.core.runner.ExecutionMode$1.execute(ExecutionMode.java:10)
at io.cucumber.core.runner.TestStep.executeStep(TestStep.java:81)
at io.cucumber.core.runner.TestStep.run(TestStep.java:53)
at io.cucumber.core.runner.PickleStepTestStep.run(PickleStepTestStep.java:51)
at io.cucumber.core.runner.TestCase.run(TestCase.java:84)
at io.cucumber.core.runner.Runner.runPickle(Runner.java:75)
at io.cucumber.testng.TestNGCucumberRunner.lambda$runScenario$1(TestNGCucumberRunner.java:132)
at io.cucumber.core.runtime.CucumberExecutionContext.lambda$runTestCase$5(CucumberExecutionContext.java:136)
at io.cucumber.core.runtime.RethrowingThrowableCollector.executeAndThrow(RethrowingThrowableCollector.java:23)
at io.cucumber.core.runtime.CucumberExecutionContext.runTestCase(CucumberExecutionContext.java:136)
at io.cucumber.testng.TestNGCucumberRunner.runScenario(TestNGCucumberRunner.java:129)
at io.cucumber.testng.AbstractTestNGCucumberTests.runScenario(AbstractTestNGCucumberTests.java:35)
at java.base/jdk.internal.reflect.DirectMethodHandleAccessor.invoke(DirectMethodHandleAccessor.java:103)
at java.base/java.lang.reflect.Method.invoke(Method.java:580)
at org.testng.internal.invokers.MethodInvocationHelper.invokeMethod(MethodInvocationHelper.java:141)
at org.testng.internal.invokers.TestInvoker.invokeMethod(TestInvoker.java:686)
at org.testng.internal.invokers.TestInvoker.invokeTestMethod(TestInvoker.java:230)
at org.testng.internal.invokers.TestMethodWithDataProviderMethodWorker.call(TestMethodWithDataProviderMethodWorker.java:81)
at org.testng.internal.thread.Async$AsyncTask.run(Async.java:34)
at java.base/java.util.concurrent.ThreadPoolExecutor.runWorker(ThreadPoolExecutor.java:1144)
at java.base/java.util.concurrent.ThreadPoolExecutor$Worker.run(ThreadPoolExecutor.java:642)
at java.base/java.lang.Thread.run(Thread.java:1575)
Caused by: java.lang.reflect.InvocationTargetException
at java.base/jdk.internal.reflect.DirectConstructorHandleAccessor.newInstance(DirectConstructorHandleAccessor.java:74)
at java.base/java.lang.reflect.Constructor.newInstanceWithCaller(Constructor.java:501)
at java.base/java.lang.reflect.Constructor.newInstance(Constructor.java:485)
at io.cucumber.core.backend.DefaultObjectFactory.cacheNewInstance(DefaultObjectFactory.java:53)
... 27 more
Caused by: java.lang.Error: Unresolved compilation problems: 
The constructor IntroductionPagePom() is undefined
The constructor HomePom() is undefined
The method getPageTitle() is undefined for the type IntroductionPagePom

at StepDefinitions.Step_RegisterPage.<init>(Step_RegisterPage.java:18)
at java.base/jdk.internal.reflect.DirectConstructorHandleAccessor.newInstance(DirectConstructorHandleAccessor.java:62)
... 30 more
]]>
    </failure>
  </testcase> <!-- runScenario -->
  <testcase classname="io.cucumber.testng.AbstractTestNGCucumberTests" name="runScenario" time="41.264">
    <failure type="io.cucumber.core.exception.CucumberException" message="Failed to instantiate class StepDefinitions.Step_RegisterPage">
      <![CDATA[io.cucumber.core.exception.CucumberException: Failed to instantiate class StepDefinitions.Step_RegisterPage
at io.cucumber.core.backend.DefaultObjectFactory.cacheNewInstance(DefaultObjectFactory.java:67)
at io.cucumber.core.backend.DefaultObjectFactory.getInstance(DefaultObjectFactory.java:45)
at io.cucumber.java.AbstractGlueDefinition.invokeMethod(AbstractGlueDefinition.java:47)
at io.cucumber.java.JavaStepDefinition.execute(JavaStepDefinition.java:29)
at io.cucumber.core.runner.CoreStepDefinition.execute(CoreStepDefinition.java:66)
at io.cucumber.core.runner.PickleStepDefinitionMatch.runStep(PickleStepDefinitionMatch.java:62)
at io.cucumber.core.runner.ExecutionMode$1.execute(ExecutionMode.java:10)
at io.cucumber.core.runner.TestStep.executeStep(TestStep.java:81)
at io.cucumber.core.runner.TestStep.run(TestStep.java:53)
at io.cucumber.core.runner.PickleStepTestStep.run(PickleStepTestStep.java:51)
at io.cucumber.core.runner.TestCase.run(TestCase.java:84)
at io.cucumber.core.runner.Runner.runPickle(Runner.java:75)
at io.cucumber.testng.TestNGCucumberRunner.lambda$runScenario$1(TestNGCucumberRunner.java:132)
at io.cucumber.core.runtime.CucumberExecutionContext.lambda$runTestCase$5(CucumberExecutionContext.java:136)
at io.cucumber.core.runtime.RethrowingThrowableCollector.executeAndThrow(RethrowingThrowableCollector.java:23)
at io.cucumber.core.runtime.CucumberExecutionContext.runTestCase(CucumberExecutionContext.java:136)
at io.cucumber.testng.TestNGCucumberRunner.runScenario(TestNGCucumberRunner.java:129)
at io.cucumber.testng.AbstractTestNGCucumberTests.runScenario(AbstractTestNGCucumberTests.java:35)
at java.base/jdk.internal.reflect.DirectMethodHandleAccessor.invoke(DirectMethodHandleAccessor.java:103)
at java.base/java.lang.reflect.Method.invoke(Method.java:580)
at org.testng.internal.invokers.MethodInvocationHelper.invokeMethod(MethodInvocationHelper.java:141)
at org.testng.internal.invokers.TestInvoker.invokeMethod(TestInvoker.java:686)
at org.testng.internal.invokers.TestInvoker.invokeTestMethod(TestInvoker.java:230)
at org.testng.internal.invokers.TestMethodWithDataProviderMethodWorker.call(TestMethodWithDataProviderMethodWorker.java:81)
at org.testng.internal.thread.Async$AsyncTask.run(Async.java:34)
at java.base/java.util.concurrent.ThreadPoolExecutor.runWorker(ThreadPoolExecutor.java:1144)
at java.base/java.util.concurrent.ThreadPoolExecutor$Worker.run(ThreadPoolExecutor.java:642)
at java.base/java.lang.Thread.run(Thread.java:1575)
Caused by: java.lang.reflect.InvocationTargetException
at java.base/jdk.internal.reflect.DirectConstructorHandleAccessor.newInstance(DirectConstructorHandleAccessor.java:74)
at java.base/java.lang.reflect.Constructor.newInstanceWithCaller(Constructor.java:501)
at java.base/java.lang.reflect.Constructor.newInstance(Constructor.java:485)
at io.cucumber.core.backend.DefaultObjectFactory.cacheNewInstance(DefaultObjectFactory.java:53)
... 27 more
Caused by: java.lang.Error: Unresolved compilation problems: 
The constructor IntroductionPagePom() is undefined
The constructor HomePom() is undefined
The method getPageTitle() is undefined for the type IntroductionPagePom

at StepDefinitions.Step_RegisterPage.<init>(Step_RegisterPage.java:18)
at java.base/jdk.internal.reflect.DirectConstructorHandleAccessor.newInstance(DirectConstructorHandleAccessor.java:62)
... 30 more
]]>
    </failure>
  </testcase> <!-- runScenario -->
  <testcase classname="io.cucumber.testng.AbstractTestNGCucumberTests" name="runScenario" time="27.872">
    <failure type="io.cucumber.core.exception.CucumberException" message="Failed to instantiate class StepDefinitions.Step_RegisterPage">
      <![CDATA[io.cucumber.core.exception.CucumberException: Failed to instantiate class StepDefinitions.Step_RegisterPage
at io.cucumber.core.backend.DefaultObjectFactory.cacheNewInstance(DefaultObjectFactory.java:67)
at io.cucumber.core.backend.DefaultObjectFactory.getInstance(DefaultObjectFactory.java:45)
at io.cucumber.java.AbstractGlueDefinition.invokeMethod(AbstractGlueDefinition.java:47)
at io.cucumber.java.JavaStepDefinition.execute(JavaStepDefinition.java:29)
at io.cucumber.core.runner.CoreStepDefinition.execute(CoreStepDefinition.java:66)
at io.cucumber.core.runner.PickleStepDefinitionMatch.runStep(PickleStepDefinitionMatch.java:62)
at io.cucumber.core.runner.ExecutionMode$1.execute(ExecutionMode.java:10)
at io.cucumber.core.runner.TestStep.executeStep(TestStep.java:81)
at io.cucumber.core.runner.TestStep.run(TestStep.java:53)
at io.cucumber.core.runner.PickleStepTestStep.run(PickleStepTestStep.java:51)
at io.cucumber.core.runner.TestCase.run(TestCase.java:84)
at io.cucumber.core.runner.Runner.runPickle(Runner.java:75)
at io.cucumber.testng.TestNGCucumberRunner.lambda$runScenario$1(TestNGCucumberRunner.java:132)
at io.cucumber.core.runtime.CucumberExecutionContext.lambda$runTestCase$5(CucumberExecutionContext.java:136)
at io.cucumber.core.runtime.RethrowingThrowableCollector.executeAndThrow(RethrowingThrowableCollector.java:23)
at io.cucumber.core.runtime.CucumberExecutionContext.runTestCase(CucumberExecutionContext.java:136)
at io.cucumber.testng.TestNGCucumberRunner.runScenario(TestNGCucumberRunner.java:129)
at io.cucumber.testng.AbstractTestNGCucumberTests.runScenario(AbstractTestNGCucumberTests.java:35)
at java.base/jdk.internal.reflect.DirectMethodHandleAccessor.invoke(DirectMethodHandleAccessor.java:103)
at java.base/java.lang.reflect.Method.invoke(Method.java:580)
at org.testng.internal.invokers.MethodInvocationHelper.invokeMethod(MethodInvocationHelper.java:141)
at org.testng.internal.invokers.TestInvoker.invokeMethod(TestInvoker.java:686)
at org.testng.internal.invokers.TestInvoker.invokeTestMethod(TestInvoker.java:230)
at org.testng.internal.invokers.TestMethodWithDataProviderMethodWorker.call(TestMethodWithDataProviderMethodWorker.java:81)
at org.testng.internal.thread.Async$AsyncTask.run(Async.java:34)
at java.base/java.util.concurrent.ThreadPoolExecutor.runWorker(ThreadPoolExecutor.java:1144)
at java.base/java.util.concurrent.ThreadPoolExecutor$Worker.run(ThreadPoolExecutor.java:642)
at java.base/java.lang.Thread.run(Thread.java:1575)
Caused by: java.lang.reflect.InvocationTargetException
at java.base/jdk.internal.reflect.DirectConstructorHandleAccessor.newInstance(DirectConstructorHandleAccessor.java:74)
at java.base/java.lang.reflect.Constructor.newInstanceWithCaller(Constructor.java:501)
at java.base/java.lang.reflect.Constructor.newInstance(Constructor.java:485)
at io.cucumber.core.backend.DefaultObjectFactory.cacheNewInstance(DefaultObjectFactory.java:53)
... 27 more
Caused by: java.lang.Error: Unresolved compilation problems: 
The constructor IntroductionPagePom() is undefined
The constructor HomePom() is undefined
The method getPageTitle() is undefined for the type IntroductionPagePom

at StepDefinitions.Step_RegisterPage.<init>(Step_RegisterPage.java:18)
at java.base/jdk.internal.reflect.DirectConstructorHandleAccessor.newInstance(DirectConstructorHandleAccessor.java:62)
... 30 more
]]>
    </failure>
  </testcase> <!-- runScenario -->
</testsuite> <!-- Default test -->
