{"uuid":"b8fed933-6534-440b-9a22-ad071c76778f","historyId":"a17a3891545089eb04297f71b74888b4","testCaseId":"eee4cba7d7e8dc8cee62105d1c40c23","fullName":"src/test/resources/features/UC01_homePage.feature:16","labels":[{"name":"host","value":"LAPTOP-16NA0FI5"},{"name":"thread","value":"35636@LAPTOP-16NA0FI5.TestNG-PoolService-3(36)"},{"name":"feature","value":"DSportal App HomePage"},{"name":"story","value":"Verify that user is able to view options for Data Structures dropdown on home page without Sign in"},{"name":"suite","value":"DSportal App HomePage"},{"name":"testClass","value":"Verify that user is able to view options for Data Structures dropdown on home page without Sign in"},{"name":"framework","value":"cucumber4jvm"},{"name":"language","value":"java"},{"name":"gherkin_uri","value":"file:///C:/Users/Lavanya%20Yelakala/eclipse-workspace/DSAlgo_TeamAchievers/src/test/resources/features/UC01_homePage.feature"},{"name":"package","value":"src.test.resources.features.UC01_homePage_feature.DSportal App HomePage"}],"links":[],"name":"Verify that user is able to view options for Data Structures dropdown on home page without Sign in","status":"broken","statusDetails":{"known":false,"muted":false,"flaky":false,"message":"Failed to instantiate class StepDefinitions.Step_HomePage","trace":"io.cucumber.core.exception.CucumberException: Failed to instantiate class StepDefinitions.Step_HomePage\r\n\tat io.cucumber.core.backend.DefaultObjectFactory.cacheNewInstance(DefaultObjectFactory.java:67)\r\n\tat io.cucumber.core.backend.DefaultObjectFactory.getInstance(DefaultObjectFactory.java:45)\r\n\tat io.cucumber.java.AbstractGlueDefinition.invokeMethod(AbstractGlueDefinition.java:47)\r\n\tat io.cucumber.java.JavaStepDefinition.execute(JavaStepDefinition.java:29)\r\n\tat io.cucumber.core.runner.CoreStepDefinition.execute(CoreStepDefinition.java:66)\r\n\tat io.cucumber.core.runner.PickleStepDefinitionMatch.runStep(PickleStepDefinitionMatch.java:62)\r\n\tat io.cucumber.core.runner.ExecutionMode$1.execute(ExecutionMode.java:10)\r\n\tat io.cucumber.core.runner.TestStep.executeStep(TestStep.java:81)\r\n\tat io.cucumber.core.runner.TestStep.run(TestStep.java:53)\r\n\tat io.cucumber.core.runner.PickleStepTestStep.run(PickleStepTestStep.java:51)\r\n\tat io.cucumber.core.runner.TestCase.run(TestCase.java:84)\r\n\tat io.cucumber.core.runner.Runner.runPickle(Runner.java:75)\r\n\tat io.cucumber.testng.TestNGCucumberRunner.lambda$runScenario$1(TestNGCucumberRunner.java:132)\r\n\tat io.cucumber.core.runtime.CucumberExecutionContext.lambda$runTestCase$5(CucumberExecutionContext.java:136)\r\n\tat io.cucumber.core.runtime.RethrowingThrowableCollector.executeAndThrow(RethrowingThrowableCollector.java:23)\r\n\tat io.cucumber.core.runtime.CucumberExecutionContext.runTestCase(CucumberExecutionContext.java:136)\r\n\tat io.cucumber.testng.TestNGCucumberRunner.runScenario(TestNGCucumberRunner.java:129)\r\n\tat io.cucumber.testng.AbstractTestNGCucumberTests.runScenario(AbstractTestNGCucumberTests.java:35)\r\n\tat java.base/jdk.internal.reflect.DirectMethodHandleAccessor.invoke(DirectMethodHandleAccessor.java:103)\r\n\tat java.base/java.lang.reflect.Method.invoke(Method.java:580)\r\n\tat org.testng.internal.invokers.MethodInvocationHelper.invokeMethod(MethodInvocationHelper.java:141)\r\n\tat org.testng.internal.invokers.TestInvoker.invokeMethod(TestInvoker.java:686)\r\n\tat org.testng.internal.invokers.TestInvoker.invokeTestMethod(TestInvoker.java:230)\r\n\tat org.testng.internal.invokers.TestMethodWithDataProviderMethodWorker.call(TestMethodWithDataProviderMethodWorker.java:81)\r\n\tat org.testng.internal.thread.Async$AsyncTask.run(Async.java:34)\r\n\tat java.base/java.util.concurrent.ThreadPoolExecutor.runWorker(ThreadPoolExecutor.java:1144)\r\n\tat java.base/java.util.concurrent.ThreadPoolExecutor$Worker.run(ThreadPoolExecutor.java:642)\r\n\tat java.base/java.lang.Thread.run(Thread.java:1575)\r\nCaused by: java.lang.reflect.InvocationTargetException\r\n\tat java.base/jdk.internal.reflect.DirectConstructorHandleAccessor.newInstance(DirectConstructorHandleAccessor.java:74)\r\n\tat java.base/java.lang.reflect.Constructor.newInstanceWithCaller(Constructor.java:501)\r\n\tat java.base/java.lang.reflect.Constructor.newInstance(Constructor.java:485)\r\n\tat io.cucumber.core.backend.DefaultObjectFactory.cacheNewInstance(DefaultObjectFactory.java:53)\r\n\t... 27 more\r\nCaused by: java.lang.Error: Unresolved compilation problems: \n\tThe constructor HomePom() is undefined\n\tThe constructor IntroductionPagePom() is undefined\n\tThe field HomePom.contentHeader is not visible\n\tThe field HomePom.contentText is not visible\n\tThe field HomePom.getStartedButton is not visible\n\tThe field IntroductionPagePom.registerLink is not visible\n\tThe field IntroductionPagePom.signInLink is not visible\n\tdsDropdown cannot be resolved or is not a field\n\tdsDropdown cannot be resolved or is not a field\n\tThe method clickDropdownItemArray() is undefined for the type IntroductionPagePom\n\tauthenticationMsg cannot be resolved or is not a field\n\tauthenticationMsg cannot be resolved or is not a field\n\tauthenticationMsg cannot be resolved or is not a field\n\tThe method clickDropdownItemLinkedList() is undefined for the type IntroductionPagePom\n\tauthenticationMsg cannot be resolved or is not a field\n\tauthenticationMsg cannot be resolved or is not a field\n\tauthenticationMsg cannot be resolved or is not a field\n\tThe method clickDropdownItemStack() is undefined for the type IntroductionPagePom\n\tauthenticationMsg cannot be resolved or is not a field\n\tauthenticationMsg cannot be resolved or is not a field\n\tauthenticationMsg cannot be resolved or is not a field\n\tThe method clickDropdownItemQueue() is undefined for the type IntroductionPagePom\n\tauthenticationMsg cannot be resolved or is not a field\n\tauthenticationMsg cannot be resolved or is not a field\n\tauthenticationMsg cannot be resolved or is not a field\n\tThe method clickDropdownItemTree() is undefined for the type IntroductionPagePom\n\tauthenticationMsg cannot be resolved or is not a field\n\tauthenticationMsg cannot be resolved or is not a field\n\tauthenticationMsg cannot be resolved or is not a field\n\tThe method clickDropdownItemGraph() is undefined for the type IntroductionPagePom\n\tauthenticationMsg cannot be resolved or is not a field\n\tauthenticationMsg cannot be resolved or is not a field\n\tauthenticationMsg cannot be resolved or is not a field\n\tauthenticationMsg cannot be resolved or is not a field\n\tauthenticationMsg cannot be resolved or is not a field\n\tauthenticationMsg cannot be resolved or is not a field\n\tauthenticationMsg cannot be resolved or is not a field\n\tauthenticationMsg cannot be resolved or is not a field\n\tauthenticationMsg cannot be resolved or is not a field\n\tThe method clickOnLinkedListGetStartedBtn() is undefined for the type IntroductionPagePom\n\tauthenticationMsg cannot be resolved or is not a field\n\tauthenticationMsg cannot be resolved or is not a field\n\tauthenticationMsg cannot be resolved or is not a field\n\tThe method clickOnStackGetStartedBtn() is undefined for the type IntroductionPagePom\n\tauthenticationMsg cannot be resolved or is not a field\n\tauthenticationMsg cannot be resolved or is not a field\n\tauthenticationMsg cannot be resolved or is not a field\n\tThe method clickOnQueueGetStartedBtn() is undefined for the type IntroductionPagePom\n\tauthenticationMsg cannot be resolved or is not a field\n\tauthenticationMsg cannot be resolved or is not a field\n\tauthenticationMsg cannot be resolved or is not a field\n\tThe method clickOnTreeGetStartedBtn() is undefined for the type IntroductionPagePom\n\tauthenticationMsg cannot be resolved or is not a field\n\tauthenticationMsg cannot be resolved or is not a field\n\tauthenticationMsg cannot be resolved or is not a field\n\tThe method clickOnGraphGetStartedBtn() is undefined for the type IntroductionPagePom\n\tauthenticationMsg cannot be resolved or is not a field\n\tauthenticationMsg cannot be resolved or is not a field\n\tauthenticationMsg cannot be resolved or is not a field\n\r\n\tat StepDefinitions.Step_HomePage.<init>(Step_HomePage.java:22)\r\n\tat java.base/jdk.internal.reflect.DirectConstructorHandleAccessor.newInstance(DirectConstructorHandleAccessor.java:62)\r\n\t... 30 more\r\n"},"stage":"finished","description":"  Given The user clicks Data Structures drop down","steps":[{"name":"When The user clicks the Data Structures dropdown","status":"broken","statusDetails":{"known":false,"muted":false,"flaky":false,"message":"Failed to instantiate class StepDefinitions.Step_HomePage","trace":"io.cucumber.core.exception.CucumberException: Failed to instantiate class StepDefinitions.Step_HomePage\r\n\tat io.cucumber.core.backend.DefaultObjectFactory.cacheNewInstance(DefaultObjectFactory.java:67)\r\n\tat io.cucumber.core.backend.DefaultObjectFactory.getInstance(DefaultObjectFactory.java:45)\r\n\tat io.cucumber.java.AbstractGlueDefinition.invokeMethod(AbstractGlueDefinition.java:47)\r\n\tat io.cucumber.java.JavaStepDefinition.execute(JavaStepDefinition.java:29)\r\n\tat io.cucumber.core.runner.CoreStepDefinition.execute(CoreStepDefinition.java:66)\r\n\tat io.cucumber.core.runner.PickleStepDefinitionMatch.runStep(PickleStepDefinitionMatch.java:62)\r\n\tat io.cucumber.core.runner.ExecutionMode$1.execute(ExecutionMode.java:10)\r\n\tat io.cucumber.core.runner.TestStep.executeStep(TestStep.java:81)\r\n\tat io.cucumber.core.runner.TestStep.run(TestStep.java:53)\r\n\tat io.cucumber.core.runner.PickleStepTestStep.run(PickleStepTestStep.java:51)\r\n\tat io.cucumber.core.runner.TestCase.run(TestCase.java:84)\r\n\tat io.cucumber.core.runner.Runner.runPickle(Runner.java:75)\r\n\tat io.cucumber.testng.TestNGCucumberRunner.lambda$runScenario$1(TestNGCucumberRunner.java:132)\r\n\tat io.cucumber.core.runtime.CucumberExecutionContext.lambda$runTestCase$5(CucumberExecutionContext.java:136)\r\n\tat io.cucumber.core.runtime.RethrowingThrowableCollector.executeAndThrow(RethrowingThrowableCollector.java:23)\r\n\tat io.cucumber.core.runtime.CucumberExecutionContext.runTestCase(CucumberExecutionContext.java:136)\r\n\tat io.cucumber.testng.TestNGCucumberRunner.runScenario(TestNGCucumberRunner.java:129)\r\n\tat io.cucumber.testng.AbstractTestNGCucumberTests.runScenario(AbstractTestNGCucumberTests.java:35)\r\n\tat java.base/jdk.internal.reflect.DirectMethodHandleAccessor.invoke(DirectMethodHandleAccessor.java:103)\r\n\tat java.base/java.lang.reflect.Method.invoke(Method.java:580)\r\n\tat org.testng.internal.invokers.MethodInvocationHelper.invokeMethod(MethodInvocationHelper.java:141)\r\n\tat org.testng.internal.invokers.TestInvoker.invokeMethod(TestInvoker.java:686)\r\n\tat org.testng.internal.invokers.TestInvoker.invokeTestMethod(TestInvoker.java:230)\r\n\tat org.testng.internal.invokers.TestMethodWithDataProviderMethodWorker.call(TestMethodWithDataProviderMethodWorker.java:81)\r\n\tat org.testng.internal.thread.Async$AsyncTask.run(Async.java:34)\r\n\tat java.base/java.util.concurrent.ThreadPoolExecutor.runWorker(ThreadPoolExecutor.java:1144)\r\n\tat java.base/java.util.concurrent.ThreadPoolExecutor$Worker.run(ThreadPoolExecutor.java:642)\r\n\tat java.base/java.lang.Thread.run(Thread.java:1575)\r\nCaused by: java.lang.reflect.InvocationTargetException\r\n\tat java.base/jdk.internal.reflect.DirectConstructorHandleAccessor.newInstance(DirectConstructorHandleAccessor.java:74)\r\n\tat java.base/java.lang.reflect.Constructor.newInstanceWithCaller(Constructor.java:501)\r\n\tat java.base/java.lang.reflect.Constructor.newInstance(Constructor.java:485)\r\n\tat io.cucumber.core.backend.DefaultObjectFactory.cacheNewInstance(DefaultObjectFactory.java:53)\r\n\t... 27 more\r\nCaused by: java.lang.Error: Unresolved compilation problems: \n\tThe constructor HomePom() is undefined\n\tThe constructor IntroductionPagePom() is undefined\n\tThe field HomePom.contentHeader is not visible\n\tThe field HomePom.contentText is not visible\n\tThe field HomePom.getStartedButton is not visible\n\tThe field IntroductionPagePom.registerLink is not visible\n\tThe field IntroductionPagePom.signInLink is not visible\n\tdsDropdown cannot be resolved or is not a field\n\tdsDropdown cannot be resolved or is not a field\n\tThe method clickDropdownItemArray() is undefined for the type IntroductionPagePom\n\tauthenticationMsg cannot be resolved or is not a field\n\tauthenticationMsg cannot be resolved or is not a field\n\tauthenticationMsg cannot be resolved or is not a field\n\tThe method clickDropdownItemLinkedList() is undefined for the type IntroductionPagePom\n\tauthenticationMsg cannot be resolved or is not a field\n\tauthenticationMsg cannot be resolved or is not a field\n\tauthenticationMsg cannot be resolved or is not a field\n\tThe method clickDropdownItemStack() is undefined for the type IntroductionPagePom\n\tauthenticationMsg cannot be resolved or is not a field\n\tauthenticationMsg cannot be resolved or is not a field\n\tauthenticationMsg cannot be resolved or is not a field\n\tThe method clickDropdownItemQueue() is undefined for the type IntroductionPagePom\n\tauthenticationMsg cannot be resolved or is not a field\n\tauthenticationMsg cannot be resolved or is not a field\n\tauthenticationMsg cannot be resolved or is not a field\n\tThe method clickDropdownItemTree() is undefined for the type IntroductionPagePom\n\tauthenticationMsg cannot be resolved or is not a field\n\tauthenticationMsg cannot be resolved or is not a field\n\tauthenticationMsg cannot be resolved or is not a field\n\tThe method clickDropdownItemGraph() is undefined for the type IntroductionPagePom\n\tauthenticationMsg cannot be resolved or is not a field\n\tauthenticationMsg cannot be resolved or is not a field\n\tauthenticationMsg cannot be resolved or is not a field\n\tauthenticationMsg cannot be resolved or is not a field\n\tauthenticationMsg cannot be resolved or is not a field\n\tauthenticationMsg cannot be resolved or is not a field\n\tauthenticationMsg cannot be resolved or is not a field\n\tauthenticationMsg cannot be resolved or is not a field\n\tauthenticationMsg cannot be resolved or is not a field\n\tThe method clickOnLinkedListGetStartedBtn() is undefined for the type IntroductionPagePom\n\tauthenticationMsg cannot be resolved or is not a field\n\tauthenticationMsg cannot be resolved or is not a field\n\tauthenticationMsg cannot be resolved or is not a field\n\tThe method clickOnStackGetStartedBtn() is undefined for the type IntroductionPagePom\n\tauthenticationMsg cannot be resolved or is not a field\n\tauthenticationMsg cannot be resolved or is not a field\n\tauthenticationMsg cannot be resolved or is not a field\n\tThe method clickOnQueueGetStartedBtn() is undefined for the type IntroductionPagePom\n\tauthenticationMsg cannot be resolved or is not a field\n\tauthenticationMsg cannot be resolved or is not a field\n\tauthenticationMsg cannot be resolved or is not a field\n\tThe method clickOnTreeGetStartedBtn() is undefined for the type IntroductionPagePom\n\tauthenticationMsg cannot be resolved or is not a field\n\tauthenticationMsg cannot be resolved or is not a field\n\tauthenticationMsg cannot be resolved or is not a field\n\tThe method clickOnGraphGetStartedBtn() is undefined for the type IntroductionPagePom\n\tauthenticationMsg cannot be resolved or is not a field\n\tauthenticationMsg cannot be resolved or is not a field\n\tauthenticationMsg cannot be resolved or is not a field\n\r\n\tat StepDefinitions.Step_HomePage.<init>(Step_HomePage.java:22)\r\n\tat java.base/jdk.internal.reflect.DirectConstructorHandleAccessor.newInstance(DirectConstructorHandleAccessor.java:62)\r\n\t... 30 more\r\n"},"stage":"finished","steps":[],"attachments":[],"parameters":[],"start":1742574010917,"stop":1742574010918},{"name":"Then The user should be able to see six options like Arrays Linked List Stack Queue Tree Graph in dropdown menu","status":"skipped","statusDetails":{"known":false,"muted":false,"flaky":false},"stage":"finished","steps":[],"attachments":[],"parameters":[],"start":1742574010919,"stop":1742574010920}],"attachments":[],"parameters":[],"start":1742574005230,"stop":1742574017513}