

<!DOCTYPE html>
<html>
<head>
<meta charset="UTF-8">
<meta name="viewport" content="width=device-width, initial-scale=1, shrink-to-fit=no">
<title></title>
<link rel="apple-touch-icon" href="https://cdn.jsdelivr.net/gh/extent-framework/extent-github-cdn@b00a2d0486596e73dd7326beacf352c639623a0e/commons/img/logo.png">
<link rel="shortcut icon" href="https://cdn.jsdelivr.net/gh/extent-framework/extent-github-cdn@b00a2d0486596e73dd7326beacf352c639623a0e/commons/img/logo.png">
<link href="https://cdn.jsdelivr.net/gh/extent-framework/extent-github-cdn@ce8b10435bcbae260c334c0d0c6b61d2c19b6168/spark/css/spark-style.css" rel="stylesheet" />
<link href="https://stackpath.bootstrapcdn.com/font-awesome/4.7.0/css/font-awesome.min.css" rel="stylesheet">
<script src="https://cdn.jsdelivr.net/gh/extent-framework/extent-github-cdn@7cc78ce/spark/js/jsontree.js"></script>
<style type="text/css"></style></head><body class="spa bdd-report standard">
  <div class="app">
    <div class="layout">
<div class="header navbar">
<div class="vheader">
<div class="nav-logo">
<a href="#">
<div class="logo" style="background-image: url('https://cdn.jsdelivr.net/gh/extent-framework/extent-github-cdn@b00a2d0486596e73dd7326beacf352c639623a0e/commons/img/logo.png')"></div>
</a>
</div>
<ul class="nav-left">
<li class="search-box">
<a class="search-toggle" href="#">
<i class="search-icon fa fa-search"></i>
<i class="search-icon-close fa fa-close"></i>
</a>
</li>
<li class="search-input"><input id="search-tests" class="form-control" type="text" placeholder="Search..."></li>
</ul>
<ul class="nav-right">
<li class="m-r-10">
<a href="#"><span class="badge badge-primary"></span></a>
</li>
<li class="m-r-10">
<a href="#"><span class="badge badge-primary">Mar 21, 2025 12:20:04 pm</span></a>
</li>
</ul>
</div>
</div><div class="side-nav">
<div class="side-nav-inner">
<ul class="side-nav-menu">
<li class="nav-item dropdown" onclick="toggleView('test-view')">
<a id="nav-test" class="dropdown-toggle" href="#">
<span class="ico"><i class="fa fa-list"></i></span>
</a>
</li>
<li class="nav-item dropdown" onclick="toggleView('exception-view')">
<a id="nav-exception" class="dropdown-toggle" href="#">
<span class="ico"><i class="fa fa-bug"></i></span>
</a>
</li>
<li class="nav-item dropdown" onclick="toggleView('dashboard-view')">
<a id="nav-dashboard" class="dropdown-toggle" href="#">
<span class="ico"><i class="fa fa-bar-chart"></i></span>
</a>
</li>
</ul>
</div>
</div>      <div class="vcontainer">
        <div class="main-content">
<div class="test-wrapper row view test-view">
  <div class="test-list">
    <div class="test-list-tools">
<ul class="tools pull-left">
<li><a href="#"><span class="font-size-14">Tests</span></a></li>
</ul>
<ul class="tools text-right">
<li class="dropdown">
<a href="#" class="dropdown-toggle" data-toggle="dropdown"><i class="fa fa-exclamation-circle"></i></a>
<ul id="status-toggle" class="dropdown-menu dropdown-md p-v-0">
<a class="dropdown-item" status="fail" href="#"><span>Fail</span><span class="status danger"></span></a>
<div class="dropdown-divider"></div>
<a status="clear" class="dropdown-item" href="#"><span>Clear</span><span class="pull-right"><i class="fa fa-close"></i></span></a>
</ul>
</li>
</ul>
</div>    <div class="test-list-wrapper scrollable">
      <ul class="test-list-item">
        <li class="test-item"  status="fail" test-id="1"
          author=""
          tag=""
          device="">
          <div class="test-detail">
            <p class="name">DSportal App HomePage</p>
            <p class="text-sm">
              <span>12:20:05 pm</span> / <span>00:00:49:913</span>
              <span class="badge fail-bg log float-right">Fail</span>
            </p>
          </div>
          <div class="test-contents d-none">
<div class="detail-head">
<div class="p-v-10">
<div class="info">
<h5 class="test-status text-fail">DSportal App HomePage</h5>
<span class='badge badge-success'>03.21.2025 12:20:05 pm</span>
<span class='badge badge-danger'>03.21.2025 12:20:55 pm</span>
<span class='badge badge-default'>00:00:49:913</span>
&middot; <span class='uri-anchor badge badge-default'>#test-id=1</span>
<span title='Skip to the next failed step' class='badge badge-danger pointer float-right ne ml-1'><i class="fa fa-fast-forward"></i></span>
<span title='Collapse all nodes' class='badge badge-default pointer float-right ct ml-1'><i class="fa fa-compress"></i></span>
<span title='Expand all nodes' class='badge badge-default pointer float-right et'><i class="fa fa-expand"></i></span>
</div>
<div class="m-t-10 m-l-5"> Given The user clicks Data Structures drop down</div>
</div>
</div>
<div class="accordion mt-4">
  <div class="card">
    <div class="card-header" role="tab">
      <div class="card-title">
        <div class="node" id="2"><span class="badge log fail-bg mr-2">Fail</span>Verify that user able to see warning message while selecting Arrays from the drop down without Sign in</div>
      </div>
    </div>
        <div class="">
          <div class="card-body">
              <div class="step fail-bg" title="StepDefinitions.Step_HomePage.the_user_selects_arrays_from_the_drop_down_without_sign_in()">
                <span>When The user selects Arrays from the drop down without Sign in</span>
      <div>
        <textarea disabled class="code-block">io.cucumber.core.exception.CucumberException: Failed to instantiate class StepDefinitions.Step_HomePage
	at io.cucumber.core.backend.DefaultObjectFactory.cacheNewInstance(DefaultObjectFactory.java:67)
	at io.cucumber.core.backend.DefaultObjectFactory.getInstance(DefaultObjectFactory.java:45)
	at io.cucumber.java.AbstractGlueDefinition.invokeMethod(AbstractGlueDefinition.java:47)
	at io.cucumber.java.JavaStepDefinition.execute(JavaStepDefinition.java:29)
	at io.cucumber.core.runner.CoreStepDefinition.execute(CoreStepDefinition.java:66)
	at io.cucumber.core.runner.PickleStepDefinitionMatch.runStep(PickleStepDefinitionMatch.java:62)
	at io.cucumber.core.runner.ExecutionMode$1.execute(ExecutionMode.java:10)
	at io.cucumber.core.runner.TestStep.executeStep(TestStep.java:81)
	at io.cucumber.core.runner.TestStep.run(TestStep.java:53)
	at io.cucumber.core.runner.PickleStepTestStep.run(PickleStepTestStep.java:51)
	at io.cucumber.core.runner.TestCase.run(TestCase.java:84)
	at io.cucumber.core.runner.Runner.runPickle(Runner.java:75)
	at io.cucumber.testng.TestNGCucumberRunner.lambda$runScenario$1(TestNGCucumberRunner.java:132)
	at io.cucumber.core.runtime.CucumberExecutionContext.lambda$runTestCase$5(CucumberExecutionContext.java:136)
	at io.cucumber.core.runtime.RethrowingThrowableCollector.executeAndThrow(RethrowingThrowableCollector.java:23)
	at io.cucumber.core.runtime.CucumberExecutionContext.runTestCase(CucumberExecutionContext.java:136)
	at io.cucumber.testng.TestNGCucumberRunner.runScenario(TestNGCucumberRunner.java:129)
	at io.cucumber.testng.AbstractTestNGCucumberTests.runScenario(AbstractTestNGCucumberTests.java:35)
	at java.base/jdk.internal.reflect.DirectMethodHandleAccessor.invoke(DirectMethodHandleAccessor.java:103)
	at java.base/java.lang.reflect.Method.invoke(Method.java:580)
	at org.testng.internal.invokers.MethodInvocationHelper.invokeMethod(MethodInvocationHelper.java:141)
	at org.testng.internal.invokers.TestInvoker.invokeMethod(TestInvoker.java:686)
	at org.testng.internal.invokers.TestInvoker.invokeTestMethod(TestInvoker.java:230)
	at org.testng.internal.invokers.TestMethodWithDataProviderMethodWorker.call(TestMethodWithDataProviderMethodWorker.java:81)
	at org.testng.internal.thread.Async$AsyncTask.run(Async.java:34)
	at java.base/java.util.concurrent.ThreadPoolExecutor.runWorker(ThreadPoolExecutor.java:1144)
	at java.base/java.util.concurrent.ThreadPoolExecutor$Worker.run(ThreadPoolExecutor.java:642)
	at java.base/java.lang.Thread.run(Thread.java:1575)
Caused by: java.lang.reflect.InvocationTargetException
	at java.base/jdk.internal.reflect.DirectConstructorHandleAccessor.newInstance(DirectConstructorHandleAccessor.java:74)
	at java.base/java.lang.reflect.Constructor.newInstanceWithCaller(Constructor.java:501)
	at java.base/java.lang.reflect.Constructor.newInstance(Constructor.java:485)
	at io.cucumber.core.backend.DefaultObjectFactory.cacheNewInstance(DefaultObjectFactory.java:53)
	... 27 more
Caused by: java.lang.Error: Unresolved compilation problems: 
	The constructor HomePom() is undefined
	The constructor IntroductionPagePom() is undefined
	The field HomePom.contentHeader is not visible
	The field HomePom.contentText is not visible
	The field HomePom.getStartedButton is not visible
	The field IntroductionPagePom.registerLink is not visible
	The field IntroductionPagePom.signInLink is not visible
	dsDropdown cannot be resolved or is not a field
	dsDropdown cannot be resolved or is not a field
	The method clickDropdownItemArray() is undefined for the type IntroductionPagePom
	authenticationMsg cannot be resolved or is not a field
	authenticationMsg cannot be resolved or is not a field
	authenticationMsg cannot be resolved or is not a field
	The method clickDropdownItemLinkedList() is undefined for the type IntroductionPagePom
	authenticationMsg cannot be resolved or is not a field
	authenticationMsg cannot be resolved or is not a field
	authenticationMsg cannot be resolved or is not a field
	The method clickDropdownItemStack() is undefined for the type IntroductionPagePom
	authenticationMsg cannot be resolved or is not a field
	authenticationMsg cannot be resolved or is not a field
	authenticationMsg cannot be resolved or is not a field
	The method clickDropdownItemQueue() is undefined for the type IntroductionPagePom
	authenticationMsg cannot be resolved or is not a field
	authenticationMsg cannot be resolved or is not a field
	authenticationMsg cannot be resolved or is not a field
	The method clickDropdownItemTree() is undefined for the type IntroductionPagePom
	authenticationMsg cannot be resolved or is not a field
	authenticationMsg cannot be resolved or is not a field
	authenticationMsg cannot be resolved or is not a field
	The method clickDropdownItemGraph() is undefined for the type IntroductionPagePom
	authenticationMsg cannot be resolved or is not a field
	authenticationMsg cannot be resolved or is not a field
	authenticationMsg cannot be resolved or is not a field
	authenticationMsg cannot be resolved or is not a field
	authenticationMsg cannot be resolved or is not a field
	authenticationMsg cannot be resolved or is not a field
	authenticationMsg cannot be resolved or is not a field
	authenticationMsg cannot be resolved or is not a field
	authenticationMsg cannot be resolved or is not a field
	The method clickOnLinkedListGetStartedBtn() is undefined for the type IntroductionPagePom
	authenticationMsg cannot be resolved or is not a field
	authenticationMsg cannot be resolved or is not a field
	authenticationMsg cannot be resolved or is not a field
	The method clickOnStackGetStartedBtn() is undefined for the type IntroductionPagePom
	authenticationMsg cannot be resolved or is not a field
	authenticationMsg cannot be resolved or is not a field
	authenticationMsg cannot be resolved or is not a field
	The method clickOnQueueGetStartedBtn() is undefined for the type IntroductionPagePom
	authenticationMsg cannot be resolved or is not a field
	authenticationMsg cannot be resolved or is not a field
	authenticationMsg cannot be resolved or is not a field
	The method clickOnTreeGetStartedBtn() is undefined for the type IntroductionPagePom
	authenticationMsg cannot be resolved or is not a field
	authenticationMsg cannot be resolved or is not a field
	authenticationMsg cannot be resolved or is not a field
	The method clickOnGraphGetStartedBtn() is undefined for the type IntroductionPagePom
	authenticationMsg cannot be resolved or is not a field
	authenticationMsg cannot be resolved or is not a field
	authenticationMsg cannot be resolved or is not a field

	at StepDefinitions.Step_HomePage.<init>(Step_HomePage.java:22)
	at java.base/jdk.internal.reflect.DirectConstructorHandleAccessor.newInstance(DirectConstructorHandleAccessor.java:62)
	... 30 more
</textarea>
      
      </div>
              </div>
              <div class="step skip-bg" title="StepDefinitions.Step_HomePage.the_user_should_able_to_see_an_warning_message_you_are_not_logged_in_for_array_drop_down_option()">
                <span>Then The user should able to see an warning message You are not logged in for Array drop down option</span>
      <div>Step skipped
      </div>
              </div>
          </div>
        </div>
  </div>
  <div class="card">
    <div class="card-header" role="tab">
      <div class="card-title">
        <div class="node" id="3"><span class="badge log fail-bg mr-2">Fail</span>Verify that user able to see warning message while selecting Tree from the drop down without Sign in</div>
      </div>
    </div>
        <div class="">
          <div class="card-body">
              <div class="step fail-bg" title="StepDefinitions.Step_HomePage.the_user_clicks_data_structures_drop_down()">
                <span>Given The user clicks Data Structures drop down</span>
      <div>
        <textarea disabled class="code-block">io.cucumber.core.exception.CucumberException: Failed to instantiate class StepDefinitions.Step_HomePage
	at io.cucumber.core.backend.DefaultObjectFactory.cacheNewInstance(DefaultObjectFactory.java:67)
	at io.cucumber.core.backend.DefaultObjectFactory.getInstance(DefaultObjectFactory.java:45)
	at io.cucumber.java.AbstractGlueDefinition.invokeMethod(AbstractGlueDefinition.java:47)
	at io.cucumber.java.JavaStepDefinition.execute(JavaStepDefinition.java:29)
	at io.cucumber.core.runner.CoreStepDefinition.execute(CoreStepDefinition.java:66)
	at io.cucumber.core.runner.PickleStepDefinitionMatch.runStep(PickleStepDefinitionMatch.java:62)
	at io.cucumber.core.runner.ExecutionMode$1.execute(ExecutionMode.java:10)
	at io.cucumber.core.runner.TestStep.executeStep(TestStep.java:81)
	at io.cucumber.core.runner.TestStep.run(TestStep.java:53)
	at io.cucumber.core.runner.PickleStepTestStep.run(PickleStepTestStep.java:51)
	at io.cucumber.core.runner.TestCase.run(TestCase.java:84)
	at io.cucumber.core.runner.Runner.runPickle(Runner.java:75)
	at io.cucumber.testng.TestNGCucumberRunner.lambda$runScenario$1(TestNGCucumberRunner.java:132)
	at io.cucumber.core.runtime.CucumberExecutionContext.lambda$runTestCase$5(CucumberExecutionContext.java:136)
	at io.cucumber.core.runtime.RethrowingThrowableCollector.executeAndThrow(RethrowingThrowableCollector.java:23)
	at io.cucumber.core.runtime.CucumberExecutionContext.runTestCase(CucumberExecutionContext.java:136)
	at io.cucumber.testng.TestNGCucumberRunner.runScenario(TestNGCucumberRunner.java:129)
	at io.cucumber.testng.AbstractTestNGCucumberTests.runScenario(AbstractTestNGCucumberTests.java:35)
	at java.base/jdk.internal.reflect.DirectMethodHandleAccessor.invoke(DirectMethodHandleAccessor.java:103)
	at java.base/java.lang.reflect.Method.invoke(Method.java:580)
	at org.testng.internal.invokers.MethodInvocationHelper.invokeMethod(MethodInvocationHelper.java:141)
	at org.testng.internal.invokers.TestInvoker.invokeMethod(TestInvoker.java:686)
	at org.testng.internal.invokers.TestInvoker.invokeTestMethod(TestInvoker.java:230)
	at org.testng.internal.invokers.TestMethodWithDataProviderMethodWorker.call(TestMethodWithDataProviderMethodWorker.java:81)
	at org.testng.internal.thread.Async$AsyncTask.run(Async.java:34)
	at java.base/java.util.concurrent.ThreadPoolExecutor.runWorker(ThreadPoolExecutor.java:1144)
	at java.base/java.util.concurrent.ThreadPoolExecutor$Worker.run(ThreadPoolExecutor.java:642)
	at java.base/java.lang.Thread.run(Thread.java:1575)
Caused by: java.lang.reflect.InvocationTargetException
	at java.base/jdk.internal.reflect.DirectConstructorHandleAccessor.newInstance(DirectConstructorHandleAccessor.java:74)
	at java.base/java.lang.reflect.Constructor.newInstanceWithCaller(Constructor.java:501)
	at java.base/java.lang.reflect.Constructor.newInstance(Constructor.java:485)
	at io.cucumber.core.backend.DefaultObjectFactory.cacheNewInstance(DefaultObjectFactory.java:53)
	... 27 more
Caused by: java.lang.Error: Unresolved compilation problems: 
	The constructor HomePom() is undefined
	The constructor IntroductionPagePom() is undefined
	The field HomePom.contentHeader is not visible
	The field HomePom.contentText is not visible
	The field HomePom.getStartedButton is not visible
	The field IntroductionPagePom.registerLink is not visible
	The field IntroductionPagePom.signInLink is not visible
	dsDropdown cannot be resolved or is not a field
	dsDropdown cannot be resolved or is not a field
	The method clickDropdownItemArray() is undefined for the type IntroductionPagePom
	authenticationMsg cannot be resolved or is not a field
	authenticationMsg cannot be resolved or is not a field
	authenticationMsg cannot be resolved or is not a field
	The method clickDropdownItemLinkedList() is undefined for the type IntroductionPagePom
	authenticationMsg cannot be resolved or is not a field
	authenticationMsg cannot be resolved or is not a field
	authenticationMsg cannot be resolved or is not a field
	The method clickDropdownItemStack() is undefined for the type IntroductionPagePom
	authenticationMsg cannot be resolved or is not a field
	authenticationMsg cannot be resolved or is not a field
	authenticationMsg cannot be resolved or is not a field
	The method clickDropdownItemQueue() is undefined for the type IntroductionPagePom
	authenticationMsg cannot be resolved or is not a field
	authenticationMsg cannot be resolved or is not a field
	authenticationMsg cannot be resolved or is not a field
	The method clickDropdownItemTree() is undefined for the type IntroductionPagePom
	authenticationMsg cannot be resolved or is not a field
	authenticationMsg cannot be resolved or is not a field
	authenticationMsg cannot be resolved or is not a field
	The method clickDropdownItemGraph() is undefined for the type IntroductionPagePom
	authenticationMsg cannot be resolved or is not a field
	authenticationMsg cannot be resolved or is not a field
	authenticationMsg cannot be resolved or is not a field
	authenticationMsg cannot be resolved or is not a field
	authenticationMsg cannot be resolved or is not a field
	authenticationMsg cannot be resolved or is not a field
	authenticationMsg cannot be resolved or is not a field
	authenticationMsg cannot be resolved or is not a field
	authenticationMsg cannot be resolved or is not a field
	The method clickOnLinkedListGetStartedBtn() is undefined for the type IntroductionPagePom
	authenticationMsg cannot be resolved or is not a field
	authenticationMsg cannot be resolved or is not a field
	authenticationMsg cannot be resolved or is not a field
	The method clickOnStackGetStartedBtn() is undefined for the type IntroductionPagePom
	authenticationMsg cannot be resolved or is not a field
	authenticationMsg cannot be resolved or is not a field
	authenticationMsg cannot be resolved or is not a field
	The method clickOnQueueGetStartedBtn() is undefined for the type IntroductionPagePom
	authenticationMsg cannot be resolved or is not a field
	authenticationMsg cannot be resolved or is not a field
	authenticationMsg cannot be resolved or is not a field
	The method clickOnTreeGetStartedBtn() is undefined for the type IntroductionPagePom
	authenticationMsg cannot be resolved or is not a field
	authenticationMsg cannot be resolved or is not a field
	authenticationMsg cannot be resolved or is not a field
	The method clickOnGraphGetStartedBtn() is undefined for the type IntroductionPagePom
	authenticationMsg cannot be resolved or is not a field
	authenticationMsg cannot be resolved or is not a field
	authenticationMsg cannot be resolved or is not a field

	at StepDefinitions.Step_HomePage.<init>(Step_HomePage.java:22)
	at java.base/jdk.internal.reflect.DirectConstructorHandleAccessor.newInstance(DirectConstructorHandleAccessor.java:62)
	... 30 more
</textarea>
      
      </div>
              </div>
              <div class="step skip-bg" title="StepDefinitions.Step_HomePage.the_user_selects_tree_from_the_drop_down_without_sign_in()">
                <span>When The user selects Tree from the drop down without Sign in</span>
      <div>Step skipped
      </div>
              </div>
              <div class="step skip-bg" title="StepDefinitions.Step_HomePage.the_user_should_able_to_see_an_warning_message_you_are_not_logged_in_for_tree_drop_down_option()">
                <span>Then The user should able to see an warning message You are not logged in for Tree drop down option</span>
      <div>Step skipped
      </div>
              </div>
          </div>
        </div>
  </div>
  <div class="card">
    <div class="card-header" role="tab">
      <div class="card-title">
        <div class="node" id="4"><span class="badge log fail-bg mr-2">Fail</span>Verify that user able to see warning message while selecting Queue from the drop down without Sign in</div>
      </div>
    </div>
        <div class="">
          <div class="card-body">
              <div class="step fail-bg" title="StepDefinitions.Step_HomePage.the_user_clicks_data_structures_drop_down()">
                <span>Given The user clicks Data Structures drop down</span>
      <div>
        <textarea disabled class="code-block">io.cucumber.core.exception.CucumberException: Failed to instantiate class StepDefinitions.Step_HomePage
	at io.cucumber.core.backend.DefaultObjectFactory.cacheNewInstance(DefaultObjectFactory.java:67)
	at io.cucumber.core.backend.DefaultObjectFactory.getInstance(DefaultObjectFactory.java:45)
	at io.cucumber.java.AbstractGlueDefinition.invokeMethod(AbstractGlueDefinition.java:47)
	at io.cucumber.java.JavaStepDefinition.execute(JavaStepDefinition.java:29)
	at io.cucumber.core.runner.CoreStepDefinition.execute(CoreStepDefinition.java:66)
	at io.cucumber.core.runner.PickleStepDefinitionMatch.runStep(PickleStepDefinitionMatch.java:62)
	at io.cucumber.core.runner.ExecutionMode$1.execute(ExecutionMode.java:10)
	at io.cucumber.core.runner.TestStep.executeStep(TestStep.java:81)
	at io.cucumber.core.runner.TestStep.run(TestStep.java:53)
	at io.cucumber.core.runner.PickleStepTestStep.run(PickleStepTestStep.java:51)
	at io.cucumber.core.runner.TestCase.run(TestCase.java:84)
	at io.cucumber.core.runner.Runner.runPickle(Runner.java:75)
	at io.cucumber.testng.TestNGCucumberRunner.lambda$runScenario$1(TestNGCucumberRunner.java:132)
	at io.cucumber.core.runtime.CucumberExecutionContext.lambda$runTestCase$5(CucumberExecutionContext.java:136)
	at io.cucumber.core.runtime.RethrowingThrowableCollector.executeAndThrow(RethrowingThrowableCollector.java:23)
	at io.cucumber.core.runtime.CucumberExecutionContext.runTestCase(CucumberExecutionContext.java:136)
	at io.cucumber.testng.TestNGCucumberRunner.runScenario(TestNGCucumberRunner.java:129)
	at io.cucumber.testng.AbstractTestNGCucumberTests.runScenario(AbstractTestNGCucumberTests.java:35)
	at java.base/jdk.internal.reflect.DirectMethodHandleAccessor.invoke(DirectMethodHandleAccessor.java:103)
	at java.base/java.lang.reflect.Method.invoke(Method.java:580)
	at org.testng.internal.invokers.MethodInvocationHelper.invokeMethod(MethodInvocationHelper.java:141)
	at org.testng.internal.invokers.TestInvoker.invokeMethod(TestInvoker.java:686)
	at org.testng.internal.invokers.TestInvoker.invokeTestMethod(TestInvoker.java:230)
	at org.testng.internal.invokers.TestMethodWithDataProviderMethodWorker.call(TestMethodWithDataProviderMethodWorker.java:81)
	at org.testng.internal.thread.Async$AsyncTask.run(Async.java:34)
	at java.base/java.util.concurrent.ThreadPoolExecutor.runWorker(ThreadPoolExecutor.java:1144)
	at java.base/java.util.concurrent.ThreadPoolExecutor$Worker.run(ThreadPoolExecutor.java:642)
	at java.base/java.lang.Thread.run(Thread.java:1575)
Caused by: java.lang.reflect.InvocationTargetException
	at java.base/jdk.internal.reflect.DirectConstructorHandleAccessor.newInstance(DirectConstructorHandleAccessor.java:74)
	at java.base/java.lang.reflect.Constructor.newInstanceWithCaller(Constructor.java:501)
	at java.base/java.lang.reflect.Constructor.newInstance(Constructor.java:485)
	at io.cucumber.core.backend.DefaultObjectFactory.cacheNewInstance(DefaultObjectFactory.java:53)
	... 27 more
Caused by: java.lang.Error: Unresolved compilation problems: 
	The constructor HomePom() is undefined
	The constructor IntroductionPagePom() is undefined
	The field HomePom.contentHeader is not visible
	The field HomePom.contentText is not visible
	The field HomePom.getStartedButton is not visible
	The field IntroductionPagePom.registerLink is not visible
	The field IntroductionPagePom.signInLink is not visible
	dsDropdown cannot be resolved or is not a field
	dsDropdown cannot be resolved or is not a field
	The method clickDropdownItemArray() is undefined for the type IntroductionPagePom
	authenticationMsg cannot be resolved or is not a field
	authenticationMsg cannot be resolved or is not a field
	authenticationMsg cannot be resolved or is not a field
	The method clickDropdownItemLinkedList() is undefined for the type IntroductionPagePom
	authenticationMsg cannot be resolved or is not a field
	authenticationMsg cannot be resolved or is not a field
	authenticationMsg cannot be resolved or is not a field
	The method clickDropdownItemStack() is undefined for the type IntroductionPagePom
	authenticationMsg cannot be resolved or is not a field
	authenticationMsg cannot be resolved or is not a field
	authenticationMsg cannot be resolved or is not a field
	The method clickDropdownItemQueue() is undefined for the type IntroductionPagePom
	authenticationMsg cannot be resolved or is not a field
	authenticationMsg cannot be resolved or is not a field
	authenticationMsg cannot be resolved or is not a field
	The method clickDropdownItemTree() is undefined for the type IntroductionPagePom
	authenticationMsg cannot be resolved or is not a field
	authenticationMsg cannot be resolved or is not a field
	authenticationMsg cannot be resolved or is not a field
	The method clickDropdownItemGraph() is undefined for the type IntroductionPagePom
	authenticationMsg cannot be resolved or is not a field
	authenticationMsg cannot be resolved or is not a field
	authenticationMsg cannot be resolved or is not a field
	authenticationMsg cannot be resolved or is not a field
	authenticationMsg cannot be resolved or is not a field
	authenticationMsg cannot be resolved or is not a field
	authenticationMsg cannot be resolved or is not a field
	authenticationMsg cannot be resolved or is not a field
	authenticationMsg cannot be resolved or is not a field
	The method clickOnLinkedListGetStartedBtn() is undefined for the type IntroductionPagePom
	authenticationMsg cannot be resolved or is not a field
	authenticationMsg cannot be resolved or is not a field
	authenticationMsg cannot be resolved or is not a field
	The method clickOnStackGetStartedBtn() is undefined for the type IntroductionPagePom
	authenticationMsg cannot be resolved or is not a field
	authenticationMsg cannot be resolved or is not a field
	authenticationMsg cannot be resolved or is not a field
	The method clickOnQueueGetStartedBtn() is undefined for the type IntroductionPagePom
	authenticationMsg cannot be resolved or is not a field
	authenticationMsg cannot be resolved or is not a field
	authenticationMsg cannot be resolved or is not a field
	The method clickOnTreeGetStartedBtn() is undefined for the type IntroductionPagePom
	authenticationMsg cannot be resolved or is not a field
	authenticationMsg cannot be resolved or is not a field
	authenticationMsg cannot be resolved or is not a field
	The method clickOnGraphGetStartedBtn() is undefined for the type IntroductionPagePom
	authenticationMsg cannot be resolved or is not a field
	authenticationMsg cannot be resolved or is not a field
	authenticationMsg cannot be resolved or is not a field

	at StepDefinitions.Step_HomePage.<init>(Step_HomePage.java:22)
	at java.base/jdk.internal.reflect.DirectConstructorHandleAccessor.newInstance(DirectConstructorHandleAccessor.java:62)
	... 30 more
</textarea>
      
      </div>
              </div>
              <div class="step skip-bg" title="StepDefinitions.Step_HomePage.the_user_selects_queue_from_the_drop_down_without_sign_in()">
                <span>When The user selects Queue from the drop down without Sign in</span>
      <div>Step skipped
      </div>
              </div>
              <div class="step skip-bg" title="StepDefinitions.Step_HomePage.the_user_should_able_to_see_an_warning_message_you_are_not_logged_in_for_queue_drop_down_option()">
                <span>Then The user should able to see an warning message You are not logged in for Queue drop down option</span>
      <div>Step skipped
      </div>
              </div>
          </div>
        </div>
  </div>
  <div class="card">
    <div class="card-header" role="tab">
      <div class="card-title">
        <div class="node" id="5"><span class="badge log fail-bg mr-2">Fail</span>Verify that user able to see warning message while selecting Linked List from the drop down without Sign in</div>
      </div>
    </div>
        <div class="">
          <div class="card-body">
              <div class="step fail-bg" title="StepDefinitions.Step_HomePage.the_user_clicks_data_structures_drop_down()">
                <span>Given The user clicks Data Structures drop down</span>
      <div>
        <textarea disabled class="code-block">io.cucumber.core.exception.CucumberException: Failed to instantiate class StepDefinitions.Step_HomePage
	at io.cucumber.core.backend.DefaultObjectFactory.cacheNewInstance(DefaultObjectFactory.java:67)
	at io.cucumber.core.backend.DefaultObjectFactory.getInstance(DefaultObjectFactory.java:45)
	at io.cucumber.java.AbstractGlueDefinition.invokeMethod(AbstractGlueDefinition.java:47)
	at io.cucumber.java.JavaStepDefinition.execute(JavaStepDefinition.java:29)
	at io.cucumber.core.runner.CoreStepDefinition.execute(CoreStepDefinition.java:66)
	at io.cucumber.core.runner.PickleStepDefinitionMatch.runStep(PickleStepDefinitionMatch.java:62)
	at io.cucumber.core.runner.ExecutionMode$1.execute(ExecutionMode.java:10)
	at io.cucumber.core.runner.TestStep.executeStep(TestStep.java:81)
	at io.cucumber.core.runner.TestStep.run(TestStep.java:53)
	at io.cucumber.core.runner.PickleStepTestStep.run(PickleStepTestStep.java:51)
	at io.cucumber.core.runner.TestCase.run(TestCase.java:84)
	at io.cucumber.core.runner.Runner.runPickle(Runner.java:75)
	at io.cucumber.testng.TestNGCucumberRunner.lambda$runScenario$1(TestNGCucumberRunner.java:132)
	at io.cucumber.core.runtime.CucumberExecutionContext.lambda$runTestCase$5(CucumberExecutionContext.java:136)
	at io.cucumber.core.runtime.RethrowingThrowableCollector.executeAndThrow(RethrowingThrowableCollector.java:23)
	at io.cucumber.core.runtime.CucumberExecutionContext.runTestCase(CucumberExecutionContext.java:136)
	at io.cucumber.testng.TestNGCucumberRunner.runScenario(TestNGCucumberRunner.java:129)
	at io.cucumber.testng.AbstractTestNGCucumberTests.runScenario(AbstractTestNGCucumberTests.java:35)
	at java.base/jdk.internal.reflect.DirectMethodHandleAccessor.invoke(DirectMethodHandleAccessor.java:103)
	at java.base/java.lang.reflect.Method.invoke(Method.java:580)
	at org.testng.internal.invokers.MethodInvocationHelper.invokeMethod(MethodInvocationHelper.java:141)
	at org.testng.internal.invokers.TestInvoker.invokeMethod(TestInvoker.java:686)
	at org.testng.internal.invokers.TestInvoker.invokeTestMethod(TestInvoker.java:230)
	at org.testng.internal.invokers.TestMethodWithDataProviderMethodWorker.call(TestMethodWithDataProviderMethodWorker.java:81)
	at org.testng.internal.thread.Async$AsyncTask.run(Async.java:34)
	at java.base/java.util.concurrent.ThreadPoolExecutor.runWorker(ThreadPoolExecutor.java:1144)
	at java.base/java.util.concurrent.ThreadPoolExecutor$Worker.run(ThreadPoolExecutor.java:642)
	at java.base/java.lang.Thread.run(Thread.java:1575)
Caused by: java.lang.reflect.InvocationTargetException
	at java.base/jdk.internal.reflect.DirectConstructorHandleAccessor.newInstance(DirectConstructorHandleAccessor.java:74)
	at java.base/java.lang.reflect.Constructor.newInstanceWithCaller(Constructor.java:501)
	at java.base/java.lang.reflect.Constructor.newInstance(Constructor.java:485)
	at io.cucumber.core.backend.DefaultObjectFactory.cacheNewInstance(DefaultObjectFactory.java:53)
	... 27 more
Caused by: java.lang.Error: Unresolved compilation problems: 
	The constructor HomePom() is undefined
	The constructor IntroductionPagePom() is undefined
	The field HomePom.contentHeader is not visible
	The field HomePom.contentText is not visible
	The field HomePom.getStartedButton is not visible
	The field IntroductionPagePom.registerLink is not visible
	The field IntroductionPagePom.signInLink is not visible
	dsDropdown cannot be resolved or is not a field
	dsDropdown cannot be resolved or is not a field
	The method clickDropdownItemArray() is undefined for the type IntroductionPagePom
	authenticationMsg cannot be resolved or is not a field
	authenticationMsg cannot be resolved or is not a field
	authenticationMsg cannot be resolved or is not a field
	The method clickDropdownItemLinkedList() is undefined for the type IntroductionPagePom
	authenticationMsg cannot be resolved or is not a field
	authenticationMsg cannot be resolved or is not a field
	authenticationMsg cannot be resolved or is not a field
	The method clickDropdownItemStack() is undefined for the type IntroductionPagePom
	authenticationMsg cannot be resolved or is not a field
	authenticationMsg cannot be resolved or is not a field
	authenticationMsg cannot be resolved or is not a field
	The method clickDropdownItemQueue() is undefined for the type IntroductionPagePom
	authenticationMsg cannot be resolved or is not a field
	authenticationMsg cannot be resolved or is not a field
	authenticationMsg cannot be resolved or is not a field
	The method clickDropdownItemTree() is undefined for the type IntroductionPagePom
	authenticationMsg cannot be resolved or is not a field
	authenticationMsg cannot be resolved or is not a field
	authenticationMsg cannot be resolved or is not a field
	The method clickDropdownItemGraph() is undefined for the type IntroductionPagePom
	authenticationMsg cannot be resolved or is not a field
	authenticationMsg cannot be resolved or is not a field
	authenticationMsg cannot be resolved or is not a field
	authenticationMsg cannot be resolved or is not a field
	authenticationMsg cannot be resolved or is not a field
	authenticationMsg cannot be resolved or is not a field
	authenticationMsg cannot be resolved or is not a field
	authenticationMsg cannot be resolved or is not a field
	authenticationMsg cannot be resolved or is not a field
	The method clickOnLinkedListGetStartedBtn() is undefined for the type IntroductionPagePom
	authenticationMsg cannot be resolved or is not a field
	authenticationMsg cannot be resolved or is not a field
	authenticationMsg cannot be resolved or is not a field
	The method clickOnStackGetStartedBtn() is undefined for the type IntroductionPagePom
	authenticationMsg cannot be resolved or is not a field
	authenticationMsg cannot be resolved or is not a field
	authenticationMsg cannot be resolved or is not a field
	The method clickOnQueueGetStartedBtn() is undefined for the type IntroductionPagePom
	authenticationMsg cannot be resolved or is not a field
	authenticationMsg cannot be resolved or is not a field
	authenticationMsg cannot be resolved or is not a field
	The method clickOnTreeGetStartedBtn() is undefined for the type IntroductionPagePom
	authenticationMsg cannot be resolved or is not a field
	authenticationMsg cannot be resolved or is not a field
	authenticationMsg cannot be resolved or is not a field
	The method clickOnGraphGetStartedBtn() is undefined for the type IntroductionPagePom
	authenticationMsg cannot be resolved or is not a field
	authenticationMsg cannot be resolved or is not a field
	authenticationMsg cannot be resolved or is not a field

	at StepDefinitions.Step_HomePage.<init>(Step_HomePage.java:22)
	at java.base/jdk.internal.reflect.DirectConstructorHandleAccessor.newInstance(DirectConstructorHandleAccessor.java:62)
	... 30 more
</textarea>
      
      </div>
              </div>
              <div class="step skip-bg" title="StepDefinitions.Step_HomePage.the_user_selects_linked_list_from_the_drop_down_without_sign_in()">
                <span>When The user selects Linked List from the drop down without Sign in</span>
      <div>Step skipped
      </div>
              </div>
              <div class="step skip-bg" title="StepDefinitions.Step_HomePage.the_user_should_able_to_see_an_warning_message_you_are_not_logged_in_for_linked_list_drop_down_option()">
                <span>Then The user should able to see an warning message You are not logged in for Linked List drop down option</span>
      <div>Step skipped
      </div>
              </div>
          </div>
        </div>
  </div>
  <div class="card">
    <div class="card-header" role="tab">
      <div class="card-title">
        <div class="node" id="6"><span class="badge log fail-bg mr-2">Fail</span>Validate user navigate to DS Intro Page</div>
      </div>
    </div>
        <div class="">
          <div class="card-body">
              <div class="step fail-bg" title="StepDefinitions.Step_HomePage.the_user_clicks_the_get_started_button()">
                <span>When The user clicks the Get Started button</span>
      <div>
        <textarea disabled class="code-block">io.cucumber.core.exception.CucumberException: Failed to instantiate class StepDefinitions.Step_HomePage
	at io.cucumber.core.backend.DefaultObjectFactory.cacheNewInstance(DefaultObjectFactory.java:67)
	at io.cucumber.core.backend.DefaultObjectFactory.getInstance(DefaultObjectFactory.java:45)
	at io.cucumber.java.AbstractGlueDefinition.invokeMethod(AbstractGlueDefinition.java:47)
	at io.cucumber.java.JavaStepDefinition.execute(JavaStepDefinition.java:29)
	at io.cucumber.core.runner.CoreStepDefinition.execute(CoreStepDefinition.java:66)
	at io.cucumber.core.runner.PickleStepDefinitionMatch.runStep(PickleStepDefinitionMatch.java:62)
	at io.cucumber.core.runner.ExecutionMode$1.execute(ExecutionMode.java:10)
	at io.cucumber.core.runner.TestStep.executeStep(TestStep.java:81)
	at io.cucumber.core.runner.TestStep.run(TestStep.java:53)
	at io.cucumber.core.runner.PickleStepTestStep.run(PickleStepTestStep.java:51)
	at io.cucumber.core.runner.TestCase.run(TestCase.java:84)
	at io.cucumber.core.runner.Runner.runPickle(Runner.java:75)
	at io.cucumber.testng.TestNGCucumberRunner.lambda$runScenario$1(TestNGCucumberRunner.java:132)
	at io.cucumber.core.runtime.CucumberExecutionContext.lambda$runTestCase$5(CucumberExecutionContext.java:136)
	at io.cucumber.core.runtime.RethrowingThrowableCollector.executeAndThrow(RethrowingThrowableCollector.java:23)
	at io.cucumber.core.runtime.CucumberExecutionContext.runTestCase(CucumberExecutionContext.java:136)
	at io.cucumber.testng.TestNGCucumberRunner.runScenario(TestNGCucumberRunner.java:129)
	at io.cucumber.testng.AbstractTestNGCucumberTests.runScenario(AbstractTestNGCucumberTests.java:35)
	at java.base/jdk.internal.reflect.DirectMethodHandleAccessor.invoke(DirectMethodHandleAccessor.java:103)
	at java.base/java.lang.reflect.Method.invoke(Method.java:580)
	at org.testng.internal.invokers.MethodInvocationHelper.invokeMethod(MethodInvocationHelper.java:141)
	at org.testng.internal.invokers.TestInvoker.invokeMethod(TestInvoker.java:686)
	at org.testng.internal.invokers.TestInvoker.invokeTestMethod(TestInvoker.java:230)
	at org.testng.internal.invokers.TestMethodWithDataProviderMethodWorker.call(TestMethodWithDataProviderMethodWorker.java:81)
	at org.testng.internal.thread.Async$AsyncTask.run(Async.java:34)
	at java.base/java.util.concurrent.ThreadPoolExecutor.runWorker(ThreadPoolExecutor.java:1144)
	at java.base/java.util.concurrent.ThreadPoolExecutor$Worker.run(ThreadPoolExecutor.java:642)
	at java.base/java.lang.Thread.run(Thread.java:1575)
Caused by: java.lang.reflect.InvocationTargetException
	at java.base/jdk.internal.reflect.DirectConstructorHandleAccessor.newInstance(DirectConstructorHandleAccessor.java:74)
	at java.base/java.lang.reflect.Constructor.newInstanceWithCaller(Constructor.java:501)
	at java.base/java.lang.reflect.Constructor.newInstance(Constructor.java:485)
	at io.cucumber.core.backend.DefaultObjectFactory.cacheNewInstance(DefaultObjectFactory.java:53)
	... 27 more
Caused by: java.lang.Error: Unresolved compilation problems: 
	The constructor HomePom() is undefined
	The constructor IntroductionPagePom() is undefined
	The field HomePom.contentHeader is not visible
	The field HomePom.contentText is not visible
	The field HomePom.getStartedButton is not visible
	The field IntroductionPagePom.registerLink is not visible
	The field IntroductionPagePom.signInLink is not visible
	dsDropdown cannot be resolved or is not a field
	dsDropdown cannot be resolved or is not a field
	The method clickDropdownItemArray() is undefined for the type IntroductionPagePom
	authenticationMsg cannot be resolved or is not a field
	authenticationMsg cannot be resolved or is not a field
	authenticationMsg cannot be resolved or is not a field
	The method clickDropdownItemLinkedList() is undefined for the type IntroductionPagePom
	authenticationMsg cannot be resolved or is not a field
	authenticationMsg cannot be resolved or is not a field
	authenticationMsg cannot be resolved or is not a field
	The method clickDropdownItemStack() is undefined for the type IntroductionPagePom
	authenticationMsg cannot be resolved or is not a field
	authenticationMsg cannot be resolved or is not a field
	authenticationMsg cannot be resolved or is not a field
	The method clickDropdownItemQueue() is undefined for the type IntroductionPagePom
	authenticationMsg cannot be resolved or is not a field
	authenticationMsg cannot be resolved or is not a field
	authenticationMsg cannot be resolved or is not a field
	The method clickDropdownItemTree() is undefined for the type IntroductionPagePom
	authenticationMsg cannot be resolved or is not a field
	authenticationMsg cannot be resolved or is not a field
	authenticationMsg cannot be resolved or is not a field
	The method clickDropdownItemGraph() is undefined for the type IntroductionPagePom
	authenticationMsg cannot be resolved or is not a field
	authenticationMsg cannot be resolved or is not a field
	authenticationMsg cannot be resolved or is not a field
	authenticationMsg cannot be resolved or is not a field
	authenticationMsg cannot be resolved or is not a field
	authenticationMsg cannot be resolved or is not a field
	authenticationMsg cannot be resolved or is not a field
	authenticationMsg cannot be resolved or is not a field
	authenticationMsg cannot be resolved or is not a field
	The method clickOnLinkedListGetStartedBtn() is undefined for the type IntroductionPagePom
	authenticationMsg cannot be resolved or is not a field
	authenticationMsg cannot be resolved or is not a field
	authenticationMsg cannot be resolved or is not a field
	The method clickOnStackGetStartedBtn() is undefined for the type IntroductionPagePom
	authenticationMsg cannot be resolved or is not a field
	authenticationMsg cannot be resolved or is not a field
	authenticationMsg cannot be resolved or is not a field
	The method clickOnQueueGetStartedBtn() is undefined for the type IntroductionPagePom
	authenticationMsg cannot be resolved or is not a field
	authenticationMsg cannot be resolved or is not a field
	authenticationMsg cannot be resolved or is not a field
	The method clickOnTreeGetStartedBtn() is undefined for the type IntroductionPagePom
	authenticationMsg cannot be resolved or is not a field
	authenticationMsg cannot be resolved or is not a field
	authenticationMsg cannot be resolved or is not a field
	The method clickOnGraphGetStartedBtn() is undefined for the type IntroductionPagePom
	authenticationMsg cannot be resolved or is not a field
	authenticationMsg cannot be resolved or is not a field
	authenticationMsg cannot be resolved or is not a field

	at StepDefinitions.Step_HomePage.<init>(Step_HomePage.java:22)
	at java.base/jdk.internal.reflect.DirectConstructorHandleAccessor.newInstance(DirectConstructorHandleAccessor.java:62)
	... 30 more
</textarea>
      
      </div>
              </div>
              <div class="step skip-bg" title="StepDefinitions.Step_HomePage.the_user_should_land_in_data_structure_introduction_page_with_register_and_sign_in_links()">
                <span>Then The user should land in Data Structure Introduction Page with register and Sign in links</span>
      <div>Step skipped
      </div>
              </div>
          </div>
        </div>
  </div>
  <div class="card">
    <div class="card-header" role="tab">
      <div class="card-title">
        <div class="node" id="7"><span class="badge log fail-bg mr-2">Fail</span>Verify that user able to see warning message while selecting Stack from the drop down without Sign in</div>
      </div>
    </div>
        <div class="">
          <div class="card-body">
              <div class="step fail-bg" title="StepDefinitions.Step_HomePage.the_user_clicks_data_structures_drop_down()">
                <span>Given The user clicks Data Structures drop down</span>
      <div>
        <textarea disabled class="code-block">io.cucumber.core.exception.CucumberException: Failed to instantiate class StepDefinitions.Step_HomePage
	at io.cucumber.core.backend.DefaultObjectFactory.cacheNewInstance(DefaultObjectFactory.java:67)
	at io.cucumber.core.backend.DefaultObjectFactory.getInstance(DefaultObjectFactory.java:45)
	at io.cucumber.java.AbstractGlueDefinition.invokeMethod(AbstractGlueDefinition.java:47)
	at io.cucumber.java.JavaStepDefinition.execute(JavaStepDefinition.java:29)
	at io.cucumber.core.runner.CoreStepDefinition.execute(CoreStepDefinition.java:66)
	at io.cucumber.core.runner.PickleStepDefinitionMatch.runStep(PickleStepDefinitionMatch.java:62)
	at io.cucumber.core.runner.ExecutionMode$1.execute(ExecutionMode.java:10)
	at io.cucumber.core.runner.TestStep.executeStep(TestStep.java:81)
	at io.cucumber.core.runner.TestStep.run(TestStep.java:53)
	at io.cucumber.core.runner.PickleStepTestStep.run(PickleStepTestStep.java:51)
	at io.cucumber.core.runner.TestCase.run(TestCase.java:84)
	at io.cucumber.core.runner.Runner.runPickle(Runner.java:75)
	at io.cucumber.testng.TestNGCucumberRunner.lambda$runScenario$1(TestNGCucumberRunner.java:132)
	at io.cucumber.core.runtime.CucumberExecutionContext.lambda$runTestCase$5(CucumberExecutionContext.java:136)
	at io.cucumber.core.runtime.RethrowingThrowableCollector.executeAndThrow(RethrowingThrowableCollector.java:23)
	at io.cucumber.core.runtime.CucumberExecutionContext.runTestCase(CucumberExecutionContext.java:136)
	at io.cucumber.testng.TestNGCucumberRunner.runScenario(TestNGCucumberRunner.java:129)
	at io.cucumber.testng.AbstractTestNGCucumberTests.runScenario(AbstractTestNGCucumberTests.java:35)
	at java.base/jdk.internal.reflect.DirectMethodHandleAccessor.invoke(DirectMethodHandleAccessor.java:103)
	at java.base/java.lang.reflect.Method.invoke(Method.java:580)
	at org.testng.internal.invokers.MethodInvocationHelper.invokeMethod(MethodInvocationHelper.java:141)
	at org.testng.internal.invokers.TestInvoker.invokeMethod(TestInvoker.java:686)
	at org.testng.internal.invokers.TestInvoker.invokeTestMethod(TestInvoker.java:230)
	at org.testng.internal.invokers.TestMethodWithDataProviderMethodWorker.call(TestMethodWithDataProviderMethodWorker.java:81)
	at org.testng.internal.thread.Async$AsyncTask.run(Async.java:34)
	at java.base/java.util.concurrent.ThreadPoolExecutor.runWorker(ThreadPoolExecutor.java:1144)
	at java.base/java.util.concurrent.ThreadPoolExecutor$Worker.run(ThreadPoolExecutor.java:642)
	at java.base/java.lang.Thread.run(Thread.java:1575)
Caused by: java.lang.reflect.InvocationTargetException
	at java.base/jdk.internal.reflect.DirectConstructorHandleAccessor.newInstance(DirectConstructorHandleAccessor.java:74)
	at java.base/java.lang.reflect.Constructor.newInstanceWithCaller(Constructor.java:501)
	at java.base/java.lang.reflect.Constructor.newInstance(Constructor.java:485)
	at io.cucumber.core.backend.DefaultObjectFactory.cacheNewInstance(DefaultObjectFactory.java:53)
	... 27 more
Caused by: java.lang.Error: Unresolved compilation problems: 
	The constructor HomePom() is undefined
	The constructor IntroductionPagePom() is undefined
	The field HomePom.contentHeader is not visible
	The field HomePom.contentText is not visible
	The field HomePom.getStartedButton is not visible
	The field IntroductionPagePom.registerLink is not visible
	The field IntroductionPagePom.signInLink is not visible
	dsDropdown cannot be resolved or is not a field
	dsDropdown cannot be resolved or is not a field
	The method clickDropdownItemArray() is undefined for the type IntroductionPagePom
	authenticationMsg cannot be resolved or is not a field
	authenticationMsg cannot be resolved or is not a field
	authenticationMsg cannot be resolved or is not a field
	The method clickDropdownItemLinkedList() is undefined for the type IntroductionPagePom
	authenticationMsg cannot be resolved or is not a field
	authenticationMsg cannot be resolved or is not a field
	authenticationMsg cannot be resolved or is not a field
	The method clickDropdownItemStack() is undefined for the type IntroductionPagePom
	authenticationMsg cannot be resolved or is not a field
	authenticationMsg cannot be resolved or is not a field
	authenticationMsg cannot be resolved or is not a field
	The method clickDropdownItemQueue() is undefined for the type IntroductionPagePom
	authenticationMsg cannot be resolved or is not a field
	authenticationMsg cannot be resolved or is not a field
	authenticationMsg cannot be resolved or is not a field
	The method clickDropdownItemTree() is undefined for the type IntroductionPagePom
	authenticationMsg cannot be resolved or is not a field
	authenticationMsg cannot be resolved or is not a field
	authenticationMsg cannot be resolved or is not a field
	The method clickDropdownItemGraph() is undefined for the type IntroductionPagePom
	authenticationMsg cannot be resolved or is not a field
	authenticationMsg cannot be resolved or is not a field
	authenticationMsg cannot be resolved or is not a field
	authenticationMsg cannot be resolved or is not a field
	authenticationMsg cannot be resolved or is not a field
	authenticationMsg cannot be resolved or is not a field
	authenticationMsg cannot be resolved or is not a field
	authenticationMsg cannot be resolved or is not a field
	authenticationMsg cannot be resolved or is not a field
	The method clickOnLinkedListGetStartedBtn() is undefined for the type IntroductionPagePom
	authenticationMsg cannot be resolved or is not a field
	authenticationMsg cannot be resolved or is not a field
	authenticationMsg cannot be resolved or is not a field
	The method clickOnStackGetStartedBtn() is undefined for the type IntroductionPagePom
	authenticationMsg cannot be resolved or is not a field
	authenticationMsg cannot be resolved or is not a field
	authenticationMsg cannot be resolved or is not a field
	The method clickOnQueueGetStartedBtn() is undefined for the type IntroductionPagePom
	authenticationMsg cannot be resolved or is not a field
	authenticationMsg cannot be resolved or is not a field
	authenticationMsg cannot be resolved or is not a field
	The method clickOnTreeGetStartedBtn() is undefined for the type IntroductionPagePom
	authenticationMsg cannot be resolved or is not a field
	authenticationMsg cannot be resolved or is not a field
	authenticationMsg cannot be resolved or is not a field
	The method clickOnGraphGetStartedBtn() is undefined for the type IntroductionPagePom
	authenticationMsg cannot be resolved or is not a field
	authenticationMsg cannot be resolved or is not a field
	authenticationMsg cannot be resolved or is not a field

	at StepDefinitions.Step_HomePage.<init>(Step_HomePage.java:22)
	at java.base/jdk.internal.reflect.DirectConstructorHandleAccessor.newInstance(DirectConstructorHandleAccessor.java:62)
	... 30 more
</textarea>
      
      </div>
              </div>
              <div class="step skip-bg" title="StepDefinitions.Step_HomePage.the_user_selects_stack_from_the_drop_down_without_sign_in()">
                <span>When The user selects Stack from the drop down without Sign in</span>
      <div>Step skipped
      </div>
              </div>
              <div class="step skip-bg" title="StepDefinitions.Step_HomePage.the_user_should_able_to_see_an_warning_message_you_are_not_logged_in_for_stack_drop_down_option()">
                <span>Then The user should able to see an warning message You are not logged in for Stack drop down option</span>
      <div>Step skipped
      </div>
              </div>
          </div>
        </div>
  </div>
  <div class="card">
    <div class="card-header" role="tab">
      <div class="card-title">
        <div class="node" id="8"><span class="badge log fail-bg mr-2">Fail</span>Verify that user is able to view options for Data Structures dropdown on home page without Sign in</div>
      </div>
    </div>
        <div class="">
          <div class="card-body">
              <div class="step fail-bg" title="StepDefinitions.Step_HomePage.the_user_clicks_the_data_structures_dropdown()">
                <span>When The user clicks the Data Structures dropdown</span>
      <div>
        <textarea disabled class="code-block">io.cucumber.core.exception.CucumberException: Failed to instantiate class StepDefinitions.Step_HomePage
	at io.cucumber.core.backend.DefaultObjectFactory.cacheNewInstance(DefaultObjectFactory.java:67)
	at io.cucumber.core.backend.DefaultObjectFactory.getInstance(DefaultObjectFactory.java:45)
	at io.cucumber.java.AbstractGlueDefinition.invokeMethod(AbstractGlueDefinition.java:47)
	at io.cucumber.java.JavaStepDefinition.execute(JavaStepDefinition.java:29)
	at io.cucumber.core.runner.CoreStepDefinition.execute(CoreStepDefinition.java:66)
	at io.cucumber.core.runner.PickleStepDefinitionMatch.runStep(PickleStepDefinitionMatch.java:62)
	at io.cucumber.core.runner.ExecutionMode$1.execute(ExecutionMode.java:10)
	at io.cucumber.core.runner.TestStep.executeStep(TestStep.java:81)
	at io.cucumber.core.runner.TestStep.run(TestStep.java:53)
	at io.cucumber.core.runner.PickleStepTestStep.run(PickleStepTestStep.java:51)
	at io.cucumber.core.runner.TestCase.run(TestCase.java:84)
	at io.cucumber.core.runner.Runner.runPickle(Runner.java:75)
	at io.cucumber.testng.TestNGCucumberRunner.lambda$runScenario$1(TestNGCucumberRunner.java:132)
	at io.cucumber.core.runtime.CucumberExecutionContext.lambda$runTestCase$5(CucumberExecutionContext.java:136)
	at io.cucumber.core.runtime.RethrowingThrowableCollector.executeAndThrow(RethrowingThrowableCollector.java:23)
	at io.cucumber.core.runtime.CucumberExecutionContext.runTestCase(CucumberExecutionContext.java:136)
	at io.cucumber.testng.TestNGCucumberRunner.runScenario(TestNGCucumberRunner.java:129)
	at io.cucumber.testng.AbstractTestNGCucumberTests.runScenario(AbstractTestNGCucumberTests.java:35)
	at java.base/jdk.internal.reflect.DirectMethodHandleAccessor.invoke(DirectMethodHandleAccessor.java:103)
	at java.base/java.lang.reflect.Method.invoke(Method.java:580)
	at org.testng.internal.invokers.MethodInvocationHelper.invokeMethod(MethodInvocationHelper.java:141)
	at org.testng.internal.invokers.TestInvoker.invokeMethod(TestInvoker.java:686)
	at org.testng.internal.invokers.TestInvoker.invokeTestMethod(TestInvoker.java:230)
	at org.testng.internal.invokers.TestMethodWithDataProviderMethodWorker.call(TestMethodWithDataProviderMethodWorker.java:81)
	at org.testng.internal.thread.Async$AsyncTask.run(Async.java:34)
	at java.base/java.util.concurrent.ThreadPoolExecutor.runWorker(ThreadPoolExecutor.java:1144)
	at java.base/java.util.concurrent.ThreadPoolExecutor$Worker.run(ThreadPoolExecutor.java:642)
	at java.base/java.lang.Thread.run(Thread.java:1575)
Caused by: java.lang.reflect.InvocationTargetException
	at java.base/jdk.internal.reflect.DirectConstructorHandleAccessor.newInstance(DirectConstructorHandleAccessor.java:74)
	at java.base/java.lang.reflect.Constructor.newInstanceWithCaller(Constructor.java:501)
	at java.base/java.lang.reflect.Constructor.newInstance(Constructor.java:485)
	at io.cucumber.core.backend.DefaultObjectFactory.cacheNewInstance(DefaultObjectFactory.java:53)
	... 27 more
Caused by: java.lang.Error: Unresolved compilation problems: 
	The constructor HomePom() is undefined
	The constructor IntroductionPagePom() is undefined
	The field HomePom.contentHeader is not visible
	The field HomePom.contentText is not visible
	The field HomePom.getStartedButton is not visible
	The field IntroductionPagePom.registerLink is not visible
	The field IntroductionPagePom.signInLink is not visible
	dsDropdown cannot be resolved or is not a field
	dsDropdown cannot be resolved or is not a field
	The method clickDropdownItemArray() is undefined for the type IntroductionPagePom
	authenticationMsg cannot be resolved or is not a field
	authenticationMsg cannot be resolved or is not a field
	authenticationMsg cannot be resolved or is not a field
	The method clickDropdownItemLinkedList() is undefined for the type IntroductionPagePom
	authenticationMsg cannot be resolved or is not a field
	authenticationMsg cannot be resolved or is not a field
	authenticationMsg cannot be resolved or is not a field
	The method clickDropdownItemStack() is undefined for the type IntroductionPagePom
	authenticationMsg cannot be resolved or is not a field
	authenticationMsg cannot be resolved or is not a field
	authenticationMsg cannot be resolved or is not a field
	The method clickDropdownItemQueue() is undefined for the type IntroductionPagePom
	authenticationMsg cannot be resolved or is not a field
	authenticationMsg cannot be resolved or is not a field
	authenticationMsg cannot be resolved or is not a field
	The method clickDropdownItemTree() is undefined for the type IntroductionPagePom
	authenticationMsg cannot be resolved or is not a field
	authenticationMsg cannot be resolved or is not a field
	authenticationMsg cannot be resolved or is not a field
	The method clickDropdownItemGraph() is undefined for the type IntroductionPagePom
	authenticationMsg cannot be resolved or is not a field
	authenticationMsg cannot be resolved or is not a field
	authenticationMsg cannot be resolved or is not a field
	authenticationMsg cannot be resolved or is not a field
	authenticationMsg cannot be resolved or is not a field
	authenticationMsg cannot be resolved or is not a field
	authenticationMsg cannot be resolved or is not a field
	authenticationMsg cannot be resolved or is not a field
	authenticationMsg cannot be resolved or is not a field
	The method clickOnLinkedListGetStartedBtn() is undefined for the type IntroductionPagePom
	authenticationMsg cannot be resolved or is not a field
	authenticationMsg cannot be resolved or is not a field
	authenticationMsg cannot be resolved or is not a field
	The method clickOnStackGetStartedBtn() is undefined for the type IntroductionPagePom
	authenticationMsg cannot be resolved or is not a field
	authenticationMsg cannot be resolved or is not a field
	authenticationMsg cannot be resolved or is not a field
	The method clickOnQueueGetStartedBtn() is undefined for the type IntroductionPagePom
	authenticationMsg cannot be resolved or is not a field
	authenticationMsg cannot be resolved or is not a field
	authenticationMsg cannot be resolved or is not a field
	The method clickOnTreeGetStartedBtn() is undefined for the type IntroductionPagePom
	authenticationMsg cannot be resolved or is not a field
	authenticationMsg cannot be resolved or is not a field
	authenticationMsg cannot be resolved or is not a field
	The method clickOnGraphGetStartedBtn() is undefined for the type IntroductionPagePom
	authenticationMsg cannot be resolved or is not a field
	authenticationMsg cannot be resolved or is not a field
	authenticationMsg cannot be resolved or is not a field

	at StepDefinitions.Step_HomePage.<init>(Step_HomePage.java:22)
	at java.base/jdk.internal.reflect.DirectConstructorHandleAccessor.newInstance(DirectConstructorHandleAccessor.java:62)
	... 30 more
</textarea>
      
      </div>
              </div>
              <div class="step skip-bg" title="StepDefinitions.Step_HomePage.the_user_should_be_able_to_see_six_options_like_arrays_linked_list_stack_queue_tree_graph_in_dropdown_menu()">
                <span>Then The user should be able to see six options like Arrays Linked List Stack Queue Tree Graph in dropdown menu</span>
      <div>Step skipped
      </div>
              </div>
          </div>
        </div>
  </div>
  <div class="card">
    <div class="card-header" role="tab">
      <div class="card-title">
        <div class="node" id="9"><span class="badge log fail-bg mr-2">Fail</span>Verify that user is able to open the dsAlgo Portal-home page</div>
      </div>
    </div>
        <div class="">
          <div class="card-body">
              <div class="step fail-bg" title="StepDefinitions.Step_HomePage.the_user_enter_correct_ds_algo_portal_url_url()">
                <span>When The user enter correct dsAlgo portal URL <URL></span>
      <div>
        <textarea disabled class="code-block">io.cucumber.core.exception.CucumberException: Failed to instantiate class StepDefinitions.Step_HomePage
	at io.cucumber.core.backend.DefaultObjectFactory.cacheNewInstance(DefaultObjectFactory.java:67)
	at io.cucumber.core.backend.DefaultObjectFactory.getInstance(DefaultObjectFactory.java:45)
	at io.cucumber.java.AbstractGlueDefinition.invokeMethod(AbstractGlueDefinition.java:47)
	at io.cucumber.java.JavaStepDefinition.execute(JavaStepDefinition.java:29)
	at io.cucumber.core.runner.CoreStepDefinition.execute(CoreStepDefinition.java:66)
	at io.cucumber.core.runner.PickleStepDefinitionMatch.runStep(PickleStepDefinitionMatch.java:62)
	at io.cucumber.core.runner.ExecutionMode$1.execute(ExecutionMode.java:10)
	at io.cucumber.core.runner.TestStep.executeStep(TestStep.java:81)
	at io.cucumber.core.runner.TestStep.run(TestStep.java:53)
	at io.cucumber.core.runner.PickleStepTestStep.run(PickleStepTestStep.java:51)
	at io.cucumber.core.runner.TestCase.run(TestCase.java:84)
	at io.cucumber.core.runner.Runner.runPickle(Runner.java:75)
	at io.cucumber.testng.TestNGCucumberRunner.lambda$runScenario$1(TestNGCucumberRunner.java:132)
	at io.cucumber.core.runtime.CucumberExecutionContext.lambda$runTestCase$5(CucumberExecutionContext.java:136)
	at io.cucumber.core.runtime.RethrowingThrowableCollector.executeAndThrow(RethrowingThrowableCollector.java:23)
	at io.cucumber.core.runtime.CucumberExecutionContext.runTestCase(CucumberExecutionContext.java:136)
	at io.cucumber.testng.TestNGCucumberRunner.runScenario(TestNGCucumberRunner.java:129)
	at io.cucumber.testng.AbstractTestNGCucumberTests.runScenario(AbstractTestNGCucumberTests.java:35)
	at java.base/jdk.internal.reflect.DirectMethodHandleAccessor.invoke(DirectMethodHandleAccessor.java:103)
	at java.base/java.lang.reflect.Method.invoke(Method.java:580)
	at org.testng.internal.invokers.MethodInvocationHelper.invokeMethod(MethodInvocationHelper.java:141)
	at org.testng.internal.invokers.TestInvoker.invokeMethod(TestInvoker.java:686)
	at org.testng.internal.invokers.TestInvoker.invokeTestMethod(TestInvoker.java:230)
	at org.testng.internal.invokers.TestMethodWithDataProviderMethodWorker.call(TestMethodWithDataProviderMethodWorker.java:81)
	at org.testng.internal.thread.Async$AsyncTask.run(Async.java:34)
	at java.base/java.util.concurrent.ThreadPoolExecutor.runWorker(ThreadPoolExecutor.java:1144)
	at java.base/java.util.concurrent.ThreadPoolExecutor$Worker.run(ThreadPoolExecutor.java:642)
	at java.base/java.lang.Thread.run(Thread.java:1575)
Caused by: java.lang.reflect.InvocationTargetException
	at java.base/jdk.internal.reflect.DirectConstructorHandleAccessor.newInstance(DirectConstructorHandleAccessor.java:74)
	at java.base/java.lang.reflect.Constructor.newInstanceWithCaller(Constructor.java:501)
	at java.base/java.lang.reflect.Constructor.newInstance(Constructor.java:485)
	at io.cucumber.core.backend.DefaultObjectFactory.cacheNewInstance(DefaultObjectFactory.java:53)
	... 27 more
Caused by: java.lang.Error: Unresolved compilation problems: 
	The constructor HomePom() is undefined
	The constructor IntroductionPagePom() is undefined
	The field HomePom.contentHeader is not visible
	The field HomePom.contentText is not visible
	The field HomePom.getStartedButton is not visible
	The field IntroductionPagePom.registerLink is not visible
	The field IntroductionPagePom.signInLink is not visible
	dsDropdown cannot be resolved or is not a field
	dsDropdown cannot be resolved or is not a field
	The method clickDropdownItemArray() is undefined for the type IntroductionPagePom
	authenticationMsg cannot be resolved or is not a field
	authenticationMsg cannot be resolved or is not a field
	authenticationMsg cannot be resolved or is not a field
	The method clickDropdownItemLinkedList() is undefined for the type IntroductionPagePom
	authenticationMsg cannot be resolved or is not a field
	authenticationMsg cannot be resolved or is not a field
	authenticationMsg cannot be resolved or is not a field
	The method clickDropdownItemStack() is undefined for the type IntroductionPagePom
	authenticationMsg cannot be resolved or is not a field
	authenticationMsg cannot be resolved or is not a field
	authenticationMsg cannot be resolved or is not a field
	The method clickDropdownItemQueue() is undefined for the type IntroductionPagePom
	authenticationMsg cannot be resolved or is not a field
	authenticationMsg cannot be resolved or is not a field
	authenticationMsg cannot be resolved or is not a field
	The method clickDropdownItemTree() is undefined for the type IntroductionPagePom
	authenticationMsg cannot be resolved or is not a field
	authenticationMsg cannot be resolved or is not a field
	authenticationMsg cannot be resolved or is not a field
	The method clickDropdownItemGraph() is undefined for the type IntroductionPagePom
	authenticationMsg cannot be resolved or is not a field
	authenticationMsg cannot be resolved or is not a field
	authenticationMsg cannot be resolved or is not a field
	authenticationMsg cannot be resolved or is not a field
	authenticationMsg cannot be resolved or is not a field
	authenticationMsg cannot be resolved or is not a field
	authenticationMsg cannot be resolved or is not a field
	authenticationMsg cannot be resolved or is not a field
	authenticationMsg cannot be resolved or is not a field
	The method clickOnLinkedListGetStartedBtn() is undefined for the type IntroductionPagePom
	authenticationMsg cannot be resolved or is not a field
	authenticationMsg cannot be resolved or is not a field
	authenticationMsg cannot be resolved or is not a field
	The method clickOnStackGetStartedBtn() is undefined for the type IntroductionPagePom
	authenticationMsg cannot be resolved or is not a field
	authenticationMsg cannot be resolved or is not a field
	authenticationMsg cannot be resolved or is not a field
	The method clickOnQueueGetStartedBtn() is undefined for the type IntroductionPagePom
	authenticationMsg cannot be resolved or is not a field
	authenticationMsg cannot be resolved or is not a field
	authenticationMsg cannot be resolved or is not a field
	The method clickOnTreeGetStartedBtn() is undefined for the type IntroductionPagePom
	authenticationMsg cannot be resolved or is not a field
	authenticationMsg cannot be resolved or is not a field
	authenticationMsg cannot be resolved or is not a field
	The method clickOnGraphGetStartedBtn() is undefined for the type IntroductionPagePom
	authenticationMsg cannot be resolved or is not a field
	authenticationMsg cannot be resolved or is not a field
	authenticationMsg cannot be resolved or is not a field

	at StepDefinitions.Step_HomePage.<init>(Step_HomePage.java:22)
	at java.base/jdk.internal.reflect.DirectConstructorHandleAccessor.newInstance(DirectConstructorHandleAccessor.java:62)
	... 30 more
</textarea>
      
      </div>
              </div>
              <div class="step skip-bg" title="StepDefinitions.Step_HomePage.the_user_should_be_able_to_land_on_ds_algo_portal_with_get_started_button()">
                <span>Then The user should be able to land on dsAlgo portal with Get Started button</span>
      <div>Step skipped
      </div>
              </div>
          </div>
        </div>
  </div>
  <div class="card">
    <div class="card-header" role="tab">
      <div class="card-title">
        <div class="node" id="10"><span class="badge log fail-bg mr-2">Fail</span>Verify that user able to see warning message while selecting Graph from the drop down without Sign in.</div>
      </div>
    </div>
        <div class="">
          <div class="card-body">
              <div class="step fail-bg" title="StepDefinitions.Step_HomePage.the_user_clicks_data_structures_drop_down()">
                <span>Given The user clicks Data Structures drop down</span>
      <div>
        <textarea disabled class="code-block">io.cucumber.core.exception.CucumberException: Failed to instantiate class StepDefinitions.Step_HomePage
	at io.cucumber.core.backend.DefaultObjectFactory.cacheNewInstance(DefaultObjectFactory.java:67)
	at io.cucumber.core.backend.DefaultObjectFactory.getInstance(DefaultObjectFactory.java:45)
	at io.cucumber.java.AbstractGlueDefinition.invokeMethod(AbstractGlueDefinition.java:47)
	at io.cucumber.java.JavaStepDefinition.execute(JavaStepDefinition.java:29)
	at io.cucumber.core.runner.CoreStepDefinition.execute(CoreStepDefinition.java:66)
	at io.cucumber.core.runner.PickleStepDefinitionMatch.runStep(PickleStepDefinitionMatch.java:62)
	at io.cucumber.core.runner.ExecutionMode$1.execute(ExecutionMode.java:10)
	at io.cucumber.core.runner.TestStep.executeStep(TestStep.java:81)
	at io.cucumber.core.runner.TestStep.run(TestStep.java:53)
	at io.cucumber.core.runner.PickleStepTestStep.run(PickleStepTestStep.java:51)
	at io.cucumber.core.runner.TestCase.run(TestCase.java:84)
	at io.cucumber.core.runner.Runner.runPickle(Runner.java:75)
	at io.cucumber.testng.TestNGCucumberRunner.lambda$runScenario$1(TestNGCucumberRunner.java:132)
	at io.cucumber.core.runtime.CucumberExecutionContext.lambda$runTestCase$5(CucumberExecutionContext.java:136)
	at io.cucumber.core.runtime.RethrowingThrowableCollector.executeAndThrow(RethrowingThrowableCollector.java:23)
	at io.cucumber.core.runtime.CucumberExecutionContext.runTestCase(CucumberExecutionContext.java:136)
	at io.cucumber.testng.TestNGCucumberRunner.runScenario(TestNGCucumberRunner.java:129)
	at io.cucumber.testng.AbstractTestNGCucumberTests.runScenario(AbstractTestNGCucumberTests.java:35)
	at java.base/jdk.internal.reflect.DirectMethodHandleAccessor.invoke(DirectMethodHandleAccessor.java:103)
	at java.base/java.lang.reflect.Method.invoke(Method.java:580)
	at org.testng.internal.invokers.MethodInvocationHelper.invokeMethod(MethodInvocationHelper.java:141)
	at org.testng.internal.invokers.TestInvoker.invokeMethod(TestInvoker.java:686)
	at org.testng.internal.invokers.TestInvoker.invokeTestMethod(TestInvoker.java:230)
	at org.testng.internal.invokers.TestMethodWithDataProviderMethodWorker.call(TestMethodWithDataProviderMethodWorker.java:81)
	at org.testng.internal.thread.Async$AsyncTask.run(Async.java:34)
	at java.base/java.util.concurrent.ThreadPoolExecutor.runWorker(ThreadPoolExecutor.java:1144)
	at java.base/java.util.concurrent.ThreadPoolExecutor$Worker.run(ThreadPoolExecutor.java:642)
	at java.base/java.lang.Thread.run(Thread.java:1575)
Caused by: java.lang.reflect.InvocationTargetException
	at java.base/jdk.internal.reflect.DirectConstructorHandleAccessor.newInstance(DirectConstructorHandleAccessor.java:74)
	at java.base/java.lang.reflect.Constructor.newInstanceWithCaller(Constructor.java:501)
	at java.base/java.lang.reflect.Constructor.newInstance(Constructor.java:485)
	at io.cucumber.core.backend.DefaultObjectFactory.cacheNewInstance(DefaultObjectFactory.java:53)
	... 27 more
Caused by: java.lang.Error: Unresolved compilation problems: 
	The constructor HomePom() is undefined
	The constructor IntroductionPagePom() is undefined
	The field HomePom.contentHeader is not visible
	The field HomePom.contentText is not visible
	The field HomePom.getStartedButton is not visible
	The field IntroductionPagePom.registerLink is not visible
	The field IntroductionPagePom.signInLink is not visible
	dsDropdown cannot be resolved or is not a field
	dsDropdown cannot be resolved or is not a field
	The method clickDropdownItemArray() is undefined for the type IntroductionPagePom
	authenticationMsg cannot be resolved or is not a field
	authenticationMsg cannot be resolved or is not a field
	authenticationMsg cannot be resolved or is not a field
	The method clickDropdownItemLinkedList() is undefined for the type IntroductionPagePom
	authenticationMsg cannot be resolved or is not a field
	authenticationMsg cannot be resolved or is not a field
	authenticationMsg cannot be resolved or is not a field
	The method clickDropdownItemStack() is undefined for the type IntroductionPagePom
	authenticationMsg cannot be resolved or is not a field
	authenticationMsg cannot be resolved or is not a field
	authenticationMsg cannot be resolved or is not a field
	The method clickDropdownItemQueue() is undefined for the type IntroductionPagePom
	authenticationMsg cannot be resolved or is not a field
	authenticationMsg cannot be resolved or is not a field
	authenticationMsg cannot be resolved or is not a field
	The method clickDropdownItemTree() is undefined for the type IntroductionPagePom
	authenticationMsg cannot be resolved or is not a field
	authenticationMsg cannot be resolved or is not a field
	authenticationMsg cannot be resolved or is not a field
	The method clickDropdownItemGraph() is undefined for the type IntroductionPagePom
	authenticationMsg cannot be resolved or is not a field
	authenticationMsg cannot be resolved or is not a field
	authenticationMsg cannot be resolved or is not a field
	authenticationMsg cannot be resolved or is not a field
	authenticationMsg cannot be resolved or is not a field
	authenticationMsg cannot be resolved or is not a field
	authenticationMsg cannot be resolved or is not a field
	authenticationMsg cannot be resolved or is not a field
	authenticationMsg cannot be resolved or is not a field
	The method clickOnLinkedListGetStartedBtn() is undefined for the type IntroductionPagePom
	authenticationMsg cannot be resolved or is not a field
	authenticationMsg cannot be resolved or is not a field
	authenticationMsg cannot be resolved or is not a field
	The method clickOnStackGetStartedBtn() is undefined for the type IntroductionPagePom
	authenticationMsg cannot be resolved or is not a field
	authenticationMsg cannot be resolved or is not a field
	authenticationMsg cannot be resolved or is not a field
	The method clickOnQueueGetStartedBtn() is undefined for the type IntroductionPagePom
	authenticationMsg cannot be resolved or is not a field
	authenticationMsg cannot be resolved or is not a field
	authenticationMsg cannot be resolved or is not a field
	The method clickOnTreeGetStartedBtn() is undefined for the type IntroductionPagePom
	authenticationMsg cannot be resolved or is not a field
	authenticationMsg cannot be resolved or is not a field
	authenticationMsg cannot be resolved or is not a field
	The method clickOnGraphGetStartedBtn() is undefined for the type IntroductionPagePom
	authenticationMsg cannot be resolved or is not a field
	authenticationMsg cannot be resolved or is not a field
	authenticationMsg cannot be resolved or is not a field

	at StepDefinitions.Step_HomePage.<init>(Step_HomePage.java:22)
	at java.base/jdk.internal.reflect.DirectConstructorHandleAccessor.newInstance(DirectConstructorHandleAccessor.java:62)
	... 30 more
</textarea>
      
      </div>
              </div>
              <div class="step skip-bg" title="StepDefinitions.Step_HomePage.the_user_selects_graph_from_the_drop_down_without_sign_in()">
                <span>When The user selects Graph from the drop down without Sign in</span>
      <div>Step skipped
      </div>
              </div>
              <div class="step skip-bg" title="StepDefinitions.Step_HomePage.the_user_should_able_to_see_an_warning_message_you_are_not_logged_in_for_graph_drop_down_option()">
                <span>Then The user should able to see an warning message You are not logged in for Graph drop down option</span>
      <div>Step skipped
      </div>
              </div>
          </div>
        </div>
  </div>
  <div class="card">
    <div class="card-header" role="tab">
      <div class="card-title">
        <div class="node" id="16"><span class="badge log fail-bg mr-2">Fail</span>Verify that user able to see warning message on clicking Get Started buttons of Data Structures-Introduction on the home page without Sign in</div>
      </div>
    </div>
        <div class="">
          <div class="card-body">
              <div class="step fail-bg" title="StepDefinitions.Step_HomePage.the_user_should_land_in_data_structure_introduction_page_with_register_and_sign_in_links()">
                <span>Given The user should land in Data Structure Introduction Page with register and Sign in links</span>
      <div>
        <textarea disabled class="code-block">io.cucumber.core.exception.CucumberException: Failed to instantiate class StepDefinitions.Step_HomePage
	at io.cucumber.core.backend.DefaultObjectFactory.cacheNewInstance(DefaultObjectFactory.java:67)
	at io.cucumber.core.backend.DefaultObjectFactory.getInstance(DefaultObjectFactory.java:45)
	at io.cucumber.java.AbstractGlueDefinition.invokeMethod(AbstractGlueDefinition.java:47)
	at io.cucumber.java.JavaStepDefinition.execute(JavaStepDefinition.java:29)
	at io.cucumber.core.runner.CoreStepDefinition.execute(CoreStepDefinition.java:66)
	at io.cucumber.core.runner.PickleStepDefinitionMatch.runStep(PickleStepDefinitionMatch.java:62)
	at io.cucumber.core.runner.ExecutionMode$1.execute(ExecutionMode.java:10)
	at io.cucumber.core.runner.TestStep.executeStep(TestStep.java:81)
	at io.cucumber.core.runner.TestStep.run(TestStep.java:53)
	at io.cucumber.core.runner.PickleStepTestStep.run(PickleStepTestStep.java:51)
	at io.cucumber.core.runner.TestCase.run(TestCase.java:84)
	at io.cucumber.core.runner.Runner.runPickle(Runner.java:75)
	at io.cucumber.testng.TestNGCucumberRunner.lambda$runScenario$1(TestNGCucumberRunner.java:132)
	at io.cucumber.core.runtime.CucumberExecutionContext.lambda$runTestCase$5(CucumberExecutionContext.java:136)
	at io.cucumber.core.runtime.RethrowingThrowableCollector.executeAndThrow(RethrowingThrowableCollector.java:23)
	at io.cucumber.core.runtime.CucumberExecutionContext.runTestCase(CucumberExecutionContext.java:136)
	at io.cucumber.testng.TestNGCucumberRunner.runScenario(TestNGCucumberRunner.java:129)
	at io.cucumber.testng.AbstractTestNGCucumberTests.runScenario(AbstractTestNGCucumberTests.java:35)
	at java.base/jdk.internal.reflect.DirectMethodHandleAccessor.invoke(DirectMethodHandleAccessor.java:103)
	at java.base/java.lang.reflect.Method.invoke(Method.java:580)
	at org.testng.internal.invokers.MethodInvocationHelper.invokeMethod(MethodInvocationHelper.java:141)
	at org.testng.internal.invokers.TestInvoker.invokeMethod(TestInvoker.java:686)
	at org.testng.internal.invokers.TestInvoker.invokeTestMethod(TestInvoker.java:230)
	at org.testng.internal.invokers.TestMethodWithDataProviderMethodWorker.call(TestMethodWithDataProviderMethodWorker.java:81)
	at org.testng.internal.thread.Async$AsyncTask.run(Async.java:34)
	at java.base/java.util.concurrent.ThreadPoolExecutor.runWorker(ThreadPoolExecutor.java:1144)
	at java.base/java.util.concurrent.ThreadPoolExecutor$Worker.run(ThreadPoolExecutor.java:642)
	at java.base/java.lang.Thread.run(Thread.java:1575)
Caused by: java.lang.reflect.InvocationTargetException
	at java.base/jdk.internal.reflect.DirectConstructorHandleAccessor.newInstance(DirectConstructorHandleAccessor.java:74)
	at java.base/java.lang.reflect.Constructor.newInstanceWithCaller(Constructor.java:501)
	at java.base/java.lang.reflect.Constructor.newInstance(Constructor.java:485)
	at io.cucumber.core.backend.DefaultObjectFactory.cacheNewInstance(DefaultObjectFactory.java:53)
	... 27 more
Caused by: java.lang.Error: Unresolved compilation problems: 
	The constructor HomePom() is undefined
	The constructor IntroductionPagePom() is undefined
	The field HomePom.contentHeader is not visible
	The field HomePom.contentText is not visible
	The field HomePom.getStartedButton is not visible
	The field IntroductionPagePom.registerLink is not visible
	The field IntroductionPagePom.signInLink is not visible
	dsDropdown cannot be resolved or is not a field
	dsDropdown cannot be resolved or is not a field
	The method clickDropdownItemArray() is undefined for the type IntroductionPagePom
	authenticationMsg cannot be resolved or is not a field
	authenticationMsg cannot be resolved or is not a field
	authenticationMsg cannot be resolved or is not a field
	The method clickDropdownItemLinkedList() is undefined for the type IntroductionPagePom
	authenticationMsg cannot be resolved or is not a field
	authenticationMsg cannot be resolved or is not a field
	authenticationMsg cannot be resolved or is not a field
	The method clickDropdownItemStack() is undefined for the type IntroductionPagePom
	authenticationMsg cannot be resolved or is not a field
	authenticationMsg cannot be resolved or is not a field
	authenticationMsg cannot be resolved or is not a field
	The method clickDropdownItemQueue() is undefined for the type IntroductionPagePom
	authenticationMsg cannot be resolved or is not a field
	authenticationMsg cannot be resolved or is not a field
	authenticationMsg cannot be resolved or is not a field
	The method clickDropdownItemTree() is undefined for the type IntroductionPagePom
	authenticationMsg cannot be resolved or is not a field
	authenticationMsg cannot be resolved or is not a field
	authenticationMsg cannot be resolved or is not a field
	The method clickDropdownItemGraph() is undefined for the type IntroductionPagePom
	authenticationMsg cannot be resolved or is not a field
	authenticationMsg cannot be resolved or is not a field
	authenticationMsg cannot be resolved or is not a field
	authenticationMsg cannot be resolved or is not a field
	authenticationMsg cannot be resolved or is not a field
	authenticationMsg cannot be resolved or is not a field
	authenticationMsg cannot be resolved or is not a field
	authenticationMsg cannot be resolved or is not a field
	authenticationMsg cannot be resolved or is not a field
	The method clickOnLinkedListGetStartedBtn() is undefined for the type IntroductionPagePom
	authenticationMsg cannot be resolved or is not a field
	authenticationMsg cannot be resolved or is not a field
	authenticationMsg cannot be resolved or is not a field
	The method clickOnStackGetStartedBtn() is undefined for the type IntroductionPagePom
	authenticationMsg cannot be resolved or is not a field
	authenticationMsg cannot be resolved or is not a field
	authenticationMsg cannot be resolved or is not a field
	The method clickOnQueueGetStartedBtn() is undefined for the type IntroductionPagePom
	authenticationMsg cannot be resolved or is not a field
	authenticationMsg cannot be resolved or is not a field
	authenticationMsg cannot be resolved or is not a field
	The method clickOnTreeGetStartedBtn() is undefined for the type IntroductionPagePom
	authenticationMsg cannot be resolved or is not a field
	authenticationMsg cannot be resolved or is not a field
	authenticationMsg cannot be resolved or is not a field
	The method clickOnGraphGetStartedBtn() is undefined for the type IntroductionPagePom
	authenticationMsg cannot be resolved or is not a field
	authenticationMsg cannot be resolved or is not a field
	authenticationMsg cannot be resolved or is not a field

	at StepDefinitions.Step_HomePage.<init>(Step_HomePage.java:22)
	at java.base/jdk.internal.reflect.DirectConstructorHandleAccessor.newInstance(DirectConstructorHandleAccessor.java:62)
	... 30 more
</textarea>
      
      </div>
              </div>
              <div class="step skip-bg" title="StepDefinitions.Step_HomePage.the_user_clicks_get_started_buttons_of_data_structures_introduction_on_the_homepage_without_sign_in()">
                <span>When The user clicks Get Started buttons of Data Structures-Introduction on the homepage without Sign in</span>
      <div>Step skipped
      </div>
              </div>
              <div class="step skip-bg" title="StepDefinitions.Step_HomePage.the_user_should_able_to_see_an_warning_message_you_are_not_logged_in_for_ds_introduction()">
                <span>Then The user should able to see an warning message You are not logged in for DS Introduction</span>
      <div>Step skipped
      </div>
              </div>
          </div>
        </div>
  </div>
  <div class="card">
    <div class="card-header" role="tab">
      <div class="card-title">
        <div class="node" id="54"><span class="badge log fail-bg mr-2">Fail</span>Verify that user able to see warning message on clicking Get Started buttons of Array on the home page without Sign in</div>
      </div>
    </div>
        <div class="">
          <div class="card-body">
              <div class="step fail-bg" title="StepDefinitions.Step_HomePage.the_user_should_land_in_data_structure_introduction_page_with_register_and_sign_in_links()">
                <span>Given The user should land in Data Structure Introduction Page with register and Sign in links</span>
      <div>
        <textarea disabled class="code-block">io.cucumber.core.exception.CucumberException: Failed to instantiate class StepDefinitions.Step_HomePage
	at io.cucumber.core.backend.DefaultObjectFactory.cacheNewInstance(DefaultObjectFactory.java:67)
	at io.cucumber.core.backend.DefaultObjectFactory.getInstance(DefaultObjectFactory.java:45)
	at io.cucumber.java.AbstractGlueDefinition.invokeMethod(AbstractGlueDefinition.java:47)
	at io.cucumber.java.JavaStepDefinition.execute(JavaStepDefinition.java:29)
	at io.cucumber.core.runner.CoreStepDefinition.execute(CoreStepDefinition.java:66)
	at io.cucumber.core.runner.PickleStepDefinitionMatch.runStep(PickleStepDefinitionMatch.java:62)
	at io.cucumber.core.runner.ExecutionMode$1.execute(ExecutionMode.java:10)
	at io.cucumber.core.runner.TestStep.executeStep(TestStep.java:81)
	at io.cucumber.core.runner.TestStep.run(TestStep.java:53)
	at io.cucumber.core.runner.PickleStepTestStep.run(PickleStepTestStep.java:51)
	at io.cucumber.core.runner.TestCase.run(TestCase.java:84)
	at io.cucumber.core.runner.Runner.runPickle(Runner.java:75)
	at io.cucumber.testng.TestNGCucumberRunner.lambda$runScenario$1(TestNGCucumberRunner.java:132)
	at io.cucumber.core.runtime.CucumberExecutionContext.lambda$runTestCase$5(CucumberExecutionContext.java:136)
	at io.cucumber.core.runtime.RethrowingThrowableCollector.executeAndThrow(RethrowingThrowableCollector.java:23)
	at io.cucumber.core.runtime.CucumberExecutionContext.runTestCase(CucumberExecutionContext.java:136)
	at io.cucumber.testng.TestNGCucumberRunner.runScenario(TestNGCucumberRunner.java:129)
	at io.cucumber.testng.AbstractTestNGCucumberTests.runScenario(AbstractTestNGCucumberTests.java:35)
	at java.base/jdk.internal.reflect.DirectMethodHandleAccessor.invoke(DirectMethodHandleAccessor.java:103)
	at java.base/java.lang.reflect.Method.invoke(Method.java:580)
	at org.testng.internal.invokers.MethodInvocationHelper.invokeMethod(MethodInvocationHelper.java:141)
	at org.testng.internal.invokers.TestInvoker.invokeMethod(TestInvoker.java:686)
	at org.testng.internal.invokers.TestInvoker.invokeTestMethod(TestInvoker.java:230)
	at org.testng.internal.invokers.TestMethodWithDataProviderMethodWorker.call(TestMethodWithDataProviderMethodWorker.java:81)
	at org.testng.internal.thread.Async$AsyncTask.run(Async.java:34)
	at java.base/java.util.concurrent.ThreadPoolExecutor.runWorker(ThreadPoolExecutor.java:1144)
	at java.base/java.util.concurrent.ThreadPoolExecutor$Worker.run(ThreadPoolExecutor.java:642)
	at java.base/java.lang.Thread.run(Thread.java:1575)
Caused by: java.lang.reflect.InvocationTargetException
	at java.base/jdk.internal.reflect.DirectConstructorHandleAccessor.newInstance(DirectConstructorHandleAccessor.java:74)
	at java.base/java.lang.reflect.Constructor.newInstanceWithCaller(Constructor.java:501)
	at java.base/java.lang.reflect.Constructor.newInstance(Constructor.java:485)
	at io.cucumber.core.backend.DefaultObjectFactory.cacheNewInstance(DefaultObjectFactory.java:53)
	... 27 more
Caused by: java.lang.Error: Unresolved compilation problems: 
	The constructor HomePom() is undefined
	The constructor IntroductionPagePom() is undefined
	The field HomePom.contentHeader is not visible
	The field HomePom.contentText is not visible
	The field HomePom.getStartedButton is not visible
	The field IntroductionPagePom.registerLink is not visible
	The field IntroductionPagePom.signInLink is not visible
	dsDropdown cannot be resolved or is not a field
	dsDropdown cannot be resolved or is not a field
	The method clickDropdownItemArray() is undefined for the type IntroductionPagePom
	authenticationMsg cannot be resolved or is not a field
	authenticationMsg cannot be resolved or is not a field
	authenticationMsg cannot be resolved or is not a field
	The method clickDropdownItemLinkedList() is undefined for the type IntroductionPagePom
	authenticationMsg cannot be resolved or is not a field
	authenticationMsg cannot be resolved or is not a field
	authenticationMsg cannot be resolved or is not a field
	The method clickDropdownItemStack() is undefined for the type IntroductionPagePom
	authenticationMsg cannot be resolved or is not a field
	authenticationMsg cannot be resolved or is not a field
	authenticationMsg cannot be resolved or is not a field
	The method clickDropdownItemQueue() is undefined for the type IntroductionPagePom
	authenticationMsg cannot be resolved or is not a field
	authenticationMsg cannot be resolved or is not a field
	authenticationMsg cannot be resolved or is not a field
	The method clickDropdownItemTree() is undefined for the type IntroductionPagePom
	authenticationMsg cannot be resolved or is not a field
	authenticationMsg cannot be resolved or is not a field
	authenticationMsg cannot be resolved or is not a field
	The method clickDropdownItemGraph() is undefined for the type IntroductionPagePom
	authenticationMsg cannot be resolved or is not a field
	authenticationMsg cannot be resolved or is not a field
	authenticationMsg cannot be resolved or is not a field
	authenticationMsg cannot be resolved or is not a field
	authenticationMsg cannot be resolved or is not a field
	authenticationMsg cannot be resolved or is not a field
	authenticationMsg cannot be resolved or is not a field
	authenticationMsg cannot be resolved or is not a field
	authenticationMsg cannot be resolved or is not a field
	The method clickOnLinkedListGetStartedBtn() is undefined for the type IntroductionPagePom
	authenticationMsg cannot be resolved or is not a field
	authenticationMsg cannot be resolved or is not a field
	authenticationMsg cannot be resolved or is not a field
	The method clickOnStackGetStartedBtn() is undefined for the type IntroductionPagePom
	authenticationMsg cannot be resolved or is not a field
	authenticationMsg cannot be resolved or is not a field
	authenticationMsg cannot be resolved or is not a field
	The method clickOnQueueGetStartedBtn() is undefined for the type IntroductionPagePom
	authenticationMsg cannot be resolved or is not a field
	authenticationMsg cannot be resolved or is not a field
	authenticationMsg cannot be resolved or is not a field
	The method clickOnTreeGetStartedBtn() is undefined for the type IntroductionPagePom
	authenticationMsg cannot be resolved or is not a field
	authenticationMsg cannot be resolved or is not a field
	authenticationMsg cannot be resolved or is not a field
	The method clickOnGraphGetStartedBtn() is undefined for the type IntroductionPagePom
	authenticationMsg cannot be resolved or is not a field
	authenticationMsg cannot be resolved or is not a field
	authenticationMsg cannot be resolved or is not a field

	at StepDefinitions.Step_HomePage.<init>(Step_HomePage.java:22)
	at java.base/jdk.internal.reflect.DirectConstructorHandleAccessor.newInstance(DirectConstructorHandleAccessor.java:62)
	... 30 more
</textarea>
      
      </div>
              </div>
              <div class="step skip-bg" title="StepDefinitions.Step_HomePage.the_user_clicks_get_started_buttons_of_array_on_the_homepage_without_sign_in()">
                <span>When The user clicks Get Started buttons of Array on the homepage without Sign in</span>
      <div>Step skipped
      </div>
              </div>
              <div class="step skip-bg" title="StepDefinitions.Step_HomePage.the_user_should_able_to_see_an_warning_message_you_are_not_logged_in_for_array()">
                <span>Then The user should able to see an warning message You are not logged in for Array</span>
      <div>Step skipped
      </div>
              </div>
          </div>
        </div>
  </div>
  <div class="card">
    <div class="card-header" role="tab">
      <div class="card-title">
        <div class="node" id="60"><span class="badge log fail-bg mr-2">Fail</span>Verify that user able to see warning message on clicking Get Started buttons of Linked List on the home page without Sign in</div>
      </div>
    </div>
        <div class="">
          <div class="card-body">
              <div class="step fail-bg" title="StepDefinitions.Step_HomePage.the_user_should_land_in_data_structure_introduction_page_with_register_and_sign_in_links()">
                <span>Given The user should land in Data Structure Introduction Page with register and Sign in links</span>
      <div>
        <textarea disabled class="code-block">io.cucumber.core.exception.CucumberException: Failed to instantiate class StepDefinitions.Step_HomePage
	at io.cucumber.core.backend.DefaultObjectFactory.cacheNewInstance(DefaultObjectFactory.java:67)
	at io.cucumber.core.backend.DefaultObjectFactory.getInstance(DefaultObjectFactory.java:45)
	at io.cucumber.java.AbstractGlueDefinition.invokeMethod(AbstractGlueDefinition.java:47)
	at io.cucumber.java.JavaStepDefinition.execute(JavaStepDefinition.java:29)
	at io.cucumber.core.runner.CoreStepDefinition.execute(CoreStepDefinition.java:66)
	at io.cucumber.core.runner.PickleStepDefinitionMatch.runStep(PickleStepDefinitionMatch.java:62)
	at io.cucumber.core.runner.ExecutionMode$1.execute(ExecutionMode.java:10)
	at io.cucumber.core.runner.TestStep.executeStep(TestStep.java:81)
	at io.cucumber.core.runner.TestStep.run(TestStep.java:53)
	at io.cucumber.core.runner.PickleStepTestStep.run(PickleStepTestStep.java:51)
	at io.cucumber.core.runner.TestCase.run(TestCase.java:84)
	at io.cucumber.core.runner.Runner.runPickle(Runner.java:75)
	at io.cucumber.testng.TestNGCucumberRunner.lambda$runScenario$1(TestNGCucumberRunner.java:132)
	at io.cucumber.core.runtime.CucumberExecutionContext.lambda$runTestCase$5(CucumberExecutionContext.java:136)
	at io.cucumber.core.runtime.RethrowingThrowableCollector.executeAndThrow(RethrowingThrowableCollector.java:23)
	at io.cucumber.core.runtime.CucumberExecutionContext.runTestCase(CucumberExecutionContext.java:136)
	at io.cucumber.testng.TestNGCucumberRunner.runScenario(TestNGCucumberRunner.java:129)
	at io.cucumber.testng.AbstractTestNGCucumberTests.runScenario(AbstractTestNGCucumberTests.java:35)
	at java.base/jdk.internal.reflect.DirectMethodHandleAccessor.invoke(DirectMethodHandleAccessor.java:103)
	at java.base/java.lang.reflect.Method.invoke(Method.java:580)
	at org.testng.internal.invokers.MethodInvocationHelper.invokeMethod(MethodInvocationHelper.java:141)
	at org.testng.internal.invokers.TestInvoker.invokeMethod(TestInvoker.java:686)
	at org.testng.internal.invokers.TestInvoker.invokeTestMethod(TestInvoker.java:230)
	at org.testng.internal.invokers.TestMethodWithDataProviderMethodWorker.call(TestMethodWithDataProviderMethodWorker.java:81)
	at org.testng.internal.thread.Async$AsyncTask.run(Async.java:34)
	at java.base/java.util.concurrent.ThreadPoolExecutor.runWorker(ThreadPoolExecutor.java:1144)
	at java.base/java.util.concurrent.ThreadPoolExecutor$Worker.run(ThreadPoolExecutor.java:642)
	at java.base/java.lang.Thread.run(Thread.java:1575)
Caused by: java.lang.reflect.InvocationTargetException
	at java.base/jdk.internal.reflect.DirectConstructorHandleAccessor.newInstance(DirectConstructorHandleAccessor.java:74)
	at java.base/java.lang.reflect.Constructor.newInstanceWithCaller(Constructor.java:501)
	at java.base/java.lang.reflect.Constructor.newInstance(Constructor.java:485)
	at io.cucumber.core.backend.DefaultObjectFactory.cacheNewInstance(DefaultObjectFactory.java:53)
	... 27 more
Caused by: java.lang.Error: Unresolved compilation problems: 
	The constructor HomePom() is undefined
	The constructor IntroductionPagePom() is undefined
	The field HomePom.contentHeader is not visible
	The field HomePom.contentText is not visible
	The field HomePom.getStartedButton is not visible
	The field IntroductionPagePom.registerLink is not visible
	The field IntroductionPagePom.signInLink is not visible
	dsDropdown cannot be resolved or is not a field
	dsDropdown cannot be resolved or is not a field
	The method clickDropdownItemArray() is undefined for the type IntroductionPagePom
	authenticationMsg cannot be resolved or is not a field
	authenticationMsg cannot be resolved or is not a field
	authenticationMsg cannot be resolved or is not a field
	The method clickDropdownItemLinkedList() is undefined for the type IntroductionPagePom
	authenticationMsg cannot be resolved or is not a field
	authenticationMsg cannot be resolved or is not a field
	authenticationMsg cannot be resolved or is not a field
	The method clickDropdownItemStack() is undefined for the type IntroductionPagePom
	authenticationMsg cannot be resolved or is not a field
	authenticationMsg cannot be resolved or is not a field
	authenticationMsg cannot be resolved or is not a field
	The method clickDropdownItemQueue() is undefined for the type IntroductionPagePom
	authenticationMsg cannot be resolved or is not a field
	authenticationMsg cannot be resolved or is not a field
	authenticationMsg cannot be resolved or is not a field
	The method clickDropdownItemTree() is undefined for the type IntroductionPagePom
	authenticationMsg cannot be resolved or is not a field
	authenticationMsg cannot be resolved or is not a field
	authenticationMsg cannot be resolved or is not a field
	The method clickDropdownItemGraph() is undefined for the type IntroductionPagePom
	authenticationMsg cannot be resolved or is not a field
	authenticationMsg cannot be resolved or is not a field
	authenticationMsg cannot be resolved or is not a field
	authenticationMsg cannot be resolved or is not a field
	authenticationMsg cannot be resolved or is not a field
	authenticationMsg cannot be resolved or is not a field
	authenticationMsg cannot be resolved or is not a field
	authenticationMsg cannot be resolved or is not a field
	authenticationMsg cannot be resolved or is not a field
	The method clickOnLinkedListGetStartedBtn() is undefined for the type IntroductionPagePom
	authenticationMsg cannot be resolved or is not a field
	authenticationMsg cannot be resolved or is not a field
	authenticationMsg cannot be resolved or is not a field
	The method clickOnStackGetStartedBtn() is undefined for the type IntroductionPagePom
	authenticationMsg cannot be resolved or is not a field
	authenticationMsg cannot be resolved or is not a field
	authenticationMsg cannot be resolved or is not a field
	The method clickOnQueueGetStartedBtn() is undefined for the type IntroductionPagePom
	authenticationMsg cannot be resolved or is not a field
	authenticationMsg cannot be resolved or is not a field
	authenticationMsg cannot be resolved or is not a field
	The method clickOnTreeGetStartedBtn() is undefined for the type IntroductionPagePom
	authenticationMsg cannot be resolved or is not a field
	authenticationMsg cannot be resolved or is not a field
	authenticationMsg cannot be resolved or is not a field
	The method clickOnGraphGetStartedBtn() is undefined for the type IntroductionPagePom
	authenticationMsg cannot be resolved or is not a field
	authenticationMsg cannot be resolved or is not a field
	authenticationMsg cannot be resolved or is not a field

	at StepDefinitions.Step_HomePage.<init>(Step_HomePage.java:22)
	at java.base/jdk.internal.reflect.DirectConstructorHandleAccessor.newInstance(DirectConstructorHandleAccessor.java:62)
	... 30 more
</textarea>
      
      </div>
              </div>
              <div class="step skip-bg" title="StepDefinitions.Step_HomePage.the_user_clicks_get_started_buttons_of_linked_list_on_the_homepage_without_sign_in()">
                <span>When The user clicks Get Started buttons of Linked List on the homepage without Sign in</span>
      <div>Step skipped
      </div>
              </div>
              <div class="step skip-bg" title="StepDefinitions.Step_HomePage.the_user_should_able_to_see_an_warning_message_you_are_not_logged_in_for_linked_list()">
                <span>Then The user should able to see an warning message You are not logged in for Linked List</span>
      <div>Step skipped
      </div>
              </div>
          </div>
        </div>
  </div>
  <div class="card">
    <div class="card-header" role="tab">
      <div class="card-title">
        <div class="node" id="62"><span class="badge log fail-bg mr-2">Fail</span>Verify that user able to see warning message on clicking Get Started buttons of Stack on the home page without Sign in</div>
      </div>
    </div>
        <div class="">
          <div class="card-body">
              <div class="step fail-bg" title="StepDefinitions.Step_HomePage.the_user_should_land_in_data_structure_introduction_page_with_register_and_sign_in_links()">
                <span>Given The user should land in Data Structure Introduction Page with register and Sign in links</span>
      <div>
        <textarea disabled class="code-block">io.cucumber.core.exception.CucumberException: Failed to instantiate class StepDefinitions.Step_HomePage
	at io.cucumber.core.backend.DefaultObjectFactory.cacheNewInstance(DefaultObjectFactory.java:67)
	at io.cucumber.core.backend.DefaultObjectFactory.getInstance(DefaultObjectFactory.java:45)
	at io.cucumber.java.AbstractGlueDefinition.invokeMethod(AbstractGlueDefinition.java:47)
	at io.cucumber.java.JavaStepDefinition.execute(JavaStepDefinition.java:29)
	at io.cucumber.core.runner.CoreStepDefinition.execute(CoreStepDefinition.java:66)
	at io.cucumber.core.runner.PickleStepDefinitionMatch.runStep(PickleStepDefinitionMatch.java:62)
	at io.cucumber.core.runner.ExecutionMode$1.execute(ExecutionMode.java:10)
	at io.cucumber.core.runner.TestStep.executeStep(TestStep.java:81)
	at io.cucumber.core.runner.TestStep.run(TestStep.java:53)
	at io.cucumber.core.runner.PickleStepTestStep.run(PickleStepTestStep.java:51)
	at io.cucumber.core.runner.TestCase.run(TestCase.java:84)
	at io.cucumber.core.runner.Runner.runPickle(Runner.java:75)
	at io.cucumber.testng.TestNGCucumberRunner.lambda$runScenario$1(TestNGCucumberRunner.java:132)
	at io.cucumber.core.runtime.CucumberExecutionContext.lambda$runTestCase$5(CucumberExecutionContext.java:136)
	at io.cucumber.core.runtime.RethrowingThrowableCollector.executeAndThrow(RethrowingThrowableCollector.java:23)
	at io.cucumber.core.runtime.CucumberExecutionContext.runTestCase(CucumberExecutionContext.java:136)
	at io.cucumber.testng.TestNGCucumberRunner.runScenario(TestNGCucumberRunner.java:129)
	at io.cucumber.testng.AbstractTestNGCucumberTests.runScenario(AbstractTestNGCucumberTests.java:35)
	at java.base/jdk.internal.reflect.DirectMethodHandleAccessor.invoke(DirectMethodHandleAccessor.java:103)
	at java.base/java.lang.reflect.Method.invoke(Method.java:580)
	at org.testng.internal.invokers.MethodInvocationHelper.invokeMethod(MethodInvocationHelper.java:141)
	at org.testng.internal.invokers.TestInvoker.invokeMethod(TestInvoker.java:686)
	at org.testng.internal.invokers.TestInvoker.invokeTestMethod(TestInvoker.java:230)
	at org.testng.internal.invokers.TestMethodWithDataProviderMethodWorker.call(TestMethodWithDataProviderMethodWorker.java:81)
	at org.testng.internal.thread.Async$AsyncTask.run(Async.java:34)
	at java.base/java.util.concurrent.ThreadPoolExecutor.runWorker(ThreadPoolExecutor.java:1144)
	at java.base/java.util.concurrent.ThreadPoolExecutor$Worker.run(ThreadPoolExecutor.java:642)
	at java.base/java.lang.Thread.run(Thread.java:1575)
Caused by: java.lang.reflect.InvocationTargetException
	at java.base/jdk.internal.reflect.DirectConstructorHandleAccessor.newInstance(DirectConstructorHandleAccessor.java:74)
	at java.base/java.lang.reflect.Constructor.newInstanceWithCaller(Constructor.java:501)
	at java.base/java.lang.reflect.Constructor.newInstance(Constructor.java:485)
	at io.cucumber.core.backend.DefaultObjectFactory.cacheNewInstance(DefaultObjectFactory.java:53)
	... 27 more
Caused by: java.lang.Error: Unresolved compilation problems: 
	The constructor HomePom() is undefined
	The constructor IntroductionPagePom() is undefined
	The field HomePom.contentHeader is not visible
	The field HomePom.contentText is not visible
	The field HomePom.getStartedButton is not visible
	The field IntroductionPagePom.registerLink is not visible
	The field IntroductionPagePom.signInLink is not visible
	dsDropdown cannot be resolved or is not a field
	dsDropdown cannot be resolved or is not a field
	The method clickDropdownItemArray() is undefined for the type IntroductionPagePom
	authenticationMsg cannot be resolved or is not a field
	authenticationMsg cannot be resolved or is not a field
	authenticationMsg cannot be resolved or is not a field
	The method clickDropdownItemLinkedList() is undefined for the type IntroductionPagePom
	authenticationMsg cannot be resolved or is not a field
	authenticationMsg cannot be resolved or is not a field
	authenticationMsg cannot be resolved or is not a field
	The method clickDropdownItemStack() is undefined for the type IntroductionPagePom
	authenticationMsg cannot be resolved or is not a field
	authenticationMsg cannot be resolved or is not a field
	authenticationMsg cannot be resolved or is not a field
	The method clickDropdownItemQueue() is undefined for the type IntroductionPagePom
	authenticationMsg cannot be resolved or is not a field
	authenticationMsg cannot be resolved or is not a field
	authenticationMsg cannot be resolved or is not a field
	The method clickDropdownItemTree() is undefined for the type IntroductionPagePom
	authenticationMsg cannot be resolved or is not a field
	authenticationMsg cannot be resolved or is not a field
	authenticationMsg cannot be resolved or is not a field
	The method clickDropdownItemGraph() is undefined for the type IntroductionPagePom
	authenticationMsg cannot be resolved or is not a field
	authenticationMsg cannot be resolved or is not a field
	authenticationMsg cannot be resolved or is not a field
	authenticationMsg cannot be resolved or is not a field
	authenticationMsg cannot be resolved or is not a field
	authenticationMsg cannot be resolved or is not a field
	authenticationMsg cannot be resolved or is not a field
	authenticationMsg cannot be resolved or is not a field
	authenticationMsg cannot be resolved or is not a field
	The method clickOnLinkedListGetStartedBtn() is undefined for the type IntroductionPagePom
	authenticationMsg cannot be resolved or is not a field
	authenticationMsg cannot be resolved or is not a field
	authenticationMsg cannot be resolved or is not a field
	The method clickOnStackGetStartedBtn() is undefined for the type IntroductionPagePom
	authenticationMsg cannot be resolved or is not a field
	authenticationMsg cannot be resolved or is not a field
	authenticationMsg cannot be resolved or is not a field
	The method clickOnQueueGetStartedBtn() is undefined for the type IntroductionPagePom
	authenticationMsg cannot be resolved or is not a field
	authenticationMsg cannot be resolved or is not a field
	authenticationMsg cannot be resolved or is not a field
	The method clickOnTreeGetStartedBtn() is undefined for the type IntroductionPagePom
	authenticationMsg cannot be resolved or is not a field
	authenticationMsg cannot be resolved or is not a field
	authenticationMsg cannot be resolved or is not a field
	The method clickOnGraphGetStartedBtn() is undefined for the type IntroductionPagePom
	authenticationMsg cannot be resolved or is not a field
	authenticationMsg cannot be resolved or is not a field
	authenticationMsg cannot be resolved or is not a field

	at StepDefinitions.Step_HomePage.<init>(Step_HomePage.java:22)
	at java.base/jdk.internal.reflect.DirectConstructorHandleAccessor.newInstance(DirectConstructorHandleAccessor.java:62)
	... 30 more
</textarea>
      
      </div>
              </div>
              <div class="step skip-bg" title="StepDefinitions.Step_HomePage.the_user_clicks_get_started_buttons_of_stack_on_the_homepage_without_sign_in()">
                <span>When The user clicks Get Started buttons of Stack on the homepage without Sign in</span>
      <div>Step skipped
      </div>
              </div>
              <div class="step skip-bg" title="StepDefinitions.Step_HomePage.the_user_should_able_to_see_an_warning_message_you_are_not_logged_in_for_stack()">
                <span>Then The user should able to see an warning message You are not logged in for Stack</span>
      <div>Step skipped
      </div>
              </div>
          </div>
        </div>
  </div>
  <div class="card">
    <div class="card-header" role="tab">
      <div class="card-title">
        <div class="node" id="64"><span class="badge log fail-bg mr-2">Fail</span>Verify that user able to see warning message on clicking Get Started buttons of Queue on the home page without Sign in</div>
      </div>
    </div>
        <div class="">
          <div class="card-body">
              <div class="step fail-bg" title="StepDefinitions.Step_HomePage.the_user_should_land_in_data_structure_introduction_page_with_register_and_sign_in_links()">
                <span>Given The user should land in Data Structure Introduction Page with register and Sign in links</span>
      <div>
        <textarea disabled class="code-block">io.cucumber.core.exception.CucumberException: Failed to instantiate class StepDefinitions.Step_HomePage
	at io.cucumber.core.backend.DefaultObjectFactory.cacheNewInstance(DefaultObjectFactory.java:67)
	at io.cucumber.core.backend.DefaultObjectFactory.getInstance(DefaultObjectFactory.java:45)
	at io.cucumber.java.AbstractGlueDefinition.invokeMethod(AbstractGlueDefinition.java:47)
	at io.cucumber.java.JavaStepDefinition.execute(JavaStepDefinition.java:29)
	at io.cucumber.core.runner.CoreStepDefinition.execute(CoreStepDefinition.java:66)
	at io.cucumber.core.runner.PickleStepDefinitionMatch.runStep(PickleStepDefinitionMatch.java:62)
	at io.cucumber.core.runner.ExecutionMode$1.execute(ExecutionMode.java:10)
	at io.cucumber.core.runner.TestStep.executeStep(TestStep.java:81)
	at io.cucumber.core.runner.TestStep.run(TestStep.java:53)
	at io.cucumber.core.runner.PickleStepTestStep.run(PickleStepTestStep.java:51)
	at io.cucumber.core.runner.TestCase.run(TestCase.java:84)
	at io.cucumber.core.runner.Runner.runPickle(Runner.java:75)
	at io.cucumber.testng.TestNGCucumberRunner.lambda$runScenario$1(TestNGCucumberRunner.java:132)
	at io.cucumber.core.runtime.CucumberExecutionContext.lambda$runTestCase$5(CucumberExecutionContext.java:136)
	at io.cucumber.core.runtime.RethrowingThrowableCollector.executeAndThrow(RethrowingThrowableCollector.java:23)
	at io.cucumber.core.runtime.CucumberExecutionContext.runTestCase(CucumberExecutionContext.java:136)
	at io.cucumber.testng.TestNGCucumberRunner.runScenario(TestNGCucumberRunner.java:129)
	at io.cucumber.testng.AbstractTestNGCucumberTests.runScenario(AbstractTestNGCucumberTests.java:35)
	at java.base/jdk.internal.reflect.DirectMethodHandleAccessor.invoke(DirectMethodHandleAccessor.java:103)
	at java.base/java.lang.reflect.Method.invoke(Method.java:580)
	at org.testng.internal.invokers.MethodInvocationHelper.invokeMethod(MethodInvocationHelper.java:141)
	at org.testng.internal.invokers.TestInvoker.invokeMethod(TestInvoker.java:686)
	at org.testng.internal.invokers.TestInvoker.invokeTestMethod(TestInvoker.java:230)
	at org.testng.internal.invokers.TestMethodWithDataProviderMethodWorker.call(TestMethodWithDataProviderMethodWorker.java:81)
	at org.testng.internal.thread.Async$AsyncTask.run(Async.java:34)
	at java.base/java.util.concurrent.ThreadPoolExecutor.runWorker(ThreadPoolExecutor.java:1144)
	at java.base/java.util.concurrent.ThreadPoolExecutor$Worker.run(ThreadPoolExecutor.java:642)
	at java.base/java.lang.Thread.run(Thread.java:1575)
Caused by: java.lang.reflect.InvocationTargetException
	at java.base/jdk.internal.reflect.DirectConstructorHandleAccessor.newInstance(DirectConstructorHandleAccessor.java:74)
	at java.base/java.lang.reflect.Constructor.newInstanceWithCaller(Constructor.java:501)
	at java.base/java.lang.reflect.Constructor.newInstance(Constructor.java:485)
	at io.cucumber.core.backend.DefaultObjectFactory.cacheNewInstance(DefaultObjectFactory.java:53)
	... 27 more
Caused by: java.lang.Error: Unresolved compilation problems: 
	The constructor HomePom() is undefined
	The constructor IntroductionPagePom() is undefined
	The field HomePom.contentHeader is not visible
	The field HomePom.contentText is not visible
	The field HomePom.getStartedButton is not visible
	The field IntroductionPagePom.registerLink is not visible
	The field IntroductionPagePom.signInLink is not visible
	dsDropdown cannot be resolved or is not a field
	dsDropdown cannot be resolved or is not a field
	The method clickDropdownItemArray() is undefined for the type IntroductionPagePom
	authenticationMsg cannot be resolved or is not a field
	authenticationMsg cannot be resolved or is not a field
	authenticationMsg cannot be resolved or is not a field
	The method clickDropdownItemLinkedList() is undefined for the type IntroductionPagePom
	authenticationMsg cannot be resolved or is not a field
	authenticationMsg cannot be resolved or is not a field
	authenticationMsg cannot be resolved or is not a field
	The method clickDropdownItemStack() is undefined for the type IntroductionPagePom
	authenticationMsg cannot be resolved or is not a field
	authenticationMsg cannot be resolved or is not a field
	authenticationMsg cannot be resolved or is not a field
	The method clickDropdownItemQueue() is undefined for the type IntroductionPagePom
	authenticationMsg cannot be resolved or is not a field
	authenticationMsg cannot be resolved or is not a field
	authenticationMsg cannot be resolved or is not a field
	The method clickDropdownItemTree() is undefined for the type IntroductionPagePom
	authenticationMsg cannot be resolved or is not a field
	authenticationMsg cannot be resolved or is not a field
	authenticationMsg cannot be resolved or is not a field
	The method clickDropdownItemGraph() is undefined for the type IntroductionPagePom
	authenticationMsg cannot be resolved or is not a field
	authenticationMsg cannot be resolved or is not a field
	authenticationMsg cannot be resolved or is not a field
	authenticationMsg cannot be resolved or is not a field
	authenticationMsg cannot be resolved or is not a field
	authenticationMsg cannot be resolved or is not a field
	authenticationMsg cannot be resolved or is not a field
	authenticationMsg cannot be resolved or is not a field
	authenticationMsg cannot be resolved or is not a field
	The method clickOnLinkedListGetStartedBtn() is undefined for the type IntroductionPagePom
	authenticationMsg cannot be resolved or is not a field
	authenticationMsg cannot be resolved or is not a field
	authenticationMsg cannot be resolved or is not a field
	The method clickOnStackGetStartedBtn() is undefined for the type IntroductionPagePom
	authenticationMsg cannot be resolved or is not a field
	authenticationMsg cannot be resolved or is not a field
	authenticationMsg cannot be resolved or is not a field
	The method clickOnQueueGetStartedBtn() is undefined for the type IntroductionPagePom
	authenticationMsg cannot be resolved or is not a field
	authenticationMsg cannot be resolved or is not a field
	authenticationMsg cannot be resolved or is not a field
	The method clickOnTreeGetStartedBtn() is undefined for the type IntroductionPagePom
	authenticationMsg cannot be resolved or is not a field
	authenticationMsg cannot be resolved or is not a field
	authenticationMsg cannot be resolved or is not a field
	The method clickOnGraphGetStartedBtn() is undefined for the type IntroductionPagePom
	authenticationMsg cannot be resolved or is not a field
	authenticationMsg cannot be resolved or is not a field
	authenticationMsg cannot be resolved or is not a field

	at StepDefinitions.Step_HomePage.<init>(Step_HomePage.java:22)
	at java.base/jdk.internal.reflect.DirectConstructorHandleAccessor.newInstance(DirectConstructorHandleAccessor.java:62)
	... 30 more
</textarea>
      
      </div>
              </div>
              <div class="step skip-bg" title="StepDefinitions.Step_HomePage.the_user_clicks_get_started_buttons_of_queue_on_the_homepage_without_sign_in()">
                <span>When The user clicks Get Started buttons of Queue on the homepage without Sign in</span>
      <div>Step skipped
      </div>
              </div>
              <div class="step skip-bg" title="StepDefinitions.Step_HomePage.the_user_should_able_to_see_an_warning_message_you_are_not_logged_in_for_queue()">
                <span>Then The user should able to see an warning message You are not logged in for Queue</span>
      <div>Step skipped
      </div>
              </div>
          </div>
        </div>
  </div>
  <div class="card">
    <div class="card-header" role="tab">
      <div class="card-title">
        <div class="node" id="66"><span class="badge log fail-bg mr-2">Fail</span>Verify that user able to see warning message on clicking Get Started buttons of Tree on the home page without Sign in</div>
      </div>
    </div>
        <div class="">
          <div class="card-body">
              <div class="step fail-bg" title="StepDefinitions.Step_HomePage.the_user_should_land_in_data_structure_introduction_page_with_register_and_sign_in_links()">
                <span>Given The user should land in Data Structure Introduction Page with register and Sign in links</span>
      <div>
        <textarea disabled class="code-block">io.cucumber.core.exception.CucumberException: Failed to instantiate class StepDefinitions.Step_HomePage
	at io.cucumber.core.backend.DefaultObjectFactory.cacheNewInstance(DefaultObjectFactory.java:67)
	at io.cucumber.core.backend.DefaultObjectFactory.getInstance(DefaultObjectFactory.java:45)
	at io.cucumber.java.AbstractGlueDefinition.invokeMethod(AbstractGlueDefinition.java:47)
	at io.cucumber.java.JavaStepDefinition.execute(JavaStepDefinition.java:29)
	at io.cucumber.core.runner.CoreStepDefinition.execute(CoreStepDefinition.java:66)
	at io.cucumber.core.runner.PickleStepDefinitionMatch.runStep(PickleStepDefinitionMatch.java:62)
	at io.cucumber.core.runner.ExecutionMode$1.execute(ExecutionMode.java:10)
	at io.cucumber.core.runner.TestStep.executeStep(TestStep.java:81)
	at io.cucumber.core.runner.TestStep.run(TestStep.java:53)
	at io.cucumber.core.runner.PickleStepTestStep.run(PickleStepTestStep.java:51)
	at io.cucumber.core.runner.TestCase.run(TestCase.java:84)
	at io.cucumber.core.runner.Runner.runPickle(Runner.java:75)
	at io.cucumber.testng.TestNGCucumberRunner.lambda$runScenario$1(TestNGCucumberRunner.java:132)
	at io.cucumber.core.runtime.CucumberExecutionContext.lambda$runTestCase$5(CucumberExecutionContext.java:136)
	at io.cucumber.core.runtime.RethrowingThrowableCollector.executeAndThrow(RethrowingThrowableCollector.java:23)
	at io.cucumber.core.runtime.CucumberExecutionContext.runTestCase(CucumberExecutionContext.java:136)
	at io.cucumber.testng.TestNGCucumberRunner.runScenario(TestNGCucumberRunner.java:129)
	at io.cucumber.testng.AbstractTestNGCucumberTests.runScenario(AbstractTestNGCucumberTests.java:35)
	at java.base/jdk.internal.reflect.DirectMethodHandleAccessor.invoke(DirectMethodHandleAccessor.java:103)
	at java.base/java.lang.reflect.Method.invoke(Method.java:580)
	at org.testng.internal.invokers.MethodInvocationHelper.invokeMethod(MethodInvocationHelper.java:141)
	at org.testng.internal.invokers.TestInvoker.invokeMethod(TestInvoker.java:686)
	at org.testng.internal.invokers.TestInvoker.invokeTestMethod(TestInvoker.java:230)
	at org.testng.internal.invokers.TestMethodWithDataProviderMethodWorker.call(TestMethodWithDataProviderMethodWorker.java:81)
	at org.testng.internal.thread.Async$AsyncTask.run(Async.java:34)
	at java.base/java.util.concurrent.ThreadPoolExecutor.runWorker(ThreadPoolExecutor.java:1144)
	at java.base/java.util.concurrent.ThreadPoolExecutor$Worker.run(ThreadPoolExecutor.java:642)
	at java.base/java.lang.Thread.run(Thread.java:1575)
Caused by: java.lang.reflect.InvocationTargetException
	at java.base/jdk.internal.reflect.DirectConstructorHandleAccessor.newInstance(DirectConstructorHandleAccessor.java:74)
	at java.base/java.lang.reflect.Constructor.newInstanceWithCaller(Constructor.java:501)
	at java.base/java.lang.reflect.Constructor.newInstance(Constructor.java:485)
	at io.cucumber.core.backend.DefaultObjectFactory.cacheNewInstance(DefaultObjectFactory.java:53)
	... 27 more
Caused by: java.lang.Error: Unresolved compilation problems: 
	The constructor HomePom() is undefined
	The constructor IntroductionPagePom() is undefined
	The field HomePom.contentHeader is not visible
	The field HomePom.contentText is not visible
	The field HomePom.getStartedButton is not visible
	The field IntroductionPagePom.registerLink is not visible
	The field IntroductionPagePom.signInLink is not visible
	dsDropdown cannot be resolved or is not a field
	dsDropdown cannot be resolved or is not a field
	The method clickDropdownItemArray() is undefined for the type IntroductionPagePom
	authenticationMsg cannot be resolved or is not a field
	authenticationMsg cannot be resolved or is not a field
	authenticationMsg cannot be resolved or is not a field
	The method clickDropdownItemLinkedList() is undefined for the type IntroductionPagePom
	authenticationMsg cannot be resolved or is not a field
	authenticationMsg cannot be resolved or is not a field
	authenticationMsg cannot be resolved or is not a field
	The method clickDropdownItemStack() is undefined for the type IntroductionPagePom
	authenticationMsg cannot be resolved or is not a field
	authenticationMsg cannot be resolved or is not a field
	authenticationMsg cannot be resolved or is not a field
	The method clickDropdownItemQueue() is undefined for the type IntroductionPagePom
	authenticationMsg cannot be resolved or is not a field
	authenticationMsg cannot be resolved or is not a field
	authenticationMsg cannot be resolved or is not a field
	The method clickDropdownItemTree() is undefined for the type IntroductionPagePom
	authenticationMsg cannot be resolved or is not a field
	authenticationMsg cannot be resolved or is not a field
	authenticationMsg cannot be resolved or is not a field
	The method clickDropdownItemGraph() is undefined for the type IntroductionPagePom
	authenticationMsg cannot be resolved or is not a field
	authenticationMsg cannot be resolved or is not a field
	authenticationMsg cannot be resolved or is not a field
	authenticationMsg cannot be resolved or is not a field
	authenticationMsg cannot be resolved or is not a field
	authenticationMsg cannot be resolved or is not a field
	authenticationMsg cannot be resolved or is not a field
	authenticationMsg cannot be resolved or is not a field
	authenticationMsg cannot be resolved or is not a field
	The method clickOnLinkedListGetStartedBtn() is undefined for the type IntroductionPagePom
	authenticationMsg cannot be resolved or is not a field
	authenticationMsg cannot be resolved or is not a field
	authenticationMsg cannot be resolved or is not a field
	The method clickOnStackGetStartedBtn() is undefined for the type IntroductionPagePom
	authenticationMsg cannot be resolved or is not a field
	authenticationMsg cannot be resolved or is not a field
	authenticationMsg cannot be resolved or is not a field
	The method clickOnQueueGetStartedBtn() is undefined for the type IntroductionPagePom
	authenticationMsg cannot be resolved or is not a field
	authenticationMsg cannot be resolved or is not a field
	authenticationMsg cannot be resolved or is not a field
	The method clickOnTreeGetStartedBtn() is undefined for the type IntroductionPagePom
	authenticationMsg cannot be resolved or is not a field
	authenticationMsg cannot be resolved or is not a field
	authenticationMsg cannot be resolved or is not a field
	The method clickOnGraphGetStartedBtn() is undefined for the type IntroductionPagePom
	authenticationMsg cannot be resolved or is not a field
	authenticationMsg cannot be resolved or is not a field
	authenticationMsg cannot be resolved or is not a field

	at StepDefinitions.Step_HomePage.<init>(Step_HomePage.java:22)
	at java.base/jdk.internal.reflect.DirectConstructorHandleAccessor.newInstance(DirectConstructorHandleAccessor.java:62)
	... 30 more
</textarea>
      
      </div>
              </div>
              <div class="step skip-bg" title="StepDefinitions.Step_HomePage.the_user_clicks_get_started_buttons_of_tree_on_the_homepage_without_sign_in()">
                <span>When The user clicks Get Started buttons of Tree on the homepage without Sign in</span>
      <div>Step skipped
      </div>
              </div>
              <div class="step skip-bg" title="StepDefinitions.Step_HomePage.the_user_should_able_to_see_an_warning_message_you_are_not_logged_in_for_tree()">
                <span>Then The user should able to see an warning message You are not logged in for Tree</span>
      <div>Step skipped
      </div>
              </div>
          </div>
        </div>
  </div>
  <div class="card">
    <div class="card-header" role="tab">
      <div class="card-title">
        <div class="node" id="68"><span class="badge log fail-bg mr-2">Fail</span>Verify that user able to see warning message on clicking Get Started buttons of Graph on the home page without Sign in</div>
      </div>
    </div>
        <div class="">
          <div class="card-body">
              <div class="step fail-bg" title="StepDefinitions.Step_HomePage.the_user_should_land_in_data_structure_introduction_page_with_register_and_sign_in_links()">
                <span>Given The user should land in Data Structure Introduction Page with register and Sign in links</span>
      <div>
        <textarea disabled class="code-block">io.cucumber.core.exception.CucumberException: Failed to instantiate class StepDefinitions.Step_HomePage
	at io.cucumber.core.backend.DefaultObjectFactory.cacheNewInstance(DefaultObjectFactory.java:67)
	at io.cucumber.core.backend.DefaultObjectFactory.getInstance(DefaultObjectFactory.java:45)
	at io.cucumber.java.AbstractGlueDefinition.invokeMethod(AbstractGlueDefinition.java:47)
	at io.cucumber.java.JavaStepDefinition.execute(JavaStepDefinition.java:29)
	at io.cucumber.core.runner.CoreStepDefinition.execute(CoreStepDefinition.java:66)
	at io.cucumber.core.runner.PickleStepDefinitionMatch.runStep(PickleStepDefinitionMatch.java:62)
	at io.cucumber.core.runner.ExecutionMode$1.execute(ExecutionMode.java:10)
	at io.cucumber.core.runner.TestStep.executeStep(TestStep.java:81)
	at io.cucumber.core.runner.TestStep.run(TestStep.java:53)
	at io.cucumber.core.runner.PickleStepTestStep.run(PickleStepTestStep.java:51)
	at io.cucumber.core.runner.TestCase.run(TestCase.java:84)
	at io.cucumber.core.runner.Runner.runPickle(Runner.java:75)
	at io.cucumber.testng.TestNGCucumberRunner.lambda$runScenario$1(TestNGCucumberRunner.java:132)
	at io.cucumber.core.runtime.CucumberExecutionContext.lambda$runTestCase$5(CucumberExecutionContext.java:136)
	at io.cucumber.core.runtime.RethrowingThrowableCollector.executeAndThrow(RethrowingThrowableCollector.java:23)
	at io.cucumber.core.runtime.CucumberExecutionContext.runTestCase(CucumberExecutionContext.java:136)
	at io.cucumber.testng.TestNGCucumberRunner.runScenario(TestNGCucumberRunner.java:129)
	at io.cucumber.testng.AbstractTestNGCucumberTests.runScenario(AbstractTestNGCucumberTests.java:35)
	at java.base/jdk.internal.reflect.DirectMethodHandleAccessor.invoke(DirectMethodHandleAccessor.java:103)
	at java.base/java.lang.reflect.Method.invoke(Method.java:580)
	at org.testng.internal.invokers.MethodInvocationHelper.invokeMethod(MethodInvocationHelper.java:141)
	at org.testng.internal.invokers.TestInvoker.invokeMethod(TestInvoker.java:686)
	at org.testng.internal.invokers.TestInvoker.invokeTestMethod(TestInvoker.java:230)
	at org.testng.internal.invokers.TestMethodWithDataProviderMethodWorker.call(TestMethodWithDataProviderMethodWorker.java:81)
	at org.testng.internal.thread.Async$AsyncTask.run(Async.java:34)
	at java.base/java.util.concurrent.ThreadPoolExecutor.runWorker(ThreadPoolExecutor.java:1144)
	at java.base/java.util.concurrent.ThreadPoolExecutor$Worker.run(ThreadPoolExecutor.java:642)
	at java.base/java.lang.Thread.run(Thread.java:1575)
Caused by: java.lang.reflect.InvocationTargetException
	at java.base/jdk.internal.reflect.DirectConstructorHandleAccessor.newInstance(DirectConstructorHandleAccessor.java:74)
	at java.base/java.lang.reflect.Constructor.newInstanceWithCaller(Constructor.java:501)
	at java.base/java.lang.reflect.Constructor.newInstance(Constructor.java:485)
	at io.cucumber.core.backend.DefaultObjectFactory.cacheNewInstance(DefaultObjectFactory.java:53)
	... 27 more
Caused by: java.lang.Error: Unresolved compilation problems: 
	The constructor HomePom() is undefined
	The constructor IntroductionPagePom() is undefined
	The field HomePom.contentHeader is not visible
	The field HomePom.contentText is not visible
	The field HomePom.getStartedButton is not visible
	The field IntroductionPagePom.registerLink is not visible
	The field IntroductionPagePom.signInLink is not visible
	dsDropdown cannot be resolved or is not a field
	dsDropdown cannot be resolved or is not a field
	The method clickDropdownItemArray() is undefined for the type IntroductionPagePom
	authenticationMsg cannot be resolved or is not a field
	authenticationMsg cannot be resolved or is not a field
	authenticationMsg cannot be resolved or is not a field
	The method clickDropdownItemLinkedList() is undefined for the type IntroductionPagePom
	authenticationMsg cannot be resolved or is not a field
	authenticationMsg cannot be resolved or is not a field
	authenticationMsg cannot be resolved or is not a field
	The method clickDropdownItemStack() is undefined for the type IntroductionPagePom
	authenticationMsg cannot be resolved or is not a field
	authenticationMsg cannot be resolved or is not a field
	authenticationMsg cannot be resolved or is not a field
	The method clickDropdownItemQueue() is undefined for the type IntroductionPagePom
	authenticationMsg cannot be resolved or is not a field
	authenticationMsg cannot be resolved or is not a field
	authenticationMsg cannot be resolved or is not a field
	The method clickDropdownItemTree() is undefined for the type IntroductionPagePom
	authenticationMsg cannot be resolved or is not a field
	authenticationMsg cannot be resolved or is not a field
	authenticationMsg cannot be resolved or is not a field
	The method clickDropdownItemGraph() is undefined for the type IntroductionPagePom
	authenticationMsg cannot be resolved or is not a field
	authenticationMsg cannot be resolved or is not a field
	authenticationMsg cannot be resolved or is not a field
	authenticationMsg cannot be resolved or is not a field
	authenticationMsg cannot be resolved or is not a field
	authenticationMsg cannot be resolved or is not a field
	authenticationMsg cannot be resolved or is not a field
	authenticationMsg cannot be resolved or is not a field
	authenticationMsg cannot be resolved or is not a field
	The method clickOnLinkedListGetStartedBtn() is undefined for the type IntroductionPagePom
	authenticationMsg cannot be resolved or is not a field
	authenticationMsg cannot be resolved or is not a field
	authenticationMsg cannot be resolved or is not a field
	The method clickOnStackGetStartedBtn() is undefined for the type IntroductionPagePom
	authenticationMsg cannot be resolved or is not a field
	authenticationMsg cannot be resolved or is not a field
	authenticationMsg cannot be resolved or is not a field
	The method clickOnQueueGetStartedBtn() is undefined for the type IntroductionPagePom
	authenticationMsg cannot be resolved or is not a field
	authenticationMsg cannot be resolved or is not a field
	authenticationMsg cannot be resolved or is not a field
	The method clickOnTreeGetStartedBtn() is undefined for the type IntroductionPagePom
	authenticationMsg cannot be resolved or is not a field
	authenticationMsg cannot be resolved or is not a field
	authenticationMsg cannot be resolved or is not a field
	The method clickOnGraphGetStartedBtn() is undefined for the type IntroductionPagePom
	authenticationMsg cannot be resolved or is not a field
	authenticationMsg cannot be resolved or is not a field
	authenticationMsg cannot be resolved or is not a field

	at StepDefinitions.Step_HomePage.<init>(Step_HomePage.java:22)
	at java.base/jdk.internal.reflect.DirectConstructorHandleAccessor.newInstance(DirectConstructorHandleAccessor.java:62)
	... 30 more
</textarea>
      
      </div>
              </div>
              <div class="step skip-bg" title="StepDefinitions.Step_HomePage.the_user_clicks_get_started_buttons_of_graph_on_the_homepage_without_sign_in()">
                <span>When The user clicks Get Started buttons of Graph on the homepage without Sign in</span>
      <div>Step skipped
      </div>
              </div>
              <div class="step skip-bg" title="StepDefinitions.Step_HomePage.the_user_should_able_to_see_an_warning_message_you_are_not_logged_in_for_graph()">
                <span>Then The user should able to see an warning message You are not logged in for Graph</span>
      <div>Step skipped
      </div>
              </div>
          </div>
        </div>
  </div>
</div>
          </div>
        </li>
        <li class="test-item"  status="fail" test-id="70"
          author=""
          tag=""
          device="">
          <div class="test-detail">
            <p class="name">Registration</p>
            <p class="text-sm">
              <span>12:20:18 pm</span> / <span>00:00:42:497</span>
              <span class="badge fail-bg log float-right">Fail</span>
            </p>
          </div>
          <div class="test-contents d-none">
<div class="detail-head">
<div class="p-v-10">
<div class="info">
<h5 class="test-status text-fail">Registration</h5>
<span class='badge badge-success'>03.21.2025 12:20:18 pm</span>
<span class='badge badge-danger'>03.21.2025 12:21:00 pm</span>
<span class='badge badge-default'>00:00:42:497</span>
&middot; <span class='uri-anchor badge badge-default'>#test-id=70</span>
<span title='Skip to the next failed step' class='badge badge-danger pointer float-right ne ml-1'><i class="fa fa-fast-forward"></i></span>
<span title='Collapse all nodes' class='badge badge-default pointer float-right ct ml-1'><i class="fa fa-compress"></i></span>
<span title='Expand all nodes' class='badge badge-default pointer float-right et'><i class="fa fa-expand"></i></span>
</div>
<div class="m-t-10 m-l-5"> This template is used for Registration process</div>
</div>
</div>
<div class="accordion mt-4">
  <div class="card">
    <div class="card-header" role="tab">
      <div class="card-title">
        <div class="node" id="71"><span class="badge log fail-bg mr-2">Fail</span>Verify that user receives error message for all empty fields during registration</div>
      </div>
    </div>
        <div class="scenario_outline ">
            <div class="card-body l1">
              <div class="card-header">
                <div class="card-title outline-child">
                  <div class="node" id="72"><span class="badge log fail-bg mr-2">Fail</span>Verify that user receives error message for all empty fields during registration</div>
                </div>
              </div>
              <div class="card-body mt-3 ">
                  <div class="step fail-bg">
                    <span>Given The user is on the new user registration page</span>
      <div>
        <textarea disabled class="code-block">io.cucumber.core.exception.CucumberException: Failed to instantiate class StepDefinitions.Step_RegisterPage
	at io.cucumber.core.backend.DefaultObjectFactory.cacheNewInstance(DefaultObjectFactory.java:67)
	at io.cucumber.core.backend.DefaultObjectFactory.getInstance(DefaultObjectFactory.java:45)
	at io.cucumber.java.AbstractGlueDefinition.invokeMethod(AbstractGlueDefinition.java:47)
	at io.cucumber.java.JavaStepDefinition.execute(JavaStepDefinition.java:29)
	at io.cucumber.core.runner.CoreStepDefinition.execute(CoreStepDefinition.java:66)
	at io.cucumber.core.runner.PickleStepDefinitionMatch.runStep(PickleStepDefinitionMatch.java:62)
	at io.cucumber.core.runner.ExecutionMode$1.execute(ExecutionMode.java:10)
	at io.cucumber.core.runner.TestStep.executeStep(TestStep.java:81)
	at io.cucumber.core.runner.TestStep.run(TestStep.java:53)
	at io.cucumber.core.runner.PickleStepTestStep.run(PickleStepTestStep.java:51)
	at io.cucumber.core.runner.TestCase.run(TestCase.java:84)
	at io.cucumber.core.runner.Runner.runPickle(Runner.java:75)
	at io.cucumber.testng.TestNGCucumberRunner.lambda$runScenario$1(TestNGCucumberRunner.java:132)
	at io.cucumber.core.runtime.CucumberExecutionContext.lambda$runTestCase$5(CucumberExecutionContext.java:136)
	at io.cucumber.core.runtime.RethrowingThrowableCollector.executeAndThrow(RethrowingThrowableCollector.java:23)
	at io.cucumber.core.runtime.CucumberExecutionContext.runTestCase(CucumberExecutionContext.java:136)
	at io.cucumber.testng.TestNGCucumberRunner.runScenario(TestNGCucumberRunner.java:129)
	at io.cucumber.testng.AbstractTestNGCucumberTests.runScenario(AbstractTestNGCucumberTests.java:35)
	at java.base/jdk.internal.reflect.DirectMethodHandleAccessor.invoke(DirectMethodHandleAccessor.java:103)
	at java.base/java.lang.reflect.Method.invoke(Method.java:580)
	at org.testng.internal.invokers.MethodInvocationHelper.invokeMethod(MethodInvocationHelper.java:141)
	at org.testng.internal.invokers.TestInvoker.invokeMethod(TestInvoker.java:686)
	at org.testng.internal.invokers.TestInvoker.invokeTestMethod(TestInvoker.java:230)
	at org.testng.internal.invokers.TestMethodWithDataProviderMethodWorker.call(TestMethodWithDataProviderMethodWorker.java:81)
	at org.testng.internal.thread.Async$AsyncTask.run(Async.java:34)
	at java.base/java.util.concurrent.ThreadPoolExecutor.runWorker(ThreadPoolExecutor.java:1144)
	at java.base/java.util.concurrent.ThreadPoolExecutor$Worker.run(ThreadPoolExecutor.java:642)
	at java.base/java.lang.Thread.run(Thread.java:1575)
Caused by: java.lang.reflect.InvocationTargetException
	at java.base/jdk.internal.reflect.DirectConstructorHandleAccessor.newInstance(DirectConstructorHandleAccessor.java:74)
	at java.base/java.lang.reflect.Constructor.newInstanceWithCaller(Constructor.java:501)
	at java.base/java.lang.reflect.Constructor.newInstance(Constructor.java:485)
	at io.cucumber.core.backend.DefaultObjectFactory.cacheNewInstance(DefaultObjectFactory.java:53)
	... 27 more
Caused by: java.lang.Error: Unresolved compilation problems: 
	The constructor IntroductionPagePom() is undefined
	The constructor HomePom() is undefined
	The method getPageTitle() is undefined for the type IntroductionPagePom

	at StepDefinitions.Step_RegisterPage.<init>(Step_RegisterPage.java:18)
	at java.base/jdk.internal.reflect.DirectConstructorHandleAccessor.newInstance(DirectConstructorHandleAccessor.java:62)
	... 30 more
</textarea>
      
      </div>
                  </div>
                  <div class="step skip-bg">
                    <span>When The user clicks Register button with all fields empty on registration form from sheetname "register" and row 0</span>
      <div>Step skipped
      </div>
                  </div>
                  <div class="step skip-bg">
                    <span>Then The error Please fill out this field. appears below Username textbox</span>
      <div>Step skipped
      </div>
                  </div>
              </div>
            </div>
        </div>
  </div>
  <div class="card">
    <div class="card-header" role="tab">
      <div class="card-title">
        <div class="node" id="74"><span class="badge log fail-bg mr-2">Fail</span>Verify that user receives error message for empty Password and Password confirmation fields during registration</div>
      </div>
    </div>
        <div class="scenario_outline ">
            <div class="card-body l1">
              <div class="card-header">
                <div class="card-title outline-child">
                  <div class="node" id="75"><span class="badge log fail-bg mr-2">Fail</span>Verify that user receives error message for empty Password and Password confirmation fields during registration</div>
                </div>
              </div>
              <div class="card-body mt-3 ">
                  <div class="step fail-bg">
                    <span>Given The user is on the new user registration page</span>
      <div>
        <textarea disabled class="code-block">io.cucumber.core.exception.CucumberException: Failed to instantiate class StepDefinitions.Step_RegisterPage
	at io.cucumber.core.backend.DefaultObjectFactory.cacheNewInstance(DefaultObjectFactory.java:67)
	at io.cucumber.core.backend.DefaultObjectFactory.getInstance(DefaultObjectFactory.java:45)
	at io.cucumber.java.AbstractGlueDefinition.invokeMethod(AbstractGlueDefinition.java:47)
	at io.cucumber.java.JavaStepDefinition.execute(JavaStepDefinition.java:29)
	at io.cucumber.core.runner.CoreStepDefinition.execute(CoreStepDefinition.java:66)
	at io.cucumber.core.runner.PickleStepDefinitionMatch.runStep(PickleStepDefinitionMatch.java:62)
	at io.cucumber.core.runner.ExecutionMode$1.execute(ExecutionMode.java:10)
	at io.cucumber.core.runner.TestStep.executeStep(TestStep.java:81)
	at io.cucumber.core.runner.TestStep.run(TestStep.java:53)
	at io.cucumber.core.runner.PickleStepTestStep.run(PickleStepTestStep.java:51)
	at io.cucumber.core.runner.TestCase.run(TestCase.java:84)
	at io.cucumber.core.runner.Runner.runPickle(Runner.java:75)
	at io.cucumber.testng.TestNGCucumberRunner.lambda$runScenario$1(TestNGCucumberRunner.java:132)
	at io.cucumber.core.runtime.CucumberExecutionContext.lambda$runTestCase$5(CucumberExecutionContext.java:136)
	at io.cucumber.core.runtime.RethrowingThrowableCollector.executeAndThrow(RethrowingThrowableCollector.java:23)
	at io.cucumber.core.runtime.CucumberExecutionContext.runTestCase(CucumberExecutionContext.java:136)
	at io.cucumber.testng.TestNGCucumberRunner.runScenario(TestNGCucumberRunner.java:129)
	at io.cucumber.testng.AbstractTestNGCucumberTests.runScenario(AbstractTestNGCucumberTests.java:35)
	at java.base/jdk.internal.reflect.DirectMethodHandleAccessor.invoke(DirectMethodHandleAccessor.java:103)
	at java.base/java.lang.reflect.Method.invoke(Method.java:580)
	at org.testng.internal.invokers.MethodInvocationHelper.invokeMethod(MethodInvocationHelper.java:141)
	at org.testng.internal.invokers.TestInvoker.invokeMethod(TestInvoker.java:686)
	at org.testng.internal.invokers.TestInvoker.invokeTestMethod(TestInvoker.java:230)
	at org.testng.internal.invokers.TestMethodWithDataProviderMethodWorker.call(TestMethodWithDataProviderMethodWorker.java:81)
	at org.testng.internal.thread.Async$AsyncTask.run(Async.java:34)
	at java.base/java.util.concurrent.ThreadPoolExecutor.runWorker(ThreadPoolExecutor.java:1144)
	at java.base/java.util.concurrent.ThreadPoolExecutor$Worker.run(ThreadPoolExecutor.java:642)
	at java.base/java.lang.Thread.run(Thread.java:1575)
Caused by: java.lang.reflect.InvocationTargetException
	at java.base/jdk.internal.reflect.DirectConstructorHandleAccessor.newInstance(DirectConstructorHandleAccessor.java:74)
	at java.base/java.lang.reflect.Constructor.newInstanceWithCaller(Constructor.java:501)
	at java.base/java.lang.reflect.Constructor.newInstance(Constructor.java:485)
	at io.cucumber.core.backend.DefaultObjectFactory.cacheNewInstance(DefaultObjectFactory.java:53)
	... 27 more
Caused by: java.lang.Error: Unresolved compilation problems: 
	The constructor IntroductionPagePom() is undefined
	The constructor HomePom() is undefined
	The method getPageTitle() is undefined for the type IntroductionPagePom

	at StepDefinitions.Step_RegisterPage.<init>(Step_RegisterPage.java:18)
	at java.base/jdk.internal.reflect.DirectConstructorHandleAccessor.newInstance(DirectConstructorHandleAccessor.java:62)
	... 30 more
</textarea>
      
      </div>
                  </div>
                  <div class="step skip-bg">
                    <span>When The user clicks Register button after entering Username with other fields empty from sheetname "register" and row 1</span>
      <div>Step skipped
      </div>
                  </div>
                  <div class="step skip-bg">
                    <span>Then The error message Please fill out this field. appears below Password textbox</span>
      <div>Step skipped
      </div>
                  </div>
              </div>
            </div>
        </div>
  </div>
  <div class="card">
    <div class="card-header" role="tab">
      <div class="card-title">
        <div class="node" id="77"><span class="badge log fail-bg mr-2">Fail</span>Verify that user receives error message for empty Password Confirmation field during registration</div>
      </div>
    </div>
        <div class="scenario_outline ">
            <div class="card-body l1">
              <div class="card-header">
                <div class="card-title outline-child">
                  <div class="node" id="78"><span class="badge log fail-bg mr-2">Fail</span>Verify that user receives error message for empty Password Confirmation field during registration</div>
                </div>
              </div>
              <div class="card-body mt-3 ">
                  <div class="step fail-bg">
                    <span>Given The user is on the new user registration page</span>
      <div>
        <textarea disabled class="code-block">io.cucumber.core.exception.CucumberException: Failed to instantiate class StepDefinitions.Step_RegisterPage
	at io.cucumber.core.backend.DefaultObjectFactory.cacheNewInstance(DefaultObjectFactory.java:67)
	at io.cucumber.core.backend.DefaultObjectFactory.getInstance(DefaultObjectFactory.java:45)
	at io.cucumber.java.AbstractGlueDefinition.invokeMethod(AbstractGlueDefinition.java:47)
	at io.cucumber.java.JavaStepDefinition.execute(JavaStepDefinition.java:29)
	at io.cucumber.core.runner.CoreStepDefinition.execute(CoreStepDefinition.java:66)
	at io.cucumber.core.runner.PickleStepDefinitionMatch.runStep(PickleStepDefinitionMatch.java:62)
	at io.cucumber.core.runner.ExecutionMode$1.execute(ExecutionMode.java:10)
	at io.cucumber.core.runner.TestStep.executeStep(TestStep.java:81)
	at io.cucumber.core.runner.TestStep.run(TestStep.java:53)
	at io.cucumber.core.runner.PickleStepTestStep.run(PickleStepTestStep.java:51)
	at io.cucumber.core.runner.TestCase.run(TestCase.java:84)
	at io.cucumber.core.runner.Runner.runPickle(Runner.java:75)
	at io.cucumber.testng.TestNGCucumberRunner.lambda$runScenario$1(TestNGCucumberRunner.java:132)
	at io.cucumber.core.runtime.CucumberExecutionContext.lambda$runTestCase$5(CucumberExecutionContext.java:136)
	at io.cucumber.core.runtime.RethrowingThrowableCollector.executeAndThrow(RethrowingThrowableCollector.java:23)
	at io.cucumber.core.runtime.CucumberExecutionContext.runTestCase(CucumberExecutionContext.java:136)
	at io.cucumber.testng.TestNGCucumberRunner.runScenario(TestNGCucumberRunner.java:129)
	at io.cucumber.testng.AbstractTestNGCucumberTests.runScenario(AbstractTestNGCucumberTests.java:35)
	at java.base/jdk.internal.reflect.DirectMethodHandleAccessor.invoke(DirectMethodHandleAccessor.java:103)
	at java.base/java.lang.reflect.Method.invoke(Method.java:580)
	at org.testng.internal.invokers.MethodInvocationHelper.invokeMethod(MethodInvocationHelper.java:141)
	at org.testng.internal.invokers.TestInvoker.invokeMethod(TestInvoker.java:686)
	at org.testng.internal.invokers.TestInvoker.invokeTestMethod(TestInvoker.java:230)
	at org.testng.internal.invokers.TestMethodWithDataProviderMethodWorker.call(TestMethodWithDataProviderMethodWorker.java:81)
	at org.testng.internal.thread.Async$AsyncTask.run(Async.java:34)
	at java.base/java.util.concurrent.ThreadPoolExecutor.runWorker(ThreadPoolExecutor.java:1144)
	at java.base/java.util.concurrent.ThreadPoolExecutor$Worker.run(ThreadPoolExecutor.java:642)
	at java.base/java.lang.Thread.run(Thread.java:1575)
Caused by: java.lang.reflect.InvocationTargetException
	at java.base/jdk.internal.reflect.DirectConstructorHandleAccessor.newInstance(DirectConstructorHandleAccessor.java:74)
	at java.base/java.lang.reflect.Constructor.newInstanceWithCaller(Constructor.java:501)
	at java.base/java.lang.reflect.Constructor.newInstance(Constructor.java:485)
	at io.cucumber.core.backend.DefaultObjectFactory.cacheNewInstance(DefaultObjectFactory.java:53)
	... 27 more
Caused by: java.lang.Error: Unresolved compilation problems: 
	The constructor IntroductionPagePom() is undefined
	The constructor HomePom() is undefined
	The method getPageTitle() is undefined for the type IntroductionPagePom

	at StepDefinitions.Step_RegisterPage.<init>(Step_RegisterPage.java:18)
	at java.base/jdk.internal.reflect.DirectConstructorHandleAccessor.newInstance(DirectConstructorHandleAccessor.java:62)
	... 30 more
</textarea>
      
      </div>
                  </div>
                  <div class="step skip-bg">
                    <span>When The user clicks Register button after entering Username and Password leaving Password Confirmation field empty from sheetname "register" and row 2</span>
      <div>Step skipped
      </div>
                  </div>
                  <div class="step skip-bg">
                    <span>Then The error message Please fill out this field. appears below  Password Confirmation textbox</span>
      <div>Step skipped
      </div>
                  </div>
              </div>
            </div>
        </div>
  </div>
  <div class="card">
    <div class="card-header" role="tab">
      <div class="card-title">
        <div class="node" id="104"><span class="badge log fail-bg mr-2">Fail</span>Verify that user receives error message for invalid username field during registration</div>
      </div>
    </div>
        <div class="scenario_outline ">
            <div class="card-body l1">
              <div class="card-header">
                <div class="card-title outline-child">
                  <div class="node" id="105"><span class="badge log fail-bg mr-2">Fail</span>Verify that user receives error message for invalid username field during registration</div>
                </div>
              </div>
              <div class="card-body mt-3 ">
                  <div class="step fail-bg">
                    <span>Given The user is on the new user registration page</span>
      <div>
        <textarea disabled class="code-block">io.cucumber.core.exception.CucumberException: Failed to instantiate class StepDefinitions.Step_RegisterPage
	at io.cucumber.core.backend.DefaultObjectFactory.cacheNewInstance(DefaultObjectFactory.java:67)
	at io.cucumber.core.backend.DefaultObjectFactory.getInstance(DefaultObjectFactory.java:45)
	at io.cucumber.java.AbstractGlueDefinition.invokeMethod(AbstractGlueDefinition.java:47)
	at io.cucumber.java.JavaStepDefinition.execute(JavaStepDefinition.java:29)
	at io.cucumber.core.runner.CoreStepDefinition.execute(CoreStepDefinition.java:66)
	at io.cucumber.core.runner.PickleStepDefinitionMatch.runStep(PickleStepDefinitionMatch.java:62)
	at io.cucumber.core.runner.ExecutionMode$1.execute(ExecutionMode.java:10)
	at io.cucumber.core.runner.TestStep.executeStep(TestStep.java:81)
	at io.cucumber.core.runner.TestStep.run(TestStep.java:53)
	at io.cucumber.core.runner.PickleStepTestStep.run(PickleStepTestStep.java:51)
	at io.cucumber.core.runner.TestCase.run(TestCase.java:84)
	at io.cucumber.core.runner.Runner.runPickle(Runner.java:75)
	at io.cucumber.testng.TestNGCucumberRunner.lambda$runScenario$1(TestNGCucumberRunner.java:132)
	at io.cucumber.core.runtime.CucumberExecutionContext.lambda$runTestCase$5(CucumberExecutionContext.java:136)
	at io.cucumber.core.runtime.RethrowingThrowableCollector.executeAndThrow(RethrowingThrowableCollector.java:23)
	at io.cucumber.core.runtime.CucumberExecutionContext.runTestCase(CucumberExecutionContext.java:136)
	at io.cucumber.testng.TestNGCucumberRunner.runScenario(TestNGCucumberRunner.java:129)
	at io.cucumber.testng.AbstractTestNGCucumberTests.runScenario(AbstractTestNGCucumberTests.java:35)
	at java.base/jdk.internal.reflect.DirectMethodHandleAccessor.invoke(DirectMethodHandleAccessor.java:103)
	at java.base/java.lang.reflect.Method.invoke(Method.java:580)
	at org.testng.internal.invokers.MethodInvocationHelper.invokeMethod(MethodInvocationHelper.java:141)
	at org.testng.internal.invokers.TestInvoker.invokeMethod(TestInvoker.java:686)
	at org.testng.internal.invokers.TestInvoker.invokeTestMethod(TestInvoker.java:230)
	at org.testng.internal.invokers.TestMethodWithDataProviderMethodWorker.call(TestMethodWithDataProviderMethodWorker.java:81)
	at org.testng.internal.thread.Async$AsyncTask.run(Async.java:34)
	at java.base/java.util.concurrent.ThreadPoolExecutor.runWorker(ThreadPoolExecutor.java:1144)
	at java.base/java.util.concurrent.ThreadPoolExecutor$Worker.run(ThreadPoolExecutor.java:642)
	at java.base/java.lang.Thread.run(Thread.java:1575)
Caused by: java.lang.reflect.InvocationTargetException
	at java.base/jdk.internal.reflect.DirectConstructorHandleAccessor.newInstance(DirectConstructorHandleAccessor.java:74)
	at java.base/java.lang.reflect.Constructor.newInstanceWithCaller(Constructor.java:501)
	at java.base/java.lang.reflect.Constructor.newInstance(Constructor.java:485)
	at io.cucumber.core.backend.DefaultObjectFactory.cacheNewInstance(DefaultObjectFactory.java:53)
	... 27 more
Caused by: java.lang.Error: Unresolved compilation problems: 
	The constructor IntroductionPagePom() is undefined
	The constructor HomePom() is undefined
	The method getPageTitle() is undefined for the type IntroductionPagePom

	at StepDefinitions.Step_RegisterPage.<init>(Step_RegisterPage.java:18)
	at java.base/jdk.internal.reflect.DirectConstructorHandleAccessor.newInstance(DirectConstructorHandleAccessor.java:62)
	... 30 more
</textarea>
      
      </div>
                  </div>
                  <div class="step skip-bg">
                    <span>When The user clicks Register button after entering a username with spacebar characters other than digits and symbols from sheetname "register" and row 3</span>
      <div>Step skipped
      </div>
                  </div>
                  <div class="step skip-bg">
                    <span>Then The user should be able to see error msg after entering invalid data</span>
      <div>Step skipped
      </div>
                  </div>
              </div>
            </div>
        </div>
  </div>
  <div class="card">
    <div class="card-header" role="tab">
      <div class="card-title">
        <div class="node" id="115"><span class="badge log fail-bg mr-2">Fail</span>Verify that user receives error message for invalid password field during registration</div>
      </div>
    </div>
        <div class="scenario_outline ">
            <div class="card-body l1">
              <div class="card-header">
                <div class="card-title outline-child">
                  <div class="node" id="116"><span class="badge log fail-bg mr-2">Fail</span>Verify that user receives error message for invalid password field during registration</div>
                </div>
              </div>
              <div class="card-body mt-3 ">
                  <div class="step fail-bg">
                    <span>Given The user is on the new user registration page</span>
      <div>
        <textarea disabled class="code-block">io.cucumber.core.exception.CucumberException: Failed to instantiate class StepDefinitions.Step_RegisterPage
	at io.cucumber.core.backend.DefaultObjectFactory.cacheNewInstance(DefaultObjectFactory.java:67)
	at io.cucumber.core.backend.DefaultObjectFactory.getInstance(DefaultObjectFactory.java:45)
	at io.cucumber.java.AbstractGlueDefinition.invokeMethod(AbstractGlueDefinition.java:47)
	at io.cucumber.java.JavaStepDefinition.execute(JavaStepDefinition.java:29)
	at io.cucumber.core.runner.CoreStepDefinition.execute(CoreStepDefinition.java:66)
	at io.cucumber.core.runner.PickleStepDefinitionMatch.runStep(PickleStepDefinitionMatch.java:62)
	at io.cucumber.core.runner.ExecutionMode$1.execute(ExecutionMode.java:10)
	at io.cucumber.core.runner.TestStep.executeStep(TestStep.java:81)
	at io.cucumber.core.runner.TestStep.run(TestStep.java:53)
	at io.cucumber.core.runner.PickleStepTestStep.run(PickleStepTestStep.java:51)
	at io.cucumber.core.runner.TestCase.run(TestCase.java:84)
	at io.cucumber.core.runner.Runner.runPickle(Runner.java:75)
	at io.cucumber.testng.TestNGCucumberRunner.lambda$runScenario$1(TestNGCucumberRunner.java:132)
	at io.cucumber.core.runtime.CucumberExecutionContext.lambda$runTestCase$5(CucumberExecutionContext.java:136)
	at io.cucumber.core.runtime.RethrowingThrowableCollector.executeAndThrow(RethrowingThrowableCollector.java:23)
	at io.cucumber.core.runtime.CucumberExecutionContext.runTestCase(CucumberExecutionContext.java:136)
	at io.cucumber.testng.TestNGCucumberRunner.runScenario(TestNGCucumberRunner.java:129)
	at io.cucumber.testng.AbstractTestNGCucumberTests.runScenario(AbstractTestNGCucumberTests.java:35)
	at java.base/jdk.internal.reflect.DirectMethodHandleAccessor.invoke(DirectMethodHandleAccessor.java:103)
	at java.base/java.lang.reflect.Method.invoke(Method.java:580)
	at org.testng.internal.invokers.MethodInvocationHelper.invokeMethod(MethodInvocationHelper.java:141)
	at org.testng.internal.invokers.TestInvoker.invokeMethod(TestInvoker.java:686)
	at org.testng.internal.invokers.TestInvoker.invokeTestMethod(TestInvoker.java:230)
	at org.testng.internal.invokers.TestMethodWithDataProviderMethodWorker.call(TestMethodWithDataProviderMethodWorker.java:81)
	at org.testng.internal.thread.Async$AsyncTask.run(Async.java:34)
	at java.base/java.util.concurrent.ThreadPoolExecutor.runWorker(ThreadPoolExecutor.java:1144)
	at java.base/java.util.concurrent.ThreadPoolExecutor$Worker.run(ThreadPoolExecutor.java:642)
	at java.base/java.lang.Thread.run(Thread.java:1575)
Caused by: java.lang.reflect.InvocationTargetException
	at java.base/jdk.internal.reflect.DirectConstructorHandleAccessor.newInstance(DirectConstructorHandleAccessor.java:74)
	at java.base/java.lang.reflect.Constructor.newInstanceWithCaller(Constructor.java:501)
	at java.base/java.lang.reflect.Constructor.newInstance(Constructor.java:485)
	at io.cucumber.core.backend.DefaultObjectFactory.cacheNewInstance(DefaultObjectFactory.java:53)
	... 27 more
Caused by: java.lang.Error: Unresolved compilation problems: 
	The constructor IntroductionPagePom() is undefined
	The constructor HomePom() is undefined
	The method getPageTitle() is undefined for the type IntroductionPagePom

	at StepDefinitions.Step_RegisterPage.<init>(Step_RegisterPage.java:18)
	at java.base/jdk.internal.reflect.DirectConstructorHandleAccessor.newInstance(DirectConstructorHandleAccessor.java:62)
	... 30 more
</textarea>
      
      </div>
                  </div>
                  <div class="step skip-bg">
                    <span>When The user clicks Register button after entering a password with only numeric data from sheetname "register" and row 4</span>
      <div>Step skipped
      </div>
                  </div>
                  <div class="step skip-bg">
                    <span>Then The user should be able to see error msg after entering invalid data in password fields</span>
      <div>Step skipped
      </div>
                  </div>
              </div>
            </div>
        </div>
  </div>
  <div class="card">
    <div class="card-header" role="tab">
      <div class="card-title">
        <div class="node" id="122"><span class="badge log fail-bg mr-2">Fail</span>Verify that user receives error message for Password field less than eight characters during registration</div>
      </div>
    </div>
        <div class="scenario_outline ">
            <div class="card-body l1">
              <div class="card-header">
                <div class="card-title outline-child">
                  <div class="node" id="123"><span class="badge log fail-bg mr-2">Fail</span>Verify that user receives error message for Password field less than eight characters during registration</div>
                </div>
              </div>
              <div class="card-body mt-3 ">
                  <div class="step fail-bg">
                    <span>Given The user is on the new user registration page</span>
      <div>
        <textarea disabled class="code-block">io.cucumber.core.exception.CucumberException: Failed to instantiate class StepDefinitions.Step_RegisterPage
	at io.cucumber.core.backend.DefaultObjectFactory.cacheNewInstance(DefaultObjectFactory.java:67)
	at io.cucumber.core.backend.DefaultObjectFactory.getInstance(DefaultObjectFactory.java:45)
	at io.cucumber.java.AbstractGlueDefinition.invokeMethod(AbstractGlueDefinition.java:47)
	at io.cucumber.java.JavaStepDefinition.execute(JavaStepDefinition.java:29)
	at io.cucumber.core.runner.CoreStepDefinition.execute(CoreStepDefinition.java:66)
	at io.cucumber.core.runner.PickleStepDefinitionMatch.runStep(PickleStepDefinitionMatch.java:62)
	at io.cucumber.core.runner.ExecutionMode$1.execute(ExecutionMode.java:10)
	at io.cucumber.core.runner.TestStep.executeStep(TestStep.java:81)
	at io.cucumber.core.runner.TestStep.run(TestStep.java:53)
	at io.cucumber.core.runner.PickleStepTestStep.run(PickleStepTestStep.java:51)
	at io.cucumber.core.runner.TestCase.run(TestCase.java:84)
	at io.cucumber.core.runner.Runner.runPickle(Runner.java:75)
	at io.cucumber.testng.TestNGCucumberRunner.lambda$runScenario$1(TestNGCucumberRunner.java:132)
	at io.cucumber.core.runtime.CucumberExecutionContext.lambda$runTestCase$5(CucumberExecutionContext.java:136)
	at io.cucumber.core.runtime.RethrowingThrowableCollector.executeAndThrow(RethrowingThrowableCollector.java:23)
	at io.cucumber.core.runtime.CucumberExecutionContext.runTestCase(CucumberExecutionContext.java:136)
	at io.cucumber.testng.TestNGCucumberRunner.runScenario(TestNGCucumberRunner.java:129)
	at io.cucumber.testng.AbstractTestNGCucumberTests.runScenario(AbstractTestNGCucumberTests.java:35)
	at java.base/jdk.internal.reflect.DirectMethodHandleAccessor.invoke(DirectMethodHandleAccessor.java:103)
	at java.base/java.lang.reflect.Method.invoke(Method.java:580)
	at org.testng.internal.invokers.MethodInvocationHelper.invokeMethod(MethodInvocationHelper.java:141)
	at org.testng.internal.invokers.TestInvoker.invokeMethod(TestInvoker.java:686)
	at org.testng.internal.invokers.TestInvoker.invokeTestMethod(TestInvoker.java:230)
	at org.testng.internal.invokers.TestMethodWithDataProviderMethodWorker.call(TestMethodWithDataProviderMethodWorker.java:81)
	at org.testng.internal.thread.Async$AsyncTask.run(Async.java:34)
	at java.base/java.util.concurrent.ThreadPoolExecutor.runWorker(ThreadPoolExecutor.java:1144)
	at java.base/java.util.concurrent.ThreadPoolExecutor$Worker.run(ThreadPoolExecutor.java:642)
	at java.base/java.lang.Thread.run(Thread.java:1575)
Caused by: java.lang.reflect.InvocationTargetException
	at java.base/jdk.internal.reflect.DirectConstructorHandleAccessor.newInstance(DirectConstructorHandleAccessor.java:74)
	at java.base/java.lang.reflect.Constructor.newInstanceWithCaller(Constructor.java:501)
	at java.base/java.lang.reflect.Constructor.newInstance(Constructor.java:485)
	at io.cucumber.core.backend.DefaultObjectFactory.cacheNewInstance(DefaultObjectFactory.java:53)
	... 27 more
Caused by: java.lang.Error: Unresolved compilation problems: 
	The constructor IntroductionPagePom() is undefined
	The constructor HomePom() is undefined
	The method getPageTitle() is undefined for the type IntroductionPagePom

	at StepDefinitions.Step_RegisterPage.<init>(Step_RegisterPage.java:18)
	at java.base/jdk.internal.reflect.DirectConstructorHandleAccessor.newInstance(DirectConstructorHandleAccessor.java:62)
	... 30 more
</textarea>
      
      </div>
                  </div>
                  <div class="step skip-bg">
                    <span>When The user clicks Register button after entering a password with less than eight characters from sheetname "register" and row 5</span>
      <div>Step skipped
      </div>
                  </div>
                  <div class="step skip-bg">
                    <span>Then The user should be able to see error msg after entering less than eight characters</span>
      <div>Step skipped
      </div>
                  </div>
              </div>
            </div>
        </div>
  </div>
  <div class="card">
    <div class="card-header" role="tab">
      <div class="card-title">
        <div class="node" id="125"><span class="badge log fail-bg mr-2">Fail</span>Verify that user receives error message for mismatched Password and Password Confirmation field during registration</div>
      </div>
    </div>
        <div class="scenario_outline ">
            <div class="card-body l1">
              <div class="card-header">
                <div class="card-title outline-child">
                  <div class="node" id="126"><span class="badge log fail-bg mr-2">Fail</span>Verify that user receives error message for mismatched Password and Password Confirmation field during registration</div>
                </div>
              </div>
              <div class="card-body mt-3 ">
                  <div class="step fail-bg">
                    <span>Given The user is on the new user registration page</span>
      <div>
        <textarea disabled class="code-block">io.cucumber.core.exception.CucumberException: Failed to instantiate class StepDefinitions.Step_RegisterPage
	at io.cucumber.core.backend.DefaultObjectFactory.cacheNewInstance(DefaultObjectFactory.java:67)
	at io.cucumber.core.backend.DefaultObjectFactory.getInstance(DefaultObjectFactory.java:45)
	at io.cucumber.java.AbstractGlueDefinition.invokeMethod(AbstractGlueDefinition.java:47)
	at io.cucumber.java.JavaStepDefinition.execute(JavaStepDefinition.java:29)
	at io.cucumber.core.runner.CoreStepDefinition.execute(CoreStepDefinition.java:66)
	at io.cucumber.core.runner.PickleStepDefinitionMatch.runStep(PickleStepDefinitionMatch.java:62)
	at io.cucumber.core.runner.ExecutionMode$1.execute(ExecutionMode.java:10)
	at io.cucumber.core.runner.TestStep.executeStep(TestStep.java:81)
	at io.cucumber.core.runner.TestStep.run(TestStep.java:53)
	at io.cucumber.core.runner.PickleStepTestStep.run(PickleStepTestStep.java:51)
	at io.cucumber.core.runner.TestCase.run(TestCase.java:84)
	at io.cucumber.core.runner.Runner.runPickle(Runner.java:75)
	at io.cucumber.testng.TestNGCucumberRunner.lambda$runScenario$1(TestNGCucumberRunner.java:132)
	at io.cucumber.core.runtime.CucumberExecutionContext.lambda$runTestCase$5(CucumberExecutionContext.java:136)
	at io.cucumber.core.runtime.RethrowingThrowableCollector.executeAndThrow(RethrowingThrowableCollector.java:23)
	at io.cucumber.core.runtime.CucumberExecutionContext.runTestCase(CucumberExecutionContext.java:136)
	at io.cucumber.testng.TestNGCucumberRunner.runScenario(TestNGCucumberRunner.java:129)
	at io.cucumber.testng.AbstractTestNGCucumberTests.runScenario(AbstractTestNGCucumberTests.java:35)
	at java.base/jdk.internal.reflect.DirectMethodHandleAccessor.invoke(DirectMethodHandleAccessor.java:103)
	at java.base/java.lang.reflect.Method.invoke(Method.java:580)
	at org.testng.internal.invokers.MethodInvocationHelper.invokeMethod(MethodInvocationHelper.java:141)
	at org.testng.internal.invokers.TestInvoker.invokeMethod(TestInvoker.java:686)
	at org.testng.internal.invokers.TestInvoker.invokeTestMethod(TestInvoker.java:230)
	at org.testng.internal.invokers.TestMethodWithDataProviderMethodWorker.call(TestMethodWithDataProviderMethodWorker.java:81)
	at org.testng.internal.thread.Async$AsyncTask.run(Async.java:34)
	at java.base/java.util.concurrent.ThreadPoolExecutor.runWorker(ThreadPoolExecutor.java:1144)
	at java.base/java.util.concurrent.ThreadPoolExecutor$Worker.run(ThreadPoolExecutor.java:642)
	at java.base/java.lang.Thread.run(Thread.java:1575)
Caused by: java.lang.reflect.InvocationTargetException
	at java.base/jdk.internal.reflect.DirectConstructorHandleAccessor.newInstance(DirectConstructorHandleAccessor.java:74)
	at java.base/java.lang.reflect.Constructor.newInstanceWithCaller(Constructor.java:501)
	at java.base/java.lang.reflect.Constructor.newInstance(Constructor.java:485)
	at io.cucumber.core.backend.DefaultObjectFactory.cacheNewInstance(DefaultObjectFactory.java:53)
	... 27 more
Caused by: java.lang.Error: Unresolved compilation problems: 
	The constructor IntroductionPagePom() is undefined
	The constructor HomePom() is undefined
	The method getPageTitle() is undefined for the type IntroductionPagePom

	at StepDefinitions.Step_RegisterPage.<init>(Step_RegisterPage.java:18)
	at java.base/jdk.internal.reflect.DirectConstructorHandleAccessor.newInstance(DirectConstructorHandleAccessor.java:62)
	... 30 more
</textarea>
      
      </div>
                  </div>
                  <div class="step skip-bg">
                    <span>When The user clicks Register button after entering different passwords in Password and Password Confirmation fields from sheetname "register" and row 6</span>
      <div>Step skipped
      </div>
                  </div>
                  <div class="step skip-bg">
                    <span>Then The user should able to see an pwd warning message password_mismatch:The two password fields didn’t match.</span>
      <div>Step skipped
      </div>
                  </div>
              </div>
            </div>
        </div>
  </div>
  <div class="card">
    <div class="card-header" role="tab">
      <div class="card-title">
        <div class="node" id="128"><span class="badge log fail-bg mr-2">Fail</span>Verify that user is able to successfully register using valid username and password details</div>
      </div>
    </div>
        <div class="scenario_outline ">
            <div class="card-body l1">
              <div class="card-header">
                <div class="card-title outline-child">
                  <div class="node" id="129"><span class="badge log fail-bg mr-2">Fail</span>Verify that user is able to successfully register using valid username and password details</div>
                </div>
              </div>
              <div class="card-body mt-3 ">
                  <div class="step fail-bg">
                    <span>Given The user is on the new user registration page</span>
      <div>
        <textarea disabled class="code-block">io.cucumber.core.exception.CucumberException: Failed to instantiate class StepDefinitions.Step_RegisterPage
	at io.cucumber.core.backend.DefaultObjectFactory.cacheNewInstance(DefaultObjectFactory.java:67)
	at io.cucumber.core.backend.DefaultObjectFactory.getInstance(DefaultObjectFactory.java:45)
	at io.cucumber.java.AbstractGlueDefinition.invokeMethod(AbstractGlueDefinition.java:47)
	at io.cucumber.java.JavaStepDefinition.execute(JavaStepDefinition.java:29)
	at io.cucumber.core.runner.CoreStepDefinition.execute(CoreStepDefinition.java:66)
	at io.cucumber.core.runner.PickleStepDefinitionMatch.runStep(PickleStepDefinitionMatch.java:62)
	at io.cucumber.core.runner.ExecutionMode$1.execute(ExecutionMode.java:10)
	at io.cucumber.core.runner.TestStep.executeStep(TestStep.java:81)
	at io.cucumber.core.runner.TestStep.run(TestStep.java:53)
	at io.cucumber.core.runner.PickleStepTestStep.run(PickleStepTestStep.java:51)
	at io.cucumber.core.runner.TestCase.run(TestCase.java:84)
	at io.cucumber.core.runner.Runner.runPickle(Runner.java:75)
	at io.cucumber.testng.TestNGCucumberRunner.lambda$runScenario$1(TestNGCucumberRunner.java:132)
	at io.cucumber.core.runtime.CucumberExecutionContext.lambda$runTestCase$5(CucumberExecutionContext.java:136)
	at io.cucumber.core.runtime.RethrowingThrowableCollector.executeAndThrow(RethrowingThrowableCollector.java:23)
	at io.cucumber.core.runtime.CucumberExecutionContext.runTestCase(CucumberExecutionContext.java:136)
	at io.cucumber.testng.TestNGCucumberRunner.runScenario(TestNGCucumberRunner.java:129)
	at io.cucumber.testng.AbstractTestNGCucumberTests.runScenario(AbstractTestNGCucumberTests.java:35)
	at java.base/jdk.internal.reflect.DirectMethodHandleAccessor.invoke(DirectMethodHandleAccessor.java:103)
	at java.base/java.lang.reflect.Method.invoke(Method.java:580)
	at org.testng.internal.invokers.MethodInvocationHelper.invokeMethod(MethodInvocationHelper.java:141)
	at org.testng.internal.invokers.TestInvoker.invokeMethod(TestInvoker.java:686)
	at org.testng.internal.invokers.TestInvoker.invokeTestMethod(TestInvoker.java:230)
	at org.testng.internal.invokers.TestMethodWithDataProviderMethodWorker.call(TestMethodWithDataProviderMethodWorker.java:81)
	at org.testng.internal.thread.Async$AsyncTask.run(Async.java:34)
	at java.base/java.util.concurrent.ThreadPoolExecutor.runWorker(ThreadPoolExecutor.java:1144)
	at java.base/java.util.concurrent.ThreadPoolExecutor$Worker.run(ThreadPoolExecutor.java:642)
	at java.base/java.lang.Thread.run(Thread.java:1575)
Caused by: java.lang.reflect.InvocationTargetException
	at java.base/jdk.internal.reflect.DirectConstructorHandleAccessor.newInstance(DirectConstructorHandleAccessor.java:74)
	at java.base/java.lang.reflect.Constructor.newInstanceWithCaller(Constructor.java:501)
	at java.base/java.lang.reflect.Constructor.newInstance(Constructor.java:485)
	at io.cucumber.core.backend.DefaultObjectFactory.cacheNewInstance(DefaultObjectFactory.java:53)
	... 27 more
Caused by: java.lang.Error: Unresolved compilation problems: 
	The constructor IntroductionPagePom() is undefined
	The constructor HomePom() is undefined
	The method getPageTitle() is undefined for the type IntroductionPagePom

	at StepDefinitions.Step_RegisterPage.<init>(Step_RegisterPage.java:18)
	at java.base/jdk.internal.reflect.DirectConstructorHandleAccessor.newInstance(DirectConstructorHandleAccessor.java:62)
	... 30 more
</textarea>
      
      </div>
                  </div>
                  <div class="step skip-bg">
                    <span>When The user clicks Register button after entering  with valid username password and password confirmation in related textboxes from sheetname "register" and row 7</span>
      <div>Step skipped
      </div>
                  </div>
                  <div class="step skip-bg">
                    <span>Then The user should be redirected to Home Page of DS Algo with message New Account Created. You are logged in as username</span>
      <div>Step skipped
      </div>
                  </div>
              </div>
            </div>
        </div>
  </div>
  <div class="card">
    <div class="card-header" role="tab">
      <div class="card-title">
        <div class="node" id="131"><span class="badge log fail-bg mr-2">Fail</span>Verify that user is able to click on login link from Registration page</div>
      </div>
    </div>
        <div class="">
          <div class="card-body">
              <div class="step fail-bg" title="StepDefinitions.Step_RegisterPage.the_user_is_on_the_new_user_registration_page()">
                <span>Given The user is on the new user registration page</span>
      <div>
        <textarea disabled class="code-block">io.cucumber.core.exception.CucumberException: Failed to instantiate class StepDefinitions.Step_RegisterPage
	at io.cucumber.core.backend.DefaultObjectFactory.cacheNewInstance(DefaultObjectFactory.java:67)
	at io.cucumber.core.backend.DefaultObjectFactory.getInstance(DefaultObjectFactory.java:45)
	at io.cucumber.java.AbstractGlueDefinition.invokeMethod(AbstractGlueDefinition.java:47)
	at io.cucumber.java.JavaStepDefinition.execute(JavaStepDefinition.java:29)
	at io.cucumber.core.runner.CoreStepDefinition.execute(CoreStepDefinition.java:66)
	at io.cucumber.core.runner.PickleStepDefinitionMatch.runStep(PickleStepDefinitionMatch.java:62)
	at io.cucumber.core.runner.ExecutionMode$1.execute(ExecutionMode.java:10)
	at io.cucumber.core.runner.TestStep.executeStep(TestStep.java:81)
	at io.cucumber.core.runner.TestStep.run(TestStep.java:53)
	at io.cucumber.core.runner.PickleStepTestStep.run(PickleStepTestStep.java:51)
	at io.cucumber.core.runner.TestCase.run(TestCase.java:84)
	at io.cucumber.core.runner.Runner.runPickle(Runner.java:75)
	at io.cucumber.testng.TestNGCucumberRunner.lambda$runScenario$1(TestNGCucumberRunner.java:132)
	at io.cucumber.core.runtime.CucumberExecutionContext.lambda$runTestCase$5(CucumberExecutionContext.java:136)
	at io.cucumber.core.runtime.RethrowingThrowableCollector.executeAndThrow(RethrowingThrowableCollector.java:23)
	at io.cucumber.core.runtime.CucumberExecutionContext.runTestCase(CucumberExecutionContext.java:136)
	at io.cucumber.testng.TestNGCucumberRunner.runScenario(TestNGCucumberRunner.java:129)
	at io.cucumber.testng.AbstractTestNGCucumberTests.runScenario(AbstractTestNGCucumberTests.java:35)
	at java.base/jdk.internal.reflect.DirectMethodHandleAccessor.invoke(DirectMethodHandleAccessor.java:103)
	at java.base/java.lang.reflect.Method.invoke(Method.java:580)
	at org.testng.internal.invokers.MethodInvocationHelper.invokeMethod(MethodInvocationHelper.java:141)
	at org.testng.internal.invokers.TestInvoker.invokeMethod(TestInvoker.java:686)
	at org.testng.internal.invokers.TestInvoker.invokeTestMethod(TestInvoker.java:230)
	at org.testng.internal.invokers.TestMethodWithDataProviderMethodWorker.call(TestMethodWithDataProviderMethodWorker.java:81)
	at org.testng.internal.thread.Async$AsyncTask.run(Async.java:34)
	at java.base/java.util.concurrent.ThreadPoolExecutor.runWorker(ThreadPoolExecutor.java:1144)
	at java.base/java.util.concurrent.ThreadPoolExecutor$Worker.run(ThreadPoolExecutor.java:642)
	at java.base/java.lang.Thread.run(Thread.java:1575)
Caused by: java.lang.reflect.InvocationTargetException
	at java.base/jdk.internal.reflect.DirectConstructorHandleAccessor.newInstance(DirectConstructorHandleAccessor.java:74)
	at java.base/java.lang.reflect.Constructor.newInstanceWithCaller(Constructor.java:501)
	at java.base/java.lang.reflect.Constructor.newInstance(Constructor.java:485)
	at io.cucumber.core.backend.DefaultObjectFactory.cacheNewInstance(DefaultObjectFactory.java:53)
	... 27 more
Caused by: java.lang.Error: Unresolved compilation problems: 
	The constructor IntroductionPagePom() is undefined
	The constructor HomePom() is undefined
	The method getPageTitle() is undefined for the type IntroductionPagePom

	at StepDefinitions.Step_RegisterPage.<init>(Step_RegisterPage.java:18)
	at java.base/jdk.internal.reflect.DirectConstructorHandleAccessor.newInstance(DirectConstructorHandleAccessor.java:62)
	... 30 more
</textarea>
      
      </div>
              </div>
              <div class="step skip-bg" title="StepDefinitions.Step_RegisterPage.the_user_clicks_login_link_from_registration_page()">
                <span>When The user clicks login link from Registration page</span>
      <div>Step skipped
      </div>
              </div>
              <div class="step skip-bg" title="StepDefinitions.Step_RegisterPage.the_user_should_be_landed_on_login_page()">
                <span>Then The user should be landed on login page</span>
      <div>Step skipped
      </div>
              </div>
          </div>
        </div>
  </div>
  <div class="card">
    <div class="card-header" role="tab">
      <div class="card-title">
        <div class="node" id="133"><span class="badge log fail-bg mr-2">Fail</span>Verify that user is able to click on Sign in link from Registration page</div>
      </div>
    </div>
        <div class="">
          <div class="card-body">
              <div class="step fail-bg" title="StepDefinitions.Step_RegisterPage.the_user_is_on_the_new_user_registration_page()">
                <span>Given The user is on the new user registration page</span>
      <div>
        <textarea disabled class="code-block">io.cucumber.core.exception.CucumberException: Failed to instantiate class StepDefinitions.Step_RegisterPage
	at io.cucumber.core.backend.DefaultObjectFactory.cacheNewInstance(DefaultObjectFactory.java:67)
	at io.cucumber.core.backend.DefaultObjectFactory.getInstance(DefaultObjectFactory.java:45)
	at io.cucumber.java.AbstractGlueDefinition.invokeMethod(AbstractGlueDefinition.java:47)
	at io.cucumber.java.JavaStepDefinition.execute(JavaStepDefinition.java:29)
	at io.cucumber.core.runner.CoreStepDefinition.execute(CoreStepDefinition.java:66)
	at io.cucumber.core.runner.PickleStepDefinitionMatch.runStep(PickleStepDefinitionMatch.java:62)
	at io.cucumber.core.runner.ExecutionMode$1.execute(ExecutionMode.java:10)
	at io.cucumber.core.runner.TestStep.executeStep(TestStep.java:81)
	at io.cucumber.core.runner.TestStep.run(TestStep.java:53)
	at io.cucumber.core.runner.PickleStepTestStep.run(PickleStepTestStep.java:51)
	at io.cucumber.core.runner.TestCase.run(TestCase.java:84)
	at io.cucumber.core.runner.Runner.runPickle(Runner.java:75)
	at io.cucumber.testng.TestNGCucumberRunner.lambda$runScenario$1(TestNGCucumberRunner.java:132)
	at io.cucumber.core.runtime.CucumberExecutionContext.lambda$runTestCase$5(CucumberExecutionContext.java:136)
	at io.cucumber.core.runtime.RethrowingThrowableCollector.executeAndThrow(RethrowingThrowableCollector.java:23)
	at io.cucumber.core.runtime.CucumberExecutionContext.runTestCase(CucumberExecutionContext.java:136)
	at io.cucumber.testng.TestNGCucumberRunner.runScenario(TestNGCucumberRunner.java:129)
	at io.cucumber.testng.AbstractTestNGCucumberTests.runScenario(AbstractTestNGCucumberTests.java:35)
	at java.base/jdk.internal.reflect.DirectMethodHandleAccessor.invoke(DirectMethodHandleAccessor.java:103)
	at java.base/java.lang.reflect.Method.invoke(Method.java:580)
	at org.testng.internal.invokers.MethodInvocationHelper.invokeMethod(MethodInvocationHelper.java:141)
	at org.testng.internal.invokers.TestInvoker.invokeMethod(TestInvoker.java:686)
	at org.testng.internal.invokers.TestInvoker.invokeTestMethod(TestInvoker.java:230)
	at org.testng.internal.invokers.TestMethodWithDataProviderMethodWorker.call(TestMethodWithDataProviderMethodWorker.java:81)
	at org.testng.internal.thread.Async$AsyncTask.run(Async.java:34)
	at java.base/java.util.concurrent.ThreadPoolExecutor.runWorker(ThreadPoolExecutor.java:1144)
	at java.base/java.util.concurrent.ThreadPoolExecutor$Worker.run(ThreadPoolExecutor.java:642)
	at java.base/java.lang.Thread.run(Thread.java:1575)
Caused by: java.lang.reflect.InvocationTargetException
	at java.base/jdk.internal.reflect.DirectConstructorHandleAccessor.newInstance(DirectConstructorHandleAccessor.java:74)
	at java.base/java.lang.reflect.Constructor.newInstanceWithCaller(Constructor.java:501)
	at java.base/java.lang.reflect.Constructor.newInstance(Constructor.java:485)
	at io.cucumber.core.backend.DefaultObjectFactory.cacheNewInstance(DefaultObjectFactory.java:53)
	... 27 more
Caused by: java.lang.Error: Unresolved compilation problems: 
	The constructor IntroductionPagePom() is undefined
	The constructor HomePom() is undefined
	The method getPageTitle() is undefined for the type IntroductionPagePom

	at StepDefinitions.Step_RegisterPage.<init>(Step_RegisterPage.java:18)
	at java.base/jdk.internal.reflect.DirectConstructorHandleAccessor.newInstance(DirectConstructorHandleAccessor.java:62)
	... 30 more
</textarea>
      
      </div>
              </div>
              <div class="step skip-bg" title="StepDefinitions.Step_RegisterPage.the_user_clicks_sign_in_link_from_registration_page()">
                <span>When The user clicks Sign in link from Registration page</span>
      <div>Step skipped
      </div>
              </div>
              <div class="step skip-bg" title="StepDefinitions.Step_RegisterPage.the_user_should_be_landed_on_login_page()">
                <span>Then The user should be landed on login page</span>
      <div>Step skipped
      </div>
              </div>
          </div>
        </div>
  </div>
</div>
          </div>
        </li>
      </ul>
    </div>
  </div>
<div class="test-content scrollable">
<div class="test-content-tools">
<ul><li><a class="back-to-test" href="#"><i class="fa fa-arrow-left"></i></a></li></ul>
</div>
<div class="test-content-detail"><div class="detail-body"></div></div>
</div></div>
<div class="test-wrapper row view exception-view attributes-view">
<div class="test-list">
<div class="test-list-tools">
<ul class="tools pull-left"><li><a href=""><span class="font-size-14">Exception</span></a></li></ul>
<ul class="tools text-right"><li><a href="#"><span class="badge badge-primary">1</span></a></li></ul>
</div>
<div class="test-list-wrapper scrollable">
<ul class="test-list-item">
<li class="test-item">
<div class="test-detail">
<span class="meta">
<span class='badge log badge-danger'>26</span>
</span>
<p class="name">io.cucumber.core.exception.CucumberException</p>
<p class="duration text-sm">26 tests</p>
</div>
<div class="test-contents d-none">
<div class="info">
<h4>io.cucumber.core.exception.CucumberException</h4>
<span status="fail" class='badge log badge-danger'>26 failed</span>
</div>
<table class='table table-sm mt-4'>
<thead>
<tr>
<th class="status-col">Status</th>
<th class="timestamp-col">Timestamp</th>
<th>TestName</th>
</tr>
</thead>
<tbody>
<tr class="tag-test-status" status="fail">
<td><span class="badge log fail-bg">Fail</span></td>
<td>12:20:06 pm</td>
<td>
<a href="#" class="linked" test-id='1' id='22'>When The user selects Arrays from the drop down without Sign in</a>
<div class="">
<span class="badge badge-default">DSportal App HomePage.Verify that user able to see warning message while selecting Arrays from the drop down without Sign in.When The user selects Arrays from the drop down without Sign in</span>
</div>
</td>
</tr>
<tr class="tag-test-status" status="fail">
<td><span class="badge log fail-bg">Fail</span></td>
<td>12:20:07 pm</td>
<td>
<a href="#" class="linked" test-id='1' id='25'>Given The user clicks Data Structures drop down</a>
<div class="">
<span class="badge badge-default">DSportal App HomePage.Verify that user able to see warning message while selecting Graph from the drop down without Sign in..Given The user clicks Data Structures drop down</span>
</div>
</td>
</tr>
<tr class="tag-test-status" status="fail">
<td><span class="badge log fail-bg">Fail</span></td>
<td>12:20:08 pm</td>
<td>
<a href="#" class="linked" test-id='1' id='29'>When The user clicks the Get Started button</a>
<div class="">
<span class="badge badge-default">DSportal App HomePage.Validate user navigate to DS Intro Page.When The user clicks the Get Started button</span>
</div>
</td>
</tr>
<tr class="tag-test-status" status="fail">
<td><span class="badge log fail-bg">Fail</span></td>
<td>12:20:09 pm</td>
<td>
<a href="#" class="linked" test-id='1' id='32'>When The user enter correct dsAlgo portal URL <URL></a>
<div class="">
<span class="badge badge-default">DSportal App HomePage.Verify that user is able to open the dsAlgo Portal-home page.When The user enter correct dsAlgo portal URL <URL></span>
</div>
</td>
</tr>
<tr class="tag-test-status" status="fail">
<td><span class="badge log fail-bg">Fail</span></td>
<td>12:20:10 pm</td>
<td>
<a href="#" class="linked" test-id='1' id='35'>When The user clicks the Data Structures dropdown</a>
<div class="">
<span class="badge badge-default">DSportal App HomePage.Verify that user is able to view options for Data Structures dropdown on home page without Sign in.When The user clicks the Data Structures dropdown</span>
</div>
</td>
</tr>
<tr class="tag-test-status" status="fail">
<td><span class="badge log fail-bg">Fail</span></td>
<td>12:20:11 pm</td>
<td>
<a href="#" class="linked" test-id='1' id='38'>Given The user clicks Data Structures drop down</a>
<div class="">
<span class="badge badge-default">DSportal App HomePage.Verify that user able to see warning message while selecting Stack from the drop down without Sign in.Given The user clicks Data Structures drop down</span>
</div>
</td>
</tr>
<tr class="tag-test-status" status="fail">
<td><span class="badge log fail-bg">Fail</span></td>
<td>12:20:13 pm</td>
<td>
<a href="#" class="linked" test-id='1' id='42'>Given The user should land in Data Structure Introduction Page with register and Sign in links</a>
<div class="">
<span class="badge badge-default">DSportal App HomePage.Verify that user able to see warning message on clicking Get Started buttons of Data Structures-Introduction on the home page without Sign in.Given The user should land in Data Structure Introduction Page with register and Sign in links</span>
</div>
</td>
</tr>
<tr class="tag-test-status" status="fail">
<td><span class="badge log fail-bg">Fail</span></td>
<td>12:20:14 pm</td>
<td>
<a href="#" class="linked" test-id='1' id='46'>Given The user clicks Data Structures drop down</a>
<div class="">
<span class="badge badge-default">DSportal App HomePage.Verify that user able to see warning message while selecting Tree from the drop down without Sign in.Given The user clicks Data Structures drop down</span>
</div>
</td>
</tr>
<tr class="tag-test-status" status="fail">
<td><span class="badge log fail-bg">Fail</span></td>
<td>12:20:15 pm</td>
<td>
<a href="#" class="linked" test-id='1' id='50'>Given The user clicks Data Structures drop down</a>
<div class="">
<span class="badge badge-default">DSportal App HomePage.Verify that user able to see warning message while selecting Linked List from the drop down without Sign in.Given The user clicks Data Structures drop down</span>
</div>
</td>
</tr>
<tr class="tag-test-status" status="fail">
<td><span class="badge log fail-bg">Fail</span></td>
<td>12:20:16 pm</td>
<td>
<a href="#" class="linked" test-id='1' id='56'>Given The user clicks Data Structures drop down</a>
<div class="">
<span class="badge badge-default">DSportal App HomePage.Verify that user able to see warning message while selecting Queue from the drop down without Sign in.Given The user clicks Data Structures drop down</span>
</div>
</td>
</tr>
<tr class="tag-test-status" status="fail">
<td><span class="badge log fail-bg">Fail</span></td>
<td>12:20:20 pm</td>
<td>
<a href="#" class="linked" test-id='70' id='80'>Given The user is on the new user registration page</a>
<div class="">
<span class="badge badge-default">Registration.Verify that user receives error message for empty Password and Password confirmation fields during registration.Given The user is on the new user registration page</span>
</div>
</td>
</tr>
<tr class="tag-test-status" status="fail">
<td><span class="badge log fail-bg">Fail</span></td>
<td>12:20:22 pm</td>
<td>
<a href="#" class="linked" test-id='70' id='84'>Given The user is on the new user registration page</a>
<div class="">
<span class="badge badge-default">Registration.Verify that user receives error message for all empty fields during registration.Given The user is on the new user registration page</span>
</div>
</td>
</tr>
<tr class="tag-test-status" status="fail">
<td><span class="badge log fail-bg">Fail</span></td>
<td>12:20:23 pm</td>
<td>
<a href="#" class="linked" test-id='1' id='88'>Given The user should land in Data Structure Introduction Page with register and Sign in links</a>
<div class="">
<span class="badge badge-default">DSportal App HomePage.Verify that user able to see warning message on clicking Get Started buttons of Graph on the home page without Sign in.Given The user should land in Data Structure Introduction Page with register and Sign in links</span>
</div>
</td>
</tr>
<tr class="tag-test-status" status="fail">
<td><span class="badge log fail-bg">Fail</span></td>
<td>12:20:25 pm</td>
<td>
<a href="#" class="linked" test-id='1' id='92'>Given The user should land in Data Structure Introduction Page with register and Sign in links</a>
<div class="">
<span class="badge badge-default">DSportal App HomePage.Verify that user able to see warning message on clicking Get Started buttons of Tree on the home page without Sign in.Given The user should land in Data Structure Introduction Page with register and Sign in links</span>
</div>
</td>
</tr>
<tr class="tag-test-status" status="fail">
<td><span class="badge log fail-bg">Fail</span></td>
<td>12:20:26 pm</td>
<td>
<a href="#" class="linked" test-id='1' id='96'>Given The user should land in Data Structure Introduction Page with register and Sign in links</a>
<div class="">
<span class="badge badge-default">DSportal App HomePage.Verify that user able to see warning message on clicking Get Started buttons of Queue on the home page without Sign in.Given The user should land in Data Structure Introduction Page with register and Sign in links</span>
</div>
</td>
</tr>
<tr class="tag-test-status" status="fail">
<td><span class="badge log fail-bg">Fail</span></td>
<td>12:20:28 pm</td>
<td>
<a href="#" class="linked" test-id='1' id='100'>Given The user should land in Data Structure Introduction Page with register and Sign in links</a>
<div class="">
<span class="badge badge-default">DSportal App HomePage.Verify that user able to see warning message on clicking Get Started buttons of Stack on the home page without Sign in.Given The user should land in Data Structure Introduction Page with register and Sign in links</span>
</div>
</td>
</tr>
<tr class="tag-test-status" status="fail">
<td><span class="badge log fail-bg">Fail</span></td>
<td>12:20:30 pm</td>
<td>
<a href="#" class="linked" test-id='1' id='107'>Given The user should land in Data Structure Introduction Page with register and Sign in links</a>
<div class="">
<span class="badge badge-default">DSportal App HomePage.Verify that user able to see warning message on clicking Get Started buttons of Linked List on the home page without Sign in.Given The user should land in Data Structure Introduction Page with register and Sign in links</span>
</div>
</td>
</tr>
<tr class="tag-test-status" status="fail">
<td><span class="badge log fail-bg">Fail</span></td>
<td>12:20:32 pm</td>
<td>
<a href="#" class="linked" test-id='1' id='111'>Given The user should land in Data Structure Introduction Page with register and Sign in links</a>
<div class="">
<span class="badge badge-default">DSportal App HomePage.Verify that user able to see warning message on clicking Get Started buttons of Array on the home page without Sign in.Given The user should land in Data Structure Introduction Page with register and Sign in links</span>
</div>
</td>
</tr>
<tr class="tag-test-status" status="fail">
<td><span class="badge log fail-bg">Fail</span></td>
<td>12:20:35 pm</td>
<td>
<a href="#" class="linked" test-id='70' id='118'>Given The user is on the new user registration page</a>
<div class="">
<span class="badge badge-default">Registration.Verify that user receives error message for invalid username field during registration.Given The user is on the new user registration page</span>
</div>
</td>
</tr>
<tr class="tag-test-status" status="fail">
<td><span class="badge log fail-bg">Fail</span></td>
<td>12:20:44 pm</td>
<td>
<a href="#" class="linked" test-id='70' id='135'>Given The user is on the new user registration page</a>
<div class="">
<span class="badge badge-default">Registration.Verify that user receives error message for empty Password Confirmation field during registration.Given The user is on the new user registration page</span>
</div>
</td>
</tr>
<tr class="tag-test-status" status="fail">
<td><span class="badge log fail-bg">Fail</span></td>
<td>12:20:46 pm</td>
<td>
<a href="#" class="linked" test-id='70' id='139'>Given The user is on the new user registration page</a>
<div class="">
<span class="badge badge-default">Registration.Verify that user is able to click on Sign in link from Registration page.Given The user is on the new user registration page</span>
</div>
</td>
</tr>
<tr class="tag-test-status" status="fail">
<td><span class="badge log fail-bg">Fail</span></td>
<td>12:20:48 pm</td>
<td>
<a href="#" class="linked" test-id='70' id='143'>Given The user is on the new user registration page</a>
<div class="">
<span class="badge badge-default">Registration.Verify that user is able to click on login link from Registration page.Given The user is on the new user registration page</span>
</div>
</td>
</tr>
<tr class="tag-test-status" status="fail">
<td><span class="badge log fail-bg">Fail</span></td>
<td>12:20:50 pm</td>
<td>
<a href="#" class="linked" test-id='70' id='147'>Given The user is on the new user registration page</a>
<div class="">
<span class="badge badge-default">Registration.Verify that user is able to successfully register using valid username and password details.Given The user is on the new user registration page</span>
</div>
</td>
</tr>
<tr class="tag-test-status" status="fail">
<td><span class="badge log fail-bg">Fail</span></td>
<td>12:20:52 pm</td>
<td>
<a href="#" class="linked" test-id='70' id='151'>Given The user is on the new user registration page</a>
<div class="">
<span class="badge badge-default">Registration.Verify that user receives error message for mismatched Password and Password Confirmation field during registration.Given The user is on the new user registration page</span>
</div>
</td>
</tr>
<tr class="tag-test-status" status="fail">
<td><span class="badge log fail-bg">Fail</span></td>
<td>12:20:54 pm</td>
<td>
<a href="#" class="linked" test-id='70' id='155'>Given The user is on the new user registration page</a>
<div class="">
<span class="badge badge-default">Registration.Verify that user receives error message for Password field less than eight characters during registration.Given The user is on the new user registration page</span>
</div>
</td>
</tr>
<tr class="tag-test-status" status="fail">
<td><span class="badge log fail-bg">Fail</span></td>
<td>12:20:57 pm</td>
<td>
<a href="#" class="linked" test-id='70' id='159'>Given The user is on the new user registration page</a>
<div class="">
<span class="badge badge-default">Registration.Verify that user receives error message for invalid password field during registration.Given The user is on the new user registration page</span>
</div>
</td>
</tr>
</tbody>
</table>
</div>
</li>
</ul>
</div>
</div>
<div class="test-content scrollable">
<div class="test-content-detail">
<div class="detail-body"></div>
</div>
</div>
</div><div class="container-fluid p-4 view dashboard-view">
<div class="row">
<div class="col-md-3">
<div class="card"><div class="card-body">
<p class="m-b-0">Started</p>
<h3>Mar 21, 2025 12:20:04 pm</h3>
</div></div>
</div>
<div class="col-md-3">
<div class="card"><div class="card-body">
<p class="m-b-0">Ended</p>
<h3>Mar 21, 2025 12:21:00 pm</h3>
</div></div>
</div>
<div class="col-md-3">
<div class="card"><div class="card-body">
<p class="m-b-0 text-pass">Features Passed</p>
<h3>0</h3>
</div></div>
</div>
<div class="col-md-3">
<div class="card"><div class="card-body">
<p class="m-b-0 text-fail">Features Failed</p>
<h3>2</h3>
</div></div>
</div>
</div>
<div class="row">
<div class="col-md-4">
<div class="card">
<div class="card-header">
<h6 class="card-title">Features</h6>
</div>
<div class="card-body">
<div class="">
<canvas id='parent-analysis' width='115' height='90'></canvas>
</div>
</div>
<div class="card-footer">
<div><small data-tooltip='0%'>
<b>0</b> features passed
</small>
</div>
<div>
<small data-tooltip='100%'><b>2</b> features failed,
<b>0</b> skipped, <b data-tooltip='0%'>0</b> others
</small>
</div>
</div>
</div>
</div>
<div class="col-md-4">
<div class="card">
<div class="card-header">
<h6 class="card-title">Scenarios</h6>
</div>
<div class="card-body">
<div class="">
<canvas id='child-analysis' width='115' height='90'></canvas>
</div>
</div>
<div class="card-footer">
<div><small data-tooltip='0%'><b>0</b> scenarios passed</small></div>
<div>
<small data-tooltip='100%'><b>26</b> scenarios failed,
<b>0</b> skipped, <b data-tooltip='%'>0</b> others
</small>
</div>
</div>
</div>
</div>
<div class="col-md-4">
<div class="card">
<div class="card-header">
<h6 class="card-title">Steps</h6>
</div>
<div class="card-body">
<div class="">
<canvas id='grandchild-analysis' width='115' height='90'></canvas>
</div>
</div>
<div class="card-footer">
<div><small data-tooltip='0%'><b>0</b> steps passed</small></div>
<div>
<small data-tooltip='35%'><b>26</b> steps failed,
<b>48</b> skipped, <b data-tooltip='%'>0</b> others
</small>
</div>
</div>
</div>
</div>
</div>
<div class="row"><div class="col-md-12">
<div class="card"><div class="card-header"><p>Timeline</p></div>
<div class="card-body pt-0"><div>
<canvas id="timeline" height="120"></canvas>
</div></div>
</div>
</div></div>
<script>
var timeline = {
"DSportal App HomePage":49.913,"Registration":42.497
};
</script>
<div class="row">
</div>
</div>
<script>
var statusGroup = {
parentCount: 5,
passParent: 0,
failParent: 2,
warningParent: 0,
skipParent: 0,
childCount: 5,
passChild: 0,
failChild: 26,
warningChild: 0,
skipChild: 0,
infoChild: 0,
grandChildCount: 5,
passGrandChild: 0,
failGrandChild: 26,
warningGrandChild: 0,
skipGrandChild: 48,
infoGrandChild: 0,
eventsCount: 5,
};
</script>        </div>
      </div>
    </div>
  </div>
<script src="https://cdn.jsdelivr.net/gh/extent-framework/extent-github-cdn@c05cd28cde1617b9d0c05a831daff6cb97fd9fd5/spark/js/spark-script.js"></script>
<script type="text/javascript"></script></body>
</html>