<!DOCTYPE html PUBLIC "-//W3C//DTD XHTML 1.1//EN" "https://www.w3.org/TR/xhtml11/DTD/xhtml11.dtd">
<html xmlns="https://www.w3.org/1999/xhtml">
<head>
<meta http-equiv="content-type" content="text/html; charset=UTF-8"/>
<title>TestNG Report</title>
<style type="text/css">table {margin-bottom:10px;border-collapse:collapse;empty-cells:show}th,td {border:1px solid #009;padding:.25em .5em}th {vertical-align:bottom}td {vertical-align:top}table a {font-weight:bold}.stripe td {background-color: #E6EBF9}.num {text-align:right}.passedodd td {background-color: #3F3}.passedeven td {background-color: #0A0}.skippedodd td {background-color: #DDD}.skippedeven td {background-color: #CCC}.failedodd td,.attn {background-color: #F33}.failedeven td,.stripe .attn {background-color: #D00}.stacktrace {white-space:pre;font-family:monospace}.totop {font-size:85%;text-align:center;border-bottom:2px solid #000}.invisible {display:none}</style>
</head>
<body>
<table>
<tr><th>Test</th><th># Passed</th><th># Skipped</th><th># Retried</th><th># Failed</th><th>Time (ms)</th><th>Included Groups</th><th>Excluded Groups</th></tr>
<tr><th colspan="8">Default suite</th></tr>
<tr><td><a href="#t0">Default test</a></td><td class="num">0</td><td class="num">0</td><td class="num">0</td><td class="num attn">26</td><td class="num">59,274</td><td></td><td></td></tr>
</table>
<table id='summary'><thead><tr><th>Class</th><th>Method</th><th>Start</th><th>Time (ms)</th></tr></thead><tbody><tr><th colspan="4">Default suite</th></tr></tbody><tbody id="t0"><tr><th colspan="4">Default test &#8212; failed</th></tr><tr class="failedeven"><td rowspan="26">runner.TestRunner</td><td><a href="#m0">runScenario</a></td><td rowspan="26">1742574004929</td><td rowspan="26">24287</td></tr><tr class="failedeven"><td><a href="#m1">runScenario</a></td></tr><tr class="failedeven"><td><a href="#m2">runScenario</a></td></tr><tr class="failedeven"><td><a href="#m3">runScenario</a></td></tr><tr class="failedeven"><td><a href="#m4">runScenario</a></td></tr><tr class="failedeven"><td><a href="#m5">runScenario</a></td></tr><tr class="failedeven"><td><a href="#m6">runScenario</a></td></tr><tr class="failedeven"><td><a href="#m7">runScenario</a></td></tr><tr class="failedeven"><td><a href="#m8">runScenario</a></td></tr><tr class="failedeven"><td><a href="#m9">runScenario</a></td></tr><tr class="failedeven"><td><a href="#m10">runScenario</a></td></tr><tr class="failedeven"><td><a href="#m11">runScenario</a></td></tr><tr class="failedeven"><td><a href="#m12">runScenario</a></td></tr><tr class="failedeven"><td><a href="#m13">runScenario</a></td></tr><tr class="failedeven"><td><a href="#m14">runScenario</a></td></tr><tr class="failedeven"><td><a href="#m15">runScenario</a></td></tr><tr class="failedeven"><td><a href="#m16">runScenario</a></td></tr><tr class="failedeven"><td><a href="#m17">runScenario</a></td></tr><tr class="failedeven"><td><a href="#m18">runScenario</a></td></tr><tr class="failedeven"><td><a href="#m19">runScenario</a></td></tr><tr class="failedeven"><td><a href="#m20">runScenario</a></td></tr><tr class="failedeven"><td><a href="#m21">runScenario</a></td></tr><tr class="failedeven"><td><a href="#m22">runScenario</a></td></tr><tr class="failedeven"><td><a href="#m23">runScenario</a></td></tr><tr class="failedeven"><td><a href="#m24">runScenario</a></td></tr><tr class="failedeven"><td><a href="#m25">runScenario</a></td></tr></tbody>
</table>
<h2>Default test</h2><h3 id="m0">runner.TestRunner#runScenario</h3><table class="result"><tr class="param"><th>Parameter #1</th><th>Parameter #2</th></tr><tr class="param stripe"><td>&quot;Verify that user able to see warning message while selecting Queue from the drop down without Sign in&quot;</td><td>&quot;DSportal App HomePage&quot;</td></tr><tr><th colspan="2">Exception</th></tr><tr><td colspan="2"><div class="stacktrace">io.cucumber.core.exception.CucumberException: Failed to instantiate class StepDefinitions.Step_HomePage
	at io.cucumber.core.backend.DefaultObjectFactory.cacheNewInstance(DefaultObjectFactory.java:67)
	at io.cucumber.core.backend.DefaultObjectFactory.getInstance(DefaultObjectFactory.java:45)
	at io.cucumber.java.AbstractGlueDefinition.invokeMethod(AbstractGlueDefinition.java:47)
	at io.cucumber.java.JavaStepDefinition.execute(JavaStepDefinition.java:29)
	at io.cucumber.core.runner.CoreStepDefinition.execute(CoreStepDefinition.java:66)
	at io.cucumber.core.runner.PickleStepDefinitionMatch.runStep(PickleStepDefinitionMatch.java:62)
	at io.cucumber.core.runner.ExecutionMode$1.execute(ExecutionMode.java:10)
	at io.cucumber.core.runner.TestStep.executeStep(TestStep.java:81)
	at io.cucumber.core.runner.TestStep.run(TestStep.java:53)
	at io.cucumber.core.runner.PickleStepTestStep.run(PickleStepTestStep.java:51)
	at io.cucumber.core.runner.TestCase.run(TestCase.java:84)
	at io.cucumber.core.runner.Runner.runPickle(Runner.java:75)
	at io.cucumber.testng.TestNGCucumberRunner.lambda$runScenario$1(TestNGCucumberRunner.java:132)
	at io.cucumber.core.runtime.CucumberExecutionContext.lambda$runTestCase$5(CucumberExecutionContext.java:136)
	at io.cucumber.core.runtime.RethrowingThrowableCollector.executeAndThrow(RethrowingThrowableCollector.java:23)
	at io.cucumber.core.runtime.CucumberExecutionContext.runTestCase(CucumberExecutionContext.java:136)
	at io.cucumber.testng.TestNGCucumberRunner.runScenario(TestNGCucumberRunner.java:129)
	at io.cucumber.testng.AbstractTestNGCucumberTests.runScenario(AbstractTestNGCucumberTests.java:35)
	at java.base/jdk.internal.reflect.DirectMethodHandleAccessor.invoke(DirectMethodHandleAccessor.java:103)
	at java.base/java.lang.reflect.Method.invoke(Method.java:580)
	at org.testng.internal.invokers.MethodInvocationHelper.invokeMethod(MethodInvocationHelper.java:141)
	at org.testng.internal.invokers.TestInvoker.invokeMethod(TestInvoker.java:686)
	at org.testng.internal.invokers.TestInvoker.invokeTestMethod(TestInvoker.java:230)
	at org.testng.internal.invokers.TestMethodWithDataProviderMethodWorker.call(TestMethodWithDataProviderMethodWorker.java:81)
	at org.testng.internal.thread.Async$AsyncTask.run(Async.java:34)
	at java.base/java.util.concurrent.ThreadPoolExecutor.runWorker(ThreadPoolExecutor.java:1144)
	at java.base/java.util.concurrent.ThreadPoolExecutor$Worker.run(ThreadPoolExecutor.java:642)
	at java.base/java.lang.Thread.run(Thread.java:1575)
Caused by: java.lang.reflect.InvocationTargetException
	at java.base/jdk.internal.reflect.DirectConstructorHandleAccessor.newInstance(DirectConstructorHandleAccessor.java:74)
	at java.base/java.lang.reflect.Constructor.newInstanceWithCaller(Constructor.java:501)
	at java.base/java.lang.reflect.Constructor.newInstance(Constructor.java:485)
	at io.cucumber.core.backend.DefaultObjectFactory.cacheNewInstance(DefaultObjectFactory.java:53)
	... 27 more
Caused by: java.lang.Error: Unresolved compilation problems: 
	The constructor HomePom() is undefined
	The constructor IntroductionPagePom() is undefined
	The field HomePom.contentHeader is not visible
	The field HomePom.contentText is not visible
	The field HomePom.getStartedButton is not visible
	The field IntroductionPagePom.registerLink is not visible
	The field IntroductionPagePom.signInLink is not visible
	dsDropdown cannot be resolved or is not a field
	dsDropdown cannot be resolved or is not a field
	The method clickDropdownItemArray() is undefined for the type IntroductionPagePom
	authenticationMsg cannot be resolved or is not a field
	authenticationMsg cannot be resolved or is not a field
	authenticationMsg cannot be resolved or is not a field
	The method clickDropdownItemLinkedList() is undefined for the type IntroductionPagePom
	authenticationMsg cannot be resolved or is not a field
	authenticationMsg cannot be resolved or is not a field
	authenticationMsg cannot be resolved or is not a field
	The method clickDropdownItemStack() is undefined for the type IntroductionPagePom
	authenticationMsg cannot be resolved or is not a field
	authenticationMsg cannot be resolved or is not a field
	authenticationMsg cannot be resolved or is not a field
	The method clickDropdownItemQueue() is undefined for the type IntroductionPagePom
	authenticationMsg cannot be resolved or is not a field
	authenticationMsg cannot be resolved or is not a field
	authenticationMsg cannot be resolved or is not a field
	The method clickDropdownItemTree() is undefined for the type IntroductionPagePom
	authenticationMsg cannot be resolved or is not a field
	authenticationMsg cannot be resolved or is not a field
	authenticationMsg cannot be resolved or is not a field
	The method clickDropdownItemGraph() is undefined for the type IntroductionPagePom
	authenticationMsg cannot be resolved or is not a field
	authenticationMsg cannot be resolved or is not a field
	authenticationMsg cannot be resolved or is not a field
	authenticationMsg cannot be resolved or is not a field
	authenticationMsg cannot be resolved or is not a field
	authenticationMsg cannot be resolved or is not a field
	authenticationMsg cannot be resolved or is not a field
	authenticationMsg cannot be resolved or is not a field
	authenticationMsg cannot be resolved or is not a field
	The method clickOnLinkedListGetStartedBtn() is undefined for the type IntroductionPagePom
	authenticationMsg cannot be resolved or is not a field
	authenticationMsg cannot be resolved or is not a field
	authenticationMsg cannot be resolved or is not a field
	The method clickOnStackGetStartedBtn() is undefined for the type IntroductionPagePom
	authenticationMsg cannot be resolved or is not a field
	authenticationMsg cannot be resolved or is not a field
	authenticationMsg cannot be resolved or is not a field
	The method clickOnQueueGetStartedBtn() is undefined for the type IntroductionPagePom
	authenticationMsg cannot be resolved or is not a field
	authenticationMsg cannot be resolved or is not a field
	authenticationMsg cannot be resolved or is not a field
	The method clickOnTreeGetStartedBtn() is undefined for the type IntroductionPagePom
	authenticationMsg cannot be resolved or is not a field
	authenticationMsg cannot be resolved or is not a field
	authenticationMsg cannot be resolved or is not a field
	The method clickOnGraphGetStartedBtn() is undefined for the type IntroductionPagePom
	authenticationMsg cannot be resolved or is not a field
	authenticationMsg cannot be resolved or is not a field
	authenticationMsg cannot be resolved or is not a field

	at StepDefinitions.Step_HomePage.&lt;init&gt;(Step_HomePage.java:22)
	at java.base/jdk.internal.reflect.DirectConstructorHandleAccessor.newInstance(DirectConstructorHandleAccessor.java:62)
	... 30 more
</div></td></tr></table><p class="totop"><a href="#summary">back to summary</a></p>
<h3 id="m1">runner.TestRunner#runScenario</h3><table class="result"><tr class="param"><th>Parameter #1</th><th>Parameter #2</th></tr><tr class="param stripe"><td>&quot;Verify that user able to see warning message while selecting Tree from the drop down without Sign in&quot;</td><td>&quot;DSportal App HomePage&quot;</td></tr><tr><th colspan="2">Exception</th></tr><tr><td colspan="2"><div class="stacktrace">io.cucumber.core.exception.CucumberException: Failed to instantiate class StepDefinitions.Step_HomePage
	at io.cucumber.core.backend.DefaultObjectFactory.cacheNewInstance(DefaultObjectFactory.java:67)
	at io.cucumber.core.backend.DefaultObjectFactory.getInstance(DefaultObjectFactory.java:45)
	at io.cucumber.java.AbstractGlueDefinition.invokeMethod(AbstractGlueDefinition.java:47)
	at io.cucumber.java.JavaStepDefinition.execute(JavaStepDefinition.java:29)
	at io.cucumber.core.runner.CoreStepDefinition.execute(CoreStepDefinition.java:66)
	at io.cucumber.core.runner.PickleStepDefinitionMatch.runStep(PickleStepDefinitionMatch.java:62)
	at io.cucumber.core.runner.ExecutionMode$1.execute(ExecutionMode.java:10)
	at io.cucumber.core.runner.TestStep.executeStep(TestStep.java:81)
	at io.cucumber.core.runner.TestStep.run(TestStep.java:53)
	at io.cucumber.core.runner.PickleStepTestStep.run(PickleStepTestStep.java:51)
	at io.cucumber.core.runner.TestCase.run(TestCase.java:84)
	at io.cucumber.core.runner.Runner.runPickle(Runner.java:75)
	at io.cucumber.testng.TestNGCucumberRunner.lambda$runScenario$1(TestNGCucumberRunner.java:132)
	at io.cucumber.core.runtime.CucumberExecutionContext.lambda$runTestCase$5(CucumberExecutionContext.java:136)
	at io.cucumber.core.runtime.RethrowingThrowableCollector.executeAndThrow(RethrowingThrowableCollector.java:23)
	at io.cucumber.core.runtime.CucumberExecutionContext.runTestCase(CucumberExecutionContext.java:136)
	at io.cucumber.testng.TestNGCucumberRunner.runScenario(TestNGCucumberRunner.java:129)
	at io.cucumber.testng.AbstractTestNGCucumberTests.runScenario(AbstractTestNGCucumberTests.java:35)
	at java.base/jdk.internal.reflect.DirectMethodHandleAccessor.invoke(DirectMethodHandleAccessor.java:103)
	at java.base/java.lang.reflect.Method.invoke(Method.java:580)
	at org.testng.internal.invokers.MethodInvocationHelper.invokeMethod(MethodInvocationHelper.java:141)
	at org.testng.internal.invokers.TestInvoker.invokeMethod(TestInvoker.java:686)
	at org.testng.internal.invokers.TestInvoker.invokeTestMethod(TestInvoker.java:230)
	at org.testng.internal.invokers.TestMethodWithDataProviderMethodWorker.call(TestMethodWithDataProviderMethodWorker.java:81)
	at org.testng.internal.thread.Async$AsyncTask.run(Async.java:34)
	at java.base/java.util.concurrent.ThreadPoolExecutor.runWorker(ThreadPoolExecutor.java:1144)
	at java.base/java.util.concurrent.ThreadPoolExecutor$Worker.run(ThreadPoolExecutor.java:642)
	at java.base/java.lang.Thread.run(Thread.java:1575)
Caused by: java.lang.reflect.InvocationTargetException
	at java.base/jdk.internal.reflect.DirectConstructorHandleAccessor.newInstance(DirectConstructorHandleAccessor.java:74)
	at java.base/java.lang.reflect.Constructor.newInstanceWithCaller(Constructor.java:501)
	at java.base/java.lang.reflect.Constructor.newInstance(Constructor.java:485)
	at io.cucumber.core.backend.DefaultObjectFactory.cacheNewInstance(DefaultObjectFactory.java:53)
	... 27 more
Caused by: java.lang.Error: Unresolved compilation problems: 
	The constructor HomePom() is undefined
	The constructor IntroductionPagePom() is undefined
	The field HomePom.contentHeader is not visible
	The field HomePom.contentText is not visible
	The field HomePom.getStartedButton is not visible
	The field IntroductionPagePom.registerLink is not visible
	The field IntroductionPagePom.signInLink is not visible
	dsDropdown cannot be resolved or is not a field
	dsDropdown cannot be resolved or is not a field
	The method clickDropdownItemArray() is undefined for the type IntroductionPagePom
	authenticationMsg cannot be resolved or is not a field
	authenticationMsg cannot be resolved or is not a field
	authenticationMsg cannot be resolved or is not a field
	The method clickDropdownItemLinkedList() is undefined for the type IntroductionPagePom
	authenticationMsg cannot be resolved or is not a field
	authenticationMsg cannot be resolved or is not a field
	authenticationMsg cannot be resolved or is not a field
	The method clickDropdownItemStack() is undefined for the type IntroductionPagePom
	authenticationMsg cannot be resolved or is not a field
	authenticationMsg cannot be resolved or is not a field
	authenticationMsg cannot be resolved or is not a field
	The method clickDropdownItemQueue() is undefined for the type IntroductionPagePom
	authenticationMsg cannot be resolved or is not a field
	authenticationMsg cannot be resolved or is not a field
	authenticationMsg cannot be resolved or is not a field
	The method clickDropdownItemTree() is undefined for the type IntroductionPagePom
	authenticationMsg cannot be resolved or is not a field
	authenticationMsg cannot be resolved or is not a field
	authenticationMsg cannot be resolved or is not a field
	The method clickDropdownItemGraph() is undefined for the type IntroductionPagePom
	authenticationMsg cannot be resolved or is not a field
	authenticationMsg cannot be resolved or is not a field
	authenticationMsg cannot be resolved or is not a field
	authenticationMsg cannot be resolved or is not a field
	authenticationMsg cannot be resolved or is not a field
	authenticationMsg cannot be resolved or is not a field
	authenticationMsg cannot be resolved or is not a field
	authenticationMsg cannot be resolved or is not a field
	authenticationMsg cannot be resolved or is not a field
	The method clickOnLinkedListGetStartedBtn() is undefined for the type IntroductionPagePom
	authenticationMsg cannot be resolved or is not a field
	authenticationMsg cannot be resolved or is not a field
	authenticationMsg cannot be resolved or is not a field
	The method clickOnStackGetStartedBtn() is undefined for the type IntroductionPagePom
	authenticationMsg cannot be resolved or is not a field
	authenticationMsg cannot be resolved or is not a field
	authenticationMsg cannot be resolved or is not a field
	The method clickOnQueueGetStartedBtn() is undefined for the type IntroductionPagePom
	authenticationMsg cannot be resolved or is not a field
	authenticationMsg cannot be resolved or is not a field
	authenticationMsg cannot be resolved or is not a field
	The method clickOnTreeGetStartedBtn() is undefined for the type IntroductionPagePom
	authenticationMsg cannot be resolved or is not a field
	authenticationMsg cannot be resolved or is not a field
	authenticationMsg cannot be resolved or is not a field
	The method clickOnGraphGetStartedBtn() is undefined for the type IntroductionPagePom
	authenticationMsg cannot be resolved or is not a field
	authenticationMsg cannot be resolved or is not a field
	authenticationMsg cannot be resolved or is not a field

	at StepDefinitions.Step_HomePage.&lt;init&gt;(Step_HomePage.java:22)
	at java.base/jdk.internal.reflect.DirectConstructorHandleAccessor.newInstance(DirectConstructorHandleAccessor.java:62)
	... 30 more
</div></td></tr></table><p class="totop"><a href="#summary">back to summary</a></p>
<h3 id="m2">runner.TestRunner#runScenario</h3><table class="result"><tr class="param"><th>Parameter #1</th><th>Parameter #2</th></tr><tr class="param stripe"><td>&quot;Verify that user able to see warning message on clicking Get Started buttons of Tree on the home page without Sign in&quot;</td><td>&quot;DSportal App HomePage&quot;</td></tr><tr><th colspan="2">Exception</th></tr><tr><td colspan="2"><div class="stacktrace">io.cucumber.core.exception.CucumberException: Failed to instantiate class StepDefinitions.Step_HomePage
	at io.cucumber.core.backend.DefaultObjectFactory.cacheNewInstance(DefaultObjectFactory.java:67)
	at io.cucumber.core.backend.DefaultObjectFactory.getInstance(DefaultObjectFactory.java:45)
	at io.cucumber.java.AbstractGlueDefinition.invokeMethod(AbstractGlueDefinition.java:47)
	at io.cucumber.java.JavaStepDefinition.execute(JavaStepDefinition.java:29)
	at io.cucumber.core.runner.CoreStepDefinition.execute(CoreStepDefinition.java:66)
	at io.cucumber.core.runner.PickleStepDefinitionMatch.runStep(PickleStepDefinitionMatch.java:62)
	at io.cucumber.core.runner.ExecutionMode$1.execute(ExecutionMode.java:10)
	at io.cucumber.core.runner.TestStep.executeStep(TestStep.java:81)
	at io.cucumber.core.runner.TestStep.run(TestStep.java:53)
	at io.cucumber.core.runner.PickleStepTestStep.run(PickleStepTestStep.java:51)
	at io.cucumber.core.runner.TestCase.run(TestCase.java:84)
	at io.cucumber.core.runner.Runner.runPickle(Runner.java:75)
	at io.cucumber.testng.TestNGCucumberRunner.lambda$runScenario$1(TestNGCucumberRunner.java:132)
	at io.cucumber.core.runtime.CucumberExecutionContext.lambda$runTestCase$5(CucumberExecutionContext.java:136)
	at io.cucumber.core.runtime.RethrowingThrowableCollector.executeAndThrow(RethrowingThrowableCollector.java:23)
	at io.cucumber.core.runtime.CucumberExecutionContext.runTestCase(CucumberExecutionContext.java:136)
	at io.cucumber.testng.TestNGCucumberRunner.runScenario(TestNGCucumberRunner.java:129)
	at io.cucumber.testng.AbstractTestNGCucumberTests.runScenario(AbstractTestNGCucumberTests.java:35)
	at java.base/jdk.internal.reflect.DirectMethodHandleAccessor.invoke(DirectMethodHandleAccessor.java:103)
	at java.base/java.lang.reflect.Method.invoke(Method.java:580)
	at org.testng.internal.invokers.MethodInvocationHelper.invokeMethod(MethodInvocationHelper.java:141)
	at org.testng.internal.invokers.TestInvoker.invokeMethod(TestInvoker.java:686)
	at org.testng.internal.invokers.TestInvoker.invokeTestMethod(TestInvoker.java:230)
	at org.testng.internal.invokers.TestMethodWithDataProviderMethodWorker.call(TestMethodWithDataProviderMethodWorker.java:81)
	at org.testng.internal.thread.Async$AsyncTask.run(Async.java:34)
	at java.base/java.util.concurrent.ThreadPoolExecutor.runWorker(ThreadPoolExecutor.java:1144)
	at java.base/java.util.concurrent.ThreadPoolExecutor$Worker.run(ThreadPoolExecutor.java:642)
	at java.base/java.lang.Thread.run(Thread.java:1575)
Caused by: java.lang.reflect.InvocationTargetException
	at java.base/jdk.internal.reflect.DirectConstructorHandleAccessor.newInstance(DirectConstructorHandleAccessor.java:74)
	at java.base/java.lang.reflect.Constructor.newInstanceWithCaller(Constructor.java:501)
	at java.base/java.lang.reflect.Constructor.newInstance(Constructor.java:485)
	at io.cucumber.core.backend.DefaultObjectFactory.cacheNewInstance(DefaultObjectFactory.java:53)
	... 27 more
Caused by: java.lang.Error: Unresolved compilation problems: 
	The constructor HomePom() is undefined
	The constructor IntroductionPagePom() is undefined
	The field HomePom.contentHeader is not visible
	The field HomePom.contentText is not visible
	The field HomePom.getStartedButton is not visible
	The field IntroductionPagePom.registerLink is not visible
	The field IntroductionPagePom.signInLink is not visible
	dsDropdown cannot be resolved or is not a field
	dsDropdown cannot be resolved or is not a field
	The method clickDropdownItemArray() is undefined for the type IntroductionPagePom
	authenticationMsg cannot be resolved or is not a field
	authenticationMsg cannot be resolved or is not a field
	authenticationMsg cannot be resolved or is not a field
	The method clickDropdownItemLinkedList() is undefined for the type IntroductionPagePom
	authenticationMsg cannot be resolved or is not a field
	authenticationMsg cannot be resolved or is not a field
	authenticationMsg cannot be resolved or is not a field
	The method clickDropdownItemStack() is undefined for the type IntroductionPagePom
	authenticationMsg cannot be resolved or is not a field
	authenticationMsg cannot be resolved or is not a field
	authenticationMsg cannot be resolved or is not a field
	The method clickDropdownItemQueue() is undefined for the type IntroductionPagePom
	authenticationMsg cannot be resolved or is not a field
	authenticationMsg cannot be resolved or is not a field
	authenticationMsg cannot be resolved or is not a field
	The method clickDropdownItemTree() is undefined for the type IntroductionPagePom
	authenticationMsg cannot be resolved or is not a field
	authenticationMsg cannot be resolved or is not a field
	authenticationMsg cannot be resolved or is not a field
	The method clickDropdownItemGraph() is undefined for the type IntroductionPagePom
	authenticationMsg cannot be resolved or is not a field
	authenticationMsg cannot be resolved or is not a field
	authenticationMsg cannot be resolved or is not a field
	authenticationMsg cannot be resolved or is not a field
	authenticationMsg cannot be resolved or is not a field
	authenticationMsg cannot be resolved or is not a field
	authenticationMsg cannot be resolved or is not a field
	authenticationMsg cannot be resolved or is not a field
	authenticationMsg cannot be resolved or is not a field
	The method clickOnLinkedListGetStartedBtn() is undefined for the type IntroductionPagePom
	authenticationMsg cannot be resolved or is not a field
	authenticationMsg cannot be resolved or is not a field
	authenticationMsg cannot be resolved or is not a field
	The method clickOnStackGetStartedBtn() is undefined for the type IntroductionPagePom
	authenticationMsg cannot be resolved or is not a field
	authenticationMsg cannot be resolved or is not a field
	authenticationMsg cannot be resolved or is not a field
	The method clickOnQueueGetStartedBtn() is undefined for the type IntroductionPagePom
	authenticationMsg cannot be resolved or is not a field
	authenticationMsg cannot be resolved or is not a field
	authenticationMsg cannot be resolved or is not a field
	The method clickOnTreeGetStartedBtn() is undefined for the type IntroductionPagePom
	authenticationMsg cannot be resolved or is not a field
	authenticationMsg cannot be resolved or is not a field
	authenticationMsg cannot be resolved or is not a field
	The method clickOnGraphGetStartedBtn() is undefined for the type IntroductionPagePom
	authenticationMsg cannot be resolved or is not a field
	authenticationMsg cannot be resolved or is not a field
	authenticationMsg cannot be resolved or is not a field

	at StepDefinitions.Step_HomePage.&lt;init&gt;(Step_HomePage.java:22)
	at java.base/jdk.internal.reflect.DirectConstructorHandleAccessor.newInstance(DirectConstructorHandleAccessor.java:62)
	... 30 more
</div></td></tr></table><p class="totop"><a href="#summary">back to summary</a></p>
<h3 id="m3">runner.TestRunner#runScenario</h3><table class="result"><tr class="param"><th>Parameter #1</th><th>Parameter #2</th></tr><tr class="param stripe"><td>&quot;Verify that user able to see warning message on clicking Get Started buttons of Graph on the home page without Sign in&quot;</td><td>&quot;DSportal App HomePage&quot;</td></tr><tr><th colspan="2">Exception</th></tr><tr><td colspan="2"><div class="stacktrace">io.cucumber.core.exception.CucumberException: Failed to instantiate class StepDefinitions.Step_HomePage
	at io.cucumber.core.backend.DefaultObjectFactory.cacheNewInstance(DefaultObjectFactory.java:67)
	at io.cucumber.core.backend.DefaultObjectFactory.getInstance(DefaultObjectFactory.java:45)
	at io.cucumber.java.AbstractGlueDefinition.invokeMethod(AbstractGlueDefinition.java:47)
	at io.cucumber.java.JavaStepDefinition.execute(JavaStepDefinition.java:29)
	at io.cucumber.core.runner.CoreStepDefinition.execute(CoreStepDefinition.java:66)
	at io.cucumber.core.runner.PickleStepDefinitionMatch.runStep(PickleStepDefinitionMatch.java:62)
	at io.cucumber.core.runner.ExecutionMode$1.execute(ExecutionMode.java:10)
	at io.cucumber.core.runner.TestStep.executeStep(TestStep.java:81)
	at io.cucumber.core.runner.TestStep.run(TestStep.java:53)
	at io.cucumber.core.runner.PickleStepTestStep.run(PickleStepTestStep.java:51)
	at io.cucumber.core.runner.TestCase.run(TestCase.java:84)
	at io.cucumber.core.runner.Runner.runPickle(Runner.java:75)
	at io.cucumber.testng.TestNGCucumberRunner.lambda$runScenario$1(TestNGCucumberRunner.java:132)
	at io.cucumber.core.runtime.CucumberExecutionContext.lambda$runTestCase$5(CucumberExecutionContext.java:136)
	at io.cucumber.core.runtime.RethrowingThrowableCollector.executeAndThrow(RethrowingThrowableCollector.java:23)
	at io.cucumber.core.runtime.CucumberExecutionContext.runTestCase(CucumberExecutionContext.java:136)
	at io.cucumber.testng.TestNGCucumberRunner.runScenario(TestNGCucumberRunner.java:129)
	at io.cucumber.testng.AbstractTestNGCucumberTests.runScenario(AbstractTestNGCucumberTests.java:35)
	at java.base/jdk.internal.reflect.DirectMethodHandleAccessor.invoke(DirectMethodHandleAccessor.java:103)
	at java.base/java.lang.reflect.Method.invoke(Method.java:580)
	at org.testng.internal.invokers.MethodInvocationHelper.invokeMethod(MethodInvocationHelper.java:141)
	at org.testng.internal.invokers.TestInvoker.invokeMethod(TestInvoker.java:686)
	at org.testng.internal.invokers.TestInvoker.invokeTestMethod(TestInvoker.java:230)
	at org.testng.internal.invokers.TestMethodWithDataProviderMethodWorker.call(TestMethodWithDataProviderMethodWorker.java:81)
	at org.testng.internal.thread.Async$AsyncTask.run(Async.java:34)
	at java.base/java.util.concurrent.ThreadPoolExecutor.runWorker(ThreadPoolExecutor.java:1144)
	at java.base/java.util.concurrent.ThreadPoolExecutor$Worker.run(ThreadPoolExecutor.java:642)
	at java.base/java.lang.Thread.run(Thread.java:1575)
Caused by: java.lang.reflect.InvocationTargetException
	at java.base/jdk.internal.reflect.DirectConstructorHandleAccessor.newInstance(DirectConstructorHandleAccessor.java:74)
	at java.base/java.lang.reflect.Constructor.newInstanceWithCaller(Constructor.java:501)
	at java.base/java.lang.reflect.Constructor.newInstance(Constructor.java:485)
	at io.cucumber.core.backend.DefaultObjectFactory.cacheNewInstance(DefaultObjectFactory.java:53)
	... 27 more
Caused by: java.lang.Error: Unresolved compilation problems: 
	The constructor HomePom() is undefined
	The constructor IntroductionPagePom() is undefined
	The field HomePom.contentHeader is not visible
	The field HomePom.contentText is not visible
	The field HomePom.getStartedButton is not visible
	The field IntroductionPagePom.registerLink is not visible
	The field IntroductionPagePom.signInLink is not visible
	dsDropdown cannot be resolved or is not a field
	dsDropdown cannot be resolved or is not a field
	The method clickDropdownItemArray() is undefined for the type IntroductionPagePom
	authenticationMsg cannot be resolved or is not a field
	authenticationMsg cannot be resolved or is not a field
	authenticationMsg cannot be resolved or is not a field
	The method clickDropdownItemLinkedList() is undefined for the type IntroductionPagePom
	authenticationMsg cannot be resolved or is not a field
	authenticationMsg cannot be resolved or is not a field
	authenticationMsg cannot be resolved or is not a field
	The method clickDropdownItemStack() is undefined for the type IntroductionPagePom
	authenticationMsg cannot be resolved or is not a field
	authenticationMsg cannot be resolved or is not a field
	authenticationMsg cannot be resolved or is not a field
	The method clickDropdownItemQueue() is undefined for the type IntroductionPagePom
	authenticationMsg cannot be resolved or is not a field
	authenticationMsg cannot be resolved or is not a field
	authenticationMsg cannot be resolved or is not a field
	The method clickDropdownItemTree() is undefined for the type IntroductionPagePom
	authenticationMsg cannot be resolved or is not a field
	authenticationMsg cannot be resolved or is not a field
	authenticationMsg cannot be resolved or is not a field
	The method clickDropdownItemGraph() is undefined for the type IntroductionPagePom
	authenticationMsg cannot be resolved or is not a field
	authenticationMsg cannot be resolved or is not a field
	authenticationMsg cannot be resolved or is not a field
	authenticationMsg cannot be resolved or is not a field
	authenticationMsg cannot be resolved or is not a field
	authenticationMsg cannot be resolved or is not a field
	authenticationMsg cannot be resolved or is not a field
	authenticationMsg cannot be resolved or is not a field
	authenticationMsg cannot be resolved or is not a field
	The method clickOnLinkedListGetStartedBtn() is undefined for the type IntroductionPagePom
	authenticationMsg cannot be resolved or is not a field
	authenticationMsg cannot be resolved or is not a field
	authenticationMsg cannot be resolved or is not a field
	The method clickOnStackGetStartedBtn() is undefined for the type IntroductionPagePom
	authenticationMsg cannot be resolved or is not a field
	authenticationMsg cannot be resolved or is not a field
	authenticationMsg cannot be resolved or is not a field
	The method clickOnQueueGetStartedBtn() is undefined for the type IntroductionPagePom
	authenticationMsg cannot be resolved or is not a field
	authenticationMsg cannot be resolved or is not a field
	authenticationMsg cannot be resolved or is not a field
	The method clickOnTreeGetStartedBtn() is undefined for the type IntroductionPagePom
	authenticationMsg cannot be resolved or is not a field
	authenticationMsg cannot be resolved or is not a field
	authenticationMsg cannot be resolved or is not a field
	The method clickOnGraphGetStartedBtn() is undefined for the type IntroductionPagePom
	authenticationMsg cannot be resolved or is not a field
	authenticationMsg cannot be resolved or is not a field
	authenticationMsg cannot be resolved or is not a field

	at StepDefinitions.Step_HomePage.&lt;init&gt;(Step_HomePage.java:22)
	at java.base/jdk.internal.reflect.DirectConstructorHandleAccessor.newInstance(DirectConstructorHandleAccessor.java:62)
	... 30 more
</div></td></tr></table><p class="totop"><a href="#summary">back to summary</a></p>
<h3 id="m4">runner.TestRunner#runScenario</h3><table class="result"><tr class="param"><th>Parameter #1</th><th>Parameter #2</th></tr><tr class="param stripe"><td>&quot;Verify that user able to see warning message on clicking Get Started buttons of Stack on the home page without Sign in&quot;</td><td>&quot;DSportal App HomePage&quot;</td></tr><tr><th colspan="2">Exception</th></tr><tr><td colspan="2"><div class="stacktrace">io.cucumber.core.exception.CucumberException: Failed to instantiate class StepDefinitions.Step_HomePage
	at io.cucumber.core.backend.DefaultObjectFactory.cacheNewInstance(DefaultObjectFactory.java:67)
	at io.cucumber.core.backend.DefaultObjectFactory.getInstance(DefaultObjectFactory.java:45)
	at io.cucumber.java.AbstractGlueDefinition.invokeMethod(AbstractGlueDefinition.java:47)
	at io.cucumber.java.JavaStepDefinition.execute(JavaStepDefinition.java:29)
	at io.cucumber.core.runner.CoreStepDefinition.execute(CoreStepDefinition.java:66)
	at io.cucumber.core.runner.PickleStepDefinitionMatch.runStep(PickleStepDefinitionMatch.java:62)
	at io.cucumber.core.runner.ExecutionMode$1.execute(ExecutionMode.java:10)
	at io.cucumber.core.runner.TestStep.executeStep(TestStep.java:81)
	at io.cucumber.core.runner.TestStep.run(TestStep.java:53)
	at io.cucumber.core.runner.PickleStepTestStep.run(PickleStepTestStep.java:51)
	at io.cucumber.core.runner.TestCase.run(TestCase.java:84)
	at io.cucumber.core.runner.Runner.runPickle(Runner.java:75)
	at io.cucumber.testng.TestNGCucumberRunner.lambda$runScenario$1(TestNGCucumberRunner.java:132)
	at io.cucumber.core.runtime.CucumberExecutionContext.lambda$runTestCase$5(CucumberExecutionContext.java:136)
	at io.cucumber.core.runtime.RethrowingThrowableCollector.executeAndThrow(RethrowingThrowableCollector.java:23)
	at io.cucumber.core.runtime.CucumberExecutionContext.runTestCase(CucumberExecutionContext.java:136)
	at io.cucumber.testng.TestNGCucumberRunner.runScenario(TestNGCucumberRunner.java:129)
	at io.cucumber.testng.AbstractTestNGCucumberTests.runScenario(AbstractTestNGCucumberTests.java:35)
	at java.base/jdk.internal.reflect.DirectMethodHandleAccessor.invoke(DirectMethodHandleAccessor.java:103)
	at java.base/java.lang.reflect.Method.invoke(Method.java:580)
	at org.testng.internal.invokers.MethodInvocationHelper.invokeMethod(MethodInvocationHelper.java:141)
	at org.testng.internal.invokers.TestInvoker.invokeMethod(TestInvoker.java:686)
	at org.testng.internal.invokers.TestInvoker.invokeTestMethod(TestInvoker.java:230)
	at org.testng.internal.invokers.TestMethodWithDataProviderMethodWorker.call(TestMethodWithDataProviderMethodWorker.java:81)
	at org.testng.internal.thread.Async$AsyncTask.run(Async.java:34)
	at java.base/java.util.concurrent.ThreadPoolExecutor.runWorker(ThreadPoolExecutor.java:1144)
	at java.base/java.util.concurrent.ThreadPoolExecutor$Worker.run(ThreadPoolExecutor.java:642)
	at java.base/java.lang.Thread.run(Thread.java:1575)
Caused by: java.lang.reflect.InvocationTargetException
	at java.base/jdk.internal.reflect.DirectConstructorHandleAccessor.newInstance(DirectConstructorHandleAccessor.java:74)
	at java.base/java.lang.reflect.Constructor.newInstanceWithCaller(Constructor.java:501)
	at java.base/java.lang.reflect.Constructor.newInstance(Constructor.java:485)
	at io.cucumber.core.backend.DefaultObjectFactory.cacheNewInstance(DefaultObjectFactory.java:53)
	... 27 more
Caused by: java.lang.Error: Unresolved compilation problems: 
	The constructor HomePom() is undefined
	The constructor IntroductionPagePom() is undefined
	The field HomePom.contentHeader is not visible
	The field HomePom.contentText is not visible
	The field HomePom.getStartedButton is not visible
	The field IntroductionPagePom.registerLink is not visible
	The field IntroductionPagePom.signInLink is not visible
	dsDropdown cannot be resolved or is not a field
	dsDropdown cannot be resolved or is not a field
	The method clickDropdownItemArray() is undefined for the type IntroductionPagePom
	authenticationMsg cannot be resolved or is not a field
	authenticationMsg cannot be resolved or is not a field
	authenticationMsg cannot be resolved or is not a field
	The method clickDropdownItemLinkedList() is undefined for the type IntroductionPagePom
	authenticationMsg cannot be resolved or is not a field
	authenticationMsg cannot be resolved or is not a field
	authenticationMsg cannot be resolved or is not a field
	The method clickDropdownItemStack() is undefined for the type IntroductionPagePom
	authenticationMsg cannot be resolved or is not a field
	authenticationMsg cannot be resolved or is not a field
	authenticationMsg cannot be resolved or is not a field
	The method clickDropdownItemQueue() is undefined for the type IntroductionPagePom
	authenticationMsg cannot be resolved or is not a field
	authenticationMsg cannot be resolved or is not a field
	authenticationMsg cannot be resolved or is not a field
	The method clickDropdownItemTree() is undefined for the type IntroductionPagePom
	authenticationMsg cannot be resolved or is not a field
	authenticationMsg cannot be resolved or is not a field
	authenticationMsg cannot be resolved or is not a field
	The method clickDropdownItemGraph() is undefined for the type IntroductionPagePom
	authenticationMsg cannot be resolved or is not a field
	authenticationMsg cannot be resolved or is not a field
	authenticationMsg cannot be resolved or is not a field
	authenticationMsg cannot be resolved or is not a field
	authenticationMsg cannot be resolved or is not a field
	authenticationMsg cannot be resolved or is not a field
	authenticationMsg cannot be resolved or is not a field
	authenticationMsg cannot be resolved or is not a field
	authenticationMsg cannot be resolved or is not a field
	The method clickOnLinkedListGetStartedBtn() is undefined for the type IntroductionPagePom
	authenticationMsg cannot be resolved or is not a field
	authenticationMsg cannot be resolved or is not a field
	authenticationMsg cannot be resolved or is not a field
	The method clickOnStackGetStartedBtn() is undefined for the type IntroductionPagePom
	authenticationMsg cannot be resolved or is not a field
	authenticationMsg cannot be resolved or is not a field
	authenticationMsg cannot be resolved or is not a field
	The method clickOnQueueGetStartedBtn() is undefined for the type IntroductionPagePom
	authenticationMsg cannot be resolved or is not a field
	authenticationMsg cannot be resolved or is not a field
	authenticationMsg cannot be resolved or is not a field
	The method clickOnTreeGetStartedBtn() is undefined for the type IntroductionPagePom
	authenticationMsg cannot be resolved or is not a field
	authenticationMsg cannot be resolved or is not a field
	authenticationMsg cannot be resolved or is not a field
	The method clickOnGraphGetStartedBtn() is undefined for the type IntroductionPagePom
	authenticationMsg cannot be resolved or is not a field
	authenticationMsg cannot be resolved or is not a field
	authenticationMsg cannot be resolved or is not a field

	at StepDefinitions.Step_HomePage.&lt;init&gt;(Step_HomePage.java:22)
	at java.base/jdk.internal.reflect.DirectConstructorHandleAccessor.newInstance(DirectConstructorHandleAccessor.java:62)
	... 30 more
</div></td></tr></table><p class="totop"><a href="#summary">back to summary</a></p>
<h3 id="m5">runner.TestRunner#runScenario</h3><table class="result"><tr class="param"><th>Parameter #1</th><th>Parameter #2</th></tr><tr class="param stripe"><td>&quot;Verify that user receives error message for empty Password Confirmation field during registration&quot;</td><td>&quot;Registration&quot;</td></tr><tr><th colspan="2">Exception</th></tr><tr><td colspan="2"><div class="stacktrace">io.cucumber.core.exception.CucumberException: Failed to instantiate class StepDefinitions.Step_RegisterPage
	at io.cucumber.core.backend.DefaultObjectFactory.cacheNewInstance(DefaultObjectFactory.java:67)
	at io.cucumber.core.backend.DefaultObjectFactory.getInstance(DefaultObjectFactory.java:45)
	at io.cucumber.java.AbstractGlueDefinition.invokeMethod(AbstractGlueDefinition.java:47)
	at io.cucumber.java.JavaStepDefinition.execute(JavaStepDefinition.java:29)
	at io.cucumber.core.runner.CoreStepDefinition.execute(CoreStepDefinition.java:66)
	at io.cucumber.core.runner.PickleStepDefinitionMatch.runStep(PickleStepDefinitionMatch.java:62)
	at io.cucumber.core.runner.ExecutionMode$1.execute(ExecutionMode.java:10)
	at io.cucumber.core.runner.TestStep.executeStep(TestStep.java:81)
	at io.cucumber.core.runner.TestStep.run(TestStep.java:53)
	at io.cucumber.core.runner.PickleStepTestStep.run(PickleStepTestStep.java:51)
	at io.cucumber.core.runner.TestCase.run(TestCase.java:84)
	at io.cucumber.core.runner.Runner.runPickle(Runner.java:75)
	at io.cucumber.testng.TestNGCucumberRunner.lambda$runScenario$1(TestNGCucumberRunner.java:132)
	at io.cucumber.core.runtime.CucumberExecutionContext.lambda$runTestCase$5(CucumberExecutionContext.java:136)
	at io.cucumber.core.runtime.RethrowingThrowableCollector.executeAndThrow(RethrowingThrowableCollector.java:23)
	at io.cucumber.core.runtime.CucumberExecutionContext.runTestCase(CucumberExecutionContext.java:136)
	at io.cucumber.testng.TestNGCucumberRunner.runScenario(TestNGCucumberRunner.java:129)
	at io.cucumber.testng.AbstractTestNGCucumberTests.runScenario(AbstractTestNGCucumberTests.java:35)
	at java.base/jdk.internal.reflect.DirectMethodHandleAccessor.invoke(DirectMethodHandleAccessor.java:103)
	at java.base/java.lang.reflect.Method.invoke(Method.java:580)
	at org.testng.internal.invokers.MethodInvocationHelper.invokeMethod(MethodInvocationHelper.java:141)
	at org.testng.internal.invokers.TestInvoker.invokeMethod(TestInvoker.java:686)
	at org.testng.internal.invokers.TestInvoker.invokeTestMethod(TestInvoker.java:230)
	at org.testng.internal.invokers.TestMethodWithDataProviderMethodWorker.call(TestMethodWithDataProviderMethodWorker.java:81)
	at org.testng.internal.thread.Async$AsyncTask.run(Async.java:34)
	at java.base/java.util.concurrent.ThreadPoolExecutor.runWorker(ThreadPoolExecutor.java:1144)
	at java.base/java.util.concurrent.ThreadPoolExecutor$Worker.run(ThreadPoolExecutor.java:642)
	at java.base/java.lang.Thread.run(Thread.java:1575)
Caused by: java.lang.reflect.InvocationTargetException
	at java.base/jdk.internal.reflect.DirectConstructorHandleAccessor.newInstance(DirectConstructorHandleAccessor.java:74)
	at java.base/java.lang.reflect.Constructor.newInstanceWithCaller(Constructor.java:501)
	at java.base/java.lang.reflect.Constructor.newInstance(Constructor.java:485)
	at io.cucumber.core.backend.DefaultObjectFactory.cacheNewInstance(DefaultObjectFactory.java:53)
	... 27 more
Caused by: java.lang.Error: Unresolved compilation problems: 
	The constructor IntroductionPagePom() is undefined
	The constructor HomePom() is undefined
	The method getPageTitle() is undefined for the type IntroductionPagePom

	at StepDefinitions.Step_RegisterPage.&lt;init&gt;(Step_RegisterPage.java:18)
	at java.base/jdk.internal.reflect.DirectConstructorHandleAccessor.newInstance(DirectConstructorHandleAccessor.java:62)
	... 30 more
</div></td></tr></table><p class="totop"><a href="#summary">back to summary</a></p>
<h3 id="m6">runner.TestRunner#runScenario</h3><table class="result"><tr class="param"><th>Parameter #1</th><th>Parameter #2</th></tr><tr class="param stripe"><td>&quot;Validate user navigate to DS Intro Page&quot;</td><td>&quot;DSportal App HomePage&quot;</td></tr><tr><th colspan="2">Exception</th></tr><tr><td colspan="2"><div class="stacktrace">io.cucumber.core.exception.CucumberException: Failed to instantiate class StepDefinitions.Step_HomePage
	at io.cucumber.core.backend.DefaultObjectFactory.cacheNewInstance(DefaultObjectFactory.java:67)
	at io.cucumber.core.backend.DefaultObjectFactory.getInstance(DefaultObjectFactory.java:45)
	at io.cucumber.java.AbstractGlueDefinition.invokeMethod(AbstractGlueDefinition.java:47)
	at io.cucumber.java.JavaStepDefinition.execute(JavaStepDefinition.java:29)
	at io.cucumber.core.runner.CoreStepDefinition.execute(CoreStepDefinition.java:66)
	at io.cucumber.core.runner.PickleStepDefinitionMatch.runStep(PickleStepDefinitionMatch.java:62)
	at io.cucumber.core.runner.ExecutionMode$1.execute(ExecutionMode.java:10)
	at io.cucumber.core.runner.TestStep.executeStep(TestStep.java:81)
	at io.cucumber.core.runner.TestStep.run(TestStep.java:53)
	at io.cucumber.core.runner.PickleStepTestStep.run(PickleStepTestStep.java:51)
	at io.cucumber.core.runner.TestCase.run(TestCase.java:84)
	at io.cucumber.core.runner.Runner.runPickle(Runner.java:75)
	at io.cucumber.testng.TestNGCucumberRunner.lambda$runScenario$1(TestNGCucumberRunner.java:132)
	at io.cucumber.core.runtime.CucumberExecutionContext.lambda$runTestCase$5(CucumberExecutionContext.java:136)
	at io.cucumber.core.runtime.RethrowingThrowableCollector.executeAndThrow(RethrowingThrowableCollector.java:23)
	at io.cucumber.core.runtime.CucumberExecutionContext.runTestCase(CucumberExecutionContext.java:136)
	at io.cucumber.testng.TestNGCucumberRunner.runScenario(TestNGCucumberRunner.java:129)
	at io.cucumber.testng.AbstractTestNGCucumberTests.runScenario(AbstractTestNGCucumberTests.java:35)
	at java.base/jdk.internal.reflect.DirectMethodHandleAccessor.invoke(DirectMethodHandleAccessor.java:103)
	at java.base/java.lang.reflect.Method.invoke(Method.java:580)
	at org.testng.internal.invokers.MethodInvocationHelper.invokeMethod(MethodInvocationHelper.java:141)
	at org.testng.internal.invokers.TestInvoker.invokeMethod(TestInvoker.java:686)
	at org.testng.internal.invokers.TestInvoker.invokeTestMethod(TestInvoker.java:230)
	at org.testng.internal.invokers.TestMethodWithDataProviderMethodWorker.call(TestMethodWithDataProviderMethodWorker.java:81)
	at org.testng.internal.thread.Async$AsyncTask.run(Async.java:34)
	at java.base/java.util.concurrent.ThreadPoolExecutor.runWorker(ThreadPoolExecutor.java:1144)
	at java.base/java.util.concurrent.ThreadPoolExecutor$Worker.run(ThreadPoolExecutor.java:642)
	at java.base/java.lang.Thread.run(Thread.java:1575)
Caused by: java.lang.reflect.InvocationTargetException
	at java.base/jdk.internal.reflect.DirectConstructorHandleAccessor.newInstance(DirectConstructorHandleAccessor.java:74)
	at java.base/java.lang.reflect.Constructor.newInstanceWithCaller(Constructor.java:501)
	at java.base/java.lang.reflect.Constructor.newInstance(Constructor.java:485)
	at io.cucumber.core.backend.DefaultObjectFactory.cacheNewInstance(DefaultObjectFactory.java:53)
	... 27 more
Caused by: java.lang.Error: Unresolved compilation problems: 
	The constructor HomePom() is undefined
	The constructor IntroductionPagePom() is undefined
	The field HomePom.contentHeader is not visible
	The field HomePom.contentText is not visible
	The field HomePom.getStartedButton is not visible
	The field IntroductionPagePom.registerLink is not visible
	The field IntroductionPagePom.signInLink is not visible
	dsDropdown cannot be resolved or is not a field
	dsDropdown cannot be resolved or is not a field
	The method clickDropdownItemArray() is undefined for the type IntroductionPagePom
	authenticationMsg cannot be resolved or is not a field
	authenticationMsg cannot be resolved or is not a field
	authenticationMsg cannot be resolved or is not a field
	The method clickDropdownItemLinkedList() is undefined for the type IntroductionPagePom
	authenticationMsg cannot be resolved or is not a field
	authenticationMsg cannot be resolved or is not a field
	authenticationMsg cannot be resolved or is not a field
	The method clickDropdownItemStack() is undefined for the type IntroductionPagePom
	authenticationMsg cannot be resolved or is not a field
	authenticationMsg cannot be resolved or is not a field
	authenticationMsg cannot be resolved or is not a field
	The method clickDropdownItemQueue() is undefined for the type IntroductionPagePom
	authenticationMsg cannot be resolved or is not a field
	authenticationMsg cannot be resolved or is not a field
	authenticationMsg cannot be resolved or is not a field
	The method clickDropdownItemTree() is undefined for the type IntroductionPagePom
	authenticationMsg cannot be resolved or is not a field
	authenticationMsg cannot be resolved or is not a field
	authenticationMsg cannot be resolved or is not a field
	The method clickDropdownItemGraph() is undefined for the type IntroductionPagePom
	authenticationMsg cannot be resolved or is not a field
	authenticationMsg cannot be resolved or is not a field
	authenticationMsg cannot be resolved or is not a field
	authenticationMsg cannot be resolved or is not a field
	authenticationMsg cannot be resolved or is not a field
	authenticationMsg cannot be resolved or is not a field
	authenticationMsg cannot be resolved or is not a field
	authenticationMsg cannot be resolved or is not a field
	authenticationMsg cannot be resolved or is not a field
	The method clickOnLinkedListGetStartedBtn() is undefined for the type IntroductionPagePom
	authenticationMsg cannot be resolved or is not a field
	authenticationMsg cannot be resolved or is not a field
	authenticationMsg cannot be resolved or is not a field
	The method clickOnStackGetStartedBtn() is undefined for the type IntroductionPagePom
	authenticationMsg cannot be resolved or is not a field
	authenticationMsg cannot be resolved or is not a field
	authenticationMsg cannot be resolved or is not a field
	The method clickOnQueueGetStartedBtn() is undefined for the type IntroductionPagePom
	authenticationMsg cannot be resolved or is not a field
	authenticationMsg cannot be resolved or is not a field
	authenticationMsg cannot be resolved or is not a field
	The method clickOnTreeGetStartedBtn() is undefined for the type IntroductionPagePom
	authenticationMsg cannot be resolved or is not a field
	authenticationMsg cannot be resolved or is not a field
	authenticationMsg cannot be resolved or is not a field
	The method clickOnGraphGetStartedBtn() is undefined for the type IntroductionPagePom
	authenticationMsg cannot be resolved or is not a field
	authenticationMsg cannot be resolved or is not a field
	authenticationMsg cannot be resolved or is not a field

	at StepDefinitions.Step_HomePage.&lt;init&gt;(Step_HomePage.java:22)
	at java.base/jdk.internal.reflect.DirectConstructorHandleAccessor.newInstance(DirectConstructorHandleAccessor.java:62)
	... 30 more
</div></td></tr></table><p class="totop"><a href="#summary">back to summary</a></p>
<h3 id="m7">runner.TestRunner#runScenario</h3><table class="result"><tr class="param"><th>Parameter #1</th><th>Parameter #2</th></tr><tr class="param stripe"><td>&quot;Verify that user is able to successfully register using valid username and password details&quot;</td><td>&quot;Registration&quot;</td></tr><tr><th colspan="2">Exception</th></tr><tr><td colspan="2"><div class="stacktrace">io.cucumber.core.exception.CucumberException: Failed to instantiate class StepDefinitions.Step_RegisterPage
	at io.cucumber.core.backend.DefaultObjectFactory.cacheNewInstance(DefaultObjectFactory.java:67)
	at io.cucumber.core.backend.DefaultObjectFactory.getInstance(DefaultObjectFactory.java:45)
	at io.cucumber.java.AbstractGlueDefinition.invokeMethod(AbstractGlueDefinition.java:47)
	at io.cucumber.java.JavaStepDefinition.execute(JavaStepDefinition.java:29)
	at io.cucumber.core.runner.CoreStepDefinition.execute(CoreStepDefinition.java:66)
	at io.cucumber.core.runner.PickleStepDefinitionMatch.runStep(PickleStepDefinitionMatch.java:62)
	at io.cucumber.core.runner.ExecutionMode$1.execute(ExecutionMode.java:10)
	at io.cucumber.core.runner.TestStep.executeStep(TestStep.java:81)
	at io.cucumber.core.runner.TestStep.run(TestStep.java:53)
	at io.cucumber.core.runner.PickleStepTestStep.run(PickleStepTestStep.java:51)
	at io.cucumber.core.runner.TestCase.run(TestCase.java:84)
	at io.cucumber.core.runner.Runner.runPickle(Runner.java:75)
	at io.cucumber.testng.TestNGCucumberRunner.lambda$runScenario$1(TestNGCucumberRunner.java:132)
	at io.cucumber.core.runtime.CucumberExecutionContext.lambda$runTestCase$5(CucumberExecutionContext.java:136)
	at io.cucumber.core.runtime.RethrowingThrowableCollector.executeAndThrow(RethrowingThrowableCollector.java:23)
	at io.cucumber.core.runtime.CucumberExecutionContext.runTestCase(CucumberExecutionContext.java:136)
	at io.cucumber.testng.TestNGCucumberRunner.runScenario(TestNGCucumberRunner.java:129)
	at io.cucumber.testng.AbstractTestNGCucumberTests.runScenario(AbstractTestNGCucumberTests.java:35)
	at java.base/jdk.internal.reflect.DirectMethodHandleAccessor.invoke(DirectMethodHandleAccessor.java:103)
	at java.base/java.lang.reflect.Method.invoke(Method.java:580)
	at org.testng.internal.invokers.MethodInvocationHelper.invokeMethod(MethodInvocationHelper.java:141)
	at org.testng.internal.invokers.TestInvoker.invokeMethod(TestInvoker.java:686)
	at org.testng.internal.invokers.TestInvoker.invokeTestMethod(TestInvoker.java:230)
	at org.testng.internal.invokers.TestMethodWithDataProviderMethodWorker.call(TestMethodWithDataProviderMethodWorker.java:81)
	at org.testng.internal.thread.Async$AsyncTask.run(Async.java:34)
	at java.base/java.util.concurrent.ThreadPoolExecutor.runWorker(ThreadPoolExecutor.java:1144)
	at java.base/java.util.concurrent.ThreadPoolExecutor$Worker.run(ThreadPoolExecutor.java:642)
	at java.base/java.lang.Thread.run(Thread.java:1575)
Caused by: java.lang.reflect.InvocationTargetException
	at java.base/jdk.internal.reflect.DirectConstructorHandleAccessor.newInstance(DirectConstructorHandleAccessor.java:74)
	at java.base/java.lang.reflect.Constructor.newInstanceWithCaller(Constructor.java:501)
	at java.base/java.lang.reflect.Constructor.newInstance(Constructor.java:485)
	at io.cucumber.core.backend.DefaultObjectFactory.cacheNewInstance(DefaultObjectFactory.java:53)
	... 27 more
Caused by: java.lang.Error: Unresolved compilation problems: 
	The constructor IntroductionPagePom() is undefined
	The constructor HomePom() is undefined
	The method getPageTitle() is undefined for the type IntroductionPagePom

	at StepDefinitions.Step_RegisterPage.&lt;init&gt;(Step_RegisterPage.java:18)
	at java.base/jdk.internal.reflect.DirectConstructorHandleAccessor.newInstance(DirectConstructorHandleAccessor.java:62)
	... 30 more
</div></td></tr></table><p class="totop"><a href="#summary">back to summary</a></p>
<h3 id="m8">runner.TestRunner#runScenario</h3><table class="result"><tr class="param"><th>Parameter #1</th><th>Parameter #2</th></tr><tr class="param stripe"><td>&quot;Verify that user is able to click on login link from Registration page&quot;</td><td>&quot;Registration&quot;</td></tr><tr><th colspan="2">Exception</th></tr><tr><td colspan="2"><div class="stacktrace">io.cucumber.core.exception.CucumberException: Failed to instantiate class StepDefinitions.Step_RegisterPage
	at io.cucumber.core.backend.DefaultObjectFactory.cacheNewInstance(DefaultObjectFactory.java:67)
	at io.cucumber.core.backend.DefaultObjectFactory.getInstance(DefaultObjectFactory.java:45)
	at io.cucumber.java.AbstractGlueDefinition.invokeMethod(AbstractGlueDefinition.java:47)
	at io.cucumber.java.JavaStepDefinition.execute(JavaStepDefinition.java:29)
	at io.cucumber.core.runner.CoreStepDefinition.execute(CoreStepDefinition.java:66)
	at io.cucumber.core.runner.PickleStepDefinitionMatch.runStep(PickleStepDefinitionMatch.java:62)
	at io.cucumber.core.runner.ExecutionMode$1.execute(ExecutionMode.java:10)
	at io.cucumber.core.runner.TestStep.executeStep(TestStep.java:81)
	at io.cucumber.core.runner.TestStep.run(TestStep.java:53)
	at io.cucumber.core.runner.PickleStepTestStep.run(PickleStepTestStep.java:51)
	at io.cucumber.core.runner.TestCase.run(TestCase.java:84)
	at io.cucumber.core.runner.Runner.runPickle(Runner.java:75)
	at io.cucumber.testng.TestNGCucumberRunner.lambda$runScenario$1(TestNGCucumberRunner.java:132)
	at io.cucumber.core.runtime.CucumberExecutionContext.lambda$runTestCase$5(CucumberExecutionContext.java:136)
	at io.cucumber.core.runtime.RethrowingThrowableCollector.executeAndThrow(RethrowingThrowableCollector.java:23)
	at io.cucumber.core.runtime.CucumberExecutionContext.runTestCase(CucumberExecutionContext.java:136)
	at io.cucumber.testng.TestNGCucumberRunner.runScenario(TestNGCucumberRunner.java:129)
	at io.cucumber.testng.AbstractTestNGCucumberTests.runScenario(AbstractTestNGCucumberTests.java:35)
	at java.base/jdk.internal.reflect.DirectMethodHandleAccessor.invoke(DirectMethodHandleAccessor.java:103)
	at java.base/java.lang.reflect.Method.invoke(Method.java:580)
	at org.testng.internal.invokers.MethodInvocationHelper.invokeMethod(MethodInvocationHelper.java:141)
	at org.testng.internal.invokers.TestInvoker.invokeMethod(TestInvoker.java:686)
	at org.testng.internal.invokers.TestInvoker.invokeTestMethod(TestInvoker.java:230)
	at org.testng.internal.invokers.TestMethodWithDataProviderMethodWorker.call(TestMethodWithDataProviderMethodWorker.java:81)
	at org.testng.internal.thread.Async$AsyncTask.run(Async.java:34)
	at java.base/java.util.concurrent.ThreadPoolExecutor.runWorker(ThreadPoolExecutor.java:1144)
	at java.base/java.util.concurrent.ThreadPoolExecutor$Worker.run(ThreadPoolExecutor.java:642)
	at java.base/java.lang.Thread.run(Thread.java:1575)
Caused by: java.lang.reflect.InvocationTargetException
	at java.base/jdk.internal.reflect.DirectConstructorHandleAccessor.newInstance(DirectConstructorHandleAccessor.java:74)
	at java.base/java.lang.reflect.Constructor.newInstanceWithCaller(Constructor.java:501)
	at java.base/java.lang.reflect.Constructor.newInstance(Constructor.java:485)
	at io.cucumber.core.backend.DefaultObjectFactory.cacheNewInstance(DefaultObjectFactory.java:53)
	... 27 more
Caused by: java.lang.Error: Unresolved compilation problems: 
	The constructor IntroductionPagePom() is undefined
	The constructor HomePom() is undefined
	The method getPageTitle() is undefined for the type IntroductionPagePom

	at StepDefinitions.Step_RegisterPage.&lt;init&gt;(Step_RegisterPage.java:18)
	at java.base/jdk.internal.reflect.DirectConstructorHandleAccessor.newInstance(DirectConstructorHandleAccessor.java:62)
	... 30 more
</div></td></tr></table><p class="totop"><a href="#summary">back to summary</a></p>
<h3 id="m9">runner.TestRunner#runScenario</h3><table class="result"><tr class="param"><th>Parameter #1</th><th>Parameter #2</th></tr><tr class="param stripe"><td>&quot;Verify that user able to see warning message on clicking Get Started buttons of Linked List on the home page without Sign in&quot;</td><td>&quot;DSportal App HomePage&quot;</td></tr><tr><th colspan="2">Exception</th></tr><tr><td colspan="2"><div class="stacktrace">io.cucumber.core.exception.CucumberException: Failed to instantiate class StepDefinitions.Step_HomePage
	at io.cucumber.core.backend.DefaultObjectFactory.cacheNewInstance(DefaultObjectFactory.java:67)
	at io.cucumber.core.backend.DefaultObjectFactory.getInstance(DefaultObjectFactory.java:45)
	at io.cucumber.java.AbstractGlueDefinition.invokeMethod(AbstractGlueDefinition.java:47)
	at io.cucumber.java.JavaStepDefinition.execute(JavaStepDefinition.java:29)
	at io.cucumber.core.runner.CoreStepDefinition.execute(CoreStepDefinition.java:66)
	at io.cucumber.core.runner.PickleStepDefinitionMatch.runStep(PickleStepDefinitionMatch.java:62)
	at io.cucumber.core.runner.ExecutionMode$1.execute(ExecutionMode.java:10)
	at io.cucumber.core.runner.TestStep.executeStep(TestStep.java:81)
	at io.cucumber.core.runner.TestStep.run(TestStep.java:53)
	at io.cucumber.core.runner.PickleStepTestStep.run(PickleStepTestStep.java:51)
	at io.cucumber.core.runner.TestCase.run(TestCase.java:84)
	at io.cucumber.core.runner.Runner.runPickle(Runner.java:75)
	at io.cucumber.testng.TestNGCucumberRunner.lambda$runScenario$1(TestNGCucumberRunner.java:132)
	at io.cucumber.core.runtime.CucumberExecutionContext.lambda$runTestCase$5(CucumberExecutionContext.java:136)
	at io.cucumber.core.runtime.RethrowingThrowableCollector.executeAndThrow(RethrowingThrowableCollector.java:23)
	at io.cucumber.core.runtime.CucumberExecutionContext.runTestCase(CucumberExecutionContext.java:136)
	at io.cucumber.testng.TestNGCucumberRunner.runScenario(TestNGCucumberRunner.java:129)
	at io.cucumber.testng.AbstractTestNGCucumberTests.runScenario(AbstractTestNGCucumberTests.java:35)
	at java.base/jdk.internal.reflect.DirectMethodHandleAccessor.invoke(DirectMethodHandleAccessor.java:103)
	at java.base/java.lang.reflect.Method.invoke(Method.java:580)
	at org.testng.internal.invokers.MethodInvocationHelper.invokeMethod(MethodInvocationHelper.java:141)
	at org.testng.internal.invokers.TestInvoker.invokeMethod(TestInvoker.java:686)
	at org.testng.internal.invokers.TestInvoker.invokeTestMethod(TestInvoker.java:230)
	at org.testng.internal.invokers.TestMethodWithDataProviderMethodWorker.call(TestMethodWithDataProviderMethodWorker.java:81)
	at org.testng.internal.thread.Async$AsyncTask.run(Async.java:34)
	at java.base/java.util.concurrent.ThreadPoolExecutor.runWorker(ThreadPoolExecutor.java:1144)
	at java.base/java.util.concurrent.ThreadPoolExecutor$Worker.run(ThreadPoolExecutor.java:642)
	at java.base/java.lang.Thread.run(Thread.java:1575)
Caused by: java.lang.reflect.InvocationTargetException
	at java.base/jdk.internal.reflect.DirectConstructorHandleAccessor.newInstance(DirectConstructorHandleAccessor.java:74)
	at java.base/java.lang.reflect.Constructor.newInstanceWithCaller(Constructor.java:501)
	at java.base/java.lang.reflect.Constructor.newInstance(Constructor.java:485)
	at io.cucumber.core.backend.DefaultObjectFactory.cacheNewInstance(DefaultObjectFactory.java:53)
	... 27 more
Caused by: java.lang.Error: Unresolved compilation problems: 
	The constructor HomePom() is undefined
	The constructor IntroductionPagePom() is undefined
	The field HomePom.contentHeader is not visible
	The field HomePom.contentText is not visible
	The field HomePom.getStartedButton is not visible
	The field IntroductionPagePom.registerLink is not visible
	The field IntroductionPagePom.signInLink is not visible
	dsDropdown cannot be resolved or is not a field
	dsDropdown cannot be resolved or is not a field
	The method clickDropdownItemArray() is undefined for the type IntroductionPagePom
	authenticationMsg cannot be resolved or is not a field
	authenticationMsg cannot be resolved or is not a field
	authenticationMsg cannot be resolved or is not a field
	The method clickDropdownItemLinkedList() is undefined for the type IntroductionPagePom
	authenticationMsg cannot be resolved or is not a field
	authenticationMsg cannot be resolved or is not a field
	authenticationMsg cannot be resolved or is not a field
	The method clickDropdownItemStack() is undefined for the type IntroductionPagePom
	authenticationMsg cannot be resolved or is not a field
	authenticationMsg cannot be resolved or is not a field
	authenticationMsg cannot be resolved or is not a field
	The method clickDropdownItemQueue() is undefined for the type IntroductionPagePom
	authenticationMsg cannot be resolved or is not a field
	authenticationMsg cannot be resolved or is not a field
	authenticationMsg cannot be resolved or is not a field
	The method clickDropdownItemTree() is undefined for the type IntroductionPagePom
	authenticationMsg cannot be resolved or is not a field
	authenticationMsg cannot be resolved or is not a field
	authenticationMsg cannot be resolved or is not a field
	The method clickDropdownItemGraph() is undefined for the type IntroductionPagePom
	authenticationMsg cannot be resolved or is not a field
	authenticationMsg cannot be resolved or is not a field
	authenticationMsg cannot be resolved or is not a field
	authenticationMsg cannot be resolved or is not a field
	authenticationMsg cannot be resolved or is not a field
	authenticationMsg cannot be resolved or is not a field
	authenticationMsg cannot be resolved or is not a field
	authenticationMsg cannot be resolved or is not a field
	authenticationMsg cannot be resolved or is not a field
	The method clickOnLinkedListGetStartedBtn() is undefined for the type IntroductionPagePom
	authenticationMsg cannot be resolved or is not a field
	authenticationMsg cannot be resolved or is not a field
	authenticationMsg cannot be resolved or is not a field
	The method clickOnStackGetStartedBtn() is undefined for the type IntroductionPagePom
	authenticationMsg cannot be resolved or is not a field
	authenticationMsg cannot be resolved or is not a field
	authenticationMsg cannot be resolved or is not a field
	The method clickOnQueueGetStartedBtn() is undefined for the type IntroductionPagePom
	authenticationMsg cannot be resolved or is not a field
	authenticationMsg cannot be resolved or is not a field
	authenticationMsg cannot be resolved or is not a field
	The method clickOnTreeGetStartedBtn() is undefined for the type IntroductionPagePom
	authenticationMsg cannot be resolved or is not a field
	authenticationMsg cannot be resolved or is not a field
	authenticationMsg cannot be resolved or is not a field
	The method clickOnGraphGetStartedBtn() is undefined for the type IntroductionPagePom
	authenticationMsg cannot be resolved or is not a field
	authenticationMsg cannot be resolved or is not a field
	authenticationMsg cannot be resolved or is not a field

	at StepDefinitions.Step_HomePage.&lt;init&gt;(Step_HomePage.java:22)
	at java.base/jdk.internal.reflect.DirectConstructorHandleAccessor.newInstance(DirectConstructorHandleAccessor.java:62)
	... 30 more
</div></td></tr></table><p class="totop"><a href="#summary">back to summary</a></p>
<h3 id="m10">runner.TestRunner#runScenario</h3><table class="result"><tr class="param"><th>Parameter #1</th><th>Parameter #2</th></tr><tr class="param stripe"><td>&quot;Verify that user receives error message for invalid username field during registration&quot;</td><td>&quot;Registration&quot;</td></tr><tr><th colspan="2">Exception</th></tr><tr><td colspan="2"><div class="stacktrace">io.cucumber.core.exception.CucumberException: Failed to instantiate class StepDefinitions.Step_RegisterPage
	at io.cucumber.core.backend.DefaultObjectFactory.cacheNewInstance(DefaultObjectFactory.java:67)
	at io.cucumber.core.backend.DefaultObjectFactory.getInstance(DefaultObjectFactory.java:45)
	at io.cucumber.java.AbstractGlueDefinition.invokeMethod(AbstractGlueDefinition.java:47)
	at io.cucumber.java.JavaStepDefinition.execute(JavaStepDefinition.java:29)
	at io.cucumber.core.runner.CoreStepDefinition.execute(CoreStepDefinition.java:66)
	at io.cucumber.core.runner.PickleStepDefinitionMatch.runStep(PickleStepDefinitionMatch.java:62)
	at io.cucumber.core.runner.ExecutionMode$1.execute(ExecutionMode.java:10)
	at io.cucumber.core.runner.TestStep.executeStep(TestStep.java:81)
	at io.cucumber.core.runner.TestStep.run(TestStep.java:53)
	at io.cucumber.core.runner.PickleStepTestStep.run(PickleStepTestStep.java:51)
	at io.cucumber.core.runner.TestCase.run(TestCase.java:84)
	at io.cucumber.core.runner.Runner.runPickle(Runner.java:75)
	at io.cucumber.testng.TestNGCucumberRunner.lambda$runScenario$1(TestNGCucumberRunner.java:132)
	at io.cucumber.core.runtime.CucumberExecutionContext.lambda$runTestCase$5(CucumberExecutionContext.java:136)
	at io.cucumber.core.runtime.RethrowingThrowableCollector.executeAndThrow(RethrowingThrowableCollector.java:23)
	at io.cucumber.core.runtime.CucumberExecutionContext.runTestCase(CucumberExecutionContext.java:136)
	at io.cucumber.testng.TestNGCucumberRunner.runScenario(TestNGCucumberRunner.java:129)
	at io.cucumber.testng.AbstractTestNGCucumberTests.runScenario(AbstractTestNGCucumberTests.java:35)
	at java.base/jdk.internal.reflect.DirectMethodHandleAccessor.invoke(DirectMethodHandleAccessor.java:103)
	at java.base/java.lang.reflect.Method.invoke(Method.java:580)
	at org.testng.internal.invokers.MethodInvocationHelper.invokeMethod(MethodInvocationHelper.java:141)
	at org.testng.internal.invokers.TestInvoker.invokeMethod(TestInvoker.java:686)
	at org.testng.internal.invokers.TestInvoker.invokeTestMethod(TestInvoker.java:230)
	at org.testng.internal.invokers.TestMethodWithDataProviderMethodWorker.call(TestMethodWithDataProviderMethodWorker.java:81)
	at org.testng.internal.thread.Async$AsyncTask.run(Async.java:34)
	at java.base/java.util.concurrent.ThreadPoolExecutor.runWorker(ThreadPoolExecutor.java:1144)
	at java.base/java.util.concurrent.ThreadPoolExecutor$Worker.run(ThreadPoolExecutor.java:642)
	at java.base/java.lang.Thread.run(Thread.java:1575)
Caused by: java.lang.reflect.InvocationTargetException
	at java.base/jdk.internal.reflect.DirectConstructorHandleAccessor.newInstance(DirectConstructorHandleAccessor.java:74)
	at java.base/java.lang.reflect.Constructor.newInstanceWithCaller(Constructor.java:501)
	at java.base/java.lang.reflect.Constructor.newInstance(Constructor.java:485)
	at io.cucumber.core.backend.DefaultObjectFactory.cacheNewInstance(DefaultObjectFactory.java:53)
	... 27 more
Caused by: java.lang.Error: Unresolved compilation problems: 
	The constructor IntroductionPagePom() is undefined
	The constructor HomePom() is undefined
	The method getPageTitle() is undefined for the type IntroductionPagePom

	at StepDefinitions.Step_RegisterPage.&lt;init&gt;(Step_RegisterPage.java:18)
	at java.base/jdk.internal.reflect.DirectConstructorHandleAccessor.newInstance(DirectConstructorHandleAccessor.java:62)
	... 30 more
</div></td></tr></table><p class="totop"><a href="#summary">back to summary</a></p>
<h3 id="m11">runner.TestRunner#runScenario</h3><table class="result"><tr class="param"><th>Parameter #1</th><th>Parameter #2</th></tr><tr class="param stripe"><td>&quot;Verify that user able to see warning message while selecting Graph from the drop down without Sign in.&quot;</td><td>&quot;DSportal App HomePage&quot;</td></tr><tr><th colspan="2">Exception</th></tr><tr><td colspan="2"><div class="stacktrace">io.cucumber.core.exception.CucumberException: Failed to instantiate class StepDefinitions.Step_HomePage
	at io.cucumber.core.backend.DefaultObjectFactory.cacheNewInstance(DefaultObjectFactory.java:67)
	at io.cucumber.core.backend.DefaultObjectFactory.getInstance(DefaultObjectFactory.java:45)
	at io.cucumber.java.AbstractGlueDefinition.invokeMethod(AbstractGlueDefinition.java:47)
	at io.cucumber.java.JavaStepDefinition.execute(JavaStepDefinition.java:29)
	at io.cucumber.core.runner.CoreStepDefinition.execute(CoreStepDefinition.java:66)
	at io.cucumber.core.runner.PickleStepDefinitionMatch.runStep(PickleStepDefinitionMatch.java:62)
	at io.cucumber.core.runner.ExecutionMode$1.execute(ExecutionMode.java:10)
	at io.cucumber.core.runner.TestStep.executeStep(TestStep.java:81)
	at io.cucumber.core.runner.TestStep.run(TestStep.java:53)
	at io.cucumber.core.runner.PickleStepTestStep.run(PickleStepTestStep.java:51)
	at io.cucumber.core.runner.TestCase.run(TestCase.java:84)
	at io.cucumber.core.runner.Runner.runPickle(Runner.java:75)
	at io.cucumber.testng.TestNGCucumberRunner.lambda$runScenario$1(TestNGCucumberRunner.java:132)
	at io.cucumber.core.runtime.CucumberExecutionContext.lambda$runTestCase$5(CucumberExecutionContext.java:136)
	at io.cucumber.core.runtime.RethrowingThrowableCollector.executeAndThrow(RethrowingThrowableCollector.java:23)
	at io.cucumber.core.runtime.CucumberExecutionContext.runTestCase(CucumberExecutionContext.java:136)
	at io.cucumber.testng.TestNGCucumberRunner.runScenario(TestNGCucumberRunner.java:129)
	at io.cucumber.testng.AbstractTestNGCucumberTests.runScenario(AbstractTestNGCucumberTests.java:35)
	at java.base/jdk.internal.reflect.DirectMethodHandleAccessor.invoke(DirectMethodHandleAccessor.java:103)
	at java.base/java.lang.reflect.Method.invoke(Method.java:580)
	at org.testng.internal.invokers.MethodInvocationHelper.invokeMethod(MethodInvocationHelper.java:141)
	at org.testng.internal.invokers.TestInvoker.invokeMethod(TestInvoker.java:686)
	at org.testng.internal.invokers.TestInvoker.invokeTestMethod(TestInvoker.java:230)
	at org.testng.internal.invokers.TestMethodWithDataProviderMethodWorker.call(TestMethodWithDataProviderMethodWorker.java:81)
	at org.testng.internal.thread.Async$AsyncTask.run(Async.java:34)
	at java.base/java.util.concurrent.ThreadPoolExecutor.runWorker(ThreadPoolExecutor.java:1144)
	at java.base/java.util.concurrent.ThreadPoolExecutor$Worker.run(ThreadPoolExecutor.java:642)
	at java.base/java.lang.Thread.run(Thread.java:1575)
Caused by: java.lang.reflect.InvocationTargetException
	at java.base/jdk.internal.reflect.DirectConstructorHandleAccessor.newInstance(DirectConstructorHandleAccessor.java:74)
	at java.base/java.lang.reflect.Constructor.newInstanceWithCaller(Constructor.java:501)
	at java.base/java.lang.reflect.Constructor.newInstance(Constructor.java:485)
	at io.cucumber.core.backend.DefaultObjectFactory.cacheNewInstance(DefaultObjectFactory.java:53)
	... 27 more
Caused by: java.lang.Error: Unresolved compilation problems: 
	The constructor HomePom() is undefined
	The constructor IntroductionPagePom() is undefined
	The field HomePom.contentHeader is not visible
	The field HomePom.contentText is not visible
	The field HomePom.getStartedButton is not visible
	The field IntroductionPagePom.registerLink is not visible
	The field IntroductionPagePom.signInLink is not visible
	dsDropdown cannot be resolved or is not a field
	dsDropdown cannot be resolved or is not a field
	The method clickDropdownItemArray() is undefined for the type IntroductionPagePom
	authenticationMsg cannot be resolved or is not a field
	authenticationMsg cannot be resolved or is not a field
	authenticationMsg cannot be resolved or is not a field
	The method clickDropdownItemLinkedList() is undefined for the type IntroductionPagePom
	authenticationMsg cannot be resolved or is not a field
	authenticationMsg cannot be resolved or is not a field
	authenticationMsg cannot be resolved or is not a field
	The method clickDropdownItemStack() is undefined for the type IntroductionPagePom
	authenticationMsg cannot be resolved or is not a field
	authenticationMsg cannot be resolved or is not a field
	authenticationMsg cannot be resolved or is not a field
	The method clickDropdownItemQueue() is undefined for the type IntroductionPagePom
	authenticationMsg cannot be resolved or is not a field
	authenticationMsg cannot be resolved or is not a field
	authenticationMsg cannot be resolved or is not a field
	The method clickDropdownItemTree() is undefined for the type IntroductionPagePom
	authenticationMsg cannot be resolved or is not a field
	authenticationMsg cannot be resolved or is not a field
	authenticationMsg cannot be resolved or is not a field
	The method clickDropdownItemGraph() is undefined for the type IntroductionPagePom
	authenticationMsg cannot be resolved or is not a field
	authenticationMsg cannot be resolved or is not a field
	authenticationMsg cannot be resolved or is not a field
	authenticationMsg cannot be resolved or is not a field
	authenticationMsg cannot be resolved or is not a field
	authenticationMsg cannot be resolved or is not a field
	authenticationMsg cannot be resolved or is not a field
	authenticationMsg cannot be resolved or is not a field
	authenticationMsg cannot be resolved or is not a field
	The method clickOnLinkedListGetStartedBtn() is undefined for the type IntroductionPagePom
	authenticationMsg cannot be resolved or is not a field
	authenticationMsg cannot be resolved or is not a field
	authenticationMsg cannot be resolved or is not a field
	The method clickOnStackGetStartedBtn() is undefined for the type IntroductionPagePom
	authenticationMsg cannot be resolved or is not a field
	authenticationMsg cannot be resolved or is not a field
	authenticationMsg cannot be resolved or is not a field
	The method clickOnQueueGetStartedBtn() is undefined for the type IntroductionPagePom
	authenticationMsg cannot be resolved or is not a field
	authenticationMsg cannot be resolved or is not a field
	authenticationMsg cannot be resolved or is not a field
	The method clickOnTreeGetStartedBtn() is undefined for the type IntroductionPagePom
	authenticationMsg cannot be resolved or is not a field
	authenticationMsg cannot be resolved or is not a field
	authenticationMsg cannot be resolved or is not a field
	The method clickOnGraphGetStartedBtn() is undefined for the type IntroductionPagePom
	authenticationMsg cannot be resolved or is not a field
	authenticationMsg cannot be resolved or is not a field
	authenticationMsg cannot be resolved or is not a field

	at StepDefinitions.Step_HomePage.&lt;init&gt;(Step_HomePage.java:22)
	at java.base/jdk.internal.reflect.DirectConstructorHandleAccessor.newInstance(DirectConstructorHandleAccessor.java:62)
	... 30 more
</div></td></tr></table><p class="totop"><a href="#summary">back to summary</a></p>
<h3 id="m12">runner.TestRunner#runScenario</h3><table class="result"><tr class="param"><th>Parameter #1</th><th>Parameter #2</th></tr><tr class="param stripe"><td>&quot;Verify that user receives error message for mismatched Password and Password Confirmation field during registration&quot;</td><td>&quot;Registration&quot;</td></tr><tr><th colspan="2">Exception</th></tr><tr><td colspan="2"><div class="stacktrace">io.cucumber.core.exception.CucumberException: Failed to instantiate class StepDefinitions.Step_RegisterPage
	at io.cucumber.core.backend.DefaultObjectFactory.cacheNewInstance(DefaultObjectFactory.java:67)
	at io.cucumber.core.backend.DefaultObjectFactory.getInstance(DefaultObjectFactory.java:45)
	at io.cucumber.java.AbstractGlueDefinition.invokeMethod(AbstractGlueDefinition.java:47)
	at io.cucumber.java.JavaStepDefinition.execute(JavaStepDefinition.java:29)
	at io.cucumber.core.runner.CoreStepDefinition.execute(CoreStepDefinition.java:66)
	at io.cucumber.core.runner.PickleStepDefinitionMatch.runStep(PickleStepDefinitionMatch.java:62)
	at io.cucumber.core.runner.ExecutionMode$1.execute(ExecutionMode.java:10)
	at io.cucumber.core.runner.TestStep.executeStep(TestStep.java:81)
	at io.cucumber.core.runner.TestStep.run(TestStep.java:53)
	at io.cucumber.core.runner.PickleStepTestStep.run(PickleStepTestStep.java:51)
	at io.cucumber.core.runner.TestCase.run(TestCase.java:84)
	at io.cucumber.core.runner.Runner.runPickle(Runner.java:75)
	at io.cucumber.testng.TestNGCucumberRunner.lambda$runScenario$1(TestNGCucumberRunner.java:132)
	at io.cucumber.core.runtime.CucumberExecutionContext.lambda$runTestCase$5(CucumberExecutionContext.java:136)
	at io.cucumber.core.runtime.RethrowingThrowableCollector.executeAndThrow(RethrowingThrowableCollector.java:23)
	at io.cucumber.core.runtime.CucumberExecutionContext.runTestCase(CucumberExecutionContext.java:136)
	at io.cucumber.testng.TestNGCucumberRunner.runScenario(TestNGCucumberRunner.java:129)
	at io.cucumber.testng.AbstractTestNGCucumberTests.runScenario(AbstractTestNGCucumberTests.java:35)
	at java.base/jdk.internal.reflect.DirectMethodHandleAccessor.invoke(DirectMethodHandleAccessor.java:103)
	at java.base/java.lang.reflect.Method.invoke(Method.java:580)
	at org.testng.internal.invokers.MethodInvocationHelper.invokeMethod(MethodInvocationHelper.java:141)
	at org.testng.internal.invokers.TestInvoker.invokeMethod(TestInvoker.java:686)
	at org.testng.internal.invokers.TestInvoker.invokeTestMethod(TestInvoker.java:230)
	at org.testng.internal.invokers.TestMethodWithDataProviderMethodWorker.call(TestMethodWithDataProviderMethodWorker.java:81)
	at org.testng.internal.thread.Async$AsyncTask.run(Async.java:34)
	at java.base/java.util.concurrent.ThreadPoolExecutor.runWorker(ThreadPoolExecutor.java:1144)
	at java.base/java.util.concurrent.ThreadPoolExecutor$Worker.run(ThreadPoolExecutor.java:642)
	at java.base/java.lang.Thread.run(Thread.java:1575)
Caused by: java.lang.reflect.InvocationTargetException
	at java.base/jdk.internal.reflect.DirectConstructorHandleAccessor.newInstance(DirectConstructorHandleAccessor.java:74)
	at java.base/java.lang.reflect.Constructor.newInstanceWithCaller(Constructor.java:501)
	at java.base/java.lang.reflect.Constructor.newInstance(Constructor.java:485)
	at io.cucumber.core.backend.DefaultObjectFactory.cacheNewInstance(DefaultObjectFactory.java:53)
	... 27 more
Caused by: java.lang.Error: Unresolved compilation problems: 
	The constructor IntroductionPagePom() is undefined
	The constructor HomePom() is undefined
	The method getPageTitle() is undefined for the type IntroductionPagePom

	at StepDefinitions.Step_RegisterPage.&lt;init&gt;(Step_RegisterPage.java:18)
	at java.base/jdk.internal.reflect.DirectConstructorHandleAccessor.newInstance(DirectConstructorHandleAccessor.java:62)
	... 30 more
</div></td></tr></table><p class="totop"><a href="#summary">back to summary</a></p>
<h3 id="m13">runner.TestRunner#runScenario</h3><table class="result"><tr class="param"><th>Parameter #1</th><th>Parameter #2</th></tr><tr class="param stripe"><td>&quot;Verify that user is able to view options for Data Structures dropdown on home page without Sign in&quot;</td><td>&quot;DSportal App HomePage&quot;</td></tr><tr><th colspan="2">Exception</th></tr><tr><td colspan="2"><div class="stacktrace">io.cucumber.core.exception.CucumberException: Failed to instantiate class StepDefinitions.Step_HomePage
	at io.cucumber.core.backend.DefaultObjectFactory.cacheNewInstance(DefaultObjectFactory.java:67)
	at io.cucumber.core.backend.DefaultObjectFactory.getInstance(DefaultObjectFactory.java:45)
	at io.cucumber.java.AbstractGlueDefinition.invokeMethod(AbstractGlueDefinition.java:47)
	at io.cucumber.java.JavaStepDefinition.execute(JavaStepDefinition.java:29)
	at io.cucumber.core.runner.CoreStepDefinition.execute(CoreStepDefinition.java:66)
	at io.cucumber.core.runner.PickleStepDefinitionMatch.runStep(PickleStepDefinitionMatch.java:62)
	at io.cucumber.core.runner.ExecutionMode$1.execute(ExecutionMode.java:10)
	at io.cucumber.core.runner.TestStep.executeStep(TestStep.java:81)
	at io.cucumber.core.runner.TestStep.run(TestStep.java:53)
	at io.cucumber.core.runner.PickleStepTestStep.run(PickleStepTestStep.java:51)
	at io.cucumber.core.runner.TestCase.run(TestCase.java:84)
	at io.cucumber.core.runner.Runner.runPickle(Runner.java:75)
	at io.cucumber.testng.TestNGCucumberRunner.lambda$runScenario$1(TestNGCucumberRunner.java:132)
	at io.cucumber.core.runtime.CucumberExecutionContext.lambda$runTestCase$5(CucumberExecutionContext.java:136)
	at io.cucumber.core.runtime.RethrowingThrowableCollector.executeAndThrow(RethrowingThrowableCollector.java:23)
	at io.cucumber.core.runtime.CucumberExecutionContext.runTestCase(CucumberExecutionContext.java:136)
	at io.cucumber.testng.TestNGCucumberRunner.runScenario(TestNGCucumberRunner.java:129)
	at io.cucumber.testng.AbstractTestNGCucumberTests.runScenario(AbstractTestNGCucumberTests.java:35)
	at java.base/jdk.internal.reflect.DirectMethodHandleAccessor.invoke(DirectMethodHandleAccessor.java:103)
	at java.base/java.lang.reflect.Method.invoke(Method.java:580)
	at org.testng.internal.invokers.MethodInvocationHelper.invokeMethod(MethodInvocationHelper.java:141)
	at org.testng.internal.invokers.TestInvoker.invokeMethod(TestInvoker.java:686)
	at org.testng.internal.invokers.TestInvoker.invokeTestMethod(TestInvoker.java:230)
	at org.testng.internal.invokers.TestMethodWithDataProviderMethodWorker.call(TestMethodWithDataProviderMethodWorker.java:81)
	at org.testng.internal.thread.Async$AsyncTask.run(Async.java:34)
	at java.base/java.util.concurrent.ThreadPoolExecutor.runWorker(ThreadPoolExecutor.java:1144)
	at java.base/java.util.concurrent.ThreadPoolExecutor$Worker.run(ThreadPoolExecutor.java:642)
	at java.base/java.lang.Thread.run(Thread.java:1575)
Caused by: java.lang.reflect.InvocationTargetException
	at java.base/jdk.internal.reflect.DirectConstructorHandleAccessor.newInstance(DirectConstructorHandleAccessor.java:74)
	at java.base/java.lang.reflect.Constructor.newInstanceWithCaller(Constructor.java:501)
	at java.base/java.lang.reflect.Constructor.newInstance(Constructor.java:485)
	at io.cucumber.core.backend.DefaultObjectFactory.cacheNewInstance(DefaultObjectFactory.java:53)
	... 27 more
Caused by: java.lang.Error: Unresolved compilation problems: 
	The constructor HomePom() is undefined
	The constructor IntroductionPagePom() is undefined
	The field HomePom.contentHeader is not visible
	The field HomePom.contentText is not visible
	The field HomePom.getStartedButton is not visible
	The field IntroductionPagePom.registerLink is not visible
	The field IntroductionPagePom.signInLink is not visible
	dsDropdown cannot be resolved or is not a field
	dsDropdown cannot be resolved or is not a field
	The method clickDropdownItemArray() is undefined for the type IntroductionPagePom
	authenticationMsg cannot be resolved or is not a field
	authenticationMsg cannot be resolved or is not a field
	authenticationMsg cannot be resolved or is not a field
	The method clickDropdownItemLinkedList() is undefined for the type IntroductionPagePom
	authenticationMsg cannot be resolved or is not a field
	authenticationMsg cannot be resolved or is not a field
	authenticationMsg cannot be resolved or is not a field
	The method clickDropdownItemStack() is undefined for the type IntroductionPagePom
	authenticationMsg cannot be resolved or is not a field
	authenticationMsg cannot be resolved or is not a field
	authenticationMsg cannot be resolved or is not a field
	The method clickDropdownItemQueue() is undefined for the type IntroductionPagePom
	authenticationMsg cannot be resolved or is not a field
	authenticationMsg cannot be resolved or is not a field
	authenticationMsg cannot be resolved or is not a field
	The method clickDropdownItemTree() is undefined for the type IntroductionPagePom
	authenticationMsg cannot be resolved or is not a field
	authenticationMsg cannot be resolved or is not a field
	authenticationMsg cannot be resolved or is not a field
	The method clickDropdownItemGraph() is undefined for the type IntroductionPagePom
	authenticationMsg cannot be resolved or is not a field
	authenticationMsg cannot be resolved or is not a field
	authenticationMsg cannot be resolved or is not a field
	authenticationMsg cannot be resolved or is not a field
	authenticationMsg cannot be resolved or is not a field
	authenticationMsg cannot be resolved or is not a field
	authenticationMsg cannot be resolved or is not a field
	authenticationMsg cannot be resolved or is not a field
	authenticationMsg cannot be resolved or is not a field
	The method clickOnLinkedListGetStartedBtn() is undefined for the type IntroductionPagePom
	authenticationMsg cannot be resolved or is not a field
	authenticationMsg cannot be resolved or is not a field
	authenticationMsg cannot be resolved or is not a field
	The method clickOnStackGetStartedBtn() is undefined for the type IntroductionPagePom
	authenticationMsg cannot be resolved or is not a field
	authenticationMsg cannot be resolved or is not a field
	authenticationMsg cannot be resolved or is not a field
	The method clickOnQueueGetStartedBtn() is undefined for the type IntroductionPagePom
	authenticationMsg cannot be resolved or is not a field
	authenticationMsg cannot be resolved or is not a field
	authenticationMsg cannot be resolved or is not a field
	The method clickOnTreeGetStartedBtn() is undefined for the type IntroductionPagePom
	authenticationMsg cannot be resolved or is not a field
	authenticationMsg cannot be resolved or is not a field
	authenticationMsg cannot be resolved or is not a field
	The method clickOnGraphGetStartedBtn() is undefined for the type IntroductionPagePom
	authenticationMsg cannot be resolved or is not a field
	authenticationMsg cannot be resolved or is not a field
	authenticationMsg cannot be resolved or is not a field

	at StepDefinitions.Step_HomePage.&lt;init&gt;(Step_HomePage.java:22)
	at java.base/jdk.internal.reflect.DirectConstructorHandleAccessor.newInstance(DirectConstructorHandleAccessor.java:62)
	... 30 more
</div></td></tr></table><p class="totop"><a href="#summary">back to summary</a></p>
<h3 id="m14">runner.TestRunner#runScenario</h3><table class="result"><tr class="param"><th>Parameter #1</th><th>Parameter #2</th></tr><tr class="param stripe"><td>&quot;Verify that user able to see warning message while selecting Linked List from the drop down without Sign in&quot;</td><td>&quot;DSportal App HomePage&quot;</td></tr><tr><th colspan="2">Exception</th></tr><tr><td colspan="2"><div class="stacktrace">io.cucumber.core.exception.CucumberException: Failed to instantiate class StepDefinitions.Step_HomePage
	at io.cucumber.core.backend.DefaultObjectFactory.cacheNewInstance(DefaultObjectFactory.java:67)
	at io.cucumber.core.backend.DefaultObjectFactory.getInstance(DefaultObjectFactory.java:45)
	at io.cucumber.java.AbstractGlueDefinition.invokeMethod(AbstractGlueDefinition.java:47)
	at io.cucumber.java.JavaStepDefinition.execute(JavaStepDefinition.java:29)
	at io.cucumber.core.runner.CoreStepDefinition.execute(CoreStepDefinition.java:66)
	at io.cucumber.core.runner.PickleStepDefinitionMatch.runStep(PickleStepDefinitionMatch.java:62)
	at io.cucumber.core.runner.ExecutionMode$1.execute(ExecutionMode.java:10)
	at io.cucumber.core.runner.TestStep.executeStep(TestStep.java:81)
	at io.cucumber.core.runner.TestStep.run(TestStep.java:53)
	at io.cucumber.core.runner.PickleStepTestStep.run(PickleStepTestStep.java:51)
	at io.cucumber.core.runner.TestCase.run(TestCase.java:84)
	at io.cucumber.core.runner.Runner.runPickle(Runner.java:75)
	at io.cucumber.testng.TestNGCucumberRunner.lambda$runScenario$1(TestNGCucumberRunner.java:132)
	at io.cucumber.core.runtime.CucumberExecutionContext.lambda$runTestCase$5(CucumberExecutionContext.java:136)
	at io.cucumber.core.runtime.RethrowingThrowableCollector.executeAndThrow(RethrowingThrowableCollector.java:23)
	at io.cucumber.core.runtime.CucumberExecutionContext.runTestCase(CucumberExecutionContext.java:136)
	at io.cucumber.testng.TestNGCucumberRunner.runScenario(TestNGCucumberRunner.java:129)
	at io.cucumber.testng.AbstractTestNGCucumberTests.runScenario(AbstractTestNGCucumberTests.java:35)
	at java.base/jdk.internal.reflect.DirectMethodHandleAccessor.invoke(DirectMethodHandleAccessor.java:103)
	at java.base/java.lang.reflect.Method.invoke(Method.java:580)
	at org.testng.internal.invokers.MethodInvocationHelper.invokeMethod(MethodInvocationHelper.java:141)
	at org.testng.internal.invokers.TestInvoker.invokeMethod(TestInvoker.java:686)
	at org.testng.internal.invokers.TestInvoker.invokeTestMethod(TestInvoker.java:230)
	at org.testng.internal.invokers.TestMethodWithDataProviderMethodWorker.call(TestMethodWithDataProviderMethodWorker.java:81)
	at org.testng.internal.thread.Async$AsyncTask.run(Async.java:34)
	at java.base/java.util.concurrent.ThreadPoolExecutor.runWorker(ThreadPoolExecutor.java:1144)
	at java.base/java.util.concurrent.ThreadPoolExecutor$Worker.run(ThreadPoolExecutor.java:642)
	at java.base/java.lang.Thread.run(Thread.java:1575)
Caused by: java.lang.reflect.InvocationTargetException
	at java.base/jdk.internal.reflect.DirectConstructorHandleAccessor.newInstance(DirectConstructorHandleAccessor.java:74)
	at java.base/java.lang.reflect.Constructor.newInstanceWithCaller(Constructor.java:501)
	at java.base/java.lang.reflect.Constructor.newInstance(Constructor.java:485)
	at io.cucumber.core.backend.DefaultObjectFactory.cacheNewInstance(DefaultObjectFactory.java:53)
	... 27 more
Caused by: java.lang.Error: Unresolved compilation problems: 
	The constructor HomePom() is undefined
	The constructor IntroductionPagePom() is undefined
	The field HomePom.contentHeader is not visible
	The field HomePom.contentText is not visible
	The field HomePom.getStartedButton is not visible
	The field IntroductionPagePom.registerLink is not visible
	The field IntroductionPagePom.signInLink is not visible
	dsDropdown cannot be resolved or is not a field
	dsDropdown cannot be resolved or is not a field
	The method clickDropdownItemArray() is undefined for the type IntroductionPagePom
	authenticationMsg cannot be resolved or is not a field
	authenticationMsg cannot be resolved or is not a field
	authenticationMsg cannot be resolved or is not a field
	The method clickDropdownItemLinkedList() is undefined for the type IntroductionPagePom
	authenticationMsg cannot be resolved or is not a field
	authenticationMsg cannot be resolved or is not a field
	authenticationMsg cannot be resolved or is not a field
	The method clickDropdownItemStack() is undefined for the type IntroductionPagePom
	authenticationMsg cannot be resolved or is not a field
	authenticationMsg cannot be resolved or is not a field
	authenticationMsg cannot be resolved or is not a field
	The method clickDropdownItemQueue() is undefined for the type IntroductionPagePom
	authenticationMsg cannot be resolved or is not a field
	authenticationMsg cannot be resolved or is not a field
	authenticationMsg cannot be resolved or is not a field
	The method clickDropdownItemTree() is undefined for the type IntroductionPagePom
	authenticationMsg cannot be resolved or is not a field
	authenticationMsg cannot be resolved or is not a field
	authenticationMsg cannot be resolved or is not a field
	The method clickDropdownItemGraph() is undefined for the type IntroductionPagePom
	authenticationMsg cannot be resolved or is not a field
	authenticationMsg cannot be resolved or is not a field
	authenticationMsg cannot be resolved or is not a field
	authenticationMsg cannot be resolved or is not a field
	authenticationMsg cannot be resolved or is not a field
	authenticationMsg cannot be resolved or is not a field
	authenticationMsg cannot be resolved or is not a field
	authenticationMsg cannot be resolved or is not a field
	authenticationMsg cannot be resolved or is not a field
	The method clickOnLinkedListGetStartedBtn() is undefined for the type IntroductionPagePom
	authenticationMsg cannot be resolved or is not a field
	authenticationMsg cannot be resolved or is not a field
	authenticationMsg cannot be resolved or is not a field
	The method clickOnStackGetStartedBtn() is undefined for the type IntroductionPagePom
	authenticationMsg cannot be resolved or is not a field
	authenticationMsg cannot be resolved or is not a field
	authenticationMsg cannot be resolved or is not a field
	The method clickOnQueueGetStartedBtn() is undefined for the type IntroductionPagePom
	authenticationMsg cannot be resolved or is not a field
	authenticationMsg cannot be resolved or is not a field
	authenticationMsg cannot be resolved or is not a field
	The method clickOnTreeGetStartedBtn() is undefined for the type IntroductionPagePom
	authenticationMsg cannot be resolved or is not a field
	authenticationMsg cannot be resolved or is not a field
	authenticationMsg cannot be resolved or is not a field
	The method clickOnGraphGetStartedBtn() is undefined for the type IntroductionPagePom
	authenticationMsg cannot be resolved or is not a field
	authenticationMsg cannot be resolved or is not a field
	authenticationMsg cannot be resolved or is not a field

	at StepDefinitions.Step_HomePage.&lt;init&gt;(Step_HomePage.java:22)
	at java.base/jdk.internal.reflect.DirectConstructorHandleAccessor.newInstance(DirectConstructorHandleAccessor.java:62)
	... 30 more
</div></td></tr></table><p class="totop"><a href="#summary">back to summary</a></p>
<h3 id="m15">runner.TestRunner#runScenario</h3><table class="result"><tr class="param"><th>Parameter #1</th><th>Parameter #2</th></tr><tr class="param stripe"><td>&quot;Verify that user receives error message for all empty fields during registration&quot;</td><td>&quot;Registration&quot;</td></tr><tr><th colspan="2">Exception</th></tr><tr><td colspan="2"><div class="stacktrace">io.cucumber.core.exception.CucumberException: Failed to instantiate class StepDefinitions.Step_RegisterPage
	at io.cucumber.core.backend.DefaultObjectFactory.cacheNewInstance(DefaultObjectFactory.java:67)
	at io.cucumber.core.backend.DefaultObjectFactory.getInstance(DefaultObjectFactory.java:45)
	at io.cucumber.java.AbstractGlueDefinition.invokeMethod(AbstractGlueDefinition.java:47)
	at io.cucumber.java.JavaStepDefinition.execute(JavaStepDefinition.java:29)
	at io.cucumber.core.runner.CoreStepDefinition.execute(CoreStepDefinition.java:66)
	at io.cucumber.core.runner.PickleStepDefinitionMatch.runStep(PickleStepDefinitionMatch.java:62)
	at io.cucumber.core.runner.ExecutionMode$1.execute(ExecutionMode.java:10)
	at io.cucumber.core.runner.TestStep.executeStep(TestStep.java:81)
	at io.cucumber.core.runner.TestStep.run(TestStep.java:53)
	at io.cucumber.core.runner.PickleStepTestStep.run(PickleStepTestStep.java:51)
	at io.cucumber.core.runner.TestCase.run(TestCase.java:84)
	at io.cucumber.core.runner.Runner.runPickle(Runner.java:75)
	at io.cucumber.testng.TestNGCucumberRunner.lambda$runScenario$1(TestNGCucumberRunner.java:132)
	at io.cucumber.core.runtime.CucumberExecutionContext.lambda$runTestCase$5(CucumberExecutionContext.java:136)
	at io.cucumber.core.runtime.RethrowingThrowableCollector.executeAndThrow(RethrowingThrowableCollector.java:23)
	at io.cucumber.core.runtime.CucumberExecutionContext.runTestCase(CucumberExecutionContext.java:136)
	at io.cucumber.testng.TestNGCucumberRunner.runScenario(TestNGCucumberRunner.java:129)
	at io.cucumber.testng.AbstractTestNGCucumberTests.runScenario(AbstractTestNGCucumberTests.java:35)
	at java.base/jdk.internal.reflect.DirectMethodHandleAccessor.invoke(DirectMethodHandleAccessor.java:103)
	at java.base/java.lang.reflect.Method.invoke(Method.java:580)
	at org.testng.internal.invokers.MethodInvocationHelper.invokeMethod(MethodInvocationHelper.java:141)
	at org.testng.internal.invokers.TestInvoker.invokeMethod(TestInvoker.java:686)
	at org.testng.internal.invokers.TestInvoker.invokeTestMethod(TestInvoker.java:230)
	at org.testng.internal.invokers.TestMethodWithDataProviderMethodWorker.call(TestMethodWithDataProviderMethodWorker.java:81)
	at org.testng.internal.thread.Async$AsyncTask.run(Async.java:34)
	at java.base/java.util.concurrent.ThreadPoolExecutor.runWorker(ThreadPoolExecutor.java:1144)
	at java.base/java.util.concurrent.ThreadPoolExecutor$Worker.run(ThreadPoolExecutor.java:642)
	at java.base/java.lang.Thread.run(Thread.java:1575)
Caused by: java.lang.reflect.InvocationTargetException
	at java.base/jdk.internal.reflect.DirectConstructorHandleAccessor.newInstance(DirectConstructorHandleAccessor.java:74)
	at java.base/java.lang.reflect.Constructor.newInstanceWithCaller(Constructor.java:501)
	at java.base/java.lang.reflect.Constructor.newInstance(Constructor.java:485)
	at io.cucumber.core.backend.DefaultObjectFactory.cacheNewInstance(DefaultObjectFactory.java:53)
	... 27 more
Caused by: java.lang.Error: Unresolved compilation problems: 
	The constructor IntroductionPagePom() is undefined
	The constructor HomePom() is undefined
	The method getPageTitle() is undefined for the type IntroductionPagePom

	at StepDefinitions.Step_RegisterPage.&lt;init&gt;(Step_RegisterPage.java:18)
	at java.base/jdk.internal.reflect.DirectConstructorHandleAccessor.newInstance(DirectConstructorHandleAccessor.java:62)
	... 30 more
</div></td></tr></table><p class="totop"><a href="#summary">back to summary</a></p>
<h3 id="m16">runner.TestRunner#runScenario</h3><table class="result"><tr class="param"><th>Parameter #1</th><th>Parameter #2</th></tr><tr class="param stripe"><td>&quot;Verify that user able to see warning message while selecting Arrays from the drop down without Sign in&quot;</td><td>&quot;DSportal App HomePage&quot;</td></tr><tr><th colspan="2">Exception</th></tr><tr><td colspan="2"><div class="stacktrace">io.cucumber.core.exception.CucumberException: Failed to instantiate class StepDefinitions.Step_HomePage
	at io.cucumber.core.backend.DefaultObjectFactory.cacheNewInstance(DefaultObjectFactory.java:67)
	at io.cucumber.core.backend.DefaultObjectFactory.getInstance(DefaultObjectFactory.java:45)
	at io.cucumber.java.AbstractGlueDefinition.invokeMethod(AbstractGlueDefinition.java:47)
	at io.cucumber.java.JavaStepDefinition.execute(JavaStepDefinition.java:29)
	at io.cucumber.core.runner.CoreStepDefinition.execute(CoreStepDefinition.java:66)
	at io.cucumber.core.runner.PickleStepDefinitionMatch.runStep(PickleStepDefinitionMatch.java:62)
	at io.cucumber.core.runner.ExecutionMode$1.execute(ExecutionMode.java:10)
	at io.cucumber.core.runner.TestStep.executeStep(TestStep.java:81)
	at io.cucumber.core.runner.TestStep.run(TestStep.java:53)
	at io.cucumber.core.runner.PickleStepTestStep.run(PickleStepTestStep.java:51)
	at io.cucumber.core.runner.TestCase.run(TestCase.java:84)
	at io.cucumber.core.runner.Runner.runPickle(Runner.java:75)
	at io.cucumber.testng.TestNGCucumberRunner.lambda$runScenario$1(TestNGCucumberRunner.java:132)
	at io.cucumber.core.runtime.CucumberExecutionContext.lambda$runTestCase$5(CucumberExecutionContext.java:136)
	at io.cucumber.core.runtime.RethrowingThrowableCollector.executeAndThrow(RethrowingThrowableCollector.java:23)
	at io.cucumber.core.runtime.CucumberExecutionContext.runTestCase(CucumberExecutionContext.java:136)
	at io.cucumber.testng.TestNGCucumberRunner.runScenario(TestNGCucumberRunner.java:129)
	at io.cucumber.testng.AbstractTestNGCucumberTests.runScenario(AbstractTestNGCucumberTests.java:35)
	at java.base/jdk.internal.reflect.DirectMethodHandleAccessor.invoke(DirectMethodHandleAccessor.java:103)
	at java.base/java.lang.reflect.Method.invoke(Method.java:580)
	at org.testng.internal.invokers.MethodInvocationHelper.invokeMethod(MethodInvocationHelper.java:141)
	at org.testng.internal.invokers.TestInvoker.invokeMethod(TestInvoker.java:686)
	at org.testng.internal.invokers.TestInvoker.invokeTestMethod(TestInvoker.java:230)
	at org.testng.internal.invokers.TestMethodWithDataProviderMethodWorker.call(TestMethodWithDataProviderMethodWorker.java:81)
	at org.testng.internal.thread.Async$AsyncTask.run(Async.java:34)
	at java.base/java.util.concurrent.ThreadPoolExecutor.runWorker(ThreadPoolExecutor.java:1144)
	at java.base/java.util.concurrent.ThreadPoolExecutor$Worker.run(ThreadPoolExecutor.java:642)
	at java.base/java.lang.Thread.run(Thread.java:1575)
Caused by: java.lang.reflect.InvocationTargetException
	at java.base/jdk.internal.reflect.DirectConstructorHandleAccessor.newInstance(DirectConstructorHandleAccessor.java:74)
	at java.base/java.lang.reflect.Constructor.newInstanceWithCaller(Constructor.java:501)
	at java.base/java.lang.reflect.Constructor.newInstance(Constructor.java:485)
	at io.cucumber.core.backend.DefaultObjectFactory.cacheNewInstance(DefaultObjectFactory.java:53)
	... 27 more
Caused by: java.lang.Error: Unresolved compilation problems: 
	The constructor HomePom() is undefined
	The constructor IntroductionPagePom() is undefined
	The field HomePom.contentHeader is not visible
	The field HomePom.contentText is not visible
	The field HomePom.getStartedButton is not visible
	The field IntroductionPagePom.registerLink is not visible
	The field IntroductionPagePom.signInLink is not visible
	dsDropdown cannot be resolved or is not a field
	dsDropdown cannot be resolved or is not a field
	The method clickDropdownItemArray() is undefined for the type IntroductionPagePom
	authenticationMsg cannot be resolved or is not a field
	authenticationMsg cannot be resolved or is not a field
	authenticationMsg cannot be resolved or is not a field
	The method clickDropdownItemLinkedList() is undefined for the type IntroductionPagePom
	authenticationMsg cannot be resolved or is not a field
	authenticationMsg cannot be resolved or is not a field
	authenticationMsg cannot be resolved or is not a field
	The method clickDropdownItemStack() is undefined for the type IntroductionPagePom
	authenticationMsg cannot be resolved or is not a field
	authenticationMsg cannot be resolved or is not a field
	authenticationMsg cannot be resolved or is not a field
	The method clickDropdownItemQueue() is undefined for the type IntroductionPagePom
	authenticationMsg cannot be resolved or is not a field
	authenticationMsg cannot be resolved or is not a field
	authenticationMsg cannot be resolved or is not a field
	The method clickDropdownItemTree() is undefined for the type IntroductionPagePom
	authenticationMsg cannot be resolved or is not a field
	authenticationMsg cannot be resolved or is not a field
	authenticationMsg cannot be resolved or is not a field
	The method clickDropdownItemGraph() is undefined for the type IntroductionPagePom
	authenticationMsg cannot be resolved or is not a field
	authenticationMsg cannot be resolved or is not a field
	authenticationMsg cannot be resolved or is not a field
	authenticationMsg cannot be resolved or is not a field
	authenticationMsg cannot be resolved or is not a field
	authenticationMsg cannot be resolved or is not a field
	authenticationMsg cannot be resolved or is not a field
	authenticationMsg cannot be resolved or is not a field
	authenticationMsg cannot be resolved or is not a field
	The method clickOnLinkedListGetStartedBtn() is undefined for the type IntroductionPagePom
	authenticationMsg cannot be resolved or is not a field
	authenticationMsg cannot be resolved or is not a field
	authenticationMsg cannot be resolved or is not a field
	The method clickOnStackGetStartedBtn() is undefined for the type IntroductionPagePom
	authenticationMsg cannot be resolved or is not a field
	authenticationMsg cannot be resolved or is not a field
	authenticationMsg cannot be resolved or is not a field
	The method clickOnQueueGetStartedBtn() is undefined for the type IntroductionPagePom
	authenticationMsg cannot be resolved or is not a field
	authenticationMsg cannot be resolved or is not a field
	authenticationMsg cannot be resolved or is not a field
	The method clickOnTreeGetStartedBtn() is undefined for the type IntroductionPagePom
	authenticationMsg cannot be resolved or is not a field
	authenticationMsg cannot be resolved or is not a field
	authenticationMsg cannot be resolved or is not a field
	The method clickOnGraphGetStartedBtn() is undefined for the type IntroductionPagePom
	authenticationMsg cannot be resolved or is not a field
	authenticationMsg cannot be resolved or is not a field
	authenticationMsg cannot be resolved or is not a field

	at StepDefinitions.Step_HomePage.&lt;init&gt;(Step_HomePage.java:22)
	at java.base/jdk.internal.reflect.DirectConstructorHandleAccessor.newInstance(DirectConstructorHandleAccessor.java:62)
	... 30 more
</div></td></tr></table><p class="totop"><a href="#summary">back to summary</a></p>
<h3 id="m17">runner.TestRunner#runScenario</h3><table class="result"><tr class="param"><th>Parameter #1</th><th>Parameter #2</th></tr><tr class="param stripe"><td>&quot;Verify that user receives error message for empty Password and Password confirmation fields during registration&quot;</td><td>&quot;Registration&quot;</td></tr><tr><th colspan="2">Exception</th></tr><tr><td colspan="2"><div class="stacktrace">io.cucumber.core.exception.CucumberException: Failed to instantiate class StepDefinitions.Step_RegisterPage
	at io.cucumber.core.backend.DefaultObjectFactory.cacheNewInstance(DefaultObjectFactory.java:67)
	at io.cucumber.core.backend.DefaultObjectFactory.getInstance(DefaultObjectFactory.java:45)
	at io.cucumber.java.AbstractGlueDefinition.invokeMethod(AbstractGlueDefinition.java:47)
	at io.cucumber.java.JavaStepDefinition.execute(JavaStepDefinition.java:29)
	at io.cucumber.core.runner.CoreStepDefinition.execute(CoreStepDefinition.java:66)
	at io.cucumber.core.runner.PickleStepDefinitionMatch.runStep(PickleStepDefinitionMatch.java:62)
	at io.cucumber.core.runner.ExecutionMode$1.execute(ExecutionMode.java:10)
	at io.cucumber.core.runner.TestStep.executeStep(TestStep.java:81)
	at io.cucumber.core.runner.TestStep.run(TestStep.java:53)
	at io.cucumber.core.runner.PickleStepTestStep.run(PickleStepTestStep.java:51)
	at io.cucumber.core.runner.TestCase.run(TestCase.java:84)
	at io.cucumber.core.runner.Runner.runPickle(Runner.java:75)
	at io.cucumber.testng.TestNGCucumberRunner.lambda$runScenario$1(TestNGCucumberRunner.java:132)
	at io.cucumber.core.runtime.CucumberExecutionContext.lambda$runTestCase$5(CucumberExecutionContext.java:136)
	at io.cucumber.core.runtime.RethrowingThrowableCollector.executeAndThrow(RethrowingThrowableCollector.java:23)
	at io.cucumber.core.runtime.CucumberExecutionContext.runTestCase(CucumberExecutionContext.java:136)
	at io.cucumber.testng.TestNGCucumberRunner.runScenario(TestNGCucumberRunner.java:129)
	at io.cucumber.testng.AbstractTestNGCucumberTests.runScenario(AbstractTestNGCucumberTests.java:35)
	at java.base/jdk.internal.reflect.DirectMethodHandleAccessor.invoke(DirectMethodHandleAccessor.java:103)
	at java.base/java.lang.reflect.Method.invoke(Method.java:580)
	at org.testng.internal.invokers.MethodInvocationHelper.invokeMethod(MethodInvocationHelper.java:141)
	at org.testng.internal.invokers.TestInvoker.invokeMethod(TestInvoker.java:686)
	at org.testng.internal.invokers.TestInvoker.invokeTestMethod(TestInvoker.java:230)
	at org.testng.internal.invokers.TestMethodWithDataProviderMethodWorker.call(TestMethodWithDataProviderMethodWorker.java:81)
	at org.testng.internal.thread.Async$AsyncTask.run(Async.java:34)
	at java.base/java.util.concurrent.ThreadPoolExecutor.runWorker(ThreadPoolExecutor.java:1144)
	at java.base/java.util.concurrent.ThreadPoolExecutor$Worker.run(ThreadPoolExecutor.java:642)
	at java.base/java.lang.Thread.run(Thread.java:1575)
Caused by: java.lang.reflect.InvocationTargetException
	at java.base/jdk.internal.reflect.DirectConstructorHandleAccessor.newInstance(DirectConstructorHandleAccessor.java:74)
	at java.base/java.lang.reflect.Constructor.newInstanceWithCaller(Constructor.java:501)
	at java.base/java.lang.reflect.Constructor.newInstance(Constructor.java:485)
	at io.cucumber.core.backend.DefaultObjectFactory.cacheNewInstance(DefaultObjectFactory.java:53)
	... 27 more
Caused by: java.lang.Error: Unresolved compilation problems: 
	The constructor IntroductionPagePom() is undefined
	The constructor HomePom() is undefined
	The method getPageTitle() is undefined for the type IntroductionPagePom

	at StepDefinitions.Step_RegisterPage.&lt;init&gt;(Step_RegisterPage.java:18)
	at java.base/jdk.internal.reflect.DirectConstructorHandleAccessor.newInstance(DirectConstructorHandleAccessor.java:62)
	... 30 more
</div></td></tr></table><p class="totop"><a href="#summary">back to summary</a></p>
<h3 id="m18">runner.TestRunner#runScenario</h3><table class="result"><tr class="param"><th>Parameter #1</th><th>Parameter #2</th></tr><tr class="param stripe"><td>&quot;Verify that user receives error message for Password field less than eight characters during registration&quot;</td><td>&quot;Registration&quot;</td></tr><tr><th colspan="2">Exception</th></tr><tr><td colspan="2"><div class="stacktrace">io.cucumber.core.exception.CucumberException: Failed to instantiate class StepDefinitions.Step_RegisterPage
	at io.cucumber.core.backend.DefaultObjectFactory.cacheNewInstance(DefaultObjectFactory.java:67)
	at io.cucumber.core.backend.DefaultObjectFactory.getInstance(DefaultObjectFactory.java:45)
	at io.cucumber.java.AbstractGlueDefinition.invokeMethod(AbstractGlueDefinition.java:47)
	at io.cucumber.java.JavaStepDefinition.execute(JavaStepDefinition.java:29)
	at io.cucumber.core.runner.CoreStepDefinition.execute(CoreStepDefinition.java:66)
	at io.cucumber.core.runner.PickleStepDefinitionMatch.runStep(PickleStepDefinitionMatch.java:62)
	at io.cucumber.core.runner.ExecutionMode$1.execute(ExecutionMode.java:10)
	at io.cucumber.core.runner.TestStep.executeStep(TestStep.java:81)
	at io.cucumber.core.runner.TestStep.run(TestStep.java:53)
	at io.cucumber.core.runner.PickleStepTestStep.run(PickleStepTestStep.java:51)
	at io.cucumber.core.runner.TestCase.run(TestCase.java:84)
	at io.cucumber.core.runner.Runner.runPickle(Runner.java:75)
	at io.cucumber.testng.TestNGCucumberRunner.lambda$runScenario$1(TestNGCucumberRunner.java:132)
	at io.cucumber.core.runtime.CucumberExecutionContext.lambda$runTestCase$5(CucumberExecutionContext.java:136)
	at io.cucumber.core.runtime.RethrowingThrowableCollector.executeAndThrow(RethrowingThrowableCollector.java:23)
	at io.cucumber.core.runtime.CucumberExecutionContext.runTestCase(CucumberExecutionContext.java:136)
	at io.cucumber.testng.TestNGCucumberRunner.runScenario(TestNGCucumberRunner.java:129)
	at io.cucumber.testng.AbstractTestNGCucumberTests.runScenario(AbstractTestNGCucumberTests.java:35)
	at java.base/jdk.internal.reflect.DirectMethodHandleAccessor.invoke(DirectMethodHandleAccessor.java:103)
	at java.base/java.lang.reflect.Method.invoke(Method.java:580)
	at org.testng.internal.invokers.MethodInvocationHelper.invokeMethod(MethodInvocationHelper.java:141)
	at org.testng.internal.invokers.TestInvoker.invokeMethod(TestInvoker.java:686)
	at org.testng.internal.invokers.TestInvoker.invokeTestMethod(TestInvoker.java:230)
	at org.testng.internal.invokers.TestMethodWithDataProviderMethodWorker.call(TestMethodWithDataProviderMethodWorker.java:81)
	at org.testng.internal.thread.Async$AsyncTask.run(Async.java:34)
	at java.base/java.util.concurrent.ThreadPoolExecutor.runWorker(ThreadPoolExecutor.java:1144)
	at java.base/java.util.concurrent.ThreadPoolExecutor$Worker.run(ThreadPoolExecutor.java:642)
	at java.base/java.lang.Thread.run(Thread.java:1575)
Caused by: java.lang.reflect.InvocationTargetException
	at java.base/jdk.internal.reflect.DirectConstructorHandleAccessor.newInstance(DirectConstructorHandleAccessor.java:74)
	at java.base/java.lang.reflect.Constructor.newInstanceWithCaller(Constructor.java:501)
	at java.base/java.lang.reflect.Constructor.newInstance(Constructor.java:485)
	at io.cucumber.core.backend.DefaultObjectFactory.cacheNewInstance(DefaultObjectFactory.java:53)
	... 27 more
Caused by: java.lang.Error: Unresolved compilation problems: 
	The constructor IntroductionPagePom() is undefined
	The constructor HomePom() is undefined
	The method getPageTitle() is undefined for the type IntroductionPagePom

	at StepDefinitions.Step_RegisterPage.&lt;init&gt;(Step_RegisterPage.java:18)
	at java.base/jdk.internal.reflect.DirectConstructorHandleAccessor.newInstance(DirectConstructorHandleAccessor.java:62)
	... 30 more
</div></td></tr></table><p class="totop"><a href="#summary">back to summary</a></p>
<h3 id="m19">runner.TestRunner#runScenario</h3><table class="result"><tr class="param"><th>Parameter #1</th><th>Parameter #2</th></tr><tr class="param stripe"><td>&quot;Verify that user able to see warning message while selecting Stack from the drop down without Sign in&quot;</td><td>&quot;DSportal App HomePage&quot;</td></tr><tr><th colspan="2">Exception</th></tr><tr><td colspan="2"><div class="stacktrace">io.cucumber.core.exception.CucumberException: Failed to instantiate class StepDefinitions.Step_HomePage
	at io.cucumber.core.backend.DefaultObjectFactory.cacheNewInstance(DefaultObjectFactory.java:67)
	at io.cucumber.core.backend.DefaultObjectFactory.getInstance(DefaultObjectFactory.java:45)
	at io.cucumber.java.AbstractGlueDefinition.invokeMethod(AbstractGlueDefinition.java:47)
	at io.cucumber.java.JavaStepDefinition.execute(JavaStepDefinition.java:29)
	at io.cucumber.core.runner.CoreStepDefinition.execute(CoreStepDefinition.java:66)
	at io.cucumber.core.runner.PickleStepDefinitionMatch.runStep(PickleStepDefinitionMatch.java:62)
	at io.cucumber.core.runner.ExecutionMode$1.execute(ExecutionMode.java:10)
	at io.cucumber.core.runner.TestStep.executeStep(TestStep.java:81)
	at io.cucumber.core.runner.TestStep.run(TestStep.java:53)
	at io.cucumber.core.runner.PickleStepTestStep.run(PickleStepTestStep.java:51)
	at io.cucumber.core.runner.TestCase.run(TestCase.java:84)
	at io.cucumber.core.runner.Runner.runPickle(Runner.java:75)
	at io.cucumber.testng.TestNGCucumberRunner.lambda$runScenario$1(TestNGCucumberRunner.java:132)
	at io.cucumber.core.runtime.CucumberExecutionContext.lambda$runTestCase$5(CucumberExecutionContext.java:136)
	at io.cucumber.core.runtime.RethrowingThrowableCollector.executeAndThrow(RethrowingThrowableCollector.java:23)
	at io.cucumber.core.runtime.CucumberExecutionContext.runTestCase(CucumberExecutionContext.java:136)
	at io.cucumber.testng.TestNGCucumberRunner.runScenario(TestNGCucumberRunner.java:129)
	at io.cucumber.testng.AbstractTestNGCucumberTests.runScenario(AbstractTestNGCucumberTests.java:35)
	at java.base/jdk.internal.reflect.DirectMethodHandleAccessor.invoke(DirectMethodHandleAccessor.java:103)
	at java.base/java.lang.reflect.Method.invoke(Method.java:580)
	at org.testng.internal.invokers.MethodInvocationHelper.invokeMethod(MethodInvocationHelper.java:141)
	at org.testng.internal.invokers.TestInvoker.invokeMethod(TestInvoker.java:686)
	at org.testng.internal.invokers.TestInvoker.invokeTestMethod(TestInvoker.java:230)
	at org.testng.internal.invokers.TestMethodWithDataProviderMethodWorker.call(TestMethodWithDataProviderMethodWorker.java:81)
	at org.testng.internal.thread.Async$AsyncTask.run(Async.java:34)
	at java.base/java.util.concurrent.ThreadPoolExecutor.runWorker(ThreadPoolExecutor.java:1144)
	at java.base/java.util.concurrent.ThreadPoolExecutor$Worker.run(ThreadPoolExecutor.java:642)
	at java.base/java.lang.Thread.run(Thread.java:1575)
Caused by: java.lang.reflect.InvocationTargetException
	at java.base/jdk.internal.reflect.DirectConstructorHandleAccessor.newInstance(DirectConstructorHandleAccessor.java:74)
	at java.base/java.lang.reflect.Constructor.newInstanceWithCaller(Constructor.java:501)
	at java.base/java.lang.reflect.Constructor.newInstance(Constructor.java:485)
	at io.cucumber.core.backend.DefaultObjectFactory.cacheNewInstance(DefaultObjectFactory.java:53)
	... 27 more
Caused by: java.lang.Error: Unresolved compilation problems: 
	The constructor HomePom() is undefined
	The constructor IntroductionPagePom() is undefined
	The field HomePom.contentHeader is not visible
	The field HomePom.contentText is not visible
	The field HomePom.getStartedButton is not visible
	The field IntroductionPagePom.registerLink is not visible
	The field IntroductionPagePom.signInLink is not visible
	dsDropdown cannot be resolved or is not a field
	dsDropdown cannot be resolved or is not a field
	The method clickDropdownItemArray() is undefined for the type IntroductionPagePom
	authenticationMsg cannot be resolved or is not a field
	authenticationMsg cannot be resolved or is not a field
	authenticationMsg cannot be resolved or is not a field
	The method clickDropdownItemLinkedList() is undefined for the type IntroductionPagePom
	authenticationMsg cannot be resolved or is not a field
	authenticationMsg cannot be resolved or is not a field
	authenticationMsg cannot be resolved or is not a field
	The method clickDropdownItemStack() is undefined for the type IntroductionPagePom
	authenticationMsg cannot be resolved or is not a field
	authenticationMsg cannot be resolved or is not a field
	authenticationMsg cannot be resolved or is not a field
	The method clickDropdownItemQueue() is undefined for the type IntroductionPagePom
	authenticationMsg cannot be resolved or is not a field
	authenticationMsg cannot be resolved or is not a field
	authenticationMsg cannot be resolved or is not a field
	The method clickDropdownItemTree() is undefined for the type IntroductionPagePom
	authenticationMsg cannot be resolved or is not a field
	authenticationMsg cannot be resolved or is not a field
	authenticationMsg cannot be resolved or is not a field
	The method clickDropdownItemGraph() is undefined for the type IntroductionPagePom
	authenticationMsg cannot be resolved or is not a field
	authenticationMsg cannot be resolved or is not a field
	authenticationMsg cannot be resolved or is not a field
	authenticationMsg cannot be resolved or is not a field
	authenticationMsg cannot be resolved or is not a field
	authenticationMsg cannot be resolved or is not a field
	authenticationMsg cannot be resolved or is not a field
	authenticationMsg cannot be resolved or is not a field
	authenticationMsg cannot be resolved or is not a field
	The method clickOnLinkedListGetStartedBtn() is undefined for the type IntroductionPagePom
	authenticationMsg cannot be resolved or is not a field
	authenticationMsg cannot be resolved or is not a field
	authenticationMsg cannot be resolved or is not a field
	The method clickOnStackGetStartedBtn() is undefined for the type IntroductionPagePom
	authenticationMsg cannot be resolved or is not a field
	authenticationMsg cannot be resolved or is not a field
	authenticationMsg cannot be resolved or is not a field
	The method clickOnQueueGetStartedBtn() is undefined for the type IntroductionPagePom
	authenticationMsg cannot be resolved or is not a field
	authenticationMsg cannot be resolved or is not a field
	authenticationMsg cannot be resolved or is not a field
	The method clickOnTreeGetStartedBtn() is undefined for the type IntroductionPagePom
	authenticationMsg cannot be resolved or is not a field
	authenticationMsg cannot be resolved or is not a field
	authenticationMsg cannot be resolved or is not a field
	The method clickOnGraphGetStartedBtn() is undefined for the type IntroductionPagePom
	authenticationMsg cannot be resolved or is not a field
	authenticationMsg cannot be resolved or is not a field
	authenticationMsg cannot be resolved or is not a field

	at StepDefinitions.Step_HomePage.&lt;init&gt;(Step_HomePage.java:22)
	at java.base/jdk.internal.reflect.DirectConstructorHandleAccessor.newInstance(DirectConstructorHandleAccessor.java:62)
	... 30 more
</div></td></tr></table><p class="totop"><a href="#summary">back to summary</a></p>
<h3 id="m20">runner.TestRunner#runScenario</h3><table class="result"><tr class="param"><th>Parameter #1</th><th>Parameter #2</th></tr><tr class="param stripe"><td>&quot;Verify that user able to see warning message on clicking Get Started buttons of Data Structures-Introduction on the home page without Sign in&quot;</td><td>&quot;DSportal App HomePage&quot;</td></tr><tr><th colspan="2">Exception</th></tr><tr><td colspan="2"><div class="stacktrace">io.cucumber.core.exception.CucumberException: Failed to instantiate class StepDefinitions.Step_HomePage
	at io.cucumber.core.backend.DefaultObjectFactory.cacheNewInstance(DefaultObjectFactory.java:67)
	at io.cucumber.core.backend.DefaultObjectFactory.getInstance(DefaultObjectFactory.java:45)
	at io.cucumber.java.AbstractGlueDefinition.invokeMethod(AbstractGlueDefinition.java:47)
	at io.cucumber.java.JavaStepDefinition.execute(JavaStepDefinition.java:29)
	at io.cucumber.core.runner.CoreStepDefinition.execute(CoreStepDefinition.java:66)
	at io.cucumber.core.runner.PickleStepDefinitionMatch.runStep(PickleStepDefinitionMatch.java:62)
	at io.cucumber.core.runner.ExecutionMode$1.execute(ExecutionMode.java:10)
	at io.cucumber.core.runner.TestStep.executeStep(TestStep.java:81)
	at io.cucumber.core.runner.TestStep.run(TestStep.java:53)
	at io.cucumber.core.runner.PickleStepTestStep.run(PickleStepTestStep.java:51)
	at io.cucumber.core.runner.TestCase.run(TestCase.java:84)
	at io.cucumber.core.runner.Runner.runPickle(Runner.java:75)
	at io.cucumber.testng.TestNGCucumberRunner.lambda$runScenario$1(TestNGCucumberRunner.java:132)
	at io.cucumber.core.runtime.CucumberExecutionContext.lambda$runTestCase$5(CucumberExecutionContext.java:136)
	at io.cucumber.core.runtime.RethrowingThrowableCollector.executeAndThrow(RethrowingThrowableCollector.java:23)
	at io.cucumber.core.runtime.CucumberExecutionContext.runTestCase(CucumberExecutionContext.java:136)
	at io.cucumber.testng.TestNGCucumberRunner.runScenario(TestNGCucumberRunner.java:129)
	at io.cucumber.testng.AbstractTestNGCucumberTests.runScenario(AbstractTestNGCucumberTests.java:35)
	at java.base/jdk.internal.reflect.DirectMethodHandleAccessor.invoke(DirectMethodHandleAccessor.java:103)
	at java.base/java.lang.reflect.Method.invoke(Method.java:580)
	at org.testng.internal.invokers.MethodInvocationHelper.invokeMethod(MethodInvocationHelper.java:141)
	at org.testng.internal.invokers.TestInvoker.invokeMethod(TestInvoker.java:686)
	at org.testng.internal.invokers.TestInvoker.invokeTestMethod(TestInvoker.java:230)
	at org.testng.internal.invokers.TestMethodWithDataProviderMethodWorker.call(TestMethodWithDataProviderMethodWorker.java:81)
	at org.testng.internal.thread.Async$AsyncTask.run(Async.java:34)
	at java.base/java.util.concurrent.ThreadPoolExecutor.runWorker(ThreadPoolExecutor.java:1144)
	at java.base/java.util.concurrent.ThreadPoolExecutor$Worker.run(ThreadPoolExecutor.java:642)
	at java.base/java.lang.Thread.run(Thread.java:1575)
Caused by: java.lang.reflect.InvocationTargetException
	at java.base/jdk.internal.reflect.DirectConstructorHandleAccessor.newInstance(DirectConstructorHandleAccessor.java:74)
	at java.base/java.lang.reflect.Constructor.newInstanceWithCaller(Constructor.java:501)
	at java.base/java.lang.reflect.Constructor.newInstance(Constructor.java:485)
	at io.cucumber.core.backend.DefaultObjectFactory.cacheNewInstance(DefaultObjectFactory.java:53)
	... 27 more
Caused by: java.lang.Error: Unresolved compilation problems: 
	The constructor HomePom() is undefined
	The constructor IntroductionPagePom() is undefined
	The field HomePom.contentHeader is not visible
	The field HomePom.contentText is not visible
	The field HomePom.getStartedButton is not visible
	The field IntroductionPagePom.registerLink is not visible
	The field IntroductionPagePom.signInLink is not visible
	dsDropdown cannot be resolved or is not a field
	dsDropdown cannot be resolved or is not a field
	The method clickDropdownItemArray() is undefined for the type IntroductionPagePom
	authenticationMsg cannot be resolved or is not a field
	authenticationMsg cannot be resolved or is not a field
	authenticationMsg cannot be resolved or is not a field
	The method clickDropdownItemLinkedList() is undefined for the type IntroductionPagePom
	authenticationMsg cannot be resolved or is not a field
	authenticationMsg cannot be resolved or is not a field
	authenticationMsg cannot be resolved or is not a field
	The method clickDropdownItemStack() is undefined for the type IntroductionPagePom
	authenticationMsg cannot be resolved or is not a field
	authenticationMsg cannot be resolved or is not a field
	authenticationMsg cannot be resolved or is not a field
	The method clickDropdownItemQueue() is undefined for the type IntroductionPagePom
	authenticationMsg cannot be resolved or is not a field
	authenticationMsg cannot be resolved or is not a field
	authenticationMsg cannot be resolved or is not a field
	The method clickDropdownItemTree() is undefined for the type IntroductionPagePom
	authenticationMsg cannot be resolved or is not a field
	authenticationMsg cannot be resolved or is not a field
	authenticationMsg cannot be resolved or is not a field
	The method clickDropdownItemGraph() is undefined for the type IntroductionPagePom
	authenticationMsg cannot be resolved or is not a field
	authenticationMsg cannot be resolved or is not a field
	authenticationMsg cannot be resolved or is not a field
	authenticationMsg cannot be resolved or is not a field
	authenticationMsg cannot be resolved or is not a field
	authenticationMsg cannot be resolved or is not a field
	authenticationMsg cannot be resolved or is not a field
	authenticationMsg cannot be resolved or is not a field
	authenticationMsg cannot be resolved or is not a field
	The method clickOnLinkedListGetStartedBtn() is undefined for the type IntroductionPagePom
	authenticationMsg cannot be resolved or is not a field
	authenticationMsg cannot be resolved or is not a field
	authenticationMsg cannot be resolved or is not a field
	The method clickOnStackGetStartedBtn() is undefined for the type IntroductionPagePom
	authenticationMsg cannot be resolved or is not a field
	authenticationMsg cannot be resolved or is not a field
	authenticationMsg cannot be resolved or is not a field
	The method clickOnQueueGetStartedBtn() is undefined for the type IntroductionPagePom
	authenticationMsg cannot be resolved or is not a field
	authenticationMsg cannot be resolved or is not a field
	authenticationMsg cannot be resolved or is not a field
	The method clickOnTreeGetStartedBtn() is undefined for the type IntroductionPagePom
	authenticationMsg cannot be resolved or is not a field
	authenticationMsg cannot be resolved or is not a field
	authenticationMsg cannot be resolved or is not a field
	The method clickOnGraphGetStartedBtn() is undefined for the type IntroductionPagePom
	authenticationMsg cannot be resolved or is not a field
	authenticationMsg cannot be resolved or is not a field
	authenticationMsg cannot be resolved or is not a field

	at StepDefinitions.Step_HomePage.&lt;init&gt;(Step_HomePage.java:22)
	at java.base/jdk.internal.reflect.DirectConstructorHandleAccessor.newInstance(DirectConstructorHandleAccessor.java:62)
	... 30 more
</div></td></tr></table><p class="totop"><a href="#summary">back to summary</a></p>
<h3 id="m21">runner.TestRunner#runScenario</h3><table class="result"><tr class="param"><th>Parameter #1</th><th>Parameter #2</th></tr><tr class="param stripe"><td>&quot;Verify that user able to see warning message on clicking Get Started buttons of Array on the home page without Sign in&quot;</td><td>&quot;DSportal App HomePage&quot;</td></tr><tr><th colspan="2">Exception</th></tr><tr><td colspan="2"><div class="stacktrace">io.cucumber.core.exception.CucumberException: Failed to instantiate class StepDefinitions.Step_HomePage
	at io.cucumber.core.backend.DefaultObjectFactory.cacheNewInstance(DefaultObjectFactory.java:67)
	at io.cucumber.core.backend.DefaultObjectFactory.getInstance(DefaultObjectFactory.java:45)
	at io.cucumber.java.AbstractGlueDefinition.invokeMethod(AbstractGlueDefinition.java:47)
	at io.cucumber.java.JavaStepDefinition.execute(JavaStepDefinition.java:29)
	at io.cucumber.core.runner.CoreStepDefinition.execute(CoreStepDefinition.java:66)
	at io.cucumber.core.runner.PickleStepDefinitionMatch.runStep(PickleStepDefinitionMatch.java:62)
	at io.cucumber.core.runner.ExecutionMode$1.execute(ExecutionMode.java:10)
	at io.cucumber.core.runner.TestStep.executeStep(TestStep.java:81)
	at io.cucumber.core.runner.TestStep.run(TestStep.java:53)
	at io.cucumber.core.runner.PickleStepTestStep.run(PickleStepTestStep.java:51)
	at io.cucumber.core.runner.TestCase.run(TestCase.java:84)
	at io.cucumber.core.runner.Runner.runPickle(Runner.java:75)
	at io.cucumber.testng.TestNGCucumberRunner.lambda$runScenario$1(TestNGCucumberRunner.java:132)
	at io.cucumber.core.runtime.CucumberExecutionContext.lambda$runTestCase$5(CucumberExecutionContext.java:136)
	at io.cucumber.core.runtime.RethrowingThrowableCollector.executeAndThrow(RethrowingThrowableCollector.java:23)
	at io.cucumber.core.runtime.CucumberExecutionContext.runTestCase(CucumberExecutionContext.java:136)
	at io.cucumber.testng.TestNGCucumberRunner.runScenario(TestNGCucumberRunner.java:129)
	at io.cucumber.testng.AbstractTestNGCucumberTests.runScenario(AbstractTestNGCucumberTests.java:35)
	at java.base/jdk.internal.reflect.DirectMethodHandleAccessor.invoke(DirectMethodHandleAccessor.java:103)
	at java.base/java.lang.reflect.Method.invoke(Method.java:580)
	at org.testng.internal.invokers.MethodInvocationHelper.invokeMethod(MethodInvocationHelper.java:141)
	at org.testng.internal.invokers.TestInvoker.invokeMethod(TestInvoker.java:686)
	at org.testng.internal.invokers.TestInvoker.invokeTestMethod(TestInvoker.java:230)
	at org.testng.internal.invokers.TestMethodWithDataProviderMethodWorker.call(TestMethodWithDataProviderMethodWorker.java:81)
	at org.testng.internal.thread.Async$AsyncTask.run(Async.java:34)
	at java.base/java.util.concurrent.ThreadPoolExecutor.runWorker(ThreadPoolExecutor.java:1144)
	at java.base/java.util.concurrent.ThreadPoolExecutor$Worker.run(ThreadPoolExecutor.java:642)
	at java.base/java.lang.Thread.run(Thread.java:1575)
Caused by: java.lang.reflect.InvocationTargetException
	at java.base/jdk.internal.reflect.DirectConstructorHandleAccessor.newInstance(DirectConstructorHandleAccessor.java:74)
	at java.base/java.lang.reflect.Constructor.newInstanceWithCaller(Constructor.java:501)
	at java.base/java.lang.reflect.Constructor.newInstance(Constructor.java:485)
	at io.cucumber.core.backend.DefaultObjectFactory.cacheNewInstance(DefaultObjectFactory.java:53)
	... 27 more
Caused by: java.lang.Error: Unresolved compilation problems: 
	The constructor HomePom() is undefined
	The constructor IntroductionPagePom() is undefined
	The field HomePom.contentHeader is not visible
	The field HomePom.contentText is not visible
	The field HomePom.getStartedButton is not visible
	The field IntroductionPagePom.registerLink is not visible
	The field IntroductionPagePom.signInLink is not visible
	dsDropdown cannot be resolved or is not a field
	dsDropdown cannot be resolved or is not a field
	The method clickDropdownItemArray() is undefined for the type IntroductionPagePom
	authenticationMsg cannot be resolved or is not a field
	authenticationMsg cannot be resolved or is not a field
	authenticationMsg cannot be resolved or is not a field
	The method clickDropdownItemLinkedList() is undefined for the type IntroductionPagePom
	authenticationMsg cannot be resolved or is not a field
	authenticationMsg cannot be resolved or is not a field
	authenticationMsg cannot be resolved or is not a field
	The method clickDropdownItemStack() is undefined for the type IntroductionPagePom
	authenticationMsg cannot be resolved or is not a field
	authenticationMsg cannot be resolved or is not a field
	authenticationMsg cannot be resolved or is not a field
	The method clickDropdownItemQueue() is undefined for the type IntroductionPagePom
	authenticationMsg cannot be resolved or is not a field
	authenticationMsg cannot be resolved or is not a field
	authenticationMsg cannot be resolved or is not a field
	The method clickDropdownItemTree() is undefined for the type IntroductionPagePom
	authenticationMsg cannot be resolved or is not a field
	authenticationMsg cannot be resolved or is not a field
	authenticationMsg cannot be resolved or is not a field
	The method clickDropdownItemGraph() is undefined for the type IntroductionPagePom
	authenticationMsg cannot be resolved or is not a field
	authenticationMsg cannot be resolved or is not a field
	authenticationMsg cannot be resolved or is not a field
	authenticationMsg cannot be resolved or is not a field
	authenticationMsg cannot be resolved or is not a field
	authenticationMsg cannot be resolved or is not a field
	authenticationMsg cannot be resolved or is not a field
	authenticationMsg cannot be resolved or is not a field
	authenticationMsg cannot be resolved or is not a field
	The method clickOnLinkedListGetStartedBtn() is undefined for the type IntroductionPagePom
	authenticationMsg cannot be resolved or is not a field
	authenticationMsg cannot be resolved or is not a field
	authenticationMsg cannot be resolved or is not a field
	The method clickOnStackGetStartedBtn() is undefined for the type IntroductionPagePom
	authenticationMsg cannot be resolved or is not a field
	authenticationMsg cannot be resolved or is not a field
	authenticationMsg cannot be resolved or is not a field
	The method clickOnQueueGetStartedBtn() is undefined for the type IntroductionPagePom
	authenticationMsg cannot be resolved or is not a field
	authenticationMsg cannot be resolved or is not a field
	authenticationMsg cannot be resolved or is not a field
	The method clickOnTreeGetStartedBtn() is undefined for the type IntroductionPagePom
	authenticationMsg cannot be resolved or is not a field
	authenticationMsg cannot be resolved or is not a field
	authenticationMsg cannot be resolved or is not a field
	The method clickOnGraphGetStartedBtn() is undefined for the type IntroductionPagePom
	authenticationMsg cannot be resolved or is not a field
	authenticationMsg cannot be resolved or is not a field
	authenticationMsg cannot be resolved or is not a field

	at StepDefinitions.Step_HomePage.&lt;init&gt;(Step_HomePage.java:22)
	at java.base/jdk.internal.reflect.DirectConstructorHandleAccessor.newInstance(DirectConstructorHandleAccessor.java:62)
	... 30 more
</div></td></tr></table><p class="totop"><a href="#summary">back to summary</a></p>
<h3 id="m22">runner.TestRunner#runScenario</h3><table class="result"><tr class="param"><th>Parameter #1</th><th>Parameter #2</th></tr><tr class="param stripe"><td>&quot;Verify that user is able to click on Sign in link from Registration page&quot;</td><td>&quot;Registration&quot;</td></tr><tr><th colspan="2">Exception</th></tr><tr><td colspan="2"><div class="stacktrace">io.cucumber.core.exception.CucumberException: Failed to instantiate class StepDefinitions.Step_RegisterPage
	at io.cucumber.core.backend.DefaultObjectFactory.cacheNewInstance(DefaultObjectFactory.java:67)
	at io.cucumber.core.backend.DefaultObjectFactory.getInstance(DefaultObjectFactory.java:45)
	at io.cucumber.java.AbstractGlueDefinition.invokeMethod(AbstractGlueDefinition.java:47)
	at io.cucumber.java.JavaStepDefinition.execute(JavaStepDefinition.java:29)
	at io.cucumber.core.runner.CoreStepDefinition.execute(CoreStepDefinition.java:66)
	at io.cucumber.core.runner.PickleStepDefinitionMatch.runStep(PickleStepDefinitionMatch.java:62)
	at io.cucumber.core.runner.ExecutionMode$1.execute(ExecutionMode.java:10)
	at io.cucumber.core.runner.TestStep.executeStep(TestStep.java:81)
	at io.cucumber.core.runner.TestStep.run(TestStep.java:53)
	at io.cucumber.core.runner.PickleStepTestStep.run(PickleStepTestStep.java:51)
	at io.cucumber.core.runner.TestCase.run(TestCase.java:84)
	at io.cucumber.core.runner.Runner.runPickle(Runner.java:75)
	at io.cucumber.testng.TestNGCucumberRunner.lambda$runScenario$1(TestNGCucumberRunner.java:132)
	at io.cucumber.core.runtime.CucumberExecutionContext.lambda$runTestCase$5(CucumberExecutionContext.java:136)
	at io.cucumber.core.runtime.RethrowingThrowableCollector.executeAndThrow(RethrowingThrowableCollector.java:23)
	at io.cucumber.core.runtime.CucumberExecutionContext.runTestCase(CucumberExecutionContext.java:136)
	at io.cucumber.testng.TestNGCucumberRunner.runScenario(TestNGCucumberRunner.java:129)
	at io.cucumber.testng.AbstractTestNGCucumberTests.runScenario(AbstractTestNGCucumberTests.java:35)
	at java.base/jdk.internal.reflect.DirectMethodHandleAccessor.invoke(DirectMethodHandleAccessor.java:103)
	at java.base/java.lang.reflect.Method.invoke(Method.java:580)
	at org.testng.internal.invokers.MethodInvocationHelper.invokeMethod(MethodInvocationHelper.java:141)
	at org.testng.internal.invokers.TestInvoker.invokeMethod(TestInvoker.java:686)
	at org.testng.internal.invokers.TestInvoker.invokeTestMethod(TestInvoker.java:230)
	at org.testng.internal.invokers.TestMethodWithDataProviderMethodWorker.call(TestMethodWithDataProviderMethodWorker.java:81)
	at org.testng.internal.thread.Async$AsyncTask.run(Async.java:34)
	at java.base/java.util.concurrent.ThreadPoolExecutor.runWorker(ThreadPoolExecutor.java:1144)
	at java.base/java.util.concurrent.ThreadPoolExecutor$Worker.run(ThreadPoolExecutor.java:642)
	at java.base/java.lang.Thread.run(Thread.java:1575)
Caused by: java.lang.reflect.InvocationTargetException
	at java.base/jdk.internal.reflect.DirectConstructorHandleAccessor.newInstance(DirectConstructorHandleAccessor.java:74)
	at java.base/java.lang.reflect.Constructor.newInstanceWithCaller(Constructor.java:501)
	at java.base/java.lang.reflect.Constructor.newInstance(Constructor.java:485)
	at io.cucumber.core.backend.DefaultObjectFactory.cacheNewInstance(DefaultObjectFactory.java:53)
	... 27 more
Caused by: java.lang.Error: Unresolved compilation problems: 
	The constructor IntroductionPagePom() is undefined
	The constructor HomePom() is undefined
	The method getPageTitle() is undefined for the type IntroductionPagePom

	at StepDefinitions.Step_RegisterPage.&lt;init&gt;(Step_RegisterPage.java:18)
	at java.base/jdk.internal.reflect.DirectConstructorHandleAccessor.newInstance(DirectConstructorHandleAccessor.java:62)
	... 30 more
</div></td></tr></table><p class="totop"><a href="#summary">back to summary</a></p>
<h3 id="m23">runner.TestRunner#runScenario</h3><table class="result"><tr class="param"><th>Parameter #1</th><th>Parameter #2</th></tr><tr class="param stripe"><td>&quot;Verify that user able to see warning message on clicking Get Started buttons of Queue on the home page without Sign in&quot;</td><td>&quot;DSportal App HomePage&quot;</td></tr><tr><th colspan="2">Exception</th></tr><tr><td colspan="2"><div class="stacktrace">io.cucumber.core.exception.CucumberException: Failed to instantiate class StepDefinitions.Step_HomePage
	at io.cucumber.core.backend.DefaultObjectFactory.cacheNewInstance(DefaultObjectFactory.java:67)
	at io.cucumber.core.backend.DefaultObjectFactory.getInstance(DefaultObjectFactory.java:45)
	at io.cucumber.java.AbstractGlueDefinition.invokeMethod(AbstractGlueDefinition.java:47)
	at io.cucumber.java.JavaStepDefinition.execute(JavaStepDefinition.java:29)
	at io.cucumber.core.runner.CoreStepDefinition.execute(CoreStepDefinition.java:66)
	at io.cucumber.core.runner.PickleStepDefinitionMatch.runStep(PickleStepDefinitionMatch.java:62)
	at io.cucumber.core.runner.ExecutionMode$1.execute(ExecutionMode.java:10)
	at io.cucumber.core.runner.TestStep.executeStep(TestStep.java:81)
	at io.cucumber.core.runner.TestStep.run(TestStep.java:53)
	at io.cucumber.core.runner.PickleStepTestStep.run(PickleStepTestStep.java:51)
	at io.cucumber.core.runner.TestCase.run(TestCase.java:84)
	at io.cucumber.core.runner.Runner.runPickle(Runner.java:75)
	at io.cucumber.testng.TestNGCucumberRunner.lambda$runScenario$1(TestNGCucumberRunner.java:132)
	at io.cucumber.core.runtime.CucumberExecutionContext.lambda$runTestCase$5(CucumberExecutionContext.java:136)
	at io.cucumber.core.runtime.RethrowingThrowableCollector.executeAndThrow(RethrowingThrowableCollector.java:23)
	at io.cucumber.core.runtime.CucumberExecutionContext.runTestCase(CucumberExecutionContext.java:136)
	at io.cucumber.testng.TestNGCucumberRunner.runScenario(TestNGCucumberRunner.java:129)
	at io.cucumber.testng.AbstractTestNGCucumberTests.runScenario(AbstractTestNGCucumberTests.java:35)
	at java.base/jdk.internal.reflect.DirectMethodHandleAccessor.invoke(DirectMethodHandleAccessor.java:103)
	at java.base/java.lang.reflect.Method.invoke(Method.java:580)
	at org.testng.internal.invokers.MethodInvocationHelper.invokeMethod(MethodInvocationHelper.java:141)
	at org.testng.internal.invokers.TestInvoker.invokeMethod(TestInvoker.java:686)
	at org.testng.internal.invokers.TestInvoker.invokeTestMethod(TestInvoker.java:230)
	at org.testng.internal.invokers.TestMethodWithDataProviderMethodWorker.call(TestMethodWithDataProviderMethodWorker.java:81)
	at org.testng.internal.thread.Async$AsyncTask.run(Async.java:34)
	at java.base/java.util.concurrent.ThreadPoolExecutor.runWorker(ThreadPoolExecutor.java:1144)
	at java.base/java.util.concurrent.ThreadPoolExecutor$Worker.run(ThreadPoolExecutor.java:642)
	at java.base/java.lang.Thread.run(Thread.java:1575)
Caused by: java.lang.reflect.InvocationTargetException
	at java.base/jdk.internal.reflect.DirectConstructorHandleAccessor.newInstance(DirectConstructorHandleAccessor.java:74)
	at java.base/java.lang.reflect.Constructor.newInstanceWithCaller(Constructor.java:501)
	at java.base/java.lang.reflect.Constructor.newInstance(Constructor.java:485)
	at io.cucumber.core.backend.DefaultObjectFactory.cacheNewInstance(DefaultObjectFactory.java:53)
	... 27 more
Caused by: java.lang.Error: Unresolved compilation problems: 
	The constructor HomePom() is undefined
	The constructor IntroductionPagePom() is undefined
	The field HomePom.contentHeader is not visible
	The field HomePom.contentText is not visible
	The field HomePom.getStartedButton is not visible
	The field IntroductionPagePom.registerLink is not visible
	The field IntroductionPagePom.signInLink is not visible
	dsDropdown cannot be resolved or is not a field
	dsDropdown cannot be resolved or is not a field
	The method clickDropdownItemArray() is undefined for the type IntroductionPagePom
	authenticationMsg cannot be resolved or is not a field
	authenticationMsg cannot be resolved or is not a field
	authenticationMsg cannot be resolved or is not a field
	The method clickDropdownItemLinkedList() is undefined for the type IntroductionPagePom
	authenticationMsg cannot be resolved or is not a field
	authenticationMsg cannot be resolved or is not a field
	authenticationMsg cannot be resolved or is not a field
	The method clickDropdownItemStack() is undefined for the type IntroductionPagePom
	authenticationMsg cannot be resolved or is not a field
	authenticationMsg cannot be resolved or is not a field
	authenticationMsg cannot be resolved or is not a field
	The method clickDropdownItemQueue() is undefined for the type IntroductionPagePom
	authenticationMsg cannot be resolved or is not a field
	authenticationMsg cannot be resolved or is not a field
	authenticationMsg cannot be resolved or is not a field
	The method clickDropdownItemTree() is undefined for the type IntroductionPagePom
	authenticationMsg cannot be resolved or is not a field
	authenticationMsg cannot be resolved or is not a field
	authenticationMsg cannot be resolved or is not a field
	The method clickDropdownItemGraph() is undefined for the type IntroductionPagePom
	authenticationMsg cannot be resolved or is not a field
	authenticationMsg cannot be resolved or is not a field
	authenticationMsg cannot be resolved or is not a field
	authenticationMsg cannot be resolved or is not a field
	authenticationMsg cannot be resolved or is not a field
	authenticationMsg cannot be resolved or is not a field
	authenticationMsg cannot be resolved or is not a field
	authenticationMsg cannot be resolved or is not a field
	authenticationMsg cannot be resolved or is not a field
	The method clickOnLinkedListGetStartedBtn() is undefined for the type IntroductionPagePom
	authenticationMsg cannot be resolved or is not a field
	authenticationMsg cannot be resolved or is not a field
	authenticationMsg cannot be resolved or is not a field
	The method clickOnStackGetStartedBtn() is undefined for the type IntroductionPagePom
	authenticationMsg cannot be resolved or is not a field
	authenticationMsg cannot be resolved or is not a field
	authenticationMsg cannot be resolved or is not a field
	The method clickOnQueueGetStartedBtn() is undefined for the type IntroductionPagePom
	authenticationMsg cannot be resolved or is not a field
	authenticationMsg cannot be resolved or is not a field
	authenticationMsg cannot be resolved or is not a field
	The method clickOnTreeGetStartedBtn() is undefined for the type IntroductionPagePom
	authenticationMsg cannot be resolved or is not a field
	authenticationMsg cannot be resolved or is not a field
	authenticationMsg cannot be resolved or is not a field
	The method clickOnGraphGetStartedBtn() is undefined for the type IntroductionPagePom
	authenticationMsg cannot be resolved or is not a field
	authenticationMsg cannot be resolved or is not a field
	authenticationMsg cannot be resolved or is not a field

	at StepDefinitions.Step_HomePage.&lt;init&gt;(Step_HomePage.java:22)
	at java.base/jdk.internal.reflect.DirectConstructorHandleAccessor.newInstance(DirectConstructorHandleAccessor.java:62)
	... 30 more
</div></td></tr></table><p class="totop"><a href="#summary">back to summary</a></p>
<h3 id="m24">runner.TestRunner#runScenario</h3><table class="result"><tr class="param"><th>Parameter #1</th><th>Parameter #2</th></tr><tr class="param stripe"><td>&quot;Verify that user is able to open the dsAlgo Portal-home page&quot;</td><td>&quot;DSportal App HomePage&quot;</td></tr><tr><th colspan="2">Exception</th></tr><tr><td colspan="2"><div class="stacktrace">io.cucumber.core.exception.CucumberException: Failed to instantiate class StepDefinitions.Step_HomePage
	at io.cucumber.core.backend.DefaultObjectFactory.cacheNewInstance(DefaultObjectFactory.java:67)
	at io.cucumber.core.backend.DefaultObjectFactory.getInstance(DefaultObjectFactory.java:45)
	at io.cucumber.java.AbstractGlueDefinition.invokeMethod(AbstractGlueDefinition.java:47)
	at io.cucumber.java.JavaStepDefinition.execute(JavaStepDefinition.java:29)
	at io.cucumber.core.runner.CoreStepDefinition.execute(CoreStepDefinition.java:66)
	at io.cucumber.core.runner.PickleStepDefinitionMatch.runStep(PickleStepDefinitionMatch.java:62)
	at io.cucumber.core.runner.ExecutionMode$1.execute(ExecutionMode.java:10)
	at io.cucumber.core.runner.TestStep.executeStep(TestStep.java:81)
	at io.cucumber.core.runner.TestStep.run(TestStep.java:53)
	at io.cucumber.core.runner.PickleStepTestStep.run(PickleStepTestStep.java:51)
	at io.cucumber.core.runner.TestCase.run(TestCase.java:84)
	at io.cucumber.core.runner.Runner.runPickle(Runner.java:75)
	at io.cucumber.testng.TestNGCucumberRunner.lambda$runScenario$1(TestNGCucumberRunner.java:132)
	at io.cucumber.core.runtime.CucumberExecutionContext.lambda$runTestCase$5(CucumberExecutionContext.java:136)
	at io.cucumber.core.runtime.RethrowingThrowableCollector.executeAndThrow(RethrowingThrowableCollector.java:23)
	at io.cucumber.core.runtime.CucumberExecutionContext.runTestCase(CucumberExecutionContext.java:136)
	at io.cucumber.testng.TestNGCucumberRunner.runScenario(TestNGCucumberRunner.java:129)
	at io.cucumber.testng.AbstractTestNGCucumberTests.runScenario(AbstractTestNGCucumberTests.java:35)
	at java.base/jdk.internal.reflect.DirectMethodHandleAccessor.invoke(DirectMethodHandleAccessor.java:103)
	at java.base/java.lang.reflect.Method.invoke(Method.java:580)
	at org.testng.internal.invokers.MethodInvocationHelper.invokeMethod(MethodInvocationHelper.java:141)
	at org.testng.internal.invokers.TestInvoker.invokeMethod(TestInvoker.java:686)
	at org.testng.internal.invokers.TestInvoker.invokeTestMethod(TestInvoker.java:230)
	at org.testng.internal.invokers.TestMethodWithDataProviderMethodWorker.call(TestMethodWithDataProviderMethodWorker.java:81)
	at org.testng.internal.thread.Async$AsyncTask.run(Async.java:34)
	at java.base/java.util.concurrent.ThreadPoolExecutor.runWorker(ThreadPoolExecutor.java:1144)
	at java.base/java.util.concurrent.ThreadPoolExecutor$Worker.run(ThreadPoolExecutor.java:642)
	at java.base/java.lang.Thread.run(Thread.java:1575)
Caused by: java.lang.reflect.InvocationTargetException
	at java.base/jdk.internal.reflect.DirectConstructorHandleAccessor.newInstance(DirectConstructorHandleAccessor.java:74)
	at java.base/java.lang.reflect.Constructor.newInstanceWithCaller(Constructor.java:501)
	at java.base/java.lang.reflect.Constructor.newInstance(Constructor.java:485)
	at io.cucumber.core.backend.DefaultObjectFactory.cacheNewInstance(DefaultObjectFactory.java:53)
	... 27 more
Caused by: java.lang.Error: Unresolved compilation problems: 
	The constructor HomePom() is undefined
	The constructor IntroductionPagePom() is undefined
	The field HomePom.contentHeader is not visible
	The field HomePom.contentText is not visible
	The field HomePom.getStartedButton is not visible
	The field IntroductionPagePom.registerLink is not visible
	The field IntroductionPagePom.signInLink is not visible
	dsDropdown cannot be resolved or is not a field
	dsDropdown cannot be resolved or is not a field
	The method clickDropdownItemArray() is undefined for the type IntroductionPagePom
	authenticationMsg cannot be resolved or is not a field
	authenticationMsg cannot be resolved or is not a field
	authenticationMsg cannot be resolved or is not a field
	The method clickDropdownItemLinkedList() is undefined for the type IntroductionPagePom
	authenticationMsg cannot be resolved or is not a field
	authenticationMsg cannot be resolved or is not a field
	authenticationMsg cannot be resolved or is not a field
	The method clickDropdownItemStack() is undefined for the type IntroductionPagePom
	authenticationMsg cannot be resolved or is not a field
	authenticationMsg cannot be resolved or is not a field
	authenticationMsg cannot be resolved or is not a field
	The method clickDropdownItemQueue() is undefined for the type IntroductionPagePom
	authenticationMsg cannot be resolved or is not a field
	authenticationMsg cannot be resolved or is not a field
	authenticationMsg cannot be resolved or is not a field
	The method clickDropdownItemTree() is undefined for the type IntroductionPagePom
	authenticationMsg cannot be resolved or is not a field
	authenticationMsg cannot be resolved or is not a field
	authenticationMsg cannot be resolved or is not a field
	The method clickDropdownItemGraph() is undefined for the type IntroductionPagePom
	authenticationMsg cannot be resolved or is not a field
	authenticationMsg cannot be resolved or is not a field
	authenticationMsg cannot be resolved or is not a field
	authenticationMsg cannot be resolved or is not a field
	authenticationMsg cannot be resolved or is not a field
	authenticationMsg cannot be resolved or is not a field
	authenticationMsg cannot be resolved or is not a field
	authenticationMsg cannot be resolved or is not a field
	authenticationMsg cannot be resolved or is not a field
	The method clickOnLinkedListGetStartedBtn() is undefined for the type IntroductionPagePom
	authenticationMsg cannot be resolved or is not a field
	authenticationMsg cannot be resolved or is not a field
	authenticationMsg cannot be resolved or is not a field
	The method clickOnStackGetStartedBtn() is undefined for the type IntroductionPagePom
	authenticationMsg cannot be resolved or is not a field
	authenticationMsg cannot be resolved or is not a field
	authenticationMsg cannot be resolved or is not a field
	The method clickOnQueueGetStartedBtn() is undefined for the type IntroductionPagePom
	authenticationMsg cannot be resolved or is not a field
	authenticationMsg cannot be resolved or is not a field
	authenticationMsg cannot be resolved or is not a field
	The method clickOnTreeGetStartedBtn() is undefined for the type IntroductionPagePom
	authenticationMsg cannot be resolved or is not a field
	authenticationMsg cannot be resolved or is not a field
	authenticationMsg cannot be resolved or is not a field
	The method clickOnGraphGetStartedBtn() is undefined for the type IntroductionPagePom
	authenticationMsg cannot be resolved or is not a field
	authenticationMsg cannot be resolved or is not a field
	authenticationMsg cannot be resolved or is not a field

	at StepDefinitions.Step_HomePage.&lt;init&gt;(Step_HomePage.java:22)
	at java.base/jdk.internal.reflect.DirectConstructorHandleAccessor.newInstance(DirectConstructorHandleAccessor.java:62)
	... 30 more
</div></td></tr></table><p class="totop"><a href="#summary">back to summary</a></p>
<h3 id="m25">runner.TestRunner#runScenario</h3><table class="result"><tr class="param"><th>Parameter #1</th><th>Parameter #2</th></tr><tr class="param stripe"><td>&quot;Verify that user receives error message for invalid password field during registration&quot;</td><td>&quot;Registration&quot;</td></tr><tr><th colspan="2">Exception</th></tr><tr><td colspan="2"><div class="stacktrace">io.cucumber.core.exception.CucumberException: Failed to instantiate class StepDefinitions.Step_RegisterPage
	at io.cucumber.core.backend.DefaultObjectFactory.cacheNewInstance(DefaultObjectFactory.java:67)
	at io.cucumber.core.backend.DefaultObjectFactory.getInstance(DefaultObjectFactory.java:45)
	at io.cucumber.java.AbstractGlueDefinition.invokeMethod(AbstractGlueDefinition.java:47)
	at io.cucumber.java.JavaStepDefinition.execute(JavaStepDefinition.java:29)
	at io.cucumber.core.runner.CoreStepDefinition.execute(CoreStepDefinition.java:66)
	at io.cucumber.core.runner.PickleStepDefinitionMatch.runStep(PickleStepDefinitionMatch.java:62)
	at io.cucumber.core.runner.ExecutionMode$1.execute(ExecutionMode.java:10)
	at io.cucumber.core.runner.TestStep.executeStep(TestStep.java:81)
	at io.cucumber.core.runner.TestStep.run(TestStep.java:53)
	at io.cucumber.core.runner.PickleStepTestStep.run(PickleStepTestStep.java:51)
	at io.cucumber.core.runner.TestCase.run(TestCase.java:84)
	at io.cucumber.core.runner.Runner.runPickle(Runner.java:75)
	at io.cucumber.testng.TestNGCucumberRunner.lambda$runScenario$1(TestNGCucumberRunner.java:132)
	at io.cucumber.core.runtime.CucumberExecutionContext.lambda$runTestCase$5(CucumberExecutionContext.java:136)
	at io.cucumber.core.runtime.RethrowingThrowableCollector.executeAndThrow(RethrowingThrowableCollector.java:23)
	at io.cucumber.core.runtime.CucumberExecutionContext.runTestCase(CucumberExecutionContext.java:136)
	at io.cucumber.testng.TestNGCucumberRunner.runScenario(TestNGCucumberRunner.java:129)
	at io.cucumber.testng.AbstractTestNGCucumberTests.runScenario(AbstractTestNGCucumberTests.java:35)
	at java.base/jdk.internal.reflect.DirectMethodHandleAccessor.invoke(DirectMethodHandleAccessor.java:103)
	at java.base/java.lang.reflect.Method.invoke(Method.java:580)
	at org.testng.internal.invokers.MethodInvocationHelper.invokeMethod(MethodInvocationHelper.java:141)
	at org.testng.internal.invokers.TestInvoker.invokeMethod(TestInvoker.java:686)
	at org.testng.internal.invokers.TestInvoker.invokeTestMethod(TestInvoker.java:230)
	at org.testng.internal.invokers.TestMethodWithDataProviderMethodWorker.call(TestMethodWithDataProviderMethodWorker.java:81)
	at org.testng.internal.thread.Async$AsyncTask.run(Async.java:34)
	at java.base/java.util.concurrent.ThreadPoolExecutor.runWorker(ThreadPoolExecutor.java:1144)
	at java.base/java.util.concurrent.ThreadPoolExecutor$Worker.run(ThreadPoolExecutor.java:642)
	at java.base/java.lang.Thread.run(Thread.java:1575)
Caused by: java.lang.reflect.InvocationTargetException
	at java.base/jdk.internal.reflect.DirectConstructorHandleAccessor.newInstance(DirectConstructorHandleAccessor.java:74)
	at java.base/java.lang.reflect.Constructor.newInstanceWithCaller(Constructor.java:501)
	at java.base/java.lang.reflect.Constructor.newInstance(Constructor.java:485)
	at io.cucumber.core.backend.DefaultObjectFactory.cacheNewInstance(DefaultObjectFactory.java:53)
	... 27 more
Caused by: java.lang.Error: Unresolved compilation problems: 
	The constructor IntroductionPagePom() is undefined
	The constructor HomePom() is undefined
	The method getPageTitle() is undefined for the type IntroductionPagePom

	at StepDefinitions.Step_RegisterPage.&lt;init&gt;(Step_RegisterPage.java:18)
	at java.base/jdk.internal.reflect.DirectConstructorHandleAccessor.newInstance(DirectConstructorHandleAccessor.java:62)
	... 30 more
</div></td></tr></table><p class="totop"><a href="#summary">back to summary</a></p>
</body>
</html>
