<!DOCTYPE html>

<html>
  <head>
  <meta charset='utf-8'>
  <title>TestNG reports</title>

    <link type="text/css" href="testng-reports1.css" rel="stylesheet" id="ultra" />
    <link type="text/css" href="testng-reports.css" rel="stylesheet" id="retro" disabled="false"/>
    <script type="text/javascript" src="jquery-3.6.0.min.js"></script>
    <script type="text/javascript" src="testng-reports.js"></script>
    <script type="text/javascript" src="https://www.google.com/jsapi"></script>
    <script type='text/javascript'>
      google.load('visualization', '1', {packages:['table']});
      google.setOnLoadCallback(drawTable);
      var suiteTableInitFunctions = new Array();
      var suiteTableData = new Array();
    </script>
    <!--
      <script type="text/javascript" src="jquery-ui/js/jquery-ui-1.8.16.custom.min.js"></script>
     -->
  </head>

  <body>    <div class="top-banner-root">
      <span class="top-banner-title-font">Test results</span>
      <button id="button" class="button">Switch Retro Theme</button> <!-- button -->
      <br/>
      <span class="top-banner-font-1">1 suite, 26 failed tests</span>
    </div> <!-- top-banner-root -->
    <div class="navigator-root">
      <div class="navigator-suite-header">
        <span>All suites</span>
        <a href="#" title="Collapse/expand all the suites" class="collapse-all-link">
          <img src="collapseall.gif" class="collapse-all-icon">
          </img> <!-- collapse-all-icon -->
        </a> <!-- collapse-all-link -->
      </div> <!-- navigator-suite-header -->
      <div class="suite">
        <div class="rounded-window">
          <div class="suite-header light-rounded-window-top">
            <a href="#" panel-name="suite-Default_suite" class="navigator-link">
              <span class="suite-name border-failed">Default suite</span>
            </a> <!-- navigator-link -->
          </div> <!-- suite-header light-rounded-window-top -->
          <div class="navigator-suite-content">
            <div class="suite-section-title">
              <span>Info</span>
            </div> <!-- suite-section-title -->
            <div class="suite-section-content">
              <ul>
                <li>
                  <a href="#" panel-name="test-xml-Default_suite" class="navigator-link ">
                    <span>C:\Users\Lavanya Yelakala\AppData\Local\Temp\testng-eclipse--1127152884\testng-customsuite.xml</span>
                  </a> <!-- navigator-link  -->
                </li>
                <li>
                  <a href="#" panel-name="testlist-Default_suite" class="navigator-link ">
                    <span class="test-stats">1 test</span>
                  </a> <!-- navigator-link  -->
                </li>
                <li>
                  <a href="#" panel-name="group-Default_suite" class="navigator-link ">
                    <span>1 group</span>
                  </a> <!-- navigator-link  -->
                </li>
                <li>
                  <a href="#" panel-name="times-Default_suite" class="navigator-link ">
                    <span>Times</span>
                  </a> <!-- navigator-link  -->
                </li>
                <li>
                  <a href="#" panel-name="reporter-Default_suite" class="navigator-link ">
                    <span>Reporter output</span>
                  </a> <!-- navigator-link  -->
                </li>
                <li>
                  <a href="#" panel-name="ignored-methods-Default_suite" class="navigator-link ">
                    <span>Ignored methods</span>
                  </a> <!-- navigator-link  -->
                </li>
                <li>
                  <a href="#" panel-name="chronological-Default_suite" class="navigator-link ">
                    <span>Chronological view</span>
                  </a> <!-- navigator-link  -->
                </li>
              </ul>
            </div> <!-- suite-section-content -->
            <div class="result-section">
              <div class="suite-section-title">
                <span>Results</span>
              </div> <!-- suite-section-title -->
              <div class="suite-section-content">
                <ul>
                  <li>
                    <span class="method-stats">26 methods, 26 failed,   </span>
                  </li>
                  <li>
                    <span class="method-list-title failed">Failed methods</span>
                    <span class="show-or-hide-methods failed">
                      <a href="#" panel-name="suite-Default_suite" class="hide-methods failed suite-Default_suite"> (hide)</a> <!-- hide-methods failed suite-Default_suite -->
                      <a href="#" panel-name="suite-Default_suite" class="show-methods failed suite-Default_suite"> (show)</a> <!-- show-methods failed suite-Default_suite -->
                    </span>
                    <div class="method-list-content failed suite-Default_suite">
                      <span>
                        <img src="failed.png" width="3%"/>
                        <a href="#" panel-name="suite-Default_suite" title="runner.TestRunner" class="method navigator-link" hash-for-method="runScenario(&quot;Verify that user able to see warning message while selecting Queue from the drop down without Sign ...)">runScenario("Verify that user able to see warning message while selecting Queue from the drop down without Sign ...)</a> <!-- method navigator-link -->
                      </span>
                      <br/>
                      <span>
                        <img src="failed.png" width="3%"/>
                        <a href="#" panel-name="suite-Default_suite" title="runner.TestRunner" class="method navigator-link" hash-for-method="runScenario(&quot;Verify that user able to see warning message while selecting Tree from the drop down without Sign i...)">runScenario("Verify that user able to see warning message while selecting Tree from the drop down without Sign i...)</a> <!-- method navigator-link -->
                      </span>
                      <br/>
                      <span>
                        <img src="failed.png" width="3%"/>
                        <a href="#" panel-name="suite-Default_suite" title="runner.TestRunner" class="method navigator-link" hash-for-method="runScenario(&quot;Verify that user able to see warning message on clicking Get Started buttons of Tree on the home pa...)">runScenario("Verify that user able to see warning message on clicking Get Started buttons of Tree on the home pa...)</a> <!-- method navigator-link -->
                      </span>
                      <br/>
                      <span>
                        <img src="failed.png" width="3%"/>
                        <a href="#" panel-name="suite-Default_suite" title="runner.TestRunner" class="method navigator-link" hash-for-method="runScenario(&quot;Verify that user able to see warning message on clicking Get Started buttons of Graph on the home p...)">runScenario("Verify that user able to see warning message on clicking Get Started buttons of Graph on the home p...)</a> <!-- method navigator-link -->
                      </span>
                      <br/>
                      <span>
                        <img src="failed.png" width="3%"/>
                        <a href="#" panel-name="suite-Default_suite" title="runner.TestRunner" class="method navigator-link" hash-for-method="runScenario(&quot;Verify that user able to see warning message on clicking Get Started buttons of Stack on the home p...)">runScenario("Verify that user able to see warning message on clicking Get Started buttons of Stack on the home p...)</a> <!-- method navigator-link -->
                      </span>
                      <br/>
                      <span>
                        <img src="failed.png" width="3%"/>
                        <a href="#" panel-name="suite-Default_suite" title="runner.TestRunner" class="method navigator-link" hash-for-method="runScenario(&quot;Verify that user receives error message for empty Password Confirmation field during registration&quot;,...)">runScenario("Verify that user receives error message for empty Password Confirmation field during registration",...)</a> <!-- method navigator-link -->
                      </span>
                      <br/>
                      <span>
                        <img src="failed.png" width="3%"/>
                        <a href="#" panel-name="suite-Default_suite" title="runner.TestRunner" class="method navigator-link" hash-for-method="runScenario(&quot;Validate user navigate to DS Intro Page&quot;, &quot;DSportal App HomePage&quot;)">runScenario("Validate user navigate to DS Intro Page", "DSportal App HomePage")</a> <!-- method navigator-link -->
                      </span>
                      <br/>
                      <span>
                        <img src="failed.png" width="3%"/>
                        <a href="#" panel-name="suite-Default_suite" title="runner.TestRunner" class="method navigator-link" hash-for-method="runScenario(&quot;Verify that user is able to successfully register using valid username and password details&quot;, &quot;Regi...)">runScenario("Verify that user is able to successfully register using valid username and password details", "Regi...)</a> <!-- method navigator-link -->
                      </span>
                      <br/>
                      <span>
                        <img src="failed.png" width="3%"/>
                        <a href="#" panel-name="suite-Default_suite" title="runner.TestRunner" class="method navigator-link" hash-for-method="runScenario(&quot;Verify that user is able to click on login link from Registration page&quot;, &quot;Registration&quot;)">runScenario("Verify that user is able to click on login link from Registration page", "Registration")</a> <!-- method navigator-link -->
                      </span>
                      <br/>
                      <span>
                        <img src="failed.png" width="3%"/>
                        <a href="#" panel-name="suite-Default_suite" title="runner.TestRunner" class="method navigator-link" hash-for-method="runScenario(&quot;Verify that user able to see warning message on clicking Get Started buttons of Linked List on the ...)">runScenario("Verify that user able to see warning message on clicking Get Started buttons of Linked List on the ...)</a> <!-- method navigator-link -->
                      </span>
                      <br/>
                      <span>
                        <img src="failed.png" width="3%"/>
                        <a href="#" panel-name="suite-Default_suite" title="runner.TestRunner" class="method navigator-link" hash-for-method="runScenario(&quot;Verify that user receives error message for invalid username field during registration&quot;, &quot;Registrat...)">runScenario("Verify that user receives error message for invalid username field during registration", "Registrat...)</a> <!-- method navigator-link -->
                      </span>
                      <br/>
                      <span>
                        <img src="failed.png" width="3%"/>
                        <a href="#" panel-name="suite-Default_suite" title="runner.TestRunner" class="method navigator-link" hash-for-method="runScenario(&quot;Verify that user able to see warning message while selecting Graph from the drop down without Sign ...)">runScenario("Verify that user able to see warning message while selecting Graph from the drop down without Sign ...)</a> <!-- method navigator-link -->
                      </span>
                      <br/>
                      <span>
                        <img src="failed.png" width="3%"/>
                        <a href="#" panel-name="suite-Default_suite" title="runner.TestRunner" class="method navigator-link" hash-for-method="runScenario(&quot;Verify that user receives error message for mismatched Password and Password Confirmation field dur...)">runScenario("Verify that user receives error message for mismatched Password and Password Confirmation field dur...)</a> <!-- method navigator-link -->
                      </span>
                      <br/>
                      <span>
                        <img src="failed.png" width="3%"/>
                        <a href="#" panel-name="suite-Default_suite" title="runner.TestRunner" class="method navigator-link" hash-for-method="runScenario(&quot;Verify that user is able to view options for Data Structures dropdown on home page without Sign in&quot;...)">runScenario("Verify that user is able to view options for Data Structures dropdown on home page without Sign in"...)</a> <!-- method navigator-link -->
                      </span>
                      <br/>
                      <span>
                        <img src="failed.png" width="3%"/>
                        <a href="#" panel-name="suite-Default_suite" title="runner.TestRunner" class="method navigator-link" hash-for-method="runScenario(&quot;Verify that user able to see warning message while selecting Linked List from the drop down without...)">runScenario("Verify that user able to see warning message while selecting Linked List from the drop down without...)</a> <!-- method navigator-link -->
                      </span>
                      <br/>
                      <span>
                        <img src="failed.png" width="3%"/>
                        <a href="#" panel-name="suite-Default_suite" title="runner.TestRunner" class="method navigator-link" hash-for-method="runScenario(&quot;Verify that user receives error message for all empty fields during registration&quot;, &quot;Registration&quot;)">runScenario("Verify that user receives error message for all empty fields during registration", "Registration")</a> <!-- method navigator-link -->
                      </span>
                      <br/>
                      <span>
                        <img src="failed.png" width="3%"/>
                        <a href="#" panel-name="suite-Default_suite" title="runner.TestRunner" class="method navigator-link" hash-for-method="runScenario(&quot;Verify that user able to see warning message while selecting Arrays from the drop down without Sign...)">runScenario("Verify that user able to see warning message while selecting Arrays from the drop down without Sign...)</a> <!-- method navigator-link -->
                      </span>
                      <br/>
                      <span>
                        <img src="failed.png" width="3%"/>
                        <a href="#" panel-name="suite-Default_suite" title="runner.TestRunner" class="method navigator-link" hash-for-method="runScenario(&quot;Verify that user receives error message for empty Password and Password confirmation fields during ...)">runScenario("Verify that user receives error message for empty Password and Password confirmation fields during ...)</a> <!-- method navigator-link -->
                      </span>
                      <br/>
                      <span>
                        <img src="failed.png" width="3%"/>
                        <a href="#" panel-name="suite-Default_suite" title="runner.TestRunner" class="method navigator-link" hash-for-method="runScenario(&quot;Verify that user receives error message for Password field less than eight characters during regist...)">runScenario("Verify that user receives error message for Password field less than eight characters during regist...)</a> <!-- method navigator-link -->
                      </span>
                      <br/>
                      <span>
                        <img src="failed.png" width="3%"/>
                        <a href="#" panel-name="suite-Default_suite" title="runner.TestRunner" class="method navigator-link" hash-for-method="runScenario(&quot;Verify that user able to see warning message while selecting Stack from the drop down without Sign ...)">runScenario("Verify that user able to see warning message while selecting Stack from the drop down without Sign ...)</a> <!-- method navigator-link -->
                      </span>
                      <br/>
                      <span>
                        <img src="failed.png" width="3%"/>
                        <a href="#" panel-name="suite-Default_suite" title="runner.TestRunner" class="method navigator-link" hash-for-method="runScenario(&quot;Verify that user able to see warning message on clicking Get Started buttons of Data Structures-Int...)">runScenario("Verify that user able to see warning message on clicking Get Started buttons of Data Structures-Int...)</a> <!-- method navigator-link -->
                      </span>
                      <br/>
                      <span>
                        <img src="failed.png" width="3%"/>
                        <a href="#" panel-name="suite-Default_suite" title="runner.TestRunner" class="method navigator-link" hash-for-method="runScenario(&quot;Verify that user able to see warning message on clicking Get Started buttons of Array on the home p...)">runScenario("Verify that user able to see warning message on clicking Get Started buttons of Array on the home p...)</a> <!-- method navigator-link -->
                      </span>
                      <br/>
                      <span>
                        <img src="failed.png" width="3%"/>
                        <a href="#" panel-name="suite-Default_suite" title="runner.TestRunner" class="method navigator-link" hash-for-method="runScenario(&quot;Verify that user is able to click on Sign in link from Registration page&quot;, &quot;Registration&quot;)">runScenario("Verify that user is able to click on Sign in link from Registration page", "Registration")</a> <!-- method navigator-link -->
                      </span>
                      <br/>
                      <span>
                        <img src="failed.png" width="3%"/>
                        <a href="#" panel-name="suite-Default_suite" title="runner.TestRunner" class="method navigator-link" hash-for-method="runScenario(&quot;Verify that user able to see warning message on clicking Get Started buttons of Queue on the home p...)">runScenario("Verify that user able to see warning message on clicking Get Started buttons of Queue on the home p...)</a> <!-- method navigator-link -->
                      </span>
                      <br/>
                      <span>
                        <img src="failed.png" width="3%"/>
                        <a href="#" panel-name="suite-Default_suite" title="runner.TestRunner" class="method navigator-link" hash-for-method="runScenario(&quot;Verify that user is able to open the dsAlgo Portal-home page&quot;, &quot;DSportal App HomePage&quot;)">runScenario("Verify that user is able to open the dsAlgo Portal-home page", "DSportal App HomePage")</a> <!-- method navigator-link -->
                      </span>
                      <br/>
                      <span>
                        <img src="failed.png" width="3%"/>
                        <a href="#" panel-name="suite-Default_suite" title="runner.TestRunner" class="method navigator-link" hash-for-method="runScenario(&quot;Verify that user receives error message for invalid password field during registration&quot;, &quot;Registrat...)">runScenario("Verify that user receives error message for invalid password field during registration", "Registrat...)</a> <!-- method navigator-link -->
                      </span>
                      <br/>
                    </div> <!-- method-list-content failed suite-Default_suite -->
                  </li>
                </ul>
              </div> <!-- suite-section-content -->
            </div> <!-- result-section -->
          </div> <!-- navigator-suite-content -->
        </div> <!-- rounded-window -->
      </div> <!-- suite -->
    </div> <!-- navigator-root -->
    <div class="wrapper">
      <div class="main-panel-root">
        <div panel-name="suite-Default_suite" class="panel Default_suite">
          <div class="suite-Default_suite-class-failed">
            <div class="main-panel-header rounded-window-top">
              <img src="failed.png"/>
              <span class="class-name">runner.TestRunner</span>
            </div> <!-- main-panel-header rounded-window-top -->
            <div class="main-panel-content rounded-window-bottom">
              <div class="method">
                <div class="method-content">
                  <a name="runScenario(&quot;Verify that user able to see warning message while selecting Queue from the drop down without Sign ...)">
                  </a> <!-- runScenario("Verify that user able to see warning message while selecting Queue from the drop down without Sign ...) -->
                  <span class="method-name">runScenario</span>
                  <span class="parameters">("Verify that user able to see warning message while selecting Queue from the drop down without Sign in","DSportal App HomePage")</span>
                  <div class="stack-trace">io.cucumber.core.exception.CucumberException: Failed to instantiate class StepDefinitions.Step_HomePage
	at io.cucumber.core.backend.DefaultObjectFactory.cacheNewInstance(DefaultObjectFactory.java:67)
	at io.cucumber.core.backend.DefaultObjectFactory.getInstance(DefaultObjectFactory.java:45)
	at io.cucumber.java.AbstractGlueDefinition.invokeMethod(AbstractGlueDefinition.java:47)
	at io.cucumber.java.JavaStepDefinition.execute(JavaStepDefinition.java:29)
	at io.cucumber.core.runner.CoreStepDefinition.execute(CoreStepDefinition.java:66)
	at io.cucumber.core.runner.PickleStepDefinitionMatch.runStep(PickleStepDefinitionMatch.java:62)
	at io.cucumber.core.runner.ExecutionMode$1.execute(ExecutionMode.java:10)
	at io.cucumber.core.runner.TestStep.executeStep(TestStep.java:81)
	at io.cucumber.core.runner.TestStep.run(TestStep.java:53)
	at io.cucumber.core.runner.PickleStepTestStep.run(PickleStepTestStep.java:51)
	at io.cucumber.core.runner.TestCase.run(TestCase.java:84)
	at io.cucumber.core.runner.Runner.runPickle(Runner.java:75)
	at io.cucumber.testng.TestNGCucumberRunner.lambda$runScenario$1(TestNGCucumberRunner.java:132)
	at io.cucumber.core.runtime.CucumberExecutionContext.lambda$runTestCase$5(CucumberExecutionContext.java:136)
	at io.cucumber.core.runtime.RethrowingThrowableCollector.executeAndThrow(RethrowingThrowableCollector.java:23)
	at io.cucumber.core.runtime.CucumberExecutionContext.runTestCase(CucumberExecutionContext.java:136)
	at io.cucumber.testng.TestNGCucumberRunner.runScenario(TestNGCucumberRunner.java:129)
	at io.cucumber.testng.AbstractTestNGCucumberTests.runScenario(AbstractTestNGCucumberTests.java:35)
	at java.base/jdk.internal.reflect.DirectMethodHandleAccessor.invoke(DirectMethodHandleAccessor.java:103)
	at java.base/java.lang.reflect.Method.invoke(Method.java:580)
	at org.testng.internal.invokers.MethodInvocationHelper.invokeMethod(MethodInvocationHelper.java:141)
	at org.testng.internal.invokers.TestInvoker.invokeMethod(TestInvoker.java:686)
	at org.testng.internal.invokers.TestInvoker.invokeTestMethod(TestInvoker.java:230)
	at org.testng.internal.invokers.TestMethodWithDataProviderMethodWorker.call(TestMethodWithDataProviderMethodWorker.java:81)
	at org.testng.internal.thread.Async$AsyncTask.run(Async.java:34)
	at java.base/java.util.concurrent.ThreadPoolExecutor.runWorker(ThreadPoolExecutor.java:1144)
	at java.base/java.util.concurrent.ThreadPoolExecutor$Worker.run(ThreadPoolExecutor.java:642)
	at java.base/java.lang.Thread.run(Thread.java:1575)
Caused by: java.lang.reflect.InvocationTargetException
	at java.base/jdk.internal.reflect.DirectConstructorHandleAccessor.newInstance(DirectConstructorHandleAccessor.java:74)
	at java.base/java.lang.reflect.Constructor.newInstanceWithCaller(Constructor.java:501)
	at java.base/java.lang.reflect.Constructor.newInstance(Constructor.java:485)
	at io.cucumber.core.backend.DefaultObjectFactory.cacheNewInstance(DefaultObjectFactory.java:53)
	... 27 more
Caused by: java.lang.Error: Unresolved compilation problems: 
	The constructor HomePom() is undefined
	The constructor IntroductionPagePom() is undefined
	The field HomePom.contentHeader is not visible
	The field HomePom.contentText is not visible
	The field HomePom.getStartedButton is not visible
	The field IntroductionPagePom.registerLink is not visible
	The field IntroductionPagePom.signInLink is not visible
	dsDropdown cannot be resolved or is not a field
	dsDropdown cannot be resolved or is not a field
	The method clickDropdownItemArray() is undefined for the type IntroductionPagePom
	authenticationMsg cannot be resolved or is not a field
	authenticationMsg cannot be resolved or is not a field
	authenticationMsg cannot be resolved or is not a field
	The method clickDropdownItemLinkedList() is undefined for the type IntroductionPagePom
	authenticationMsg cannot be resolved or is not a field
	authenticationMsg cannot be resolved or is not a field
	authenticationMsg cannot be resolved or is not a field
	The method clickDropdownItemStack() is undefined for the type IntroductionPagePom
	authenticationMsg cannot be resolved or is not a field
	authenticationMsg cannot be resolved or is not a field
	authenticationMsg cannot be resolved or is not a field
	The method clickDropdownItemQueue() is undefined for the type IntroductionPagePom
	authenticationMsg cannot be resolved or is not a field
	authenticationMsg cannot be resolved or is not a field
	authenticationMsg cannot be resolved or is not a field
	The method clickDropdownItemTree() is undefined for the type IntroductionPagePom
	authenticationMsg cannot be resolved or is not a field
	authenticationMsg cannot be resolved or is not a field
	authenticationMsg cannot be resolved or is not a field
	The method clickDropdownItemGraph() is undefined for the type IntroductionPagePom
	authenticationMsg cannot be resolved or is not a field
	authenticationMsg cannot be resolved or is not a field
	authenticationMsg cannot be resolved or is not a field
	authenticationMsg cannot be resolved or is not a field
	authenticationMsg cannot be resolved or is not a field
	authenticationMsg cannot be resolved or is not a field
	authenticationMsg cannot be resolved or is not a field
	authenticationMsg cannot be resolved or is not a field
	authenticationMsg cannot be resolved or is not a field
	The method clickOnLinkedListGetStartedBtn() is undefined for the type IntroductionPagePom
	authenticationMsg cannot be resolved or is not a field
	authenticationMsg cannot be resolved or is not a field
	authenticationMsg cannot be resolved or is not a field
	The method clickOnStackGetStartedBtn() is undefined for the type IntroductionPagePom
	authenticationMsg cannot be resolved or is not a field
	authenticationMsg cannot be resolved or is not a field
	authenticationMsg cannot be resolved or is not a field
	The method clickOnQueueGetStartedBtn() is undefined for the type IntroductionPagePom
	authenticationMsg cannot be resolved or is not a field
	authenticationMsg cannot be resolved or is not a field
	authenticationMsg cannot be resolved or is not a field
	The method clickOnTreeGetStartedBtn() is undefined for the type IntroductionPagePom
	authenticationMsg cannot be resolved or is not a field
	authenticationMsg cannot be resolved or is not a field
	authenticationMsg cannot be resolved or is not a field
	The method clickOnGraphGetStartedBtn() is undefined for the type IntroductionPagePom
	authenticationMsg cannot be resolved or is not a field
	authenticationMsg cannot be resolved or is not a field
	authenticationMsg cannot be resolved or is not a field

	at StepDefinitions.Step_HomePage.&lt;init&gt;(Step_HomePage.java:22)
	at java.base/jdk.internal.reflect.DirectConstructorHandleAccessor.newInstance(DirectConstructorHandleAccessor.java:62)
	... 30 more

</div> <!-- stack-trace -->
                  <em>
(Runs Cucumber Scenarios)                  </em>
                </div> <!-- method-content -->
              </div> <!-- method -->
              <div class="method">
                <div class="method-content">
                  <a name="runScenario(&quot;Verify that user able to see warning message while selecting Tree from the drop down without Sign i...)">
                  </a> <!-- runScenario("Verify that user able to see warning message while selecting Tree from the drop down without Sign i...) -->
                  <span class="method-name">runScenario</span>
                  <span class="parameters">("Verify that user able to see warning message while selecting Tree from the drop down without Sign in","DSportal App HomePage")</span>
                  <div class="stack-trace">io.cucumber.core.exception.CucumberException: Failed to instantiate class StepDefinitions.Step_HomePage
	at io.cucumber.core.backend.DefaultObjectFactory.cacheNewInstance(DefaultObjectFactory.java:67)
	at io.cucumber.core.backend.DefaultObjectFactory.getInstance(DefaultObjectFactory.java:45)
	at io.cucumber.java.AbstractGlueDefinition.invokeMethod(AbstractGlueDefinition.java:47)
	at io.cucumber.java.JavaStepDefinition.execute(JavaStepDefinition.java:29)
	at io.cucumber.core.runner.CoreStepDefinition.execute(CoreStepDefinition.java:66)
	at io.cucumber.core.runner.PickleStepDefinitionMatch.runStep(PickleStepDefinitionMatch.java:62)
	at io.cucumber.core.runner.ExecutionMode$1.execute(ExecutionMode.java:10)
	at io.cucumber.core.runner.TestStep.executeStep(TestStep.java:81)
	at io.cucumber.core.runner.TestStep.run(TestStep.java:53)
	at io.cucumber.core.runner.PickleStepTestStep.run(PickleStepTestStep.java:51)
	at io.cucumber.core.runner.TestCase.run(TestCase.java:84)
	at io.cucumber.core.runner.Runner.runPickle(Runner.java:75)
	at io.cucumber.testng.TestNGCucumberRunner.lambda$runScenario$1(TestNGCucumberRunner.java:132)
	at io.cucumber.core.runtime.CucumberExecutionContext.lambda$runTestCase$5(CucumberExecutionContext.java:136)
	at io.cucumber.core.runtime.RethrowingThrowableCollector.executeAndThrow(RethrowingThrowableCollector.java:23)
	at io.cucumber.core.runtime.CucumberExecutionContext.runTestCase(CucumberExecutionContext.java:136)
	at io.cucumber.testng.TestNGCucumberRunner.runScenario(TestNGCucumberRunner.java:129)
	at io.cucumber.testng.AbstractTestNGCucumberTests.runScenario(AbstractTestNGCucumberTests.java:35)
	at java.base/jdk.internal.reflect.DirectMethodHandleAccessor.invoke(DirectMethodHandleAccessor.java:103)
	at java.base/java.lang.reflect.Method.invoke(Method.java:580)
	at org.testng.internal.invokers.MethodInvocationHelper.invokeMethod(MethodInvocationHelper.java:141)
	at org.testng.internal.invokers.TestInvoker.invokeMethod(TestInvoker.java:686)
	at org.testng.internal.invokers.TestInvoker.invokeTestMethod(TestInvoker.java:230)
	at org.testng.internal.invokers.TestMethodWithDataProviderMethodWorker.call(TestMethodWithDataProviderMethodWorker.java:81)
	at org.testng.internal.thread.Async$AsyncTask.run(Async.java:34)
	at java.base/java.util.concurrent.ThreadPoolExecutor.runWorker(ThreadPoolExecutor.java:1144)
	at java.base/java.util.concurrent.ThreadPoolExecutor$Worker.run(ThreadPoolExecutor.java:642)
	at java.base/java.lang.Thread.run(Thread.java:1575)
Caused by: java.lang.reflect.InvocationTargetException
	at java.base/jdk.internal.reflect.DirectConstructorHandleAccessor.newInstance(DirectConstructorHandleAccessor.java:74)
	at java.base/java.lang.reflect.Constructor.newInstanceWithCaller(Constructor.java:501)
	at java.base/java.lang.reflect.Constructor.newInstance(Constructor.java:485)
	at io.cucumber.core.backend.DefaultObjectFactory.cacheNewInstance(DefaultObjectFactory.java:53)
	... 27 more
Caused by: java.lang.Error: Unresolved compilation problems: 
	The constructor HomePom() is undefined
	The constructor IntroductionPagePom() is undefined
	The field HomePom.contentHeader is not visible
	The field HomePom.contentText is not visible
	The field HomePom.getStartedButton is not visible
	The field IntroductionPagePom.registerLink is not visible
	The field IntroductionPagePom.signInLink is not visible
	dsDropdown cannot be resolved or is not a field
	dsDropdown cannot be resolved or is not a field
	The method clickDropdownItemArray() is undefined for the type IntroductionPagePom
	authenticationMsg cannot be resolved or is not a field
	authenticationMsg cannot be resolved or is not a field
	authenticationMsg cannot be resolved or is not a field
	The method clickDropdownItemLinkedList() is undefined for the type IntroductionPagePom
	authenticationMsg cannot be resolved or is not a field
	authenticationMsg cannot be resolved or is not a field
	authenticationMsg cannot be resolved or is not a field
	The method clickDropdownItemStack() is undefined for the type IntroductionPagePom
	authenticationMsg cannot be resolved or is not a field
	authenticationMsg cannot be resolved or is not a field
	authenticationMsg cannot be resolved or is not a field
	The method clickDropdownItemQueue() is undefined for the type IntroductionPagePom
	authenticationMsg cannot be resolved or is not a field
	authenticationMsg cannot be resolved or is not a field
	authenticationMsg cannot be resolved or is not a field
	The method clickDropdownItemTree() is undefined for the type IntroductionPagePom
	authenticationMsg cannot be resolved or is not a field
	authenticationMsg cannot be resolved or is not a field
	authenticationMsg cannot be resolved or is not a field
	The method clickDropdownItemGraph() is undefined for the type IntroductionPagePom
	authenticationMsg cannot be resolved or is not a field
	authenticationMsg cannot be resolved or is not a field
	authenticationMsg cannot be resolved or is not a field
	authenticationMsg cannot be resolved or is not a field
	authenticationMsg cannot be resolved or is not a field
	authenticationMsg cannot be resolved or is not a field
	authenticationMsg cannot be resolved or is not a field
	authenticationMsg cannot be resolved or is not a field
	authenticationMsg cannot be resolved or is not a field
	The method clickOnLinkedListGetStartedBtn() is undefined for the type IntroductionPagePom
	authenticationMsg cannot be resolved or is not a field
	authenticationMsg cannot be resolved or is not a field
	authenticationMsg cannot be resolved or is not a field
	The method clickOnStackGetStartedBtn() is undefined for the type IntroductionPagePom
	authenticationMsg cannot be resolved or is not a field
	authenticationMsg cannot be resolved or is not a field
	authenticationMsg cannot be resolved or is not a field
	The method clickOnQueueGetStartedBtn() is undefined for the type IntroductionPagePom
	authenticationMsg cannot be resolved or is not a field
	authenticationMsg cannot be resolved or is not a field
	authenticationMsg cannot be resolved or is not a field
	The method clickOnTreeGetStartedBtn() is undefined for the type IntroductionPagePom
	authenticationMsg cannot be resolved or is not a field
	authenticationMsg cannot be resolved or is not a field
	authenticationMsg cannot be resolved or is not a field
	The method clickOnGraphGetStartedBtn() is undefined for the type IntroductionPagePom
	authenticationMsg cannot be resolved or is not a field
	authenticationMsg cannot be resolved or is not a field
	authenticationMsg cannot be resolved or is not a field

	at StepDefinitions.Step_HomePage.&lt;init&gt;(Step_HomePage.java:22)
	at java.base/jdk.internal.reflect.DirectConstructorHandleAccessor.newInstance(DirectConstructorHandleAccessor.java:62)
	... 30 more

</div> <!-- stack-trace -->
                  <em>
(Runs Cucumber Scenarios)                  </em>
                </div> <!-- method-content -->
              </div> <!-- method -->
              <div class="method">
                <div class="method-content">
                  <a name="runScenario(&quot;Verify that user able to see warning message on clicking Get Started buttons of Tree on the home pa...)">
                  </a> <!-- runScenario("Verify that user able to see warning message on clicking Get Started buttons of Tree on the home pa...) -->
                  <span class="method-name">runScenario</span>
                  <span class="parameters">("Verify that user able to see warning message on clicking Get Started buttons of Tree on the home page without Sign in","DSportal App HomePage")</span>
                  <div class="stack-trace">io.cucumber.core.exception.CucumberException: Failed to instantiate class StepDefinitions.Step_HomePage
	at io.cucumber.core.backend.DefaultObjectFactory.cacheNewInstance(DefaultObjectFactory.java:67)
	at io.cucumber.core.backend.DefaultObjectFactory.getInstance(DefaultObjectFactory.java:45)
	at io.cucumber.java.AbstractGlueDefinition.invokeMethod(AbstractGlueDefinition.java:47)
	at io.cucumber.java.JavaStepDefinition.execute(JavaStepDefinition.java:29)
	at io.cucumber.core.runner.CoreStepDefinition.execute(CoreStepDefinition.java:66)
	at io.cucumber.core.runner.PickleStepDefinitionMatch.runStep(PickleStepDefinitionMatch.java:62)
	at io.cucumber.core.runner.ExecutionMode$1.execute(ExecutionMode.java:10)
	at io.cucumber.core.runner.TestStep.executeStep(TestStep.java:81)
	at io.cucumber.core.runner.TestStep.run(TestStep.java:53)
	at io.cucumber.core.runner.PickleStepTestStep.run(PickleStepTestStep.java:51)
	at io.cucumber.core.runner.TestCase.run(TestCase.java:84)
	at io.cucumber.core.runner.Runner.runPickle(Runner.java:75)
	at io.cucumber.testng.TestNGCucumberRunner.lambda$runScenario$1(TestNGCucumberRunner.java:132)
	at io.cucumber.core.runtime.CucumberExecutionContext.lambda$runTestCase$5(CucumberExecutionContext.java:136)
	at io.cucumber.core.runtime.RethrowingThrowableCollector.executeAndThrow(RethrowingThrowableCollector.java:23)
	at io.cucumber.core.runtime.CucumberExecutionContext.runTestCase(CucumberExecutionContext.java:136)
	at io.cucumber.testng.TestNGCucumberRunner.runScenario(TestNGCucumberRunner.java:129)
	at io.cucumber.testng.AbstractTestNGCucumberTests.runScenario(AbstractTestNGCucumberTests.java:35)
	at java.base/jdk.internal.reflect.DirectMethodHandleAccessor.invoke(DirectMethodHandleAccessor.java:103)
	at java.base/java.lang.reflect.Method.invoke(Method.java:580)
	at org.testng.internal.invokers.MethodInvocationHelper.invokeMethod(MethodInvocationHelper.java:141)
	at org.testng.internal.invokers.TestInvoker.invokeMethod(TestInvoker.java:686)
	at org.testng.internal.invokers.TestInvoker.invokeTestMethod(TestInvoker.java:230)
	at org.testng.internal.invokers.TestMethodWithDataProviderMethodWorker.call(TestMethodWithDataProviderMethodWorker.java:81)
	at org.testng.internal.thread.Async$AsyncTask.run(Async.java:34)
	at java.base/java.util.concurrent.ThreadPoolExecutor.runWorker(ThreadPoolExecutor.java:1144)
	at java.base/java.util.concurrent.ThreadPoolExecutor$Worker.run(ThreadPoolExecutor.java:642)
	at java.base/java.lang.Thread.run(Thread.java:1575)
Caused by: java.lang.reflect.InvocationTargetException
	at java.base/jdk.internal.reflect.DirectConstructorHandleAccessor.newInstance(DirectConstructorHandleAccessor.java:74)
	at java.base/java.lang.reflect.Constructor.newInstanceWithCaller(Constructor.java:501)
	at java.base/java.lang.reflect.Constructor.newInstance(Constructor.java:485)
	at io.cucumber.core.backend.DefaultObjectFactory.cacheNewInstance(DefaultObjectFactory.java:53)
	... 27 more
Caused by: java.lang.Error: Unresolved compilation problems: 
	The constructor HomePom() is undefined
	The constructor IntroductionPagePom() is undefined
	The field HomePom.contentHeader is not visible
	The field HomePom.contentText is not visible
	The field HomePom.getStartedButton is not visible
	The field IntroductionPagePom.registerLink is not visible
	The field IntroductionPagePom.signInLink is not visible
	dsDropdown cannot be resolved or is not a field
	dsDropdown cannot be resolved or is not a field
	The method clickDropdownItemArray() is undefined for the type IntroductionPagePom
	authenticationMsg cannot be resolved or is not a field
	authenticationMsg cannot be resolved or is not a field
	authenticationMsg cannot be resolved or is not a field
	The method clickDropdownItemLinkedList() is undefined for the type IntroductionPagePom
	authenticationMsg cannot be resolved or is not a field
	authenticationMsg cannot be resolved or is not a field
	authenticationMsg cannot be resolved or is not a field
	The method clickDropdownItemStack() is undefined for the type IntroductionPagePom
	authenticationMsg cannot be resolved or is not a field
	authenticationMsg cannot be resolved or is not a field
	authenticationMsg cannot be resolved or is not a field
	The method clickDropdownItemQueue() is undefined for the type IntroductionPagePom
	authenticationMsg cannot be resolved or is not a field
	authenticationMsg cannot be resolved or is not a field
	authenticationMsg cannot be resolved or is not a field
	The method clickDropdownItemTree() is undefined for the type IntroductionPagePom
	authenticationMsg cannot be resolved or is not a field
	authenticationMsg cannot be resolved or is not a field
	authenticationMsg cannot be resolved or is not a field
	The method clickDropdownItemGraph() is undefined for the type IntroductionPagePom
	authenticationMsg cannot be resolved or is not a field
	authenticationMsg cannot be resolved or is not a field
	authenticationMsg cannot be resolved or is not a field
	authenticationMsg cannot be resolved or is not a field
	authenticationMsg cannot be resolved or is not a field
	authenticationMsg cannot be resolved or is not a field
	authenticationMsg cannot be resolved or is not a field
	authenticationMsg cannot be resolved or is not a field
	authenticationMsg cannot be resolved or is not a field
	The method clickOnLinkedListGetStartedBtn() is undefined for the type IntroductionPagePom
	authenticationMsg cannot be resolved or is not a field
	authenticationMsg cannot be resolved or is not a field
	authenticationMsg cannot be resolved or is not a field
	The method clickOnStackGetStartedBtn() is undefined for the type IntroductionPagePom
	authenticationMsg cannot be resolved or is not a field
	authenticationMsg cannot be resolved or is not a field
	authenticationMsg cannot be resolved or is not a field
	The method clickOnQueueGetStartedBtn() is undefined for the type IntroductionPagePom
	authenticationMsg cannot be resolved or is not a field
	authenticationMsg cannot be resolved or is not a field
	authenticationMsg cannot be resolved or is not a field
	The method clickOnTreeGetStartedBtn() is undefined for the type IntroductionPagePom
	authenticationMsg cannot be resolved or is not a field
	authenticationMsg cannot be resolved or is not a field
	authenticationMsg cannot be resolved or is not a field
	The method clickOnGraphGetStartedBtn() is undefined for the type IntroductionPagePom
	authenticationMsg cannot be resolved or is not a field
	authenticationMsg cannot be resolved or is not a field
	authenticationMsg cannot be resolved or is not a field

	at StepDefinitions.Step_HomePage.&lt;init&gt;(Step_HomePage.java:22)
	at java.base/jdk.internal.reflect.DirectConstructorHandleAccessor.newInstance(DirectConstructorHandleAccessor.java:62)
	... 30 more

</div> <!-- stack-trace -->
                  <em>
(Runs Cucumber Scenarios)                  </em>
                </div> <!-- method-content -->
              </div> <!-- method -->
              <div class="method">
                <div class="method-content">
                  <a name="runScenario(&quot;Verify that user able to see warning message on clicking Get Started buttons of Graph on the home p...)">
                  </a> <!-- runScenario("Verify that user able to see warning message on clicking Get Started buttons of Graph on the home p...) -->
                  <span class="method-name">runScenario</span>
                  <span class="parameters">("Verify that user able to see warning message on clicking Get Started buttons of Graph on the home page without Sign in","DSportal App HomePage")</span>
                  <div class="stack-trace">io.cucumber.core.exception.CucumberException: Failed to instantiate class StepDefinitions.Step_HomePage
	at io.cucumber.core.backend.DefaultObjectFactory.cacheNewInstance(DefaultObjectFactory.java:67)
	at io.cucumber.core.backend.DefaultObjectFactory.getInstance(DefaultObjectFactory.java:45)
	at io.cucumber.java.AbstractGlueDefinition.invokeMethod(AbstractGlueDefinition.java:47)
	at io.cucumber.java.JavaStepDefinition.execute(JavaStepDefinition.java:29)
	at io.cucumber.core.runner.CoreStepDefinition.execute(CoreStepDefinition.java:66)
	at io.cucumber.core.runner.PickleStepDefinitionMatch.runStep(PickleStepDefinitionMatch.java:62)
	at io.cucumber.core.runner.ExecutionMode$1.execute(ExecutionMode.java:10)
	at io.cucumber.core.runner.TestStep.executeStep(TestStep.java:81)
	at io.cucumber.core.runner.TestStep.run(TestStep.java:53)
	at io.cucumber.core.runner.PickleStepTestStep.run(PickleStepTestStep.java:51)
	at io.cucumber.core.runner.TestCase.run(TestCase.java:84)
	at io.cucumber.core.runner.Runner.runPickle(Runner.java:75)
	at io.cucumber.testng.TestNGCucumberRunner.lambda$runScenario$1(TestNGCucumberRunner.java:132)
	at io.cucumber.core.runtime.CucumberExecutionContext.lambda$runTestCase$5(CucumberExecutionContext.java:136)
	at io.cucumber.core.runtime.RethrowingThrowableCollector.executeAndThrow(RethrowingThrowableCollector.java:23)
	at io.cucumber.core.runtime.CucumberExecutionContext.runTestCase(CucumberExecutionContext.java:136)
	at io.cucumber.testng.TestNGCucumberRunner.runScenario(TestNGCucumberRunner.java:129)
	at io.cucumber.testng.AbstractTestNGCucumberTests.runScenario(AbstractTestNGCucumberTests.java:35)
	at java.base/jdk.internal.reflect.DirectMethodHandleAccessor.invoke(DirectMethodHandleAccessor.java:103)
	at java.base/java.lang.reflect.Method.invoke(Method.java:580)
	at org.testng.internal.invokers.MethodInvocationHelper.invokeMethod(MethodInvocationHelper.java:141)
	at org.testng.internal.invokers.TestInvoker.invokeMethod(TestInvoker.java:686)
	at org.testng.internal.invokers.TestInvoker.invokeTestMethod(TestInvoker.java:230)
	at org.testng.internal.invokers.TestMethodWithDataProviderMethodWorker.call(TestMethodWithDataProviderMethodWorker.java:81)
	at org.testng.internal.thread.Async$AsyncTask.run(Async.java:34)
	at java.base/java.util.concurrent.ThreadPoolExecutor.runWorker(ThreadPoolExecutor.java:1144)
	at java.base/java.util.concurrent.ThreadPoolExecutor$Worker.run(ThreadPoolExecutor.java:642)
	at java.base/java.lang.Thread.run(Thread.java:1575)
Caused by: java.lang.reflect.InvocationTargetException
	at java.base/jdk.internal.reflect.DirectConstructorHandleAccessor.newInstance(DirectConstructorHandleAccessor.java:74)
	at java.base/java.lang.reflect.Constructor.newInstanceWithCaller(Constructor.java:501)
	at java.base/java.lang.reflect.Constructor.newInstance(Constructor.java:485)
	at io.cucumber.core.backend.DefaultObjectFactory.cacheNewInstance(DefaultObjectFactory.java:53)
	... 27 more
Caused by: java.lang.Error: Unresolved compilation problems: 
	The constructor HomePom() is undefined
	The constructor IntroductionPagePom() is undefined
	The field HomePom.contentHeader is not visible
	The field HomePom.contentText is not visible
	The field HomePom.getStartedButton is not visible
	The field IntroductionPagePom.registerLink is not visible
	The field IntroductionPagePom.signInLink is not visible
	dsDropdown cannot be resolved or is not a field
	dsDropdown cannot be resolved or is not a field
	The method clickDropdownItemArray() is undefined for the type IntroductionPagePom
	authenticationMsg cannot be resolved or is not a field
	authenticationMsg cannot be resolved or is not a field
	authenticationMsg cannot be resolved or is not a field
	The method clickDropdownItemLinkedList() is undefined for the type IntroductionPagePom
	authenticationMsg cannot be resolved or is not a field
	authenticationMsg cannot be resolved or is not a field
	authenticationMsg cannot be resolved or is not a field
	The method clickDropdownItemStack() is undefined for the type IntroductionPagePom
	authenticationMsg cannot be resolved or is not a field
	authenticationMsg cannot be resolved or is not a field
	authenticationMsg cannot be resolved or is not a field
	The method clickDropdownItemQueue() is undefined for the type IntroductionPagePom
	authenticationMsg cannot be resolved or is not a field
	authenticationMsg cannot be resolved or is not a field
	authenticationMsg cannot be resolved or is not a field
	The method clickDropdownItemTree() is undefined for the type IntroductionPagePom
	authenticationMsg cannot be resolved or is not a field
	authenticationMsg cannot be resolved or is not a field
	authenticationMsg cannot be resolved or is not a field
	The method clickDropdownItemGraph() is undefined for the type IntroductionPagePom
	authenticationMsg cannot be resolved or is not a field
	authenticationMsg cannot be resolved or is not a field
	authenticationMsg cannot be resolved or is not a field
	authenticationMsg cannot be resolved or is not a field
	authenticationMsg cannot be resolved or is not a field
	authenticationMsg cannot be resolved or is not a field
	authenticationMsg cannot be resolved or is not a field
	authenticationMsg cannot be resolved or is not a field
	authenticationMsg cannot be resolved or is not a field
	The method clickOnLinkedListGetStartedBtn() is undefined for the type IntroductionPagePom
	authenticationMsg cannot be resolved or is not a field
	authenticationMsg cannot be resolved or is not a field
	authenticationMsg cannot be resolved or is not a field
	The method clickOnStackGetStartedBtn() is undefined for the type IntroductionPagePom
	authenticationMsg cannot be resolved or is not a field
	authenticationMsg cannot be resolved or is not a field
	authenticationMsg cannot be resolved or is not a field
	The method clickOnQueueGetStartedBtn() is undefined for the type IntroductionPagePom
	authenticationMsg cannot be resolved or is not a field
	authenticationMsg cannot be resolved or is not a field
	authenticationMsg cannot be resolved or is not a field
	The method clickOnTreeGetStartedBtn() is undefined for the type IntroductionPagePom
	authenticationMsg cannot be resolved or is not a field
	authenticationMsg cannot be resolved or is not a field
	authenticationMsg cannot be resolved or is not a field
	The method clickOnGraphGetStartedBtn() is undefined for the type IntroductionPagePom
	authenticationMsg cannot be resolved or is not a field
	authenticationMsg cannot be resolved or is not a field
	authenticationMsg cannot be resolved or is not a field

	at StepDefinitions.Step_HomePage.&lt;init&gt;(Step_HomePage.java:22)
	at java.base/jdk.internal.reflect.DirectConstructorHandleAccessor.newInstance(DirectConstructorHandleAccessor.java:62)
	... 30 more

</div> <!-- stack-trace -->
                  <em>
(Runs Cucumber Scenarios)                  </em>
                </div> <!-- method-content -->
              </div> <!-- method -->
              <div class="method">
                <div class="method-content">
                  <a name="runScenario(&quot;Verify that user able to see warning message on clicking Get Started buttons of Stack on the home p...)">
                  </a> <!-- runScenario("Verify that user able to see warning message on clicking Get Started buttons of Stack on the home p...) -->
                  <span class="method-name">runScenario</span>
                  <span class="parameters">("Verify that user able to see warning message on clicking Get Started buttons of Stack on the home page without Sign in","DSportal App HomePage")</span>
                  <div class="stack-trace">io.cucumber.core.exception.CucumberException: Failed to instantiate class StepDefinitions.Step_HomePage
	at io.cucumber.core.backend.DefaultObjectFactory.cacheNewInstance(DefaultObjectFactory.java:67)
	at io.cucumber.core.backend.DefaultObjectFactory.getInstance(DefaultObjectFactory.java:45)
	at io.cucumber.java.AbstractGlueDefinition.invokeMethod(AbstractGlueDefinition.java:47)
	at io.cucumber.java.JavaStepDefinition.execute(JavaStepDefinition.java:29)
	at io.cucumber.core.runner.CoreStepDefinition.execute(CoreStepDefinition.java:66)
	at io.cucumber.core.runner.PickleStepDefinitionMatch.runStep(PickleStepDefinitionMatch.java:62)
	at io.cucumber.core.runner.ExecutionMode$1.execute(ExecutionMode.java:10)
	at io.cucumber.core.runner.TestStep.executeStep(TestStep.java:81)
	at io.cucumber.core.runner.TestStep.run(TestStep.java:53)
	at io.cucumber.core.runner.PickleStepTestStep.run(PickleStepTestStep.java:51)
	at io.cucumber.core.runner.TestCase.run(TestCase.java:84)
	at io.cucumber.core.runner.Runner.runPickle(Runner.java:75)
	at io.cucumber.testng.TestNGCucumberRunner.lambda$runScenario$1(TestNGCucumberRunner.java:132)
	at io.cucumber.core.runtime.CucumberExecutionContext.lambda$runTestCase$5(CucumberExecutionContext.java:136)
	at io.cucumber.core.runtime.RethrowingThrowableCollector.executeAndThrow(RethrowingThrowableCollector.java:23)
	at io.cucumber.core.runtime.CucumberExecutionContext.runTestCase(CucumberExecutionContext.java:136)
	at io.cucumber.testng.TestNGCucumberRunner.runScenario(TestNGCucumberRunner.java:129)
	at io.cucumber.testng.AbstractTestNGCucumberTests.runScenario(AbstractTestNGCucumberTests.java:35)
	at java.base/jdk.internal.reflect.DirectMethodHandleAccessor.invoke(DirectMethodHandleAccessor.java:103)
	at java.base/java.lang.reflect.Method.invoke(Method.java:580)
	at org.testng.internal.invokers.MethodInvocationHelper.invokeMethod(MethodInvocationHelper.java:141)
	at org.testng.internal.invokers.TestInvoker.invokeMethod(TestInvoker.java:686)
	at org.testng.internal.invokers.TestInvoker.invokeTestMethod(TestInvoker.java:230)
	at org.testng.internal.invokers.TestMethodWithDataProviderMethodWorker.call(TestMethodWithDataProviderMethodWorker.java:81)
	at org.testng.internal.thread.Async$AsyncTask.run(Async.java:34)
	at java.base/java.util.concurrent.ThreadPoolExecutor.runWorker(ThreadPoolExecutor.java:1144)
	at java.base/java.util.concurrent.ThreadPoolExecutor$Worker.run(ThreadPoolExecutor.java:642)
	at java.base/java.lang.Thread.run(Thread.java:1575)
Caused by: java.lang.reflect.InvocationTargetException
	at java.base/jdk.internal.reflect.DirectConstructorHandleAccessor.newInstance(DirectConstructorHandleAccessor.java:74)
	at java.base/java.lang.reflect.Constructor.newInstanceWithCaller(Constructor.java:501)
	at java.base/java.lang.reflect.Constructor.newInstance(Constructor.java:485)
	at io.cucumber.core.backend.DefaultObjectFactory.cacheNewInstance(DefaultObjectFactory.java:53)
	... 27 more
Caused by: java.lang.Error: Unresolved compilation problems: 
	The constructor HomePom() is undefined
	The constructor IntroductionPagePom() is undefined
	The field HomePom.contentHeader is not visible
	The field HomePom.contentText is not visible
	The field HomePom.getStartedButton is not visible
	The field IntroductionPagePom.registerLink is not visible
	The field IntroductionPagePom.signInLink is not visible
	dsDropdown cannot be resolved or is not a field
	dsDropdown cannot be resolved or is not a field
	The method clickDropdownItemArray() is undefined for the type IntroductionPagePom
	authenticationMsg cannot be resolved or is not a field
	authenticationMsg cannot be resolved or is not a field
	authenticationMsg cannot be resolved or is not a field
	The method clickDropdownItemLinkedList() is undefined for the type IntroductionPagePom
	authenticationMsg cannot be resolved or is not a field
	authenticationMsg cannot be resolved or is not a field
	authenticationMsg cannot be resolved or is not a field
	The method clickDropdownItemStack() is undefined for the type IntroductionPagePom
	authenticationMsg cannot be resolved or is not a field
	authenticationMsg cannot be resolved or is not a field
	authenticationMsg cannot be resolved or is not a field
	The method clickDropdownItemQueue() is undefined for the type IntroductionPagePom
	authenticationMsg cannot be resolved or is not a field
	authenticationMsg cannot be resolved or is not a field
	authenticationMsg cannot be resolved or is not a field
	The method clickDropdownItemTree() is undefined for the type IntroductionPagePom
	authenticationMsg cannot be resolved or is not a field
	authenticationMsg cannot be resolved or is not a field
	authenticationMsg cannot be resolved or is not a field
	The method clickDropdownItemGraph() is undefined for the type IntroductionPagePom
	authenticationMsg cannot be resolved or is not a field
	authenticationMsg cannot be resolved or is not a field
	authenticationMsg cannot be resolved or is not a field
	authenticationMsg cannot be resolved or is not a field
	authenticationMsg cannot be resolved or is not a field
	authenticationMsg cannot be resolved or is not a field
	authenticationMsg cannot be resolved or is not a field
	authenticationMsg cannot be resolved or is not a field
	authenticationMsg cannot be resolved or is not a field
	The method clickOnLinkedListGetStartedBtn() is undefined for the type IntroductionPagePom
	authenticationMsg cannot be resolved or is not a field
	authenticationMsg cannot be resolved or is not a field
	authenticationMsg cannot be resolved or is not a field
	The method clickOnStackGetStartedBtn() is undefined for the type IntroductionPagePom
	authenticationMsg cannot be resolved or is not a field
	authenticationMsg cannot be resolved or is not a field
	authenticationMsg cannot be resolved or is not a field
	The method clickOnQueueGetStartedBtn() is undefined for the type IntroductionPagePom
	authenticationMsg cannot be resolved or is not a field
	authenticationMsg cannot be resolved or is not a field
	authenticationMsg cannot be resolved or is not a field
	The method clickOnTreeGetStartedBtn() is undefined for the type IntroductionPagePom
	authenticationMsg cannot be resolved or is not a field
	authenticationMsg cannot be resolved or is not a field
	authenticationMsg cannot be resolved or is not a field
	The method clickOnGraphGetStartedBtn() is undefined for the type IntroductionPagePom
	authenticationMsg cannot be resolved or is not a field
	authenticationMsg cannot be resolved or is not a field
	authenticationMsg cannot be resolved or is not a field

	at StepDefinitions.Step_HomePage.&lt;init&gt;(Step_HomePage.java:22)
	at java.base/jdk.internal.reflect.DirectConstructorHandleAccessor.newInstance(DirectConstructorHandleAccessor.java:62)
	... 30 more

</div> <!-- stack-trace -->
                  <em>
(Runs Cucumber Scenarios)                  </em>
                </div> <!-- method-content -->
              </div> <!-- method -->
              <div class="method">
                <div class="method-content">
                  <a name="runScenario(&quot;Verify that user receives error message for empty Password Confirmation field during registration&quot;,...)">
                  </a> <!-- runScenario("Verify that user receives error message for empty Password Confirmation field during registration",...) -->
                  <span class="method-name">runScenario</span>
                  <span class="parameters">("Verify that user receives error message for empty Password Confirmation field during registration","Registration")</span>
                  <div class="stack-trace">io.cucumber.core.exception.CucumberException: Failed to instantiate class StepDefinitions.Step_RegisterPage
	at io.cucumber.core.backend.DefaultObjectFactory.cacheNewInstance(DefaultObjectFactory.java:67)
	at io.cucumber.core.backend.DefaultObjectFactory.getInstance(DefaultObjectFactory.java:45)
	at io.cucumber.java.AbstractGlueDefinition.invokeMethod(AbstractGlueDefinition.java:47)
	at io.cucumber.java.JavaStepDefinition.execute(JavaStepDefinition.java:29)
	at io.cucumber.core.runner.CoreStepDefinition.execute(CoreStepDefinition.java:66)
	at io.cucumber.core.runner.PickleStepDefinitionMatch.runStep(PickleStepDefinitionMatch.java:62)
	at io.cucumber.core.runner.ExecutionMode$1.execute(ExecutionMode.java:10)
	at io.cucumber.core.runner.TestStep.executeStep(TestStep.java:81)
	at io.cucumber.core.runner.TestStep.run(TestStep.java:53)
	at io.cucumber.core.runner.PickleStepTestStep.run(PickleStepTestStep.java:51)
	at io.cucumber.core.runner.TestCase.run(TestCase.java:84)
	at io.cucumber.core.runner.Runner.runPickle(Runner.java:75)
	at io.cucumber.testng.TestNGCucumberRunner.lambda$runScenario$1(TestNGCucumberRunner.java:132)
	at io.cucumber.core.runtime.CucumberExecutionContext.lambda$runTestCase$5(CucumberExecutionContext.java:136)
	at io.cucumber.core.runtime.RethrowingThrowableCollector.executeAndThrow(RethrowingThrowableCollector.java:23)
	at io.cucumber.core.runtime.CucumberExecutionContext.runTestCase(CucumberExecutionContext.java:136)
	at io.cucumber.testng.TestNGCucumberRunner.runScenario(TestNGCucumberRunner.java:129)
	at io.cucumber.testng.AbstractTestNGCucumberTests.runScenario(AbstractTestNGCucumberTests.java:35)
	at java.base/jdk.internal.reflect.DirectMethodHandleAccessor.invoke(DirectMethodHandleAccessor.java:103)
	at java.base/java.lang.reflect.Method.invoke(Method.java:580)
	at org.testng.internal.invokers.MethodInvocationHelper.invokeMethod(MethodInvocationHelper.java:141)
	at org.testng.internal.invokers.TestInvoker.invokeMethod(TestInvoker.java:686)
	at org.testng.internal.invokers.TestInvoker.invokeTestMethod(TestInvoker.java:230)
	at org.testng.internal.invokers.TestMethodWithDataProviderMethodWorker.call(TestMethodWithDataProviderMethodWorker.java:81)
	at org.testng.internal.thread.Async$AsyncTask.run(Async.java:34)
	at java.base/java.util.concurrent.ThreadPoolExecutor.runWorker(ThreadPoolExecutor.java:1144)
	at java.base/java.util.concurrent.ThreadPoolExecutor$Worker.run(ThreadPoolExecutor.java:642)
	at java.base/java.lang.Thread.run(Thread.java:1575)
Caused by: java.lang.reflect.InvocationTargetException
	at java.base/jdk.internal.reflect.DirectConstructorHandleAccessor.newInstance(DirectConstructorHandleAccessor.java:74)
	at java.base/java.lang.reflect.Constructor.newInstanceWithCaller(Constructor.java:501)
	at java.base/java.lang.reflect.Constructor.newInstance(Constructor.java:485)
	at io.cucumber.core.backend.DefaultObjectFactory.cacheNewInstance(DefaultObjectFactory.java:53)
	... 27 more
Caused by: java.lang.Error: Unresolved compilation problems: 
	The constructor IntroductionPagePom() is undefined
	The constructor HomePom() is undefined
	The method getPageTitle() is undefined for the type IntroductionPagePom

	at StepDefinitions.Step_RegisterPage.&lt;init&gt;(Step_RegisterPage.java:18)
	at java.base/jdk.internal.reflect.DirectConstructorHandleAccessor.newInstance(DirectConstructorHandleAccessor.java:62)
	... 30 more

</div> <!-- stack-trace -->
                  <em>
(Runs Cucumber Scenarios)                  </em>
                </div> <!-- method-content -->
              </div> <!-- method -->
              <div class="method">
                <div class="method-content">
                  <a name="runScenario(&quot;Validate user navigate to DS Intro Page&quot;, &quot;DSportal App HomePage&quot;)">
                  </a> <!-- runScenario("Validate user navigate to DS Intro Page", "DSportal App HomePage") -->
                  <span class="method-name">runScenario</span>
                  <span class="parameters">("Validate user navigate to DS Intro Page","DSportal App HomePage")</span>
                  <div class="stack-trace">io.cucumber.core.exception.CucumberException: Failed to instantiate class StepDefinitions.Step_HomePage
	at io.cucumber.core.backend.DefaultObjectFactory.cacheNewInstance(DefaultObjectFactory.java:67)
	at io.cucumber.core.backend.DefaultObjectFactory.getInstance(DefaultObjectFactory.java:45)
	at io.cucumber.java.AbstractGlueDefinition.invokeMethod(AbstractGlueDefinition.java:47)
	at io.cucumber.java.JavaStepDefinition.execute(JavaStepDefinition.java:29)
	at io.cucumber.core.runner.CoreStepDefinition.execute(CoreStepDefinition.java:66)
	at io.cucumber.core.runner.PickleStepDefinitionMatch.runStep(PickleStepDefinitionMatch.java:62)
	at io.cucumber.core.runner.ExecutionMode$1.execute(ExecutionMode.java:10)
	at io.cucumber.core.runner.TestStep.executeStep(TestStep.java:81)
	at io.cucumber.core.runner.TestStep.run(TestStep.java:53)
	at io.cucumber.core.runner.PickleStepTestStep.run(PickleStepTestStep.java:51)
	at io.cucumber.core.runner.TestCase.run(TestCase.java:84)
	at io.cucumber.core.runner.Runner.runPickle(Runner.java:75)
	at io.cucumber.testng.TestNGCucumberRunner.lambda$runScenario$1(TestNGCucumberRunner.java:132)
	at io.cucumber.core.runtime.CucumberExecutionContext.lambda$runTestCase$5(CucumberExecutionContext.java:136)
	at io.cucumber.core.runtime.RethrowingThrowableCollector.executeAndThrow(RethrowingThrowableCollector.java:23)
	at io.cucumber.core.runtime.CucumberExecutionContext.runTestCase(CucumberExecutionContext.java:136)
	at io.cucumber.testng.TestNGCucumberRunner.runScenario(TestNGCucumberRunner.java:129)
	at io.cucumber.testng.AbstractTestNGCucumberTests.runScenario(AbstractTestNGCucumberTests.java:35)
	at java.base/jdk.internal.reflect.DirectMethodHandleAccessor.invoke(DirectMethodHandleAccessor.java:103)
	at java.base/java.lang.reflect.Method.invoke(Method.java:580)
	at org.testng.internal.invokers.MethodInvocationHelper.invokeMethod(MethodInvocationHelper.java:141)
	at org.testng.internal.invokers.TestInvoker.invokeMethod(TestInvoker.java:686)
	at org.testng.internal.invokers.TestInvoker.invokeTestMethod(TestInvoker.java:230)
	at org.testng.internal.invokers.TestMethodWithDataProviderMethodWorker.call(TestMethodWithDataProviderMethodWorker.java:81)
	at org.testng.internal.thread.Async$AsyncTask.run(Async.java:34)
	at java.base/java.util.concurrent.ThreadPoolExecutor.runWorker(ThreadPoolExecutor.java:1144)
	at java.base/java.util.concurrent.ThreadPoolExecutor$Worker.run(ThreadPoolExecutor.java:642)
	at java.base/java.lang.Thread.run(Thread.java:1575)
Caused by: java.lang.reflect.InvocationTargetException
	at java.base/jdk.internal.reflect.DirectConstructorHandleAccessor.newInstance(DirectConstructorHandleAccessor.java:74)
	at java.base/java.lang.reflect.Constructor.newInstanceWithCaller(Constructor.java:501)
	at java.base/java.lang.reflect.Constructor.newInstance(Constructor.java:485)
	at io.cucumber.core.backend.DefaultObjectFactory.cacheNewInstance(DefaultObjectFactory.java:53)
	... 27 more
Caused by: java.lang.Error: Unresolved compilation problems: 
	The constructor HomePom() is undefined
	The constructor IntroductionPagePom() is undefined
	The field HomePom.contentHeader is not visible
	The field HomePom.contentText is not visible
	The field HomePom.getStartedButton is not visible
	The field IntroductionPagePom.registerLink is not visible
	The field IntroductionPagePom.signInLink is not visible
	dsDropdown cannot be resolved or is not a field
	dsDropdown cannot be resolved or is not a field
	The method clickDropdownItemArray() is undefined for the type IntroductionPagePom
	authenticationMsg cannot be resolved or is not a field
	authenticationMsg cannot be resolved or is not a field
	authenticationMsg cannot be resolved or is not a field
	The method clickDropdownItemLinkedList() is undefined for the type IntroductionPagePom
	authenticationMsg cannot be resolved or is not a field
	authenticationMsg cannot be resolved or is not a field
	authenticationMsg cannot be resolved or is not a field
	The method clickDropdownItemStack() is undefined for the type IntroductionPagePom
	authenticationMsg cannot be resolved or is not a field
	authenticationMsg cannot be resolved or is not a field
	authenticationMsg cannot be resolved or is not a field
	The method clickDropdownItemQueue() is undefined for the type IntroductionPagePom
	authenticationMsg cannot be resolved or is not a field
	authenticationMsg cannot be resolved or is not a field
	authenticationMsg cannot be resolved or is not a field
	The method clickDropdownItemTree() is undefined for the type IntroductionPagePom
	authenticationMsg cannot be resolved or is not a field
	authenticationMsg cannot be resolved or is not a field
	authenticationMsg cannot be resolved or is not a field
	The method clickDropdownItemGraph() is undefined for the type IntroductionPagePom
	authenticationMsg cannot be resolved or is not a field
	authenticationMsg cannot be resolved or is not a field
	authenticationMsg cannot be resolved or is not a field
	authenticationMsg cannot be resolved or is not a field
	authenticationMsg cannot be resolved or is not a field
	authenticationMsg cannot be resolved or is not a field
	authenticationMsg cannot be resolved or is not a field
	authenticationMsg cannot be resolved or is not a field
	authenticationMsg cannot be resolved or is not a field
	The method clickOnLinkedListGetStartedBtn() is undefined for the type IntroductionPagePom
	authenticationMsg cannot be resolved or is not a field
	authenticationMsg cannot be resolved or is not a field
	authenticationMsg cannot be resolved or is not a field
	The method clickOnStackGetStartedBtn() is undefined for the type IntroductionPagePom
	authenticationMsg cannot be resolved or is not a field
	authenticationMsg cannot be resolved or is not a field
	authenticationMsg cannot be resolved or is not a field
	The method clickOnQueueGetStartedBtn() is undefined for the type IntroductionPagePom
	authenticationMsg cannot be resolved or is not a field
	authenticationMsg cannot be resolved or is not a field
	authenticationMsg cannot be resolved or is not a field
	The method clickOnTreeGetStartedBtn() is undefined for the type IntroductionPagePom
	authenticationMsg cannot be resolved or is not a field
	authenticationMsg cannot be resolved or is not a field
	authenticationMsg cannot be resolved or is not a field
	The method clickOnGraphGetStartedBtn() is undefined for the type IntroductionPagePom
	authenticationMsg cannot be resolved or is not a field
	authenticationMsg cannot be resolved or is not a field
	authenticationMsg cannot be resolved or is not a field

	at StepDefinitions.Step_HomePage.&lt;init&gt;(Step_HomePage.java:22)
	at java.base/jdk.internal.reflect.DirectConstructorHandleAccessor.newInstance(DirectConstructorHandleAccessor.java:62)
	... 30 more

</div> <!-- stack-trace -->
                  <em>
(Runs Cucumber Scenarios)                  </em>
                </div> <!-- method-content -->
              </div> <!-- method -->
              <div class="method">
                <div class="method-content">
                  <a name="runScenario(&quot;Verify that user is able to successfully register using valid username and password details&quot;, &quot;Regi...)">
                  </a> <!-- runScenario("Verify that user is able to successfully register using valid username and password details", "Regi...) -->
                  <span class="method-name">runScenario</span>
                  <span class="parameters">("Verify that user is able to successfully register using valid username and password details","Registration")</span>
                  <div class="stack-trace">io.cucumber.core.exception.CucumberException: Failed to instantiate class StepDefinitions.Step_RegisterPage
	at io.cucumber.core.backend.DefaultObjectFactory.cacheNewInstance(DefaultObjectFactory.java:67)
	at io.cucumber.core.backend.DefaultObjectFactory.getInstance(DefaultObjectFactory.java:45)
	at io.cucumber.java.AbstractGlueDefinition.invokeMethod(AbstractGlueDefinition.java:47)
	at io.cucumber.java.JavaStepDefinition.execute(JavaStepDefinition.java:29)
	at io.cucumber.core.runner.CoreStepDefinition.execute(CoreStepDefinition.java:66)
	at io.cucumber.core.runner.PickleStepDefinitionMatch.runStep(PickleStepDefinitionMatch.java:62)
	at io.cucumber.core.runner.ExecutionMode$1.execute(ExecutionMode.java:10)
	at io.cucumber.core.runner.TestStep.executeStep(TestStep.java:81)
	at io.cucumber.core.runner.TestStep.run(TestStep.java:53)
	at io.cucumber.core.runner.PickleStepTestStep.run(PickleStepTestStep.java:51)
	at io.cucumber.core.runner.TestCase.run(TestCase.java:84)
	at io.cucumber.core.runner.Runner.runPickle(Runner.java:75)
	at io.cucumber.testng.TestNGCucumberRunner.lambda$runScenario$1(TestNGCucumberRunner.java:132)
	at io.cucumber.core.runtime.CucumberExecutionContext.lambda$runTestCase$5(CucumberExecutionContext.java:136)
	at io.cucumber.core.runtime.RethrowingThrowableCollector.executeAndThrow(RethrowingThrowableCollector.java:23)
	at io.cucumber.core.runtime.CucumberExecutionContext.runTestCase(CucumberExecutionContext.java:136)
	at io.cucumber.testng.TestNGCucumberRunner.runScenario(TestNGCucumberRunner.java:129)
	at io.cucumber.testng.AbstractTestNGCucumberTests.runScenario(AbstractTestNGCucumberTests.java:35)
	at java.base/jdk.internal.reflect.DirectMethodHandleAccessor.invoke(DirectMethodHandleAccessor.java:103)
	at java.base/java.lang.reflect.Method.invoke(Method.java:580)
	at org.testng.internal.invokers.MethodInvocationHelper.invokeMethod(MethodInvocationHelper.java:141)
	at org.testng.internal.invokers.TestInvoker.invokeMethod(TestInvoker.java:686)
	at org.testng.internal.invokers.TestInvoker.invokeTestMethod(TestInvoker.java:230)
	at org.testng.internal.invokers.TestMethodWithDataProviderMethodWorker.call(TestMethodWithDataProviderMethodWorker.java:81)
	at org.testng.internal.thread.Async$AsyncTask.run(Async.java:34)
	at java.base/java.util.concurrent.ThreadPoolExecutor.runWorker(ThreadPoolExecutor.java:1144)
	at java.base/java.util.concurrent.ThreadPoolExecutor$Worker.run(ThreadPoolExecutor.java:642)
	at java.base/java.lang.Thread.run(Thread.java:1575)
Caused by: java.lang.reflect.InvocationTargetException
	at java.base/jdk.internal.reflect.DirectConstructorHandleAccessor.newInstance(DirectConstructorHandleAccessor.java:74)
	at java.base/java.lang.reflect.Constructor.newInstanceWithCaller(Constructor.java:501)
	at java.base/java.lang.reflect.Constructor.newInstance(Constructor.java:485)
	at io.cucumber.core.backend.DefaultObjectFactory.cacheNewInstance(DefaultObjectFactory.java:53)
	... 27 more
Caused by: java.lang.Error: Unresolved compilation problems: 
	The constructor IntroductionPagePom() is undefined
	The constructor HomePom() is undefined
	The method getPageTitle() is undefined for the type IntroductionPagePom

	at StepDefinitions.Step_RegisterPage.&lt;init&gt;(Step_RegisterPage.java:18)
	at java.base/jdk.internal.reflect.DirectConstructorHandleAccessor.newInstance(DirectConstructorHandleAccessor.java:62)
	... 30 more

</div> <!-- stack-trace -->
                  <em>
(Runs Cucumber Scenarios)                  </em>
                </div> <!-- method-content -->
              </div> <!-- method -->
              <div class="method">
                <div class="method-content">
                  <a name="runScenario(&quot;Verify that user is able to click on login link from Registration page&quot;, &quot;Registration&quot;)">
                  </a> <!-- runScenario("Verify that user is able to click on login link from Registration page", "Registration") -->
                  <span class="method-name">runScenario</span>
                  <span class="parameters">("Verify that user is able to click on login link from Registration page","Registration")</span>
                  <div class="stack-trace">io.cucumber.core.exception.CucumberException: Failed to instantiate class StepDefinitions.Step_RegisterPage
	at io.cucumber.core.backend.DefaultObjectFactory.cacheNewInstance(DefaultObjectFactory.java:67)
	at io.cucumber.core.backend.DefaultObjectFactory.getInstance(DefaultObjectFactory.java:45)
	at io.cucumber.java.AbstractGlueDefinition.invokeMethod(AbstractGlueDefinition.java:47)
	at io.cucumber.java.JavaStepDefinition.execute(JavaStepDefinition.java:29)
	at io.cucumber.core.runner.CoreStepDefinition.execute(CoreStepDefinition.java:66)
	at io.cucumber.core.runner.PickleStepDefinitionMatch.runStep(PickleStepDefinitionMatch.java:62)
	at io.cucumber.core.runner.ExecutionMode$1.execute(ExecutionMode.java:10)
	at io.cucumber.core.runner.TestStep.executeStep(TestStep.java:81)
	at io.cucumber.core.runner.TestStep.run(TestStep.java:53)
	at io.cucumber.core.runner.PickleStepTestStep.run(PickleStepTestStep.java:51)
	at io.cucumber.core.runner.TestCase.run(TestCase.java:84)
	at io.cucumber.core.runner.Runner.runPickle(Runner.java:75)
	at io.cucumber.testng.TestNGCucumberRunner.lambda$runScenario$1(TestNGCucumberRunner.java:132)
	at io.cucumber.core.runtime.CucumberExecutionContext.lambda$runTestCase$5(CucumberExecutionContext.java:136)
	at io.cucumber.core.runtime.RethrowingThrowableCollector.executeAndThrow(RethrowingThrowableCollector.java:23)
	at io.cucumber.core.runtime.CucumberExecutionContext.runTestCase(CucumberExecutionContext.java:136)
	at io.cucumber.testng.TestNGCucumberRunner.runScenario(TestNGCucumberRunner.java:129)
	at io.cucumber.testng.AbstractTestNGCucumberTests.runScenario(AbstractTestNGCucumberTests.java:35)
	at java.base/jdk.internal.reflect.DirectMethodHandleAccessor.invoke(DirectMethodHandleAccessor.java:103)
	at java.base/java.lang.reflect.Method.invoke(Method.java:580)
	at org.testng.internal.invokers.MethodInvocationHelper.invokeMethod(MethodInvocationHelper.java:141)
	at org.testng.internal.invokers.TestInvoker.invokeMethod(TestInvoker.java:686)
	at org.testng.internal.invokers.TestInvoker.invokeTestMethod(TestInvoker.java:230)
	at org.testng.internal.invokers.TestMethodWithDataProviderMethodWorker.call(TestMethodWithDataProviderMethodWorker.java:81)
	at org.testng.internal.thread.Async$AsyncTask.run(Async.java:34)
	at java.base/java.util.concurrent.ThreadPoolExecutor.runWorker(ThreadPoolExecutor.java:1144)
	at java.base/java.util.concurrent.ThreadPoolExecutor$Worker.run(ThreadPoolExecutor.java:642)
	at java.base/java.lang.Thread.run(Thread.java:1575)
Caused by: java.lang.reflect.InvocationTargetException
	at java.base/jdk.internal.reflect.DirectConstructorHandleAccessor.newInstance(DirectConstructorHandleAccessor.java:74)
	at java.base/java.lang.reflect.Constructor.newInstanceWithCaller(Constructor.java:501)
	at java.base/java.lang.reflect.Constructor.newInstance(Constructor.java:485)
	at io.cucumber.core.backend.DefaultObjectFactory.cacheNewInstance(DefaultObjectFactory.java:53)
	... 27 more
Caused by: java.lang.Error: Unresolved compilation problems: 
	The constructor IntroductionPagePom() is undefined
	The constructor HomePom() is undefined
	The method getPageTitle() is undefined for the type IntroductionPagePom

	at StepDefinitions.Step_RegisterPage.&lt;init&gt;(Step_RegisterPage.java:18)
	at java.base/jdk.internal.reflect.DirectConstructorHandleAccessor.newInstance(DirectConstructorHandleAccessor.java:62)
	... 30 more

</div> <!-- stack-trace -->
                  <em>
(Runs Cucumber Scenarios)                  </em>
                </div> <!-- method-content -->
              </div> <!-- method -->
              <div class="method">
                <div class="method-content">
                  <a name="runScenario(&quot;Verify that user able to see warning message on clicking Get Started buttons of Linked List on the ...)">
                  </a> <!-- runScenario("Verify that user able to see warning message on clicking Get Started buttons of Linked List on the ...) -->
                  <span class="method-name">runScenario</span>
                  <span class="parameters">("Verify that user able to see warning message on clicking Get Started buttons of Linked List on the home page without Sign in","DSportal App HomePage")</span>
                  <div class="stack-trace">io.cucumber.core.exception.CucumberException: Failed to instantiate class StepDefinitions.Step_HomePage
	at io.cucumber.core.backend.DefaultObjectFactory.cacheNewInstance(DefaultObjectFactory.java:67)
	at io.cucumber.core.backend.DefaultObjectFactory.getInstance(DefaultObjectFactory.java:45)
	at io.cucumber.java.AbstractGlueDefinition.invokeMethod(AbstractGlueDefinition.java:47)
	at io.cucumber.java.JavaStepDefinition.execute(JavaStepDefinition.java:29)
	at io.cucumber.core.runner.CoreStepDefinition.execute(CoreStepDefinition.java:66)
	at io.cucumber.core.runner.PickleStepDefinitionMatch.runStep(PickleStepDefinitionMatch.java:62)
	at io.cucumber.core.runner.ExecutionMode$1.execute(ExecutionMode.java:10)
	at io.cucumber.core.runner.TestStep.executeStep(TestStep.java:81)
	at io.cucumber.core.runner.TestStep.run(TestStep.java:53)
	at io.cucumber.core.runner.PickleStepTestStep.run(PickleStepTestStep.java:51)
	at io.cucumber.core.runner.TestCase.run(TestCase.java:84)
	at io.cucumber.core.runner.Runner.runPickle(Runner.java:75)
	at io.cucumber.testng.TestNGCucumberRunner.lambda$runScenario$1(TestNGCucumberRunner.java:132)
	at io.cucumber.core.runtime.CucumberExecutionContext.lambda$runTestCase$5(CucumberExecutionContext.java:136)
	at io.cucumber.core.runtime.RethrowingThrowableCollector.executeAndThrow(RethrowingThrowableCollector.java:23)
	at io.cucumber.core.runtime.CucumberExecutionContext.runTestCase(CucumberExecutionContext.java:136)
	at io.cucumber.testng.TestNGCucumberRunner.runScenario(TestNGCucumberRunner.java:129)
	at io.cucumber.testng.AbstractTestNGCucumberTests.runScenario(AbstractTestNGCucumberTests.java:35)
	at java.base/jdk.internal.reflect.DirectMethodHandleAccessor.invoke(DirectMethodHandleAccessor.java:103)
	at java.base/java.lang.reflect.Method.invoke(Method.java:580)
	at org.testng.internal.invokers.MethodInvocationHelper.invokeMethod(MethodInvocationHelper.java:141)
	at org.testng.internal.invokers.TestInvoker.invokeMethod(TestInvoker.java:686)
	at org.testng.internal.invokers.TestInvoker.invokeTestMethod(TestInvoker.java:230)
	at org.testng.internal.invokers.TestMethodWithDataProviderMethodWorker.call(TestMethodWithDataProviderMethodWorker.java:81)
	at org.testng.internal.thread.Async$AsyncTask.run(Async.java:34)
	at java.base/java.util.concurrent.ThreadPoolExecutor.runWorker(ThreadPoolExecutor.java:1144)
	at java.base/java.util.concurrent.ThreadPoolExecutor$Worker.run(ThreadPoolExecutor.java:642)
	at java.base/java.lang.Thread.run(Thread.java:1575)
Caused by: java.lang.reflect.InvocationTargetException
	at java.base/jdk.internal.reflect.DirectConstructorHandleAccessor.newInstance(DirectConstructorHandleAccessor.java:74)
	at java.base/java.lang.reflect.Constructor.newInstanceWithCaller(Constructor.java:501)
	at java.base/java.lang.reflect.Constructor.newInstance(Constructor.java:485)
	at io.cucumber.core.backend.DefaultObjectFactory.cacheNewInstance(DefaultObjectFactory.java:53)
	... 27 more
Caused by: java.lang.Error: Unresolved compilation problems: 
	The constructor HomePom() is undefined
	The constructor IntroductionPagePom() is undefined
	The field HomePom.contentHeader is not visible
	The field HomePom.contentText is not visible
	The field HomePom.getStartedButton is not visible
	The field IntroductionPagePom.registerLink is not visible
	The field IntroductionPagePom.signInLink is not visible
	dsDropdown cannot be resolved or is not a field
	dsDropdown cannot be resolved or is not a field
	The method clickDropdownItemArray() is undefined for the type IntroductionPagePom
	authenticationMsg cannot be resolved or is not a field
	authenticationMsg cannot be resolved or is not a field
	authenticationMsg cannot be resolved or is not a field
	The method clickDropdownItemLinkedList() is undefined for the type IntroductionPagePom
	authenticationMsg cannot be resolved or is not a field
	authenticationMsg cannot be resolved or is not a field
	authenticationMsg cannot be resolved or is not a field
	The method clickDropdownItemStack() is undefined for the type IntroductionPagePom
	authenticationMsg cannot be resolved or is not a field
	authenticationMsg cannot be resolved or is not a field
	authenticationMsg cannot be resolved or is not a field
	The method clickDropdownItemQueue() is undefined for the type IntroductionPagePom
	authenticationMsg cannot be resolved or is not a field
	authenticationMsg cannot be resolved or is not a field
	authenticationMsg cannot be resolved or is not a field
	The method clickDropdownItemTree() is undefined for the type IntroductionPagePom
	authenticationMsg cannot be resolved or is not a field
	authenticationMsg cannot be resolved or is not a field
	authenticationMsg cannot be resolved or is not a field
	The method clickDropdownItemGraph() is undefined for the type IntroductionPagePom
	authenticationMsg cannot be resolved or is not a field
	authenticationMsg cannot be resolved or is not a field
	authenticationMsg cannot be resolved or is not a field
	authenticationMsg cannot be resolved or is not a field
	authenticationMsg cannot be resolved or is not a field
	authenticationMsg cannot be resolved or is not a field
	authenticationMsg cannot be resolved or is not a field
	authenticationMsg cannot be resolved or is not a field
	authenticationMsg cannot be resolved or is not a field
	The method clickOnLinkedListGetStartedBtn() is undefined for the type IntroductionPagePom
	authenticationMsg cannot be resolved or is not a field
	authenticationMsg cannot be resolved or is not a field
	authenticationMsg cannot be resolved or is not a field
	The method clickOnStackGetStartedBtn() is undefined for the type IntroductionPagePom
	authenticationMsg cannot be resolved or is not a field
	authenticationMsg cannot be resolved or is not a field
	authenticationMsg cannot be resolved or is not a field
	The method clickOnQueueGetStartedBtn() is undefined for the type IntroductionPagePom
	authenticationMsg cannot be resolved or is not a field
	authenticationMsg cannot be resolved or is not a field
	authenticationMsg cannot be resolved or is not a field
	The method clickOnTreeGetStartedBtn() is undefined for the type IntroductionPagePom
	authenticationMsg cannot be resolved or is not a field
	authenticationMsg cannot be resolved or is not a field
	authenticationMsg cannot be resolved or is not a field
	The method clickOnGraphGetStartedBtn() is undefined for the type IntroductionPagePom
	authenticationMsg cannot be resolved or is not a field
	authenticationMsg cannot be resolved or is not a field
	authenticationMsg cannot be resolved or is not a field

	at StepDefinitions.Step_HomePage.&lt;init&gt;(Step_HomePage.java:22)
	at java.base/jdk.internal.reflect.DirectConstructorHandleAccessor.newInstance(DirectConstructorHandleAccessor.java:62)
	... 30 more

</div> <!-- stack-trace -->
                  <em>
(Runs Cucumber Scenarios)                  </em>
                </div> <!-- method-content -->
              </div> <!-- method -->
              <div class="method">
                <div class="method-content">
                  <a name="runScenario(&quot;Verify that user receives error message for invalid username field during registration&quot;, &quot;Registrat...)">
                  </a> <!-- runScenario("Verify that user receives error message for invalid username field during registration", "Registrat...) -->
                  <span class="method-name">runScenario</span>
                  <span class="parameters">("Verify that user receives error message for invalid username field during registration","Registration")</span>
                  <div class="stack-trace">io.cucumber.core.exception.CucumberException: Failed to instantiate class StepDefinitions.Step_RegisterPage
	at io.cucumber.core.backend.DefaultObjectFactory.cacheNewInstance(DefaultObjectFactory.java:67)
	at io.cucumber.core.backend.DefaultObjectFactory.getInstance(DefaultObjectFactory.java:45)
	at io.cucumber.java.AbstractGlueDefinition.invokeMethod(AbstractGlueDefinition.java:47)
	at io.cucumber.java.JavaStepDefinition.execute(JavaStepDefinition.java:29)
	at io.cucumber.core.runner.CoreStepDefinition.execute(CoreStepDefinition.java:66)
	at io.cucumber.core.runner.PickleStepDefinitionMatch.runStep(PickleStepDefinitionMatch.java:62)
	at io.cucumber.core.runner.ExecutionMode$1.execute(ExecutionMode.java:10)
	at io.cucumber.core.runner.TestStep.executeStep(TestStep.java:81)
	at io.cucumber.core.runner.TestStep.run(TestStep.java:53)
	at io.cucumber.core.runner.PickleStepTestStep.run(PickleStepTestStep.java:51)
	at io.cucumber.core.runner.TestCase.run(TestCase.java:84)
	at io.cucumber.core.runner.Runner.runPickle(Runner.java:75)
	at io.cucumber.testng.TestNGCucumberRunner.lambda$runScenario$1(TestNGCucumberRunner.java:132)
	at io.cucumber.core.runtime.CucumberExecutionContext.lambda$runTestCase$5(CucumberExecutionContext.java:136)
	at io.cucumber.core.runtime.RethrowingThrowableCollector.executeAndThrow(RethrowingThrowableCollector.java:23)
	at io.cucumber.core.runtime.CucumberExecutionContext.runTestCase(CucumberExecutionContext.java:136)
	at io.cucumber.testng.TestNGCucumberRunner.runScenario(TestNGCucumberRunner.java:129)
	at io.cucumber.testng.AbstractTestNGCucumberTests.runScenario(AbstractTestNGCucumberTests.java:35)
	at java.base/jdk.internal.reflect.DirectMethodHandleAccessor.invoke(DirectMethodHandleAccessor.java:103)
	at java.base/java.lang.reflect.Method.invoke(Method.java:580)
	at org.testng.internal.invokers.MethodInvocationHelper.invokeMethod(MethodInvocationHelper.java:141)
	at org.testng.internal.invokers.TestInvoker.invokeMethod(TestInvoker.java:686)
	at org.testng.internal.invokers.TestInvoker.invokeTestMethod(TestInvoker.java:230)
	at org.testng.internal.invokers.TestMethodWithDataProviderMethodWorker.call(TestMethodWithDataProviderMethodWorker.java:81)
	at org.testng.internal.thread.Async$AsyncTask.run(Async.java:34)
	at java.base/java.util.concurrent.ThreadPoolExecutor.runWorker(ThreadPoolExecutor.java:1144)
	at java.base/java.util.concurrent.ThreadPoolExecutor$Worker.run(ThreadPoolExecutor.java:642)
	at java.base/java.lang.Thread.run(Thread.java:1575)
Caused by: java.lang.reflect.InvocationTargetException
	at java.base/jdk.internal.reflect.DirectConstructorHandleAccessor.newInstance(DirectConstructorHandleAccessor.java:74)
	at java.base/java.lang.reflect.Constructor.newInstanceWithCaller(Constructor.java:501)
	at java.base/java.lang.reflect.Constructor.newInstance(Constructor.java:485)
	at io.cucumber.core.backend.DefaultObjectFactory.cacheNewInstance(DefaultObjectFactory.java:53)
	... 27 more
Caused by: java.lang.Error: Unresolved compilation problems: 
	The constructor IntroductionPagePom() is undefined
	The constructor HomePom() is undefined
	The method getPageTitle() is undefined for the type IntroductionPagePom

	at StepDefinitions.Step_RegisterPage.&lt;init&gt;(Step_RegisterPage.java:18)
	at java.base/jdk.internal.reflect.DirectConstructorHandleAccessor.newInstance(DirectConstructorHandleAccessor.java:62)
	... 30 more

</div> <!-- stack-trace -->
                  <em>
(Runs Cucumber Scenarios)                  </em>
                </div> <!-- method-content -->
              </div> <!-- method -->
              <div class="method">
                <div class="method-content">
                  <a name="runScenario(&quot;Verify that user able to see warning message while selecting Graph from the drop down without Sign ...)">
                  </a> <!-- runScenario("Verify that user able to see warning message while selecting Graph from the drop down without Sign ...) -->
                  <span class="method-name">runScenario</span>
                  <span class="parameters">("Verify that user able to see warning message while selecting Graph from the drop down without Sign in.","DSportal App HomePage")</span>
                  <div class="stack-trace">io.cucumber.core.exception.CucumberException: Failed to instantiate class StepDefinitions.Step_HomePage
	at io.cucumber.core.backend.DefaultObjectFactory.cacheNewInstance(DefaultObjectFactory.java:67)
	at io.cucumber.core.backend.DefaultObjectFactory.getInstance(DefaultObjectFactory.java:45)
	at io.cucumber.java.AbstractGlueDefinition.invokeMethod(AbstractGlueDefinition.java:47)
	at io.cucumber.java.JavaStepDefinition.execute(JavaStepDefinition.java:29)
	at io.cucumber.core.runner.CoreStepDefinition.execute(CoreStepDefinition.java:66)
	at io.cucumber.core.runner.PickleStepDefinitionMatch.runStep(PickleStepDefinitionMatch.java:62)
	at io.cucumber.core.runner.ExecutionMode$1.execute(ExecutionMode.java:10)
	at io.cucumber.core.runner.TestStep.executeStep(TestStep.java:81)
	at io.cucumber.core.runner.TestStep.run(TestStep.java:53)
	at io.cucumber.core.runner.PickleStepTestStep.run(PickleStepTestStep.java:51)
	at io.cucumber.core.runner.TestCase.run(TestCase.java:84)
	at io.cucumber.core.runner.Runner.runPickle(Runner.java:75)
	at io.cucumber.testng.TestNGCucumberRunner.lambda$runScenario$1(TestNGCucumberRunner.java:132)
	at io.cucumber.core.runtime.CucumberExecutionContext.lambda$runTestCase$5(CucumberExecutionContext.java:136)
	at io.cucumber.core.runtime.RethrowingThrowableCollector.executeAndThrow(RethrowingThrowableCollector.java:23)
	at io.cucumber.core.runtime.CucumberExecutionContext.runTestCase(CucumberExecutionContext.java:136)
	at io.cucumber.testng.TestNGCucumberRunner.runScenario(TestNGCucumberRunner.java:129)
	at io.cucumber.testng.AbstractTestNGCucumberTests.runScenario(AbstractTestNGCucumberTests.java:35)
	at java.base/jdk.internal.reflect.DirectMethodHandleAccessor.invoke(DirectMethodHandleAccessor.java:103)
	at java.base/java.lang.reflect.Method.invoke(Method.java:580)
	at org.testng.internal.invokers.MethodInvocationHelper.invokeMethod(MethodInvocationHelper.java:141)
	at org.testng.internal.invokers.TestInvoker.invokeMethod(TestInvoker.java:686)
	at org.testng.internal.invokers.TestInvoker.invokeTestMethod(TestInvoker.java:230)
	at org.testng.internal.invokers.TestMethodWithDataProviderMethodWorker.call(TestMethodWithDataProviderMethodWorker.java:81)
	at org.testng.internal.thread.Async$AsyncTask.run(Async.java:34)
	at java.base/java.util.concurrent.ThreadPoolExecutor.runWorker(ThreadPoolExecutor.java:1144)
	at java.base/java.util.concurrent.ThreadPoolExecutor$Worker.run(ThreadPoolExecutor.java:642)
	at java.base/java.lang.Thread.run(Thread.java:1575)
Caused by: java.lang.reflect.InvocationTargetException
	at java.base/jdk.internal.reflect.DirectConstructorHandleAccessor.newInstance(DirectConstructorHandleAccessor.java:74)
	at java.base/java.lang.reflect.Constructor.newInstanceWithCaller(Constructor.java:501)
	at java.base/java.lang.reflect.Constructor.newInstance(Constructor.java:485)
	at io.cucumber.core.backend.DefaultObjectFactory.cacheNewInstance(DefaultObjectFactory.java:53)
	... 27 more
Caused by: java.lang.Error: Unresolved compilation problems: 
	The constructor HomePom() is undefined
	The constructor IntroductionPagePom() is undefined
	The field HomePom.contentHeader is not visible
	The field HomePom.contentText is not visible
	The field HomePom.getStartedButton is not visible
	The field IntroductionPagePom.registerLink is not visible
	The field IntroductionPagePom.signInLink is not visible
	dsDropdown cannot be resolved or is not a field
	dsDropdown cannot be resolved or is not a field
	The method clickDropdownItemArray() is undefined for the type IntroductionPagePom
	authenticationMsg cannot be resolved or is not a field
	authenticationMsg cannot be resolved or is not a field
	authenticationMsg cannot be resolved or is not a field
	The method clickDropdownItemLinkedList() is undefined for the type IntroductionPagePom
	authenticationMsg cannot be resolved or is not a field
	authenticationMsg cannot be resolved or is not a field
	authenticationMsg cannot be resolved or is not a field
	The method clickDropdownItemStack() is undefined for the type IntroductionPagePom
	authenticationMsg cannot be resolved or is not a field
	authenticationMsg cannot be resolved or is not a field
	authenticationMsg cannot be resolved or is not a field
	The method clickDropdownItemQueue() is undefined for the type IntroductionPagePom
	authenticationMsg cannot be resolved or is not a field
	authenticationMsg cannot be resolved or is not a field
	authenticationMsg cannot be resolved or is not a field
	The method clickDropdownItemTree() is undefined for the type IntroductionPagePom
	authenticationMsg cannot be resolved or is not a field
	authenticationMsg cannot be resolved or is not a field
	authenticationMsg cannot be resolved or is not a field
	The method clickDropdownItemGraph() is undefined for the type IntroductionPagePom
	authenticationMsg cannot be resolved or is not a field
	authenticationMsg cannot be resolved or is not a field
	authenticationMsg cannot be resolved or is not a field
	authenticationMsg cannot be resolved or is not a field
	authenticationMsg cannot be resolved or is not a field
	authenticationMsg cannot be resolved or is not a field
	authenticationMsg cannot be resolved or is not a field
	authenticationMsg cannot be resolved or is not a field
	authenticationMsg cannot be resolved or is not a field
	The method clickOnLinkedListGetStartedBtn() is undefined for the type IntroductionPagePom
	authenticationMsg cannot be resolved or is not a field
	authenticationMsg cannot be resolved or is not a field
	authenticationMsg cannot be resolved or is not a field
	The method clickOnStackGetStartedBtn() is undefined for the type IntroductionPagePom
	authenticationMsg cannot be resolved or is not a field
	authenticationMsg cannot be resolved or is not a field
	authenticationMsg cannot be resolved or is not a field
	The method clickOnQueueGetStartedBtn() is undefined for the type IntroductionPagePom
	authenticationMsg cannot be resolved or is not a field
	authenticationMsg cannot be resolved or is not a field
	authenticationMsg cannot be resolved or is not a field
	The method clickOnTreeGetStartedBtn() is undefined for the type IntroductionPagePom
	authenticationMsg cannot be resolved or is not a field
	authenticationMsg cannot be resolved or is not a field
	authenticationMsg cannot be resolved or is not a field
	The method clickOnGraphGetStartedBtn() is undefined for the type IntroductionPagePom
	authenticationMsg cannot be resolved or is not a field
	authenticationMsg cannot be resolved or is not a field
	authenticationMsg cannot be resolved or is not a field

	at StepDefinitions.Step_HomePage.&lt;init&gt;(Step_HomePage.java:22)
	at java.base/jdk.internal.reflect.DirectConstructorHandleAccessor.newInstance(DirectConstructorHandleAccessor.java:62)
	... 30 more

</div> <!-- stack-trace -->
                  <em>
(Runs Cucumber Scenarios)                  </em>
                </div> <!-- method-content -->
              </div> <!-- method -->
              <div class="method">
                <div class="method-content">
                  <a name="runScenario(&quot;Verify that user receives error message for mismatched Password and Password Confirmation field dur...)">
                  </a> <!-- runScenario("Verify that user receives error message for mismatched Password and Password Confirmation field dur...) -->
                  <span class="method-name">runScenario</span>
                  <span class="parameters">("Verify that user receives error message for mismatched Password and Password Confirmation field during registration","Registration")</span>
                  <div class="stack-trace">io.cucumber.core.exception.CucumberException: Failed to instantiate class StepDefinitions.Step_RegisterPage
	at io.cucumber.core.backend.DefaultObjectFactory.cacheNewInstance(DefaultObjectFactory.java:67)
	at io.cucumber.core.backend.DefaultObjectFactory.getInstance(DefaultObjectFactory.java:45)
	at io.cucumber.java.AbstractGlueDefinition.invokeMethod(AbstractGlueDefinition.java:47)
	at io.cucumber.java.JavaStepDefinition.execute(JavaStepDefinition.java:29)
	at io.cucumber.core.runner.CoreStepDefinition.execute(CoreStepDefinition.java:66)
	at io.cucumber.core.runner.PickleStepDefinitionMatch.runStep(PickleStepDefinitionMatch.java:62)
	at io.cucumber.core.runner.ExecutionMode$1.execute(ExecutionMode.java:10)
	at io.cucumber.core.runner.TestStep.executeStep(TestStep.java:81)
	at io.cucumber.core.runner.TestStep.run(TestStep.java:53)
	at io.cucumber.core.runner.PickleStepTestStep.run(PickleStepTestStep.java:51)
	at io.cucumber.core.runner.TestCase.run(TestCase.java:84)
	at io.cucumber.core.runner.Runner.runPickle(Runner.java:75)
	at io.cucumber.testng.TestNGCucumberRunner.lambda$runScenario$1(TestNGCucumberRunner.java:132)
	at io.cucumber.core.runtime.CucumberExecutionContext.lambda$runTestCase$5(CucumberExecutionContext.java:136)
	at io.cucumber.core.runtime.RethrowingThrowableCollector.executeAndThrow(RethrowingThrowableCollector.java:23)
	at io.cucumber.core.runtime.CucumberExecutionContext.runTestCase(CucumberExecutionContext.java:136)
	at io.cucumber.testng.TestNGCucumberRunner.runScenario(TestNGCucumberRunner.java:129)
	at io.cucumber.testng.AbstractTestNGCucumberTests.runScenario(AbstractTestNGCucumberTests.java:35)
	at java.base/jdk.internal.reflect.DirectMethodHandleAccessor.invoke(DirectMethodHandleAccessor.java:103)
	at java.base/java.lang.reflect.Method.invoke(Method.java:580)
	at org.testng.internal.invokers.MethodInvocationHelper.invokeMethod(MethodInvocationHelper.java:141)
	at org.testng.internal.invokers.TestInvoker.invokeMethod(TestInvoker.java:686)
	at org.testng.internal.invokers.TestInvoker.invokeTestMethod(TestInvoker.java:230)
	at org.testng.internal.invokers.TestMethodWithDataProviderMethodWorker.call(TestMethodWithDataProviderMethodWorker.java:81)
	at org.testng.internal.thread.Async$AsyncTask.run(Async.java:34)
	at java.base/java.util.concurrent.ThreadPoolExecutor.runWorker(ThreadPoolExecutor.java:1144)
	at java.base/java.util.concurrent.ThreadPoolExecutor$Worker.run(ThreadPoolExecutor.java:642)
	at java.base/java.lang.Thread.run(Thread.java:1575)
Caused by: java.lang.reflect.InvocationTargetException
	at java.base/jdk.internal.reflect.DirectConstructorHandleAccessor.newInstance(DirectConstructorHandleAccessor.java:74)
	at java.base/java.lang.reflect.Constructor.newInstanceWithCaller(Constructor.java:501)
	at java.base/java.lang.reflect.Constructor.newInstance(Constructor.java:485)
	at io.cucumber.core.backend.DefaultObjectFactory.cacheNewInstance(DefaultObjectFactory.java:53)
	... 27 more
Caused by: java.lang.Error: Unresolved compilation problems: 
	The constructor IntroductionPagePom() is undefined
	The constructor HomePom() is undefined
	The method getPageTitle() is undefined for the type IntroductionPagePom

	at StepDefinitions.Step_RegisterPage.&lt;init&gt;(Step_RegisterPage.java:18)
	at java.base/jdk.internal.reflect.DirectConstructorHandleAccessor.newInstance(DirectConstructorHandleAccessor.java:62)
	... 30 more

</div> <!-- stack-trace -->
                  <em>
(Runs Cucumber Scenarios)                  </em>
                </div> <!-- method-content -->
              </div> <!-- method -->
              <div class="method">
                <div class="method-content">
                  <a name="runScenario(&quot;Verify that user is able to view options for Data Structures dropdown on home page without Sign in&quot;...)">
                  </a> <!-- runScenario("Verify that user is able to view options for Data Structures dropdown on home page without Sign in"...) -->
                  <span class="method-name">runScenario</span>
                  <span class="parameters">("Verify that user is able to view options for Data Structures dropdown on home page without Sign in","DSportal App HomePage")</span>
                  <div class="stack-trace">io.cucumber.core.exception.CucumberException: Failed to instantiate class StepDefinitions.Step_HomePage
	at io.cucumber.core.backend.DefaultObjectFactory.cacheNewInstance(DefaultObjectFactory.java:67)
	at io.cucumber.core.backend.DefaultObjectFactory.getInstance(DefaultObjectFactory.java:45)
	at io.cucumber.java.AbstractGlueDefinition.invokeMethod(AbstractGlueDefinition.java:47)
	at io.cucumber.java.JavaStepDefinition.execute(JavaStepDefinition.java:29)
	at io.cucumber.core.runner.CoreStepDefinition.execute(CoreStepDefinition.java:66)
	at io.cucumber.core.runner.PickleStepDefinitionMatch.runStep(PickleStepDefinitionMatch.java:62)
	at io.cucumber.core.runner.ExecutionMode$1.execute(ExecutionMode.java:10)
	at io.cucumber.core.runner.TestStep.executeStep(TestStep.java:81)
	at io.cucumber.core.runner.TestStep.run(TestStep.java:53)
	at io.cucumber.core.runner.PickleStepTestStep.run(PickleStepTestStep.java:51)
	at io.cucumber.core.runner.TestCase.run(TestCase.java:84)
	at io.cucumber.core.runner.Runner.runPickle(Runner.java:75)
	at io.cucumber.testng.TestNGCucumberRunner.lambda$runScenario$1(TestNGCucumberRunner.java:132)
	at io.cucumber.core.runtime.CucumberExecutionContext.lambda$runTestCase$5(CucumberExecutionContext.java:136)
	at io.cucumber.core.runtime.RethrowingThrowableCollector.executeAndThrow(RethrowingThrowableCollector.java:23)
	at io.cucumber.core.runtime.CucumberExecutionContext.runTestCase(CucumberExecutionContext.java:136)
	at io.cucumber.testng.TestNGCucumberRunner.runScenario(TestNGCucumberRunner.java:129)
	at io.cucumber.testng.AbstractTestNGCucumberTests.runScenario(AbstractTestNGCucumberTests.java:35)
	at java.base/jdk.internal.reflect.DirectMethodHandleAccessor.invoke(DirectMethodHandleAccessor.java:103)
	at java.base/java.lang.reflect.Method.invoke(Method.java:580)
	at org.testng.internal.invokers.MethodInvocationHelper.invokeMethod(MethodInvocationHelper.java:141)
	at org.testng.internal.invokers.TestInvoker.invokeMethod(TestInvoker.java:686)
	at org.testng.internal.invokers.TestInvoker.invokeTestMethod(TestInvoker.java:230)
	at org.testng.internal.invokers.TestMethodWithDataProviderMethodWorker.call(TestMethodWithDataProviderMethodWorker.java:81)
	at org.testng.internal.thread.Async$AsyncTask.run(Async.java:34)
	at java.base/java.util.concurrent.ThreadPoolExecutor.runWorker(ThreadPoolExecutor.java:1144)
	at java.base/java.util.concurrent.ThreadPoolExecutor$Worker.run(ThreadPoolExecutor.java:642)
	at java.base/java.lang.Thread.run(Thread.java:1575)
Caused by: java.lang.reflect.InvocationTargetException
	at java.base/jdk.internal.reflect.DirectConstructorHandleAccessor.newInstance(DirectConstructorHandleAccessor.java:74)
	at java.base/java.lang.reflect.Constructor.newInstanceWithCaller(Constructor.java:501)
	at java.base/java.lang.reflect.Constructor.newInstance(Constructor.java:485)
	at io.cucumber.core.backend.DefaultObjectFactory.cacheNewInstance(DefaultObjectFactory.java:53)
	... 27 more
Caused by: java.lang.Error: Unresolved compilation problems: 
	The constructor HomePom() is undefined
	The constructor IntroductionPagePom() is undefined
	The field HomePom.contentHeader is not visible
	The field HomePom.contentText is not visible
	The field HomePom.getStartedButton is not visible
	The field IntroductionPagePom.registerLink is not visible
	The field IntroductionPagePom.signInLink is not visible
	dsDropdown cannot be resolved or is not a field
	dsDropdown cannot be resolved or is not a field
	The method clickDropdownItemArray() is undefined for the type IntroductionPagePom
	authenticationMsg cannot be resolved or is not a field
	authenticationMsg cannot be resolved or is not a field
	authenticationMsg cannot be resolved or is not a field
	The method clickDropdownItemLinkedList() is undefined for the type IntroductionPagePom
	authenticationMsg cannot be resolved or is not a field
	authenticationMsg cannot be resolved or is not a field
	authenticationMsg cannot be resolved or is not a field
	The method clickDropdownItemStack() is undefined for the type IntroductionPagePom
	authenticationMsg cannot be resolved or is not a field
	authenticationMsg cannot be resolved or is not a field
	authenticationMsg cannot be resolved or is not a field
	The method clickDropdownItemQueue() is undefined for the type IntroductionPagePom
	authenticationMsg cannot be resolved or is not a field
	authenticationMsg cannot be resolved or is not a field
	authenticationMsg cannot be resolved or is not a field
	The method clickDropdownItemTree() is undefined for the type IntroductionPagePom
	authenticationMsg cannot be resolved or is not a field
	authenticationMsg cannot be resolved or is not a field
	authenticationMsg cannot be resolved or is not a field
	The method clickDropdownItemGraph() is undefined for the type IntroductionPagePom
	authenticationMsg cannot be resolved or is not a field
	authenticationMsg cannot be resolved or is not a field
	authenticationMsg cannot be resolved or is not a field
	authenticationMsg cannot be resolved or is not a field
	authenticationMsg cannot be resolved or is not a field
	authenticationMsg cannot be resolved or is not a field
	authenticationMsg cannot be resolved or is not a field
	authenticationMsg cannot be resolved or is not a field
	authenticationMsg cannot be resolved or is not a field
	The method clickOnLinkedListGetStartedBtn() is undefined for the type IntroductionPagePom
	authenticationMsg cannot be resolved or is not a field
	authenticationMsg cannot be resolved or is not a field
	authenticationMsg cannot be resolved or is not a field
	The method clickOnStackGetStartedBtn() is undefined for the type IntroductionPagePom
	authenticationMsg cannot be resolved or is not a field
	authenticationMsg cannot be resolved or is not a field
	authenticationMsg cannot be resolved or is not a field
	The method clickOnQueueGetStartedBtn() is undefined for the type IntroductionPagePom
	authenticationMsg cannot be resolved or is not a field
	authenticationMsg cannot be resolved or is not a field
	authenticationMsg cannot be resolved or is not a field
	The method clickOnTreeGetStartedBtn() is undefined for the type IntroductionPagePom
	authenticationMsg cannot be resolved or is not a field
	authenticationMsg cannot be resolved or is not a field
	authenticationMsg cannot be resolved or is not a field
	The method clickOnGraphGetStartedBtn() is undefined for the type IntroductionPagePom
	authenticationMsg cannot be resolved or is not a field
	authenticationMsg cannot be resolved or is not a field
	authenticationMsg cannot be resolved or is not a field

	at StepDefinitions.Step_HomePage.&lt;init&gt;(Step_HomePage.java:22)
	at java.base/jdk.internal.reflect.DirectConstructorHandleAccessor.newInstance(DirectConstructorHandleAccessor.java:62)
	... 30 more

</div> <!-- stack-trace -->
                  <em>
(Runs Cucumber Scenarios)                  </em>
                </div> <!-- method-content -->
              </div> <!-- method -->
              <div class="method">
                <div class="method-content">
                  <a name="runScenario(&quot;Verify that user able to see warning message while selecting Linked List from the drop down without...)">
                  </a> <!-- runScenario("Verify that user able to see warning message while selecting Linked List from the drop down without...) -->
                  <span class="method-name">runScenario</span>
                  <span class="parameters">("Verify that user able to see warning message while selecting Linked List from the drop down without Sign in","DSportal App HomePage")</span>
                  <div class="stack-trace">io.cucumber.core.exception.CucumberException: Failed to instantiate class StepDefinitions.Step_HomePage
	at io.cucumber.core.backend.DefaultObjectFactory.cacheNewInstance(DefaultObjectFactory.java:67)
	at io.cucumber.core.backend.DefaultObjectFactory.getInstance(DefaultObjectFactory.java:45)
	at io.cucumber.java.AbstractGlueDefinition.invokeMethod(AbstractGlueDefinition.java:47)
	at io.cucumber.java.JavaStepDefinition.execute(JavaStepDefinition.java:29)
	at io.cucumber.core.runner.CoreStepDefinition.execute(CoreStepDefinition.java:66)
	at io.cucumber.core.runner.PickleStepDefinitionMatch.runStep(PickleStepDefinitionMatch.java:62)
	at io.cucumber.core.runner.ExecutionMode$1.execute(ExecutionMode.java:10)
	at io.cucumber.core.runner.TestStep.executeStep(TestStep.java:81)
	at io.cucumber.core.runner.TestStep.run(TestStep.java:53)
	at io.cucumber.core.runner.PickleStepTestStep.run(PickleStepTestStep.java:51)
	at io.cucumber.core.runner.TestCase.run(TestCase.java:84)
	at io.cucumber.core.runner.Runner.runPickle(Runner.java:75)
	at io.cucumber.testng.TestNGCucumberRunner.lambda$runScenario$1(TestNGCucumberRunner.java:132)
	at io.cucumber.core.runtime.CucumberExecutionContext.lambda$runTestCase$5(CucumberExecutionContext.java:136)
	at io.cucumber.core.runtime.RethrowingThrowableCollector.executeAndThrow(RethrowingThrowableCollector.java:23)
	at io.cucumber.core.runtime.CucumberExecutionContext.runTestCase(CucumberExecutionContext.java:136)
	at io.cucumber.testng.TestNGCucumberRunner.runScenario(TestNGCucumberRunner.java:129)
	at io.cucumber.testng.AbstractTestNGCucumberTests.runScenario(AbstractTestNGCucumberTests.java:35)
	at java.base/jdk.internal.reflect.DirectMethodHandleAccessor.invoke(DirectMethodHandleAccessor.java:103)
	at java.base/java.lang.reflect.Method.invoke(Method.java:580)
	at org.testng.internal.invokers.MethodInvocationHelper.invokeMethod(MethodInvocationHelper.java:141)
	at org.testng.internal.invokers.TestInvoker.invokeMethod(TestInvoker.java:686)
	at org.testng.internal.invokers.TestInvoker.invokeTestMethod(TestInvoker.java:230)
	at org.testng.internal.invokers.TestMethodWithDataProviderMethodWorker.call(TestMethodWithDataProviderMethodWorker.java:81)
	at org.testng.internal.thread.Async$AsyncTask.run(Async.java:34)
	at java.base/java.util.concurrent.ThreadPoolExecutor.runWorker(ThreadPoolExecutor.java:1144)
	at java.base/java.util.concurrent.ThreadPoolExecutor$Worker.run(ThreadPoolExecutor.java:642)
	at java.base/java.lang.Thread.run(Thread.java:1575)
Caused by: java.lang.reflect.InvocationTargetException
	at java.base/jdk.internal.reflect.DirectConstructorHandleAccessor.newInstance(DirectConstructorHandleAccessor.java:74)
	at java.base/java.lang.reflect.Constructor.newInstanceWithCaller(Constructor.java:501)
	at java.base/java.lang.reflect.Constructor.newInstance(Constructor.java:485)
	at io.cucumber.core.backend.DefaultObjectFactory.cacheNewInstance(DefaultObjectFactory.java:53)
	... 27 more
Caused by: java.lang.Error: Unresolved compilation problems: 
	The constructor HomePom() is undefined
	The constructor IntroductionPagePom() is undefined
	The field HomePom.contentHeader is not visible
	The field HomePom.contentText is not visible
	The field HomePom.getStartedButton is not visible
	The field IntroductionPagePom.registerLink is not visible
	The field IntroductionPagePom.signInLink is not visible
	dsDropdown cannot be resolved or is not a field
	dsDropdown cannot be resolved or is not a field
	The method clickDropdownItemArray() is undefined for the type IntroductionPagePom
	authenticationMsg cannot be resolved or is not a field
	authenticationMsg cannot be resolved or is not a field
	authenticationMsg cannot be resolved or is not a field
	The method clickDropdownItemLinkedList() is undefined for the type IntroductionPagePom
	authenticationMsg cannot be resolved or is not a field
	authenticationMsg cannot be resolved or is not a field
	authenticationMsg cannot be resolved or is not a field
	The method clickDropdownItemStack() is undefined for the type IntroductionPagePom
	authenticationMsg cannot be resolved or is not a field
	authenticationMsg cannot be resolved or is not a field
	authenticationMsg cannot be resolved or is not a field
	The method clickDropdownItemQueue() is undefined for the type IntroductionPagePom
	authenticationMsg cannot be resolved or is not a field
	authenticationMsg cannot be resolved or is not a field
	authenticationMsg cannot be resolved or is not a field
	The method clickDropdownItemTree() is undefined for the type IntroductionPagePom
	authenticationMsg cannot be resolved or is not a field
	authenticationMsg cannot be resolved or is not a field
	authenticationMsg cannot be resolved or is not a field
	The method clickDropdownItemGraph() is undefined for the type IntroductionPagePom
	authenticationMsg cannot be resolved or is not a field
	authenticationMsg cannot be resolved or is not a field
	authenticationMsg cannot be resolved or is not a field
	authenticationMsg cannot be resolved or is not a field
	authenticationMsg cannot be resolved or is not a field
	authenticationMsg cannot be resolved or is not a field
	authenticationMsg cannot be resolved or is not a field
	authenticationMsg cannot be resolved or is not a field
	authenticationMsg cannot be resolved or is not a field
	The method clickOnLinkedListGetStartedBtn() is undefined for the type IntroductionPagePom
	authenticationMsg cannot be resolved or is not a field
	authenticationMsg cannot be resolved or is not a field
	authenticationMsg cannot be resolved or is not a field
	The method clickOnStackGetStartedBtn() is undefined for the type IntroductionPagePom
	authenticationMsg cannot be resolved or is not a field
	authenticationMsg cannot be resolved or is not a field
	authenticationMsg cannot be resolved or is not a field
	The method clickOnQueueGetStartedBtn() is undefined for the type IntroductionPagePom
	authenticationMsg cannot be resolved or is not a field
	authenticationMsg cannot be resolved or is not a field
	authenticationMsg cannot be resolved or is not a field
	The method clickOnTreeGetStartedBtn() is undefined for the type IntroductionPagePom
	authenticationMsg cannot be resolved or is not a field
	authenticationMsg cannot be resolved or is not a field
	authenticationMsg cannot be resolved or is not a field
	The method clickOnGraphGetStartedBtn() is undefined for the type IntroductionPagePom
	authenticationMsg cannot be resolved or is not a field
	authenticationMsg cannot be resolved or is not a field
	authenticationMsg cannot be resolved or is not a field

	at StepDefinitions.Step_HomePage.&lt;init&gt;(Step_HomePage.java:22)
	at java.base/jdk.internal.reflect.DirectConstructorHandleAccessor.newInstance(DirectConstructorHandleAccessor.java:62)
	... 30 more

</div> <!-- stack-trace -->
                  <em>
(Runs Cucumber Scenarios)                  </em>
                </div> <!-- method-content -->
              </div> <!-- method -->
              <div class="method">
                <div class="method-content">
                  <a name="runScenario(&quot;Verify that user receives error message for all empty fields during registration&quot;, &quot;Registration&quot;)">
                  </a> <!-- runScenario("Verify that user receives error message for all empty fields during registration", "Registration") -->
                  <span class="method-name">runScenario</span>
                  <span class="parameters">("Verify that user receives error message for all empty fields during registration","Registration")</span>
                  <div class="stack-trace">io.cucumber.core.exception.CucumberException: Failed to instantiate class StepDefinitions.Step_RegisterPage
	at io.cucumber.core.backend.DefaultObjectFactory.cacheNewInstance(DefaultObjectFactory.java:67)
	at io.cucumber.core.backend.DefaultObjectFactory.getInstance(DefaultObjectFactory.java:45)
	at io.cucumber.java.AbstractGlueDefinition.invokeMethod(AbstractGlueDefinition.java:47)
	at io.cucumber.java.JavaStepDefinition.execute(JavaStepDefinition.java:29)
	at io.cucumber.core.runner.CoreStepDefinition.execute(CoreStepDefinition.java:66)
	at io.cucumber.core.runner.PickleStepDefinitionMatch.runStep(PickleStepDefinitionMatch.java:62)
	at io.cucumber.core.runner.ExecutionMode$1.execute(ExecutionMode.java:10)
	at io.cucumber.core.runner.TestStep.executeStep(TestStep.java:81)
	at io.cucumber.core.runner.TestStep.run(TestStep.java:53)
	at io.cucumber.core.runner.PickleStepTestStep.run(PickleStepTestStep.java:51)
	at io.cucumber.core.runner.TestCase.run(TestCase.java:84)
	at io.cucumber.core.runner.Runner.runPickle(Runner.java:75)
	at io.cucumber.testng.TestNGCucumberRunner.lambda$runScenario$1(TestNGCucumberRunner.java:132)
	at io.cucumber.core.runtime.CucumberExecutionContext.lambda$runTestCase$5(CucumberExecutionContext.java:136)
	at io.cucumber.core.runtime.RethrowingThrowableCollector.executeAndThrow(RethrowingThrowableCollector.java:23)
	at io.cucumber.core.runtime.CucumberExecutionContext.runTestCase(CucumberExecutionContext.java:136)
	at io.cucumber.testng.TestNGCucumberRunner.runScenario(TestNGCucumberRunner.java:129)
	at io.cucumber.testng.AbstractTestNGCucumberTests.runScenario(AbstractTestNGCucumberTests.java:35)
	at java.base/jdk.internal.reflect.DirectMethodHandleAccessor.invoke(DirectMethodHandleAccessor.java:103)
	at java.base/java.lang.reflect.Method.invoke(Method.java:580)
	at org.testng.internal.invokers.MethodInvocationHelper.invokeMethod(MethodInvocationHelper.java:141)
	at org.testng.internal.invokers.TestInvoker.invokeMethod(TestInvoker.java:686)
	at org.testng.internal.invokers.TestInvoker.invokeTestMethod(TestInvoker.java:230)
	at org.testng.internal.invokers.TestMethodWithDataProviderMethodWorker.call(TestMethodWithDataProviderMethodWorker.java:81)
	at org.testng.internal.thread.Async$AsyncTask.run(Async.java:34)
	at java.base/java.util.concurrent.ThreadPoolExecutor.runWorker(ThreadPoolExecutor.java:1144)
	at java.base/java.util.concurrent.ThreadPoolExecutor$Worker.run(ThreadPoolExecutor.java:642)
	at java.base/java.lang.Thread.run(Thread.java:1575)
Caused by: java.lang.reflect.InvocationTargetException
	at java.base/jdk.internal.reflect.DirectConstructorHandleAccessor.newInstance(DirectConstructorHandleAccessor.java:74)
	at java.base/java.lang.reflect.Constructor.newInstanceWithCaller(Constructor.java:501)
	at java.base/java.lang.reflect.Constructor.newInstance(Constructor.java:485)
	at io.cucumber.core.backend.DefaultObjectFactory.cacheNewInstance(DefaultObjectFactory.java:53)
	... 27 more
Caused by: java.lang.Error: Unresolved compilation problems: 
	The constructor IntroductionPagePom() is undefined
	The constructor HomePom() is undefined
	The method getPageTitle() is undefined for the type IntroductionPagePom

	at StepDefinitions.Step_RegisterPage.&lt;init&gt;(Step_RegisterPage.java:18)
	at java.base/jdk.internal.reflect.DirectConstructorHandleAccessor.newInstance(DirectConstructorHandleAccessor.java:62)
	... 30 more

</div> <!-- stack-trace -->
                  <em>
(Runs Cucumber Scenarios)                  </em>
                </div> <!-- method-content -->
              </div> <!-- method -->
              <div class="method">
                <div class="method-content">
                  <a name="runScenario(&quot;Verify that user able to see warning message while selecting Arrays from the drop down without Sign...)">
                  </a> <!-- runScenario("Verify that user able to see warning message while selecting Arrays from the drop down without Sign...) -->
                  <span class="method-name">runScenario</span>
                  <span class="parameters">("Verify that user able to see warning message while selecting Arrays from the drop down without Sign in","DSportal App HomePage")</span>
                  <div class="stack-trace">io.cucumber.core.exception.CucumberException: Failed to instantiate class StepDefinitions.Step_HomePage
	at io.cucumber.core.backend.DefaultObjectFactory.cacheNewInstance(DefaultObjectFactory.java:67)
	at io.cucumber.core.backend.DefaultObjectFactory.getInstance(DefaultObjectFactory.java:45)
	at io.cucumber.java.AbstractGlueDefinition.invokeMethod(AbstractGlueDefinition.java:47)
	at io.cucumber.java.JavaStepDefinition.execute(JavaStepDefinition.java:29)
	at io.cucumber.core.runner.CoreStepDefinition.execute(CoreStepDefinition.java:66)
	at io.cucumber.core.runner.PickleStepDefinitionMatch.runStep(PickleStepDefinitionMatch.java:62)
	at io.cucumber.core.runner.ExecutionMode$1.execute(ExecutionMode.java:10)
	at io.cucumber.core.runner.TestStep.executeStep(TestStep.java:81)
	at io.cucumber.core.runner.TestStep.run(TestStep.java:53)
	at io.cucumber.core.runner.PickleStepTestStep.run(PickleStepTestStep.java:51)
	at io.cucumber.core.runner.TestCase.run(TestCase.java:84)
	at io.cucumber.core.runner.Runner.runPickle(Runner.java:75)
	at io.cucumber.testng.TestNGCucumberRunner.lambda$runScenario$1(TestNGCucumberRunner.java:132)
	at io.cucumber.core.runtime.CucumberExecutionContext.lambda$runTestCase$5(CucumberExecutionContext.java:136)
	at io.cucumber.core.runtime.RethrowingThrowableCollector.executeAndThrow(RethrowingThrowableCollector.java:23)
	at io.cucumber.core.runtime.CucumberExecutionContext.runTestCase(CucumberExecutionContext.java:136)
	at io.cucumber.testng.TestNGCucumberRunner.runScenario(TestNGCucumberRunner.java:129)
	at io.cucumber.testng.AbstractTestNGCucumberTests.runScenario(AbstractTestNGCucumberTests.java:35)
	at java.base/jdk.internal.reflect.DirectMethodHandleAccessor.invoke(DirectMethodHandleAccessor.java:103)
	at java.base/java.lang.reflect.Method.invoke(Method.java:580)
	at org.testng.internal.invokers.MethodInvocationHelper.invokeMethod(MethodInvocationHelper.java:141)
	at org.testng.internal.invokers.TestInvoker.invokeMethod(TestInvoker.java:686)
	at org.testng.internal.invokers.TestInvoker.invokeTestMethod(TestInvoker.java:230)
	at org.testng.internal.invokers.TestMethodWithDataProviderMethodWorker.call(TestMethodWithDataProviderMethodWorker.java:81)
	at org.testng.internal.thread.Async$AsyncTask.run(Async.java:34)
	at java.base/java.util.concurrent.ThreadPoolExecutor.runWorker(ThreadPoolExecutor.java:1144)
	at java.base/java.util.concurrent.ThreadPoolExecutor$Worker.run(ThreadPoolExecutor.java:642)
	at java.base/java.lang.Thread.run(Thread.java:1575)
Caused by: java.lang.reflect.InvocationTargetException
	at java.base/jdk.internal.reflect.DirectConstructorHandleAccessor.newInstance(DirectConstructorHandleAccessor.java:74)
	at java.base/java.lang.reflect.Constructor.newInstanceWithCaller(Constructor.java:501)
	at java.base/java.lang.reflect.Constructor.newInstance(Constructor.java:485)
	at io.cucumber.core.backend.DefaultObjectFactory.cacheNewInstance(DefaultObjectFactory.java:53)
	... 27 more
Caused by: java.lang.Error: Unresolved compilation problems: 
	The constructor HomePom() is undefined
	The constructor IntroductionPagePom() is undefined
	The field HomePom.contentHeader is not visible
	The field HomePom.contentText is not visible
	The field HomePom.getStartedButton is not visible
	The field IntroductionPagePom.registerLink is not visible
	The field IntroductionPagePom.signInLink is not visible
	dsDropdown cannot be resolved or is not a field
	dsDropdown cannot be resolved or is not a field
	The method clickDropdownItemArray() is undefined for the type IntroductionPagePom
	authenticationMsg cannot be resolved or is not a field
	authenticationMsg cannot be resolved or is not a field
	authenticationMsg cannot be resolved or is not a field
	The method clickDropdownItemLinkedList() is undefined for the type IntroductionPagePom
	authenticationMsg cannot be resolved or is not a field
	authenticationMsg cannot be resolved or is not a field
	authenticationMsg cannot be resolved or is not a field
	The method clickDropdownItemStack() is undefined for the type IntroductionPagePom
	authenticationMsg cannot be resolved or is not a field
	authenticationMsg cannot be resolved or is not a field
	authenticationMsg cannot be resolved or is not a field
	The method clickDropdownItemQueue() is undefined for the type IntroductionPagePom
	authenticationMsg cannot be resolved or is not a field
	authenticationMsg cannot be resolved or is not a field
	authenticationMsg cannot be resolved or is not a field
	The method clickDropdownItemTree() is undefined for the type IntroductionPagePom
	authenticationMsg cannot be resolved or is not a field
	authenticationMsg cannot be resolved or is not a field
	authenticationMsg cannot be resolved or is not a field
	The method clickDropdownItemGraph() is undefined for the type IntroductionPagePom
	authenticationMsg cannot be resolved or is not a field
	authenticationMsg cannot be resolved or is not a field
	authenticationMsg cannot be resolved or is not a field
	authenticationMsg cannot be resolved or is not a field
	authenticationMsg cannot be resolved or is not a field
	authenticationMsg cannot be resolved or is not a field
	authenticationMsg cannot be resolved or is not a field
	authenticationMsg cannot be resolved or is not a field
	authenticationMsg cannot be resolved or is not a field
	The method clickOnLinkedListGetStartedBtn() is undefined for the type IntroductionPagePom
	authenticationMsg cannot be resolved or is not a field
	authenticationMsg cannot be resolved or is not a field
	authenticationMsg cannot be resolved or is not a field
	The method clickOnStackGetStartedBtn() is undefined for the type IntroductionPagePom
	authenticationMsg cannot be resolved or is not a field
	authenticationMsg cannot be resolved or is not a field
	authenticationMsg cannot be resolved or is not a field
	The method clickOnQueueGetStartedBtn() is undefined for the type IntroductionPagePom
	authenticationMsg cannot be resolved or is not a field
	authenticationMsg cannot be resolved or is not a field
	authenticationMsg cannot be resolved or is not a field
	The method clickOnTreeGetStartedBtn() is undefined for the type IntroductionPagePom
	authenticationMsg cannot be resolved or is not a field
	authenticationMsg cannot be resolved or is not a field
	authenticationMsg cannot be resolved or is not a field
	The method clickOnGraphGetStartedBtn() is undefined for the type IntroductionPagePom
	authenticationMsg cannot be resolved or is not a field
	authenticationMsg cannot be resolved or is not a field
	authenticationMsg cannot be resolved or is not a field

	at StepDefinitions.Step_HomePage.&lt;init&gt;(Step_HomePage.java:22)
	at java.base/jdk.internal.reflect.DirectConstructorHandleAccessor.newInstance(DirectConstructorHandleAccessor.java:62)
	... 30 more

</div> <!-- stack-trace -->
                  <em>
(Runs Cucumber Scenarios)                  </em>
                </div> <!-- method-content -->
              </div> <!-- method -->
              <div class="method">
                <div class="method-content">
                  <a name="runScenario(&quot;Verify that user receives error message for empty Password and Password confirmation fields during ...)">
                  </a> <!-- runScenario("Verify that user receives error message for empty Password and Password confirmation fields during ...) -->
                  <span class="method-name">runScenario</span>
                  <span class="parameters">("Verify that user receives error message for empty Password and Password confirmation fields during registration","Registration")</span>
                  <div class="stack-trace">io.cucumber.core.exception.CucumberException: Failed to instantiate class StepDefinitions.Step_RegisterPage
	at io.cucumber.core.backend.DefaultObjectFactory.cacheNewInstance(DefaultObjectFactory.java:67)
	at io.cucumber.core.backend.DefaultObjectFactory.getInstance(DefaultObjectFactory.java:45)
	at io.cucumber.java.AbstractGlueDefinition.invokeMethod(AbstractGlueDefinition.java:47)
	at io.cucumber.java.JavaStepDefinition.execute(JavaStepDefinition.java:29)
	at io.cucumber.core.runner.CoreStepDefinition.execute(CoreStepDefinition.java:66)
	at io.cucumber.core.runner.PickleStepDefinitionMatch.runStep(PickleStepDefinitionMatch.java:62)
	at io.cucumber.core.runner.ExecutionMode$1.execute(ExecutionMode.java:10)
	at io.cucumber.core.runner.TestStep.executeStep(TestStep.java:81)
	at io.cucumber.core.runner.TestStep.run(TestStep.java:53)
	at io.cucumber.core.runner.PickleStepTestStep.run(PickleStepTestStep.java:51)
	at io.cucumber.core.runner.TestCase.run(TestCase.java:84)
	at io.cucumber.core.runner.Runner.runPickle(Runner.java:75)
	at io.cucumber.testng.TestNGCucumberRunner.lambda$runScenario$1(TestNGCucumberRunner.java:132)
	at io.cucumber.core.runtime.CucumberExecutionContext.lambda$runTestCase$5(CucumberExecutionContext.java:136)
	at io.cucumber.core.runtime.RethrowingThrowableCollector.executeAndThrow(RethrowingThrowableCollector.java:23)
	at io.cucumber.core.runtime.CucumberExecutionContext.runTestCase(CucumberExecutionContext.java:136)
	at io.cucumber.testng.TestNGCucumberRunner.runScenario(TestNGCucumberRunner.java:129)
	at io.cucumber.testng.AbstractTestNGCucumberTests.runScenario(AbstractTestNGCucumberTests.java:35)
	at java.base/jdk.internal.reflect.DirectMethodHandleAccessor.invoke(DirectMethodHandleAccessor.java:103)
	at java.base/java.lang.reflect.Method.invoke(Method.java:580)
	at org.testng.internal.invokers.MethodInvocationHelper.invokeMethod(MethodInvocationHelper.java:141)
	at org.testng.internal.invokers.TestInvoker.invokeMethod(TestInvoker.java:686)
	at org.testng.internal.invokers.TestInvoker.invokeTestMethod(TestInvoker.java:230)
	at org.testng.internal.invokers.TestMethodWithDataProviderMethodWorker.call(TestMethodWithDataProviderMethodWorker.java:81)
	at org.testng.internal.thread.Async$AsyncTask.run(Async.java:34)
	at java.base/java.util.concurrent.ThreadPoolExecutor.runWorker(ThreadPoolExecutor.java:1144)
	at java.base/java.util.concurrent.ThreadPoolExecutor$Worker.run(ThreadPoolExecutor.java:642)
	at java.base/java.lang.Thread.run(Thread.java:1575)
Caused by: java.lang.reflect.InvocationTargetException
	at java.base/jdk.internal.reflect.DirectConstructorHandleAccessor.newInstance(DirectConstructorHandleAccessor.java:74)
	at java.base/java.lang.reflect.Constructor.newInstanceWithCaller(Constructor.java:501)
	at java.base/java.lang.reflect.Constructor.newInstance(Constructor.java:485)
	at io.cucumber.core.backend.DefaultObjectFactory.cacheNewInstance(DefaultObjectFactory.java:53)
	... 27 more
Caused by: java.lang.Error: Unresolved compilation problems: 
	The constructor IntroductionPagePom() is undefined
	The constructor HomePom() is undefined
	The method getPageTitle() is undefined for the type IntroductionPagePom

	at StepDefinitions.Step_RegisterPage.&lt;init&gt;(Step_RegisterPage.java:18)
	at java.base/jdk.internal.reflect.DirectConstructorHandleAccessor.newInstance(DirectConstructorHandleAccessor.java:62)
	... 30 more

</div> <!-- stack-trace -->
                  <em>
(Runs Cucumber Scenarios)                  </em>
                </div> <!-- method-content -->
              </div> <!-- method -->
              <div class="method">
                <div class="method-content">
                  <a name="runScenario(&quot;Verify that user receives error message for Password field less than eight characters during regist...)">
                  </a> <!-- runScenario("Verify that user receives error message for Password field less than eight characters during regist...) -->
                  <span class="method-name">runScenario</span>
                  <span class="parameters">("Verify that user receives error message for Password field less than eight characters during registration","Registration")</span>
                  <div class="stack-trace">io.cucumber.core.exception.CucumberException: Failed to instantiate class StepDefinitions.Step_RegisterPage
	at io.cucumber.core.backend.DefaultObjectFactory.cacheNewInstance(DefaultObjectFactory.java:67)
	at io.cucumber.core.backend.DefaultObjectFactory.getInstance(DefaultObjectFactory.java:45)
	at io.cucumber.java.AbstractGlueDefinition.invokeMethod(AbstractGlueDefinition.java:47)
	at io.cucumber.java.JavaStepDefinition.execute(JavaStepDefinition.java:29)
	at io.cucumber.core.runner.CoreStepDefinition.execute(CoreStepDefinition.java:66)
	at io.cucumber.core.runner.PickleStepDefinitionMatch.runStep(PickleStepDefinitionMatch.java:62)
	at io.cucumber.core.runner.ExecutionMode$1.execute(ExecutionMode.java:10)
	at io.cucumber.core.runner.TestStep.executeStep(TestStep.java:81)
	at io.cucumber.core.runner.TestStep.run(TestStep.java:53)
	at io.cucumber.core.runner.PickleStepTestStep.run(PickleStepTestStep.java:51)
	at io.cucumber.core.runner.TestCase.run(TestCase.java:84)
	at io.cucumber.core.runner.Runner.runPickle(Runner.java:75)
	at io.cucumber.testng.TestNGCucumberRunner.lambda$runScenario$1(TestNGCucumberRunner.java:132)
	at io.cucumber.core.runtime.CucumberExecutionContext.lambda$runTestCase$5(CucumberExecutionContext.java:136)
	at io.cucumber.core.runtime.RethrowingThrowableCollector.executeAndThrow(RethrowingThrowableCollector.java:23)
	at io.cucumber.core.runtime.CucumberExecutionContext.runTestCase(CucumberExecutionContext.java:136)
	at io.cucumber.testng.TestNGCucumberRunner.runScenario(TestNGCucumberRunner.java:129)
	at io.cucumber.testng.AbstractTestNGCucumberTests.runScenario(AbstractTestNGCucumberTests.java:35)
	at java.base/jdk.internal.reflect.DirectMethodHandleAccessor.invoke(DirectMethodHandleAccessor.java:103)
	at java.base/java.lang.reflect.Method.invoke(Method.java:580)
	at org.testng.internal.invokers.MethodInvocationHelper.invokeMethod(MethodInvocationHelper.java:141)
	at org.testng.internal.invokers.TestInvoker.invokeMethod(TestInvoker.java:686)
	at org.testng.internal.invokers.TestInvoker.invokeTestMethod(TestInvoker.java:230)
	at org.testng.internal.invokers.TestMethodWithDataProviderMethodWorker.call(TestMethodWithDataProviderMethodWorker.java:81)
	at org.testng.internal.thread.Async$AsyncTask.run(Async.java:34)
	at java.base/java.util.concurrent.ThreadPoolExecutor.runWorker(ThreadPoolExecutor.java:1144)
	at java.base/java.util.concurrent.ThreadPoolExecutor$Worker.run(ThreadPoolExecutor.java:642)
	at java.base/java.lang.Thread.run(Thread.java:1575)
Caused by: java.lang.reflect.InvocationTargetException
	at java.base/jdk.internal.reflect.DirectConstructorHandleAccessor.newInstance(DirectConstructorHandleAccessor.java:74)
	at java.base/java.lang.reflect.Constructor.newInstanceWithCaller(Constructor.java:501)
	at java.base/java.lang.reflect.Constructor.newInstance(Constructor.java:485)
	at io.cucumber.core.backend.DefaultObjectFactory.cacheNewInstance(DefaultObjectFactory.java:53)
	... 27 more
Caused by: java.lang.Error: Unresolved compilation problems: 
	The constructor IntroductionPagePom() is undefined
	The constructor HomePom() is undefined
	The method getPageTitle() is undefined for the type IntroductionPagePom

	at StepDefinitions.Step_RegisterPage.&lt;init&gt;(Step_RegisterPage.java:18)
	at java.base/jdk.internal.reflect.DirectConstructorHandleAccessor.newInstance(DirectConstructorHandleAccessor.java:62)
	... 30 more

</div> <!-- stack-trace -->
                  <em>
(Runs Cucumber Scenarios)                  </em>
                </div> <!-- method-content -->
              </div> <!-- method -->
              <div class="method">
                <div class="method-content">
                  <a name="runScenario(&quot;Verify that user able to see warning message while selecting Stack from the drop down without Sign ...)">
                  </a> <!-- runScenario("Verify that user able to see warning message while selecting Stack from the drop down without Sign ...) -->
                  <span class="method-name">runScenario</span>
                  <span class="parameters">("Verify that user able to see warning message while selecting Stack from the drop down without Sign in","DSportal App HomePage")</span>
                  <div class="stack-trace">io.cucumber.core.exception.CucumberException: Failed to instantiate class StepDefinitions.Step_HomePage
	at io.cucumber.core.backend.DefaultObjectFactory.cacheNewInstance(DefaultObjectFactory.java:67)
	at io.cucumber.core.backend.DefaultObjectFactory.getInstance(DefaultObjectFactory.java:45)
	at io.cucumber.java.AbstractGlueDefinition.invokeMethod(AbstractGlueDefinition.java:47)
	at io.cucumber.java.JavaStepDefinition.execute(JavaStepDefinition.java:29)
	at io.cucumber.core.runner.CoreStepDefinition.execute(CoreStepDefinition.java:66)
	at io.cucumber.core.runner.PickleStepDefinitionMatch.runStep(PickleStepDefinitionMatch.java:62)
	at io.cucumber.core.runner.ExecutionMode$1.execute(ExecutionMode.java:10)
	at io.cucumber.core.runner.TestStep.executeStep(TestStep.java:81)
	at io.cucumber.core.runner.TestStep.run(TestStep.java:53)
	at io.cucumber.core.runner.PickleStepTestStep.run(PickleStepTestStep.java:51)
	at io.cucumber.core.runner.TestCase.run(TestCase.java:84)
	at io.cucumber.core.runner.Runner.runPickle(Runner.java:75)
	at io.cucumber.testng.TestNGCucumberRunner.lambda$runScenario$1(TestNGCucumberRunner.java:132)
	at io.cucumber.core.runtime.CucumberExecutionContext.lambda$runTestCase$5(CucumberExecutionContext.java:136)
	at io.cucumber.core.runtime.RethrowingThrowableCollector.executeAndThrow(RethrowingThrowableCollector.java:23)
	at io.cucumber.core.runtime.CucumberExecutionContext.runTestCase(CucumberExecutionContext.java:136)
	at io.cucumber.testng.TestNGCucumberRunner.runScenario(TestNGCucumberRunner.java:129)
	at io.cucumber.testng.AbstractTestNGCucumberTests.runScenario(AbstractTestNGCucumberTests.java:35)
	at java.base/jdk.internal.reflect.DirectMethodHandleAccessor.invoke(DirectMethodHandleAccessor.java:103)
	at java.base/java.lang.reflect.Method.invoke(Method.java:580)
	at org.testng.internal.invokers.MethodInvocationHelper.invokeMethod(MethodInvocationHelper.java:141)
	at org.testng.internal.invokers.TestInvoker.invokeMethod(TestInvoker.java:686)
	at org.testng.internal.invokers.TestInvoker.invokeTestMethod(TestInvoker.java:230)
	at org.testng.internal.invokers.TestMethodWithDataProviderMethodWorker.call(TestMethodWithDataProviderMethodWorker.java:81)
	at org.testng.internal.thread.Async$AsyncTask.run(Async.java:34)
	at java.base/java.util.concurrent.ThreadPoolExecutor.runWorker(ThreadPoolExecutor.java:1144)
	at java.base/java.util.concurrent.ThreadPoolExecutor$Worker.run(ThreadPoolExecutor.java:642)
	at java.base/java.lang.Thread.run(Thread.java:1575)
Caused by: java.lang.reflect.InvocationTargetException
	at java.base/jdk.internal.reflect.DirectConstructorHandleAccessor.newInstance(DirectConstructorHandleAccessor.java:74)
	at java.base/java.lang.reflect.Constructor.newInstanceWithCaller(Constructor.java:501)
	at java.base/java.lang.reflect.Constructor.newInstance(Constructor.java:485)
	at io.cucumber.core.backend.DefaultObjectFactory.cacheNewInstance(DefaultObjectFactory.java:53)
	... 27 more
Caused by: java.lang.Error: Unresolved compilation problems: 
	The constructor HomePom() is undefined
	The constructor IntroductionPagePom() is undefined
	The field HomePom.contentHeader is not visible
	The field HomePom.contentText is not visible
	The field HomePom.getStartedButton is not visible
	The field IntroductionPagePom.registerLink is not visible
	The field IntroductionPagePom.signInLink is not visible
	dsDropdown cannot be resolved or is not a field
	dsDropdown cannot be resolved or is not a field
	The method clickDropdownItemArray() is undefined for the type IntroductionPagePom
	authenticationMsg cannot be resolved or is not a field
	authenticationMsg cannot be resolved or is not a field
	authenticationMsg cannot be resolved or is not a field
	The method clickDropdownItemLinkedList() is undefined for the type IntroductionPagePom
	authenticationMsg cannot be resolved or is not a field
	authenticationMsg cannot be resolved or is not a field
	authenticationMsg cannot be resolved or is not a field
	The method clickDropdownItemStack() is undefined for the type IntroductionPagePom
	authenticationMsg cannot be resolved or is not a field
	authenticationMsg cannot be resolved or is not a field
	authenticationMsg cannot be resolved or is not a field
	The method clickDropdownItemQueue() is undefined for the type IntroductionPagePom
	authenticationMsg cannot be resolved or is not a field
	authenticationMsg cannot be resolved or is not a field
	authenticationMsg cannot be resolved or is not a field
	The method clickDropdownItemTree() is undefined for the type IntroductionPagePom
	authenticationMsg cannot be resolved or is not a field
	authenticationMsg cannot be resolved or is not a field
	authenticationMsg cannot be resolved or is not a field
	The method clickDropdownItemGraph() is undefined for the type IntroductionPagePom
	authenticationMsg cannot be resolved or is not a field
	authenticationMsg cannot be resolved or is not a field
	authenticationMsg cannot be resolved or is not a field
	authenticationMsg cannot be resolved or is not a field
	authenticationMsg cannot be resolved or is not a field
	authenticationMsg cannot be resolved or is not a field
	authenticationMsg cannot be resolved or is not a field
	authenticationMsg cannot be resolved or is not a field
	authenticationMsg cannot be resolved or is not a field
	The method clickOnLinkedListGetStartedBtn() is undefined for the type IntroductionPagePom
	authenticationMsg cannot be resolved or is not a field
	authenticationMsg cannot be resolved or is not a field
	authenticationMsg cannot be resolved or is not a field
	The method clickOnStackGetStartedBtn() is undefined for the type IntroductionPagePom
	authenticationMsg cannot be resolved or is not a field
	authenticationMsg cannot be resolved or is not a field
	authenticationMsg cannot be resolved or is not a field
	The method clickOnQueueGetStartedBtn() is undefined for the type IntroductionPagePom
	authenticationMsg cannot be resolved or is not a field
	authenticationMsg cannot be resolved or is not a field
	authenticationMsg cannot be resolved or is not a field
	The method clickOnTreeGetStartedBtn() is undefined for the type IntroductionPagePom
	authenticationMsg cannot be resolved or is not a field
	authenticationMsg cannot be resolved or is not a field
	authenticationMsg cannot be resolved or is not a field
	The method clickOnGraphGetStartedBtn() is undefined for the type IntroductionPagePom
	authenticationMsg cannot be resolved or is not a field
	authenticationMsg cannot be resolved or is not a field
	authenticationMsg cannot be resolved or is not a field

	at StepDefinitions.Step_HomePage.&lt;init&gt;(Step_HomePage.java:22)
	at java.base/jdk.internal.reflect.DirectConstructorHandleAccessor.newInstance(DirectConstructorHandleAccessor.java:62)
	... 30 more

</div> <!-- stack-trace -->
                  <em>
(Runs Cucumber Scenarios)                  </em>
                </div> <!-- method-content -->
              </div> <!-- method -->
              <div class="method">
                <div class="method-content">
                  <a name="runScenario(&quot;Verify that user able to see warning message on clicking Get Started buttons of Data Structures-Int...)">
                  </a> <!-- runScenario("Verify that user able to see warning message on clicking Get Started buttons of Data Structures-Int...) -->
                  <span class="method-name">runScenario</span>
                  <span class="parameters">("Verify that user able to see warning message on clicking Get Started buttons of Data Structures-Introduction on the home page without Sign in","DSportal App HomePage")</span>
                  <div class="stack-trace">io.cucumber.core.exception.CucumberException: Failed to instantiate class StepDefinitions.Step_HomePage
	at io.cucumber.core.backend.DefaultObjectFactory.cacheNewInstance(DefaultObjectFactory.java:67)
	at io.cucumber.core.backend.DefaultObjectFactory.getInstance(DefaultObjectFactory.java:45)
	at io.cucumber.java.AbstractGlueDefinition.invokeMethod(AbstractGlueDefinition.java:47)
	at io.cucumber.java.JavaStepDefinition.execute(JavaStepDefinition.java:29)
	at io.cucumber.core.runner.CoreStepDefinition.execute(CoreStepDefinition.java:66)
	at io.cucumber.core.runner.PickleStepDefinitionMatch.runStep(PickleStepDefinitionMatch.java:62)
	at io.cucumber.core.runner.ExecutionMode$1.execute(ExecutionMode.java:10)
	at io.cucumber.core.runner.TestStep.executeStep(TestStep.java:81)
	at io.cucumber.core.runner.TestStep.run(TestStep.java:53)
	at io.cucumber.core.runner.PickleStepTestStep.run(PickleStepTestStep.java:51)
	at io.cucumber.core.runner.TestCase.run(TestCase.java:84)
	at io.cucumber.core.runner.Runner.runPickle(Runner.java:75)
	at io.cucumber.testng.TestNGCucumberRunner.lambda$runScenario$1(TestNGCucumberRunner.java:132)
	at io.cucumber.core.runtime.CucumberExecutionContext.lambda$runTestCase$5(CucumberExecutionContext.java:136)
	at io.cucumber.core.runtime.RethrowingThrowableCollector.executeAndThrow(RethrowingThrowableCollector.java:23)
	at io.cucumber.core.runtime.CucumberExecutionContext.runTestCase(CucumberExecutionContext.java:136)
	at io.cucumber.testng.TestNGCucumberRunner.runScenario(TestNGCucumberRunner.java:129)
	at io.cucumber.testng.AbstractTestNGCucumberTests.runScenario(AbstractTestNGCucumberTests.java:35)
	at java.base/jdk.internal.reflect.DirectMethodHandleAccessor.invoke(DirectMethodHandleAccessor.java:103)
	at java.base/java.lang.reflect.Method.invoke(Method.java:580)
	at org.testng.internal.invokers.MethodInvocationHelper.invokeMethod(MethodInvocationHelper.java:141)
	at org.testng.internal.invokers.TestInvoker.invokeMethod(TestInvoker.java:686)
	at org.testng.internal.invokers.TestInvoker.invokeTestMethod(TestInvoker.java:230)
	at org.testng.internal.invokers.TestMethodWithDataProviderMethodWorker.call(TestMethodWithDataProviderMethodWorker.java:81)
	at org.testng.internal.thread.Async$AsyncTask.run(Async.java:34)
	at java.base/java.util.concurrent.ThreadPoolExecutor.runWorker(ThreadPoolExecutor.java:1144)
	at java.base/java.util.concurrent.ThreadPoolExecutor$Worker.run(ThreadPoolExecutor.java:642)
	at java.base/java.lang.Thread.run(Thread.java:1575)
Caused by: java.lang.reflect.InvocationTargetException
	at java.base/jdk.internal.reflect.DirectConstructorHandleAccessor.newInstance(DirectConstructorHandleAccessor.java:74)
	at java.base/java.lang.reflect.Constructor.newInstanceWithCaller(Constructor.java:501)
	at java.base/java.lang.reflect.Constructor.newInstance(Constructor.java:485)
	at io.cucumber.core.backend.DefaultObjectFactory.cacheNewInstance(DefaultObjectFactory.java:53)
	... 27 more
Caused by: java.lang.Error: Unresolved compilation problems: 
	The constructor HomePom() is undefined
	The constructor IntroductionPagePom() is undefined
	The field HomePom.contentHeader is not visible
	The field HomePom.contentText is not visible
	The field HomePom.getStartedButton is not visible
	The field IntroductionPagePom.registerLink is not visible
	The field IntroductionPagePom.signInLink is not visible
	dsDropdown cannot be resolved or is not a field
	dsDropdown cannot be resolved or is not a field
	The method clickDropdownItemArray() is undefined for the type IntroductionPagePom
	authenticationMsg cannot be resolved or is not a field
	authenticationMsg cannot be resolved or is not a field
	authenticationMsg cannot be resolved or is not a field
	The method clickDropdownItemLinkedList() is undefined for the type IntroductionPagePom
	authenticationMsg cannot be resolved or is not a field
	authenticationMsg cannot be resolved or is not a field
	authenticationMsg cannot be resolved or is not a field
	The method clickDropdownItemStack() is undefined for the type IntroductionPagePom
	authenticationMsg cannot be resolved or is not a field
	authenticationMsg cannot be resolved or is not a field
	authenticationMsg cannot be resolved or is not a field
	The method clickDropdownItemQueue() is undefined for the type IntroductionPagePom
	authenticationMsg cannot be resolved or is not a field
	authenticationMsg cannot be resolved or is not a field
	authenticationMsg cannot be resolved or is not a field
	The method clickDropdownItemTree() is undefined for the type IntroductionPagePom
	authenticationMsg cannot be resolved or is not a field
	authenticationMsg cannot be resolved or is not a field
	authenticationMsg cannot be resolved or is not a field
	The method clickDropdownItemGraph() is undefined for the type IntroductionPagePom
	authenticationMsg cannot be resolved or is not a field
	authenticationMsg cannot be resolved or is not a field
	authenticationMsg cannot be resolved or is not a field
	authenticationMsg cannot be resolved or is not a field
	authenticationMsg cannot be resolved or is not a field
	authenticationMsg cannot be resolved or is not a field
	authenticationMsg cannot be resolved or is not a field
	authenticationMsg cannot be resolved or is not a field
	authenticationMsg cannot be resolved or is not a field
	The method clickOnLinkedListGetStartedBtn() is undefined for the type IntroductionPagePom
	authenticationMsg cannot be resolved or is not a field
	authenticationMsg cannot be resolved or is not a field
	authenticationMsg cannot be resolved or is not a field
	The method clickOnStackGetStartedBtn() is undefined for the type IntroductionPagePom
	authenticationMsg cannot be resolved or is not a field
	authenticationMsg cannot be resolved or is not a field
	authenticationMsg cannot be resolved or is not a field
	The method clickOnQueueGetStartedBtn() is undefined for the type IntroductionPagePom
	authenticationMsg cannot be resolved or is not a field
	authenticationMsg cannot be resolved or is not a field
	authenticationMsg cannot be resolved or is not a field
	The method clickOnTreeGetStartedBtn() is undefined for the type IntroductionPagePom
	authenticationMsg cannot be resolved or is not a field
	authenticationMsg cannot be resolved or is not a field
	authenticationMsg cannot be resolved or is not a field
	The method clickOnGraphGetStartedBtn() is undefined for the type IntroductionPagePom
	authenticationMsg cannot be resolved or is not a field
	authenticationMsg cannot be resolved or is not a field
	authenticationMsg cannot be resolved or is not a field

	at StepDefinitions.Step_HomePage.&lt;init&gt;(Step_HomePage.java:22)
	at java.base/jdk.internal.reflect.DirectConstructorHandleAccessor.newInstance(DirectConstructorHandleAccessor.java:62)
	... 30 more

</div> <!-- stack-trace -->
                  <em>
(Runs Cucumber Scenarios)                  </em>
                </div> <!-- method-content -->
              </div> <!-- method -->
              <div class="method">
                <div class="method-content">
                  <a name="runScenario(&quot;Verify that user able to see warning message on clicking Get Started buttons of Array on the home p...)">
                  </a> <!-- runScenario("Verify that user able to see warning message on clicking Get Started buttons of Array on the home p...) -->
                  <span class="method-name">runScenario</span>
                  <span class="parameters">("Verify that user able to see warning message on clicking Get Started buttons of Array on the home page without Sign in","DSportal App HomePage")</span>
                  <div class="stack-trace">io.cucumber.core.exception.CucumberException: Failed to instantiate class StepDefinitions.Step_HomePage
	at io.cucumber.core.backend.DefaultObjectFactory.cacheNewInstance(DefaultObjectFactory.java:67)
	at io.cucumber.core.backend.DefaultObjectFactory.getInstance(DefaultObjectFactory.java:45)
	at io.cucumber.java.AbstractGlueDefinition.invokeMethod(AbstractGlueDefinition.java:47)
	at io.cucumber.java.JavaStepDefinition.execute(JavaStepDefinition.java:29)
	at io.cucumber.core.runner.CoreStepDefinition.execute(CoreStepDefinition.java:66)
	at io.cucumber.core.runner.PickleStepDefinitionMatch.runStep(PickleStepDefinitionMatch.java:62)
	at io.cucumber.core.runner.ExecutionMode$1.execute(ExecutionMode.java:10)
	at io.cucumber.core.runner.TestStep.executeStep(TestStep.java:81)
	at io.cucumber.core.runner.TestStep.run(TestStep.java:53)
	at io.cucumber.core.runner.PickleStepTestStep.run(PickleStepTestStep.java:51)
	at io.cucumber.core.runner.TestCase.run(TestCase.java:84)
	at io.cucumber.core.runner.Runner.runPickle(Runner.java:75)
	at io.cucumber.testng.TestNGCucumberRunner.lambda$runScenario$1(TestNGCucumberRunner.java:132)
	at io.cucumber.core.runtime.CucumberExecutionContext.lambda$runTestCase$5(CucumberExecutionContext.java:136)
	at io.cucumber.core.runtime.RethrowingThrowableCollector.executeAndThrow(RethrowingThrowableCollector.java:23)
	at io.cucumber.core.runtime.CucumberExecutionContext.runTestCase(CucumberExecutionContext.java:136)
	at io.cucumber.testng.TestNGCucumberRunner.runScenario(TestNGCucumberRunner.java:129)
	at io.cucumber.testng.AbstractTestNGCucumberTests.runScenario(AbstractTestNGCucumberTests.java:35)
	at java.base/jdk.internal.reflect.DirectMethodHandleAccessor.invoke(DirectMethodHandleAccessor.java:103)
	at java.base/java.lang.reflect.Method.invoke(Method.java:580)
	at org.testng.internal.invokers.MethodInvocationHelper.invokeMethod(MethodInvocationHelper.java:141)
	at org.testng.internal.invokers.TestInvoker.invokeMethod(TestInvoker.java:686)
	at org.testng.internal.invokers.TestInvoker.invokeTestMethod(TestInvoker.java:230)
	at org.testng.internal.invokers.TestMethodWithDataProviderMethodWorker.call(TestMethodWithDataProviderMethodWorker.java:81)
	at org.testng.internal.thread.Async$AsyncTask.run(Async.java:34)
	at java.base/java.util.concurrent.ThreadPoolExecutor.runWorker(ThreadPoolExecutor.java:1144)
	at java.base/java.util.concurrent.ThreadPoolExecutor$Worker.run(ThreadPoolExecutor.java:642)
	at java.base/java.lang.Thread.run(Thread.java:1575)
Caused by: java.lang.reflect.InvocationTargetException
	at java.base/jdk.internal.reflect.DirectConstructorHandleAccessor.newInstance(DirectConstructorHandleAccessor.java:74)
	at java.base/java.lang.reflect.Constructor.newInstanceWithCaller(Constructor.java:501)
	at java.base/java.lang.reflect.Constructor.newInstance(Constructor.java:485)
	at io.cucumber.core.backend.DefaultObjectFactory.cacheNewInstance(DefaultObjectFactory.java:53)
	... 27 more
Caused by: java.lang.Error: Unresolved compilation problems: 
	The constructor HomePom() is undefined
	The constructor IntroductionPagePom() is undefined
	The field HomePom.contentHeader is not visible
	The field HomePom.contentText is not visible
	The field HomePom.getStartedButton is not visible
	The field IntroductionPagePom.registerLink is not visible
	The field IntroductionPagePom.signInLink is not visible
	dsDropdown cannot be resolved or is not a field
	dsDropdown cannot be resolved or is not a field
	The method clickDropdownItemArray() is undefined for the type IntroductionPagePom
	authenticationMsg cannot be resolved or is not a field
	authenticationMsg cannot be resolved or is not a field
	authenticationMsg cannot be resolved or is not a field
	The method clickDropdownItemLinkedList() is undefined for the type IntroductionPagePom
	authenticationMsg cannot be resolved or is not a field
	authenticationMsg cannot be resolved or is not a field
	authenticationMsg cannot be resolved or is not a field
	The method clickDropdownItemStack() is undefined for the type IntroductionPagePom
	authenticationMsg cannot be resolved or is not a field
	authenticationMsg cannot be resolved or is not a field
	authenticationMsg cannot be resolved or is not a field
	The method clickDropdownItemQueue() is undefined for the type IntroductionPagePom
	authenticationMsg cannot be resolved or is not a field
	authenticationMsg cannot be resolved or is not a field
	authenticationMsg cannot be resolved or is not a field
	The method clickDropdownItemTree() is undefined for the type IntroductionPagePom
	authenticationMsg cannot be resolved or is not a field
	authenticationMsg cannot be resolved or is not a field
	authenticationMsg cannot be resolved or is not a field
	The method clickDropdownItemGraph() is undefined for the type IntroductionPagePom
	authenticationMsg cannot be resolved or is not a field
	authenticationMsg cannot be resolved or is not a field
	authenticationMsg cannot be resolved or is not a field
	authenticationMsg cannot be resolved or is not a field
	authenticationMsg cannot be resolved or is not a field
	authenticationMsg cannot be resolved or is not a field
	authenticationMsg cannot be resolved or is not a field
	authenticationMsg cannot be resolved or is not a field
	authenticationMsg cannot be resolved or is not a field
	The method clickOnLinkedListGetStartedBtn() is undefined for the type IntroductionPagePom
	authenticationMsg cannot be resolved or is not a field
	authenticationMsg cannot be resolved or is not a field
	authenticationMsg cannot be resolved or is not a field
	The method clickOnStackGetStartedBtn() is undefined for the type IntroductionPagePom
	authenticationMsg cannot be resolved or is not a field
	authenticationMsg cannot be resolved or is not a field
	authenticationMsg cannot be resolved or is not a field
	The method clickOnQueueGetStartedBtn() is undefined for the type IntroductionPagePom
	authenticationMsg cannot be resolved or is not a field
	authenticationMsg cannot be resolved or is not a field
	authenticationMsg cannot be resolved or is not a field
	The method clickOnTreeGetStartedBtn() is undefined for the type IntroductionPagePom
	authenticationMsg cannot be resolved or is not a field
	authenticationMsg cannot be resolved or is not a field
	authenticationMsg cannot be resolved or is not a field
	The method clickOnGraphGetStartedBtn() is undefined for the type IntroductionPagePom
	authenticationMsg cannot be resolved or is not a field
	authenticationMsg cannot be resolved or is not a field
	authenticationMsg cannot be resolved or is not a field

	at StepDefinitions.Step_HomePage.&lt;init&gt;(Step_HomePage.java:22)
	at java.base/jdk.internal.reflect.DirectConstructorHandleAccessor.newInstance(DirectConstructorHandleAccessor.java:62)
	... 30 more

</div> <!-- stack-trace -->
                  <em>
(Runs Cucumber Scenarios)                  </em>
                </div> <!-- method-content -->
              </div> <!-- method -->
              <div class="method">
                <div class="method-content">
                  <a name="runScenario(&quot;Verify that user is able to click on Sign in link from Registration page&quot;, &quot;Registration&quot;)">
                  </a> <!-- runScenario("Verify that user is able to click on Sign in link from Registration page", "Registration") -->
                  <span class="method-name">runScenario</span>
                  <span class="parameters">("Verify that user is able to click on Sign in link from Registration page","Registration")</span>
                  <div class="stack-trace">io.cucumber.core.exception.CucumberException: Failed to instantiate class StepDefinitions.Step_RegisterPage
	at io.cucumber.core.backend.DefaultObjectFactory.cacheNewInstance(DefaultObjectFactory.java:67)
	at io.cucumber.core.backend.DefaultObjectFactory.getInstance(DefaultObjectFactory.java:45)
	at io.cucumber.java.AbstractGlueDefinition.invokeMethod(AbstractGlueDefinition.java:47)
	at io.cucumber.java.JavaStepDefinition.execute(JavaStepDefinition.java:29)
	at io.cucumber.core.runner.CoreStepDefinition.execute(CoreStepDefinition.java:66)
	at io.cucumber.core.runner.PickleStepDefinitionMatch.runStep(PickleStepDefinitionMatch.java:62)
	at io.cucumber.core.runner.ExecutionMode$1.execute(ExecutionMode.java:10)
	at io.cucumber.core.runner.TestStep.executeStep(TestStep.java:81)
	at io.cucumber.core.runner.TestStep.run(TestStep.java:53)
	at io.cucumber.core.runner.PickleStepTestStep.run(PickleStepTestStep.java:51)
	at io.cucumber.core.runner.TestCase.run(TestCase.java:84)
	at io.cucumber.core.runner.Runner.runPickle(Runner.java:75)
	at io.cucumber.testng.TestNGCucumberRunner.lambda$runScenario$1(TestNGCucumberRunner.java:132)
	at io.cucumber.core.runtime.CucumberExecutionContext.lambda$runTestCase$5(CucumberExecutionContext.java:136)
	at io.cucumber.core.runtime.RethrowingThrowableCollector.executeAndThrow(RethrowingThrowableCollector.java:23)
	at io.cucumber.core.runtime.CucumberExecutionContext.runTestCase(CucumberExecutionContext.java:136)
	at io.cucumber.testng.TestNGCucumberRunner.runScenario(TestNGCucumberRunner.java:129)
	at io.cucumber.testng.AbstractTestNGCucumberTests.runScenario(AbstractTestNGCucumberTests.java:35)
	at java.base/jdk.internal.reflect.DirectMethodHandleAccessor.invoke(DirectMethodHandleAccessor.java:103)
	at java.base/java.lang.reflect.Method.invoke(Method.java:580)
	at org.testng.internal.invokers.MethodInvocationHelper.invokeMethod(MethodInvocationHelper.java:141)
	at org.testng.internal.invokers.TestInvoker.invokeMethod(TestInvoker.java:686)
	at org.testng.internal.invokers.TestInvoker.invokeTestMethod(TestInvoker.java:230)
	at org.testng.internal.invokers.TestMethodWithDataProviderMethodWorker.call(TestMethodWithDataProviderMethodWorker.java:81)
	at org.testng.internal.thread.Async$AsyncTask.run(Async.java:34)
	at java.base/java.util.concurrent.ThreadPoolExecutor.runWorker(ThreadPoolExecutor.java:1144)
	at java.base/java.util.concurrent.ThreadPoolExecutor$Worker.run(ThreadPoolExecutor.java:642)
	at java.base/java.lang.Thread.run(Thread.java:1575)
Caused by: java.lang.reflect.InvocationTargetException
	at java.base/jdk.internal.reflect.DirectConstructorHandleAccessor.newInstance(DirectConstructorHandleAccessor.java:74)
	at java.base/java.lang.reflect.Constructor.newInstanceWithCaller(Constructor.java:501)
	at java.base/java.lang.reflect.Constructor.newInstance(Constructor.java:485)
	at io.cucumber.core.backend.DefaultObjectFactory.cacheNewInstance(DefaultObjectFactory.java:53)
	... 27 more
Caused by: java.lang.Error: Unresolved compilation problems: 
	The constructor IntroductionPagePom() is undefined
	The constructor HomePom() is undefined
	The method getPageTitle() is undefined for the type IntroductionPagePom

	at StepDefinitions.Step_RegisterPage.&lt;init&gt;(Step_RegisterPage.java:18)
	at java.base/jdk.internal.reflect.DirectConstructorHandleAccessor.newInstance(DirectConstructorHandleAccessor.java:62)
	... 30 more

</div> <!-- stack-trace -->
                  <em>
(Runs Cucumber Scenarios)                  </em>
                </div> <!-- method-content -->
              </div> <!-- method -->
              <div class="method">
                <div class="method-content">
                  <a name="runScenario(&quot;Verify that user able to see warning message on clicking Get Started buttons of Queue on the home p...)">
                  </a> <!-- runScenario("Verify that user able to see warning message on clicking Get Started buttons of Queue on the home p...) -->
                  <span class="method-name">runScenario</span>
                  <span class="parameters">("Verify that user able to see warning message on clicking Get Started buttons of Queue on the home page without Sign in","DSportal App HomePage")</span>
                  <div class="stack-trace">io.cucumber.core.exception.CucumberException: Failed to instantiate class StepDefinitions.Step_HomePage
	at io.cucumber.core.backend.DefaultObjectFactory.cacheNewInstance(DefaultObjectFactory.java:67)
	at io.cucumber.core.backend.DefaultObjectFactory.getInstance(DefaultObjectFactory.java:45)
	at io.cucumber.java.AbstractGlueDefinition.invokeMethod(AbstractGlueDefinition.java:47)
	at io.cucumber.java.JavaStepDefinition.execute(JavaStepDefinition.java:29)
	at io.cucumber.core.runner.CoreStepDefinition.execute(CoreStepDefinition.java:66)
	at io.cucumber.core.runner.PickleStepDefinitionMatch.runStep(PickleStepDefinitionMatch.java:62)
	at io.cucumber.core.runner.ExecutionMode$1.execute(ExecutionMode.java:10)
	at io.cucumber.core.runner.TestStep.executeStep(TestStep.java:81)
	at io.cucumber.core.runner.TestStep.run(TestStep.java:53)
	at io.cucumber.core.runner.PickleStepTestStep.run(PickleStepTestStep.java:51)
	at io.cucumber.core.runner.TestCase.run(TestCase.java:84)
	at io.cucumber.core.runner.Runner.runPickle(Runner.java:75)
	at io.cucumber.testng.TestNGCucumberRunner.lambda$runScenario$1(TestNGCucumberRunner.java:132)
	at io.cucumber.core.runtime.CucumberExecutionContext.lambda$runTestCase$5(CucumberExecutionContext.java:136)
	at io.cucumber.core.runtime.RethrowingThrowableCollector.executeAndThrow(RethrowingThrowableCollector.java:23)
	at io.cucumber.core.runtime.CucumberExecutionContext.runTestCase(CucumberExecutionContext.java:136)
	at io.cucumber.testng.TestNGCucumberRunner.runScenario(TestNGCucumberRunner.java:129)
	at io.cucumber.testng.AbstractTestNGCucumberTests.runScenario(AbstractTestNGCucumberTests.java:35)
	at java.base/jdk.internal.reflect.DirectMethodHandleAccessor.invoke(DirectMethodHandleAccessor.java:103)
	at java.base/java.lang.reflect.Method.invoke(Method.java:580)
	at org.testng.internal.invokers.MethodInvocationHelper.invokeMethod(MethodInvocationHelper.java:141)
	at org.testng.internal.invokers.TestInvoker.invokeMethod(TestInvoker.java:686)
	at org.testng.internal.invokers.TestInvoker.invokeTestMethod(TestInvoker.java:230)
	at org.testng.internal.invokers.TestMethodWithDataProviderMethodWorker.call(TestMethodWithDataProviderMethodWorker.java:81)
	at org.testng.internal.thread.Async$AsyncTask.run(Async.java:34)
	at java.base/java.util.concurrent.ThreadPoolExecutor.runWorker(ThreadPoolExecutor.java:1144)
	at java.base/java.util.concurrent.ThreadPoolExecutor$Worker.run(ThreadPoolExecutor.java:642)
	at java.base/java.lang.Thread.run(Thread.java:1575)
Caused by: java.lang.reflect.InvocationTargetException
	at java.base/jdk.internal.reflect.DirectConstructorHandleAccessor.newInstance(DirectConstructorHandleAccessor.java:74)
	at java.base/java.lang.reflect.Constructor.newInstanceWithCaller(Constructor.java:501)
	at java.base/java.lang.reflect.Constructor.newInstance(Constructor.java:485)
	at io.cucumber.core.backend.DefaultObjectFactory.cacheNewInstance(DefaultObjectFactory.java:53)
	... 27 more
Caused by: java.lang.Error: Unresolved compilation problems: 
	The constructor HomePom() is undefined
	The constructor IntroductionPagePom() is undefined
	The field HomePom.contentHeader is not visible
	The field HomePom.contentText is not visible
	The field HomePom.getStartedButton is not visible
	The field IntroductionPagePom.registerLink is not visible
	The field IntroductionPagePom.signInLink is not visible
	dsDropdown cannot be resolved or is not a field
	dsDropdown cannot be resolved or is not a field
	The method clickDropdownItemArray() is undefined for the type IntroductionPagePom
	authenticationMsg cannot be resolved or is not a field
	authenticationMsg cannot be resolved or is not a field
	authenticationMsg cannot be resolved or is not a field
	The method clickDropdownItemLinkedList() is undefined for the type IntroductionPagePom
	authenticationMsg cannot be resolved or is not a field
	authenticationMsg cannot be resolved or is not a field
	authenticationMsg cannot be resolved or is not a field
	The method clickDropdownItemStack() is undefined for the type IntroductionPagePom
	authenticationMsg cannot be resolved or is not a field
	authenticationMsg cannot be resolved or is not a field
	authenticationMsg cannot be resolved or is not a field
	The method clickDropdownItemQueue() is undefined for the type IntroductionPagePom
	authenticationMsg cannot be resolved or is not a field
	authenticationMsg cannot be resolved or is not a field
	authenticationMsg cannot be resolved or is not a field
	The method clickDropdownItemTree() is undefined for the type IntroductionPagePom
	authenticationMsg cannot be resolved or is not a field
	authenticationMsg cannot be resolved or is not a field
	authenticationMsg cannot be resolved or is not a field
	The method clickDropdownItemGraph() is undefined for the type IntroductionPagePom
	authenticationMsg cannot be resolved or is not a field
	authenticationMsg cannot be resolved or is not a field
	authenticationMsg cannot be resolved or is not a field
	authenticationMsg cannot be resolved or is not a field
	authenticationMsg cannot be resolved or is not a field
	authenticationMsg cannot be resolved or is not a field
	authenticationMsg cannot be resolved or is not a field
	authenticationMsg cannot be resolved or is not a field
	authenticationMsg cannot be resolved or is not a field
	The method clickOnLinkedListGetStartedBtn() is undefined for the type IntroductionPagePom
	authenticationMsg cannot be resolved or is not a field
	authenticationMsg cannot be resolved or is not a field
	authenticationMsg cannot be resolved or is not a field
	The method clickOnStackGetStartedBtn() is undefined for the type IntroductionPagePom
	authenticationMsg cannot be resolved or is not a field
	authenticationMsg cannot be resolved or is not a field
	authenticationMsg cannot be resolved or is not a field
	The method clickOnQueueGetStartedBtn() is undefined for the type IntroductionPagePom
	authenticationMsg cannot be resolved or is not a field
	authenticationMsg cannot be resolved or is not a field
	authenticationMsg cannot be resolved or is not a field
	The method clickOnTreeGetStartedBtn() is undefined for the type IntroductionPagePom
	authenticationMsg cannot be resolved or is not a field
	authenticationMsg cannot be resolved or is not a field
	authenticationMsg cannot be resolved or is not a field
	The method clickOnGraphGetStartedBtn() is undefined for the type IntroductionPagePom
	authenticationMsg cannot be resolved or is not a field
	authenticationMsg cannot be resolved or is not a field
	authenticationMsg cannot be resolved or is not a field

	at StepDefinitions.Step_HomePage.&lt;init&gt;(Step_HomePage.java:22)
	at java.base/jdk.internal.reflect.DirectConstructorHandleAccessor.newInstance(DirectConstructorHandleAccessor.java:62)
	... 30 more

</div> <!-- stack-trace -->
                  <em>
(Runs Cucumber Scenarios)                  </em>
                </div> <!-- method-content -->
              </div> <!-- method -->
              <div class="method">
                <div class="method-content">
                  <a name="runScenario(&quot;Verify that user is able to open the dsAlgo Portal-home page&quot;, &quot;DSportal App HomePage&quot;)">
                  </a> <!-- runScenario("Verify that user is able to open the dsAlgo Portal-home page", "DSportal App HomePage") -->
                  <span class="method-name">runScenario</span>
                  <span class="parameters">("Verify that user is able to open the dsAlgo Portal-home page","DSportal App HomePage")</span>
                  <div class="stack-trace">io.cucumber.core.exception.CucumberException: Failed to instantiate class StepDefinitions.Step_HomePage
	at io.cucumber.core.backend.DefaultObjectFactory.cacheNewInstance(DefaultObjectFactory.java:67)
	at io.cucumber.core.backend.DefaultObjectFactory.getInstance(DefaultObjectFactory.java:45)
	at io.cucumber.java.AbstractGlueDefinition.invokeMethod(AbstractGlueDefinition.java:47)
	at io.cucumber.java.JavaStepDefinition.execute(JavaStepDefinition.java:29)
	at io.cucumber.core.runner.CoreStepDefinition.execute(CoreStepDefinition.java:66)
	at io.cucumber.core.runner.PickleStepDefinitionMatch.runStep(PickleStepDefinitionMatch.java:62)
	at io.cucumber.core.runner.ExecutionMode$1.execute(ExecutionMode.java:10)
	at io.cucumber.core.runner.TestStep.executeStep(TestStep.java:81)
	at io.cucumber.core.runner.TestStep.run(TestStep.java:53)
	at io.cucumber.core.runner.PickleStepTestStep.run(PickleStepTestStep.java:51)
	at io.cucumber.core.runner.TestCase.run(TestCase.java:84)
	at io.cucumber.core.runner.Runner.runPickle(Runner.java:75)
	at io.cucumber.testng.TestNGCucumberRunner.lambda$runScenario$1(TestNGCucumberRunner.java:132)
	at io.cucumber.core.runtime.CucumberExecutionContext.lambda$runTestCase$5(CucumberExecutionContext.java:136)
	at io.cucumber.core.runtime.RethrowingThrowableCollector.executeAndThrow(RethrowingThrowableCollector.java:23)
	at io.cucumber.core.runtime.CucumberExecutionContext.runTestCase(CucumberExecutionContext.java:136)
	at io.cucumber.testng.TestNGCucumberRunner.runScenario(TestNGCucumberRunner.java:129)
	at io.cucumber.testng.AbstractTestNGCucumberTests.runScenario(AbstractTestNGCucumberTests.java:35)
	at java.base/jdk.internal.reflect.DirectMethodHandleAccessor.invoke(DirectMethodHandleAccessor.java:103)
	at java.base/java.lang.reflect.Method.invoke(Method.java:580)
	at org.testng.internal.invokers.MethodInvocationHelper.invokeMethod(MethodInvocationHelper.java:141)
	at org.testng.internal.invokers.TestInvoker.invokeMethod(TestInvoker.java:686)
	at org.testng.internal.invokers.TestInvoker.invokeTestMethod(TestInvoker.java:230)
	at org.testng.internal.invokers.TestMethodWithDataProviderMethodWorker.call(TestMethodWithDataProviderMethodWorker.java:81)
	at org.testng.internal.thread.Async$AsyncTask.run(Async.java:34)
	at java.base/java.util.concurrent.ThreadPoolExecutor.runWorker(ThreadPoolExecutor.java:1144)
	at java.base/java.util.concurrent.ThreadPoolExecutor$Worker.run(ThreadPoolExecutor.java:642)
	at java.base/java.lang.Thread.run(Thread.java:1575)
Caused by: java.lang.reflect.InvocationTargetException
	at java.base/jdk.internal.reflect.DirectConstructorHandleAccessor.newInstance(DirectConstructorHandleAccessor.java:74)
	at java.base/java.lang.reflect.Constructor.newInstanceWithCaller(Constructor.java:501)
	at java.base/java.lang.reflect.Constructor.newInstance(Constructor.java:485)
	at io.cucumber.core.backend.DefaultObjectFactory.cacheNewInstance(DefaultObjectFactory.java:53)
	... 27 more
Caused by: java.lang.Error: Unresolved compilation problems: 
	The constructor HomePom() is undefined
	The constructor IntroductionPagePom() is undefined
	The field HomePom.contentHeader is not visible
	The field HomePom.contentText is not visible
	The field HomePom.getStartedButton is not visible
	The field IntroductionPagePom.registerLink is not visible
	The field IntroductionPagePom.signInLink is not visible
	dsDropdown cannot be resolved or is not a field
	dsDropdown cannot be resolved or is not a field
	The method clickDropdownItemArray() is undefined for the type IntroductionPagePom
	authenticationMsg cannot be resolved or is not a field
	authenticationMsg cannot be resolved or is not a field
	authenticationMsg cannot be resolved or is not a field
	The method clickDropdownItemLinkedList() is undefined for the type IntroductionPagePom
	authenticationMsg cannot be resolved or is not a field
	authenticationMsg cannot be resolved or is not a field
	authenticationMsg cannot be resolved or is not a field
	The method clickDropdownItemStack() is undefined for the type IntroductionPagePom
	authenticationMsg cannot be resolved or is not a field
	authenticationMsg cannot be resolved or is not a field
	authenticationMsg cannot be resolved or is not a field
	The method clickDropdownItemQueue() is undefined for the type IntroductionPagePom
	authenticationMsg cannot be resolved or is not a field
	authenticationMsg cannot be resolved or is not a field
	authenticationMsg cannot be resolved or is not a field
	The method clickDropdownItemTree() is undefined for the type IntroductionPagePom
	authenticationMsg cannot be resolved or is not a field
	authenticationMsg cannot be resolved or is not a field
	authenticationMsg cannot be resolved or is not a field
	The method clickDropdownItemGraph() is undefined for the type IntroductionPagePom
	authenticationMsg cannot be resolved or is not a field
	authenticationMsg cannot be resolved or is not a field
	authenticationMsg cannot be resolved or is not a field
	authenticationMsg cannot be resolved or is not a field
	authenticationMsg cannot be resolved or is not a field
	authenticationMsg cannot be resolved or is not a field
	authenticationMsg cannot be resolved or is not a field
	authenticationMsg cannot be resolved or is not a field
	authenticationMsg cannot be resolved or is not a field
	The method clickOnLinkedListGetStartedBtn() is undefined for the type IntroductionPagePom
	authenticationMsg cannot be resolved or is not a field
	authenticationMsg cannot be resolved or is not a field
	authenticationMsg cannot be resolved or is not a field
	The method clickOnStackGetStartedBtn() is undefined for the type IntroductionPagePom
	authenticationMsg cannot be resolved or is not a field
	authenticationMsg cannot be resolved or is not a field
	authenticationMsg cannot be resolved or is not a field
	The method clickOnQueueGetStartedBtn() is undefined for the type IntroductionPagePom
	authenticationMsg cannot be resolved or is not a field
	authenticationMsg cannot be resolved or is not a field
	authenticationMsg cannot be resolved or is not a field
	The method clickOnTreeGetStartedBtn() is undefined for the type IntroductionPagePom
	authenticationMsg cannot be resolved or is not a field
	authenticationMsg cannot be resolved or is not a field
	authenticationMsg cannot be resolved or is not a field
	The method clickOnGraphGetStartedBtn() is undefined for the type IntroductionPagePom
	authenticationMsg cannot be resolved or is not a field
	authenticationMsg cannot be resolved or is not a field
	authenticationMsg cannot be resolved or is not a field

	at StepDefinitions.Step_HomePage.&lt;init&gt;(Step_HomePage.java:22)
	at java.base/jdk.internal.reflect.DirectConstructorHandleAccessor.newInstance(DirectConstructorHandleAccessor.java:62)
	... 30 more

</div> <!-- stack-trace -->
                  <em>
(Runs Cucumber Scenarios)                  </em>
                </div> <!-- method-content -->
              </div> <!-- method -->
              <div class="method">
                <div class="method-content">
                  <a name="runScenario(&quot;Verify that user receives error message for invalid password field during registration&quot;, &quot;Registrat...)">
                  </a> <!-- runScenario("Verify that user receives error message for invalid password field during registration", "Registrat...) -->
                  <span class="method-name">runScenario</span>
                  <span class="parameters">("Verify that user receives error message for invalid password field during registration","Registration")</span>
                  <div class="stack-trace">io.cucumber.core.exception.CucumberException: Failed to instantiate class StepDefinitions.Step_RegisterPage
	at io.cucumber.core.backend.DefaultObjectFactory.cacheNewInstance(DefaultObjectFactory.java:67)
	at io.cucumber.core.backend.DefaultObjectFactory.getInstance(DefaultObjectFactory.java:45)
	at io.cucumber.java.AbstractGlueDefinition.invokeMethod(AbstractGlueDefinition.java:47)
	at io.cucumber.java.JavaStepDefinition.execute(JavaStepDefinition.java:29)
	at io.cucumber.core.runner.CoreStepDefinition.execute(CoreStepDefinition.java:66)
	at io.cucumber.core.runner.PickleStepDefinitionMatch.runStep(PickleStepDefinitionMatch.java:62)
	at io.cucumber.core.runner.ExecutionMode$1.execute(ExecutionMode.java:10)
	at io.cucumber.core.runner.TestStep.executeStep(TestStep.java:81)
	at io.cucumber.core.runner.TestStep.run(TestStep.java:53)
	at io.cucumber.core.runner.PickleStepTestStep.run(PickleStepTestStep.java:51)
	at io.cucumber.core.runner.TestCase.run(TestCase.java:84)
	at io.cucumber.core.runner.Runner.runPickle(Runner.java:75)
	at io.cucumber.testng.TestNGCucumberRunner.lambda$runScenario$1(TestNGCucumberRunner.java:132)
	at io.cucumber.core.runtime.CucumberExecutionContext.lambda$runTestCase$5(CucumberExecutionContext.java:136)
	at io.cucumber.core.runtime.RethrowingThrowableCollector.executeAndThrow(RethrowingThrowableCollector.java:23)
	at io.cucumber.core.runtime.CucumberExecutionContext.runTestCase(CucumberExecutionContext.java:136)
	at io.cucumber.testng.TestNGCucumberRunner.runScenario(TestNGCucumberRunner.java:129)
	at io.cucumber.testng.AbstractTestNGCucumberTests.runScenario(AbstractTestNGCucumberTests.java:35)
	at java.base/jdk.internal.reflect.DirectMethodHandleAccessor.invoke(DirectMethodHandleAccessor.java:103)
	at java.base/java.lang.reflect.Method.invoke(Method.java:580)
	at org.testng.internal.invokers.MethodInvocationHelper.invokeMethod(MethodInvocationHelper.java:141)
	at org.testng.internal.invokers.TestInvoker.invokeMethod(TestInvoker.java:686)
	at org.testng.internal.invokers.TestInvoker.invokeTestMethod(TestInvoker.java:230)
	at org.testng.internal.invokers.TestMethodWithDataProviderMethodWorker.call(TestMethodWithDataProviderMethodWorker.java:81)
	at org.testng.internal.thread.Async$AsyncTask.run(Async.java:34)
	at java.base/java.util.concurrent.ThreadPoolExecutor.runWorker(ThreadPoolExecutor.java:1144)
	at java.base/java.util.concurrent.ThreadPoolExecutor$Worker.run(ThreadPoolExecutor.java:642)
	at java.base/java.lang.Thread.run(Thread.java:1575)
Caused by: java.lang.reflect.InvocationTargetException
	at java.base/jdk.internal.reflect.DirectConstructorHandleAccessor.newInstance(DirectConstructorHandleAccessor.java:74)
	at java.base/java.lang.reflect.Constructor.newInstanceWithCaller(Constructor.java:501)
	at java.base/java.lang.reflect.Constructor.newInstance(Constructor.java:485)
	at io.cucumber.core.backend.DefaultObjectFactory.cacheNewInstance(DefaultObjectFactory.java:53)
	... 27 more
Caused by: java.lang.Error: Unresolved compilation problems: 
	The constructor IntroductionPagePom() is undefined
	The constructor HomePom() is undefined
	The method getPageTitle() is undefined for the type IntroductionPagePom

	at StepDefinitions.Step_RegisterPage.&lt;init&gt;(Step_RegisterPage.java:18)
	at java.base/jdk.internal.reflect.DirectConstructorHandleAccessor.newInstance(DirectConstructorHandleAccessor.java:62)
	... 30 more

</div> <!-- stack-trace -->
                  <em>
(Runs Cucumber Scenarios)                  </em>
                </div> <!-- method-content -->
              </div> <!-- method -->
            </div> <!-- main-panel-content rounded-window-bottom -->
          </div> <!-- suite-Default_suite-class-failed -->
        </div> <!-- panel Default_suite -->
        <div panel-name="test-xml-Default_suite" class="panel">
          <div class="main-panel-header rounded-window-top">
            <span class="header-content">C:\Users\Lavanya Yelakala\AppData\Local\Temp\testng-eclipse--1127152884\testng-customsuite.xml</span>
          </div> <!-- main-panel-header rounded-window-top -->
          <div class="main-panel-content rounded-window-bottom">
            <pre>
&lt;?xml version=&quot;1.0&quot; encoding=&quot;UTF-8&quot;?&gt;
&lt;!DOCTYPE suite SYSTEM &quot;https://testng.org/testng-1.0.dtd&quot;&gt;
&lt;suite name=&quot;Default suite&quot; guice-stage=&quot;DEVELOPMENT&quot;&gt;
  &lt;test thread-count=&quot;5&quot; name=&quot;Default test&quot; verbose=&quot;2&quot;&gt;
    &lt;classes&gt;
      &lt;class name=&quot;runner.TestRunner&quot;/&gt;
    &lt;/classes&gt;
  &lt;/test&gt; &lt;!-- Default test --&gt;
&lt;/suite&gt; &lt;!-- Default suite --&gt;
            </pre>
          </div> <!-- main-panel-content rounded-window-bottom -->
        </div> <!-- panel -->
        <div panel-name="testlist-Default_suite" class="panel">
          <div class="main-panel-header rounded-window-top">
            <span class="header-content">Tests for Default suite</span>
          </div> <!-- main-panel-header rounded-window-top -->
          <div class="main-panel-content rounded-window-bottom">
            <ul>
              <li>
                <span class="test-name">Default test (1 class)</span>
              </li>
            </ul>
          </div> <!-- main-panel-content rounded-window-bottom -->
        </div> <!-- panel -->
        <div panel-name="group-Default_suite" class="panel">
          <div class="main-panel-header rounded-window-top">
            <span class="header-content">Groups for Default suite</span>
          </div> <!-- main-panel-header rounded-window-top -->
          <div class="main-panel-content rounded-window-bottom">
            <div class="test-group">
              <span class="test-group-name">cucumber</span>
              <br/>
              <div class="method-in-group">
                <span class="method-in-group-name">runScenario</span>
                <br/>
              </div> <!-- method-in-group -->
            </div> <!-- test-group -->
          </div> <!-- main-panel-content rounded-window-bottom -->
        </div> <!-- panel -->
        <div panel-name="times-Default_suite" class="panel">
          <div class="main-panel-header rounded-window-top">
            <span class="header-content">Times for Default suite</span>
          </div> <!-- main-panel-header rounded-window-top -->
          <div class="main-panel-content rounded-window-bottom">
            <div class="times-div">
              <script type="text/javascript">
suiteTableInitFunctions.push('tableData_Default_suite');
function tableData_Default_suite() {
var data = new google.visualization.DataTable();
data.addColumn('number', 'Number');
data.addColumn('string', 'Method');
data.addColumn('string', 'Class');
data.addColumn('number', 'Time (ms)');
data.addRows(26);
data.setCell(0, 0, 0)
data.setCell(0, 1, 'runScenario')
data.setCell(0, 2, 'runner.TestRunner')
data.setCell(0, 3, 41264);
data.setCell(1, 0, 1)
data.setCell(1, 1, 'runScenario')
data.setCell(1, 2, 'runner.TestRunner')
data.setCell(1, 3, 38279);
data.setCell(2, 0, 2)
data.setCell(2, 1, 'runScenario')
data.setCell(2, 2, 'runner.TestRunner')
data.setCell(2, 3, 27872);
data.setCell(3, 0, 3)
data.setCell(3, 1, 'runScenario')
data.setCell(3, 2, 'runner.TestRunner')
data.setCell(3, 3, 25590);
data.setCell(4, 0, 4)
data.setCell(4, 1, 'runScenario')
data.setCell(4, 2, 'runner.TestRunner')
data.setCell(4, 3, 24287);
data.setCell(5, 0, 5)
data.setCell(5, 1, 'runScenario')
data.setCell(5, 2, 'runner.TestRunner')
data.setCell(5, 3, 24124);
data.setCell(6, 0, 6)
data.setCell(6, 1, 'runScenario')
data.setCell(6, 2, 'runner.TestRunner')
data.setCell(6, 3, 24044);
data.setCell(7, 0, 7)
data.setCell(7, 1, 'runScenario')
data.setCell(7, 2, 'runner.TestRunner')
data.setCell(7, 3, 23979);
data.setCell(8, 0, 8)
data.setCell(8, 1, 'runScenario')
data.setCell(8, 2, 'runner.TestRunner')
data.setCell(8, 3, 23769);
data.setCell(9, 0, 9)
data.setCell(9, 1, 'runScenario')
data.setCell(9, 2, 'runner.TestRunner')
data.setCell(9, 3, 23598);
data.setCell(10, 0, 10)
data.setCell(10, 1, 'runScenario')
data.setCell(10, 2, 'runner.TestRunner')
data.setCell(10, 3, 21589);
data.setCell(11, 0, 11)
data.setCell(11, 1, 'runScenario')
data.setCell(11, 2, 'runner.TestRunner')
data.setCell(11, 3, 19261);
data.setCell(12, 0, 12)
data.setCell(12, 1, 'runScenario')
data.setCell(12, 2, 'runner.TestRunner')
data.setCell(12, 3, 18313);
data.setCell(13, 0, 13)
data.setCell(13, 1, 'runScenario')
data.setCell(13, 2, 'runner.TestRunner')
data.setCell(13, 3, 17465);
data.setCell(14, 0, 14)
data.setCell(14, 1, 'runScenario')
data.setCell(14, 2, 'runner.TestRunner')
data.setCell(14, 3, 17257);
data.setCell(15, 0, 15)
data.setCell(15, 1, 'runScenario')
data.setCell(15, 2, 'runner.TestRunner')
data.setCell(15, 3, 17164);
data.setCell(16, 0, 16)
data.setCell(16, 1, 'runScenario')
data.setCell(16, 2, 'runner.TestRunner')
data.setCell(16, 3, 15762);
data.setCell(17, 0, 17)
data.setCell(17, 1, 'runScenario')
data.setCell(17, 2, 'runner.TestRunner')
data.setCell(17, 3, 14368);
data.setCell(18, 0, 18)
data.setCell(18, 1, 'runScenario')
data.setCell(18, 2, 'runner.TestRunner')
data.setCell(18, 3, 13753);
data.setCell(19, 0, 19)
data.setCell(19, 1, 'runScenario')
data.setCell(19, 2, 'runner.TestRunner')
data.setCell(19, 3, 13150);
data.setCell(20, 0, 20)
data.setCell(20, 1, 'runScenario')
data.setCell(20, 2, 'runner.TestRunner')
data.setCell(20, 3, 12864);
data.setCell(21, 0, 21)
data.setCell(21, 1, 'runScenario')
data.setCell(21, 2, 'runner.TestRunner')
data.setCell(21, 3, 12588);
data.setCell(22, 0, 22)
data.setCell(22, 1, 'runScenario')
data.setCell(22, 2, 'runner.TestRunner')
data.setCell(22, 3, 12432);
data.setCell(23, 0, 23)
data.setCell(23, 1, 'runScenario')
data.setCell(23, 2, 'runner.TestRunner')
data.setCell(23, 3, 12307);
data.setCell(24, 0, 24)
data.setCell(24, 1, 'runScenario')
data.setCell(24, 2, 'runner.TestRunner')
data.setCell(24, 3, 12180);
data.setCell(25, 0, 25)
data.setCell(25, 1, 'runScenario')
data.setCell(25, 2, 'runner.TestRunner')
data.setCell(25, 3, 11921);
window.suiteTableData['Default_suite']= { tableData: data, tableDiv: 'times-div-Default_suite'}
return data;
}
              </script>
              <span class="suite-total-time">Total running time: 8 minutes</span>
              <div id="times-div-Default_suite">
              </div> <!-- times-div-Default_suite -->
            </div> <!-- times-div -->
          </div> <!-- main-panel-content rounded-window-bottom -->
        </div> <!-- panel -->
        <div panel-name="reporter-Default_suite" class="panel">
          <div class="main-panel-header rounded-window-top">
            <span class="header-content">Reporter output for Default suite</span>
          </div> <!-- main-panel-header rounded-window-top -->
          <div class="main-panel-content rounded-window-bottom">
          </div> <!-- main-panel-content rounded-window-bottom -->
        </div> <!-- panel -->
        <div panel-name="ignored-methods-Default_suite" class="panel">
          <div class="main-panel-header rounded-window-top">
            <span class="header-content">0 ignored methods</span>
          </div> <!-- main-panel-header rounded-window-top -->
          <div class="main-panel-content rounded-window-bottom">
          </div> <!-- main-panel-content rounded-window-bottom -->
        </div> <!-- panel -->
        <div panel-name="chronological-Default_suite" class="panel">
          <div class="main-panel-header rounded-window-top">
            <span class="header-content">Methods in chronological order</span>
          </div> <!-- main-panel-header rounded-window-top -->
          <div class="main-panel-content rounded-window-bottom">
            <div class="chronological-class">
              <div class="chronological-class-name">runner.TestRunner</div> <!-- chronological-class-name -->
              <div class="configuration-class before">
                <span class="method-name">setUpClass(org.testng.TestRunner@38b3f208)</span>
                <span class="method-start">0 ms</span>
              </div> <!-- configuration-class before -->
              <div class="test-method">
                <img src="failed.png">
                </img>
                <span class="method-name">runScenario("Verify that user able to see warning message while selecting Queue from the drop down without Sign ...)</span>
                <span class="method-start">543 ms</span>
              </div> <!-- test-method -->
              <div class="test-method">
                <img src="failed.png">
                </img>
                <span class="method-name">runScenario("Verify that user able to see warning message while selecting Tree from the drop down without Sign i...)</span>
                <span class="method-start">543 ms</span>
              </div> <!-- test-method -->
              <div class="test-method">
                <img src="failed.png">
                </img>
                <span class="method-name">runScenario("Validate user navigate to DS Intro Page", "DSportal App HomePage")</span>
                <span class="method-start">543 ms</span>
              </div> <!-- test-method -->
              <div class="test-method">
                <img src="failed.png">
                </img>
                <span class="method-name">runScenario("Verify that user able to see warning message while selecting Graph from the drop down without Sign ...)</span>
                <span class="method-start">543 ms</span>
              </div> <!-- test-method -->
              <div class="test-method">
                <img src="failed.png">
                </img>
                <span class="method-name">runScenario("Verify that user is able to view options for Data Structures dropdown on home page without Sign in"...)</span>
                <span class="method-start">543 ms</span>
              </div> <!-- test-method -->
              <div class="test-method">
                <img src="failed.png">
                </img>
                <span class="method-name">runScenario("Verify that user able to see warning message while selecting Linked List from the drop down without...)</span>
                <span class="method-start">543 ms</span>
              </div> <!-- test-method -->
              <div class="test-method">
                <img src="failed.png">
                </img>
                <span class="method-name">runScenario("Verify that user able to see warning message while selecting Arrays from the drop down without Sign...)</span>
                <span class="method-start">543 ms</span>
              </div> <!-- test-method -->
              <div class="test-method">
                <img src="failed.png">
                </img>
                <span class="method-name">runScenario("Verify that user able to see warning message while selecting Stack from the drop down without Sign ...)</span>
                <span class="method-start">543 ms</span>
              </div> <!-- test-method -->
              <div class="test-method">
                <img src="failed.png">
                </img>
                <span class="method-name">runScenario("Verify that user able to see warning message on clicking Get Started buttons of Data Structures-Int...)</span>
                <span class="method-start">543 ms</span>
              </div> <!-- test-method -->
              <div class="test-method">
                <img src="failed.png">
                </img>
                <span class="method-name">runScenario("Verify that user is able to open the dsAlgo Portal-home page", "DSportal App HomePage")</span>
                <span class="method-start">543 ms</span>
              </div> <!-- test-method -->
              <div class="test-method">
                <img src="failed.png">
                </img>
                <span class="method-name">runScenario("Verify that user able to see warning message on clicking Get Started buttons of Array on the home p...)</span>
                <span class="method-start">12473 ms</span>
              </div> <!-- test-method -->
              <div class="test-method">
                <img src="failed.png">
                </img>
                <span class="method-name">runScenario("Verify that user able to see warning message on clicking Get Started buttons of Linked List on the ...)</span>
                <span class="method-start">12725 ms</span>
              </div> <!-- test-method -->
              <div class="test-method">
                <img src="failed.png">
                </img>
                <span class="method-name">runScenario("Verify that user able to see warning message on clicking Get Started buttons of Stack on the home p...)</span>
                <span class="method-start">12850 ms</span>
              </div> <!-- test-method -->
              <div class="test-method">
                <img src="failed.png">
                </img>
                <span class="method-name">runScenario("Verify that user able to see warning message on clicking Get Started buttons of Queue on the home p...)</span>
                <span class="method-start">12975 ms</span>
              </div> <!-- test-method -->
              <div class="test-method">
                <img src="failed.png">
                </img>
                <span class="method-name">runScenario("Verify that user able to see warning message on clicking Get Started buttons of Tree on the home pa...)</span>
                <span class="method-start">13137 ms</span>
              </div> <!-- test-method -->
              <div class="test-method">
                <img src="failed.png">
                </img>
                <span class="method-name">runScenario("Verify that user able to see warning message on clicking Get Started buttons of Graph on the home p...)</span>
                <span class="method-start">13411 ms</span>
              </div> <!-- test-method -->
              <div class="test-method">
                <img src="failed.png">
                </img>
                <span class="method-name">runScenario("Verify that user receives error message for all empty fields during registration", "Registration")</span>
                <span class="method-start">13697 ms</span>
              </div> <!-- test-method -->
              <div class="test-method">
                <img src="failed.png">
                </img>
                <span class="method-name">runScenario("Verify that user receives error message for empty Password and Password confirmation fields during ...)</span>
                <span class="method-start">14303 ms</span>
              </div> <!-- test-method -->
              <div class="test-method">
                <img src="failed.png">
                </img>
                <span class="method-name">runScenario("Verify that user receives error message for empty Password Confirmation field during registration",...)</span>
                <span class="method-start">14913 ms</span>
              </div> <!-- test-method -->
              <div class="test-method">
                <img src="failed.png">
                </img>
                <span class="method-name">runScenario("Verify that user receives error message for invalid username field during registration", "Registrat...)</span>
                <span class="method-start">24834 ms</span>
              </div> <!-- test-method -->
              <div class="test-method">
                <img src="failed.png">
                </img>
                <span class="method-name">runScenario("Verify that user receives error message for invalid password field during registration", "Registrat...)</span>
                <span class="method-start">28489 ms</span>
              </div> <!-- test-method -->
              <div class="test-method">
                <img src="failed.png">
                </img>
                <span class="method-name">runScenario("Verify that user receives error message for Password field less than eight characters during regist...)</span>
                <span class="method-start">34450 ms</span>
              </div> <!-- test-method -->
              <div class="test-method">
                <img src="failed.png">
                </img>
                <span class="method-name">runScenario("Verify that user receives error message for mismatched Password and Password Confirmation field dur...)</span>
                <span class="method-start">36751 ms</span>
              </div> <!-- test-method -->
              <div class="test-method">
                <img src="failed.png">
                </img>
                <span class="method-name">runScenario("Verify that user is able to successfully register using valid username and password details", "Regi...)</span>
                <span class="method-start">37266 ms</span>
              </div> <!-- test-method -->
              <div class="test-method">
                <img src="failed.png">
                </img>
                <span class="method-name">runScenario("Verify that user is able to click on login link from Registration page", "Registration")</span>
                <span class="method-start">37458 ms</span>
              </div> <!-- test-method -->
              <div class="test-method">
                <img src="failed.png">
                </img>
                <span class="method-name">runScenario("Verify that user is able to click on Sign in link from Registration page", "Registration")</span>
                <span class="method-start">37680 ms</span>
              </div> <!-- test-method -->
              <div class="configuration-class after">
                <span class="method-name">tearDownClass</span>
                <span class="method-start">56366 ms</span>
              </div> <!-- configuration-class after -->
          </div> <!-- main-panel-content rounded-window-bottom -->
        </div> <!-- panel -->
      </div> <!-- main-panel-root -->
    </div> <!-- wrapper -->
  </body>
<script type="text/javascript" src="testng-reports2.js"></script>
</html>
